2020-02-18 20:17:53.764 febs [main] INFO  com.neefull.fsp.web.TestApplication - Starting TestApplication on DESKTOP-BSUER0M with PID 13080 (started by ccc in D:\ideawork\fps\qff\admin-web)
2020-02-18 20:17:53.765 febs [main] INFO  com.neefull.fsp.web.TestApplication - The following profiles are active: dev
2020-02-18 20:17:55.823 febs [main] INFO  o.s.d.r.c.RepositoryConfigurationDelegate - Multiple Spring Data modules found, entering strict repository configuration mode!
2020-02-18 20:17:55.825 febs [main] INFO  o.s.d.r.c.RepositoryConfigurationDelegate - Bootstrapping Spring Data repositories in DEFAULT mode.
2020-02-18 20:17:55.925 febs [main] INFO  o.s.d.r.c.RepositoryConfigurationDelegate - Finished Spring Data repository scanning in 87ms. Found 0 repository interfaces.
2020-02-18 20:17:55.943 febs [main] INFO  o.s.d.r.c.RepositoryConfigurationDelegate - Multiple Spring Data modules found, entering strict repository configuration mode!
2020-02-18 20:17:55.945 febs [main] INFO  o.s.d.r.c.RepositoryConfigurationDelegate - Bootstrapping Spring Data repositories in DEFAULT mode.
2020-02-18 20:17:56.003 febs [main] INFO  o.s.d.r.c.RepositoryConfigurationDelegate - Finished Spring Data repository scanning in 46ms. Found 0 repository interfaces.
2020-02-18 20:17:56.953 febs [main] INFO  o.s.c.s.PostProcessorRegistrationDelegate$BeanPostProcessorChecker - Bean 'spring.datasource.dynamic-com.baomidou.dynamic.datasource.spring.boot.autoconfigure.DynamicDataSourceProperties' of type [com.baomidou.dynamic.datasource.spring.boot.autoconfigure.DynamicDataSourceProperties] is not eligible for getting processed by all BeanPostProcessors (for example: not eligible for auto-proxying)
2020-02-18 20:17:57.122 febs [main] INFO  o.s.c.s.PostProcessorRegistrationDelegate$BeanPostProcessorChecker - Bean 'com.baomidou.dynamic.datasource.spring.boot.autoconfigure.DynamicDataSourceAutoConfiguration' of type [com.baomidou.dynamic.datasource.spring.boot.autoconfigure.DynamicDataSourceAutoConfiguration$$EnhancerBySpringCGLIB$$23084d63] is not eligible for getting processed by all BeanPostProcessors (for example: not eligible for auto-proxying)
2020-02-18 20:17:57.137 febs [main] INFO  o.s.c.s.PostProcessorRegistrationDelegate$BeanPostProcessorChecker - Bean 'dsProcessor' of type [com.baomidou.dynamic.datasource.processor.DsHeaderProcessor] is not eligible for getting processed by all BeanPostProcessors (for example: not eligible for auto-proxying)
2020-02-18 20:17:57.150 febs [main] INFO  o.s.c.s.PostProcessorRegistrationDelegate$BeanPostProcessorChecker - Bean 'dynamicDatasourceAnnotationAdvisor' of type [com.baomidou.dynamic.datasource.aop.DynamicDataSourceAnnotationAdvisor] is not eligible for getting processed by all BeanPostProcessors (for example: not eligible for auto-proxying)
2020-02-18 20:17:57.164 febs [main] INFO  o.s.c.s.PostProcessorRegistrationDelegate$BeanPostProcessorChecker - Bean 'org.springframework.transaction.annotation.ProxyTransactionManagementConfiguration' of type [org.springframework.transaction.annotation.ProxyTransactionManagementConfiguration$$EnhancerBySpringCGLIB$$b979dc92] is not eligible for getting processed by all BeanPostProcessors (for example: not eligible for auto-proxying)
2020-02-18 20:17:57.230 febs [main] INFO  o.s.c.s.PostProcessorRegistrationDelegate$BeanPostProcessorChecker - Bean 'febsProperties' of type [com.neefull.fsp.web.common.properties.FebsProperties$$EnhancerBySpringCGLIB$$a3160ff5] is not eligible for getting processed by all BeanPostProcessors (for example: not eligible for auto-proxying)
2020-02-18 20:17:57.237 febs [main] INFO  o.s.c.s.PostProcessorRegistrationDelegate$BeanPostProcessorChecker - Bean 'shiroConfig' of type [com.neefull.fsp.web.common.authentication.ShiroConfig$$EnhancerBySpringCGLIB$$80c74734] is not eligible for getting processed by all BeanPostProcessors (for example: not eligible for auto-proxying)
2020-02-18 20:17:57.366 febs [main] INFO  o.s.c.s.PostProcessorRegistrationDelegate$BeanPostProcessorChecker - Bean 'mybatis-plus-com.baomidou.mybatisplus.autoconfigure.MybatisPlusProperties' of type [com.baomidou.mybatisplus.autoconfigure.MybatisPlusProperties] is not eligible for getting processed by all BeanPostProcessors (for example: not eligible for auto-proxying)
2020-02-18 20:17:57.386 febs [main] INFO  o.s.c.s.PostProcessorRegistrationDelegate$BeanPostProcessorChecker - Bean 'mybatisPlusConfigure' of type [com.neefull.fsp.web.common.configure.MybatisPlusConfigure$$EnhancerBySpringCGLIB$$9565c738] is not eligible for getting processed by all BeanPostProcessors (for example: not eligible for auto-proxying)
2020-02-18 20:17:57.405 febs [main] INFO  o.s.c.s.PostProcessorRegistrationDelegate$BeanPostProcessorChecker - Bean 'paginationInterceptor' of type [com.baomidou.mybatisplus.extension.plugins.PaginationInterceptor] is not eligible for getting processed by all BeanPostProcessors (for example: not eligible for auto-proxying)
2020-02-18 20:17:57.429 febs [main] INFO  o.s.c.s.PostProcessorRegistrationDelegate$BeanPostProcessorChecker - Bean 'com.baomidou.mybatisplus.autoconfigure.MybatisPlusAutoConfiguration' of type [com.baomidou.mybatisplus.autoconfigure.MybatisPlusAutoConfiguration$$EnhancerBySpringCGLIB$$f742492c] is not eligible for getting processed by all BeanPostProcessors (for example: not eligible for auto-proxying)
2020-02-18 20:17:57.448 febs [main] INFO  o.s.c.s.PostProcessorRegistrationDelegate$BeanPostProcessorChecker - Bean 'dynamicDataSourceCreator' of type [com.baomidou.dynamic.datasource.DynamicDataSourceCreator] is not eligible for getting processed by all BeanPostProcessors (for example: not eligible for auto-proxying)
2020-02-18 20:17:57.454 febs [main] INFO  o.s.c.s.PostProcessorRegistrationDelegate$BeanPostProcessorChecker - Bean 'dynamicDataSourceProvider' of type [com.baomidou.dynamic.datasource.provider.YmlDynamicDataSourceProvider] is not eligible for getting processed by all BeanPostProcessors (for example: not eligible for auto-proxying)
2020-02-18 20:17:57.481 febs [main] INFO  com.zaxxer.hikari.HikariDataSource - base - Starting...
2020-02-18 20:17:57.785 febs [main] INFO  com.zaxxer.hikari.HikariDataSource - base - Start completed.
2020-02-18 20:17:57.785 febs [main] INFO  com.zaxxer.hikari.HikariDataSource - quartz - Starting...
2020-02-18 20:17:57.791 febs [main] INFO  com.zaxxer.hikari.HikariDataSource - quartz - Start completed.
2020-02-18 20:17:57.791 febs [main] INFO  com.zaxxer.hikari.HikariDataSource - typt - Starting...
2020-02-18 20:17:57.798 febs [main] INFO  com.zaxxer.hikari.HikariDataSource - typt - Start completed.
2020-02-18 20:17:57.798 febs [main] INFO  c.b.d.d.DynamicRoutingDataSource - 初始共加载 3 个数据源
2020-02-18 20:17:57.798 febs [main] INFO  c.b.d.d.DynamicRoutingDataSource - 动态数据源-加载 quartz 成功
2020-02-18 20:17:57.798 febs [main] INFO  c.b.d.d.DynamicRoutingDataSource - 动态数据源-加载 base 成功
2020-02-18 20:17:57.798 febs [main] INFO  c.b.d.d.DynamicRoutingDataSource - 动态数据源-加载 typt 成功
2020-02-18 20:17:57.798 febs [main] INFO  c.b.d.d.DynamicRoutingDataSource - 当前的默认数据源是单数据源，数据源名为 base
2020-02-18 20:17:57.798 febs [main] INFO  o.s.c.s.PostProcessorRegistrationDelegate$BeanPostProcessorChecker - Bean 'dataSource' of type [com.baomidou.dynamic.datasource.DynamicRoutingDataSource] is not eligible for getting processed by all BeanPostProcessors (for example: not eligible for auto-proxying)
2020-02-18 20:17:57.843 febs [main] INFO  o.s.c.s.PostProcessorRegistrationDelegate$BeanPostProcessorChecker - Bean 'spring.datasource-org.springframework.boot.autoconfigure.jdbc.DataSourceProperties' of type [org.springframework.boot.autoconfigure.jdbc.DataSourceProperties] is not eligible for getting processed by all BeanPostProcessors (for example: not eligible for auto-proxying)
2020-02-18 20:17:57.864 febs [main] INFO  o.s.c.s.PostProcessorRegistrationDelegate$BeanPostProcessorChecker - Bean 'org.springframework.boot.autoconfigure.jdbc.DataSourceInitializerInvoker' of type [org.springframework.boot.autoconfigure.jdbc.DataSourceInitializerInvoker] is not eligible for getting processed by all BeanPostProcessors (for example: not eligible for auto-proxying)
2020-02-18 20:17:59.038 febs [main] INFO  o.s.c.s.PostProcessorRegistrationDelegate$BeanPostProcessorChecker - Bean 'sqlSessionFactory' of type [org.apache.ibatis.session.defaults.DefaultSqlSessionFactory] is not eligible for getting processed by all BeanPostProcessors (for example: not eligible for auto-proxying)
2020-02-18 20:17:59.057 febs [main] INFO  o.s.c.s.PostProcessorRegistrationDelegate$BeanPostProcessorChecker - Bean 'sqlSessionTemplate' of type [org.mybatis.spring.SqlSessionTemplate] is not eligible for getting processed by all BeanPostProcessors (for example: not eligible for auto-proxying)
2020-02-18 20:17:59.064 febs [main] INFO  o.s.c.s.PostProcessorRegistrationDelegate$BeanPostProcessorChecker - Bean 'userMapper' of type [org.mybatis.spring.mapper.MapperFactoryBean] is not eligible for getting processed by all BeanPostProcessors (for example: not eligible for auto-proxying)
2020-02-18 20:17:59.070 febs [main] INFO  o.s.c.s.PostProcessorRegistrationDelegate$BeanPostProcessorChecker - Bean 'userMapper' of type [com.sun.proxy.$Proxy118] is not eligible for getting processed by all BeanPostProcessors (for example: not eligible for auto-proxying)
2020-02-18 20:17:59.141 febs [main] INFO  o.s.c.s.PostProcessorRegistrationDelegate$BeanPostProcessorChecker - Bean 'userRoleMapper' of type [org.mybatis.spring.mapper.MapperFactoryBean] is not eligible for getting processed by all BeanPostProcessors (for example: not eligible for auto-proxying)
2020-02-18 20:17:59.143 febs [main] INFO  o.s.c.s.PostProcessorRegistrationDelegate$BeanPostProcessorChecker - Bean 'userRoleMapper' of type [com.sun.proxy.$Proxy120] is not eligible for getting processed by all BeanPostProcessors (for example: not eligible for auto-proxying)
2020-02-18 20:17:59.146 febs [main] INFO  o.s.c.s.PostProcessorRegistrationDelegate$BeanPostProcessorChecker - Bean 'userRoleServiceImpl' of type [com.neefull.fsp.web.system.service.impl.UserRoleServiceImpl] is not eligible for getting processed by all BeanPostProcessors (for example: not eligible for auto-proxying)
2020-02-18 20:17:59.215 febs [main] INFO  o.s.c.s.PostProcessorRegistrationDelegate$BeanPostProcessorChecker - Bean 'userServiceImpl' of type [com.neefull.fsp.web.system.service.impl.UserServiceImpl] is not eligible for getting processed by all BeanPostProcessors (for example: not eligible for auto-proxying)
2020-02-18 20:17:59.274 febs [main] INFO  o.s.c.s.PostProcessorRegistrationDelegate$BeanPostProcessorChecker - Bean 'roleMapper' of type [org.mybatis.spring.mapper.MapperFactoryBean] is not eligible for getting processed by all BeanPostProcessors (for example: not eligible for auto-proxying)
2020-02-18 20:17:59.276 febs [main] INFO  o.s.c.s.PostProcessorRegistrationDelegate$BeanPostProcessorChecker - Bean 'roleMapper' of type [com.sun.proxy.$Proxy123] is not eligible for getting processed by all BeanPostProcessors (for example: not eligible for auto-proxying)
2020-02-18 20:17:59.299 febs [main] INFO  o.s.c.s.PostProcessorRegistrationDelegate$BeanPostProcessorChecker - Bean 'roleMenuMapper' of type [org.mybatis.spring.mapper.MapperFactoryBean] is not eligible for getting processed by all BeanPostProcessors (for example: not eligible for auto-proxying)
2020-02-18 20:17:59.302 febs [main] INFO  o.s.c.s.PostProcessorRegistrationDelegate$BeanPostProcessorChecker - Bean 'roleMenuMapper' of type [com.sun.proxy.$Proxy124] is not eligible for getting processed by all BeanPostProcessors (for example: not eligible for auto-proxying)
2020-02-18 20:17:59.305 febs [main] INFO  o.s.c.s.PostProcessorRegistrationDelegate$BeanPostProcessorChecker - Bean 'roleMenuServiceImpl' of type [com.neefull.fsp.web.system.service.impl.RoleMenuServiceImpl] is not eligible for getting processed by all BeanPostProcessors (for example: not eligible for auto-proxying)
2020-02-18 20:17:59.341 febs [main] INFO  o.s.c.s.PostProcessorRegistrationDelegate$BeanPostProcessorChecker - Bean 'roleServiceImpl' of type [com.neefull.fsp.web.system.service.impl.RoleServiceImpl] is not eligible for getting processed by all BeanPostProcessors (for example: not eligible for auto-proxying)
2020-02-18 20:17:59.396 febs [main] INFO  o.s.c.s.PostProcessorRegistrationDelegate$BeanPostProcessorChecker - Bean 'menuMapper' of type [org.mybatis.spring.mapper.MapperFactoryBean] is not eligible for getting processed by all BeanPostProcessors (for example: not eligible for auto-proxying)
2020-02-18 20:17:59.398 febs [main] INFO  o.s.c.s.PostProcessorRegistrationDelegate$BeanPostProcessorChecker - Bean 'menuMapper' of type [com.sun.proxy.$Proxy127] is not eligible for getting processed by all BeanPostProcessors (for example: not eligible for auto-proxying)
2020-02-18 20:17:59.407 febs [main] INFO  o.s.c.s.PostProcessorRegistrationDelegate$BeanPostProcessorChecker - Bean 'menuServiceImpl' of type [com.neefull.fsp.web.system.service.impl.MenuServiceImpl] is not eligible for getting processed by all BeanPostProcessors (for example: not eligible for auto-proxying)
2020-02-18 20:17:59.439 febs [main] INFO  o.s.c.s.PostProcessorRegistrationDelegate$BeanPostProcessorChecker - Bean 'shiroRealm' of type [com.neefull.fsp.web.common.authentication.ShiroRealm] is not eligible for getting processed by all BeanPostProcessors (for example: not eligible for auto-proxying)
2020-02-18 20:17:59.951 febs [main] INFO  o.s.c.s.PostProcessorRegistrationDelegate$BeanPostProcessorChecker - Bean 'redisSessionDAO' of type [org.crazycake.shiro.RedisSessionDAO] is not eligible for getting processed by all BeanPostProcessors (for example: not eligible for auto-proxying)
2020-02-18 20:17:59.973 febs [main] INFO  o.s.c.s.PostProcessorRegistrationDelegate$BeanPostProcessorChecker - Bean 'sessionManager' of type [org.apache.shiro.web.session.mgt.DefaultWebSessionManager] is not eligible for getting processed by all BeanPostProcessors (for example: not eligible for auto-proxying)
2020-02-18 20:18:00.029 febs [main] INFO  o.s.c.s.PostProcessorRegistrationDelegate$BeanPostProcessorChecker - Bean 'securityManager' of type [org.apache.shiro.web.mgt.DefaultWebSecurityManager] is not eligible for getting processed by all BeanPostProcessors (for example: not eligible for auto-proxying)
2020-02-18 20:18:00.086 febs [main] INFO  o.s.c.s.PostProcessorRegistrationDelegate$BeanPostProcessorChecker - Bean 'authorizationAttributeSourceAdvisor' of type [org.apache.shiro.spring.security.interceptor.AuthorizationAttributeSourceAdvisor] is not eligible for getting processed by all BeanPostProcessors (for example: not eligible for auto-proxying)
2020-02-18 20:18:00.459 febs [main] INFO  o.h.jpa.internal.util.LogHelper - HHH000204: Processing PersistenceUnitInfo [
	name: default
	...]
2020-02-18 20:18:00.576 febs [main] INFO  org.hibernate.Version - HHH000412: Hibernate Core {5.3.10.Final}
2020-02-18 20:18:00.580 febs [main] INFO  org.hibernate.cfg.Environment - HHH000206: hibernate.properties not found
2020-02-18 20:18:00.859 febs [main] INFO  o.h.annotations.common.Version - HCANN000001: Hibernate Commons Annotations {5.0.4.Final}
2020-02-18 20:18:01.145 febs [main] INFO  org.hibernate.dialect.Dialect - HHH000400: Using dialect: org.hibernate.dialect.MySQL5Dialect
2020-02-18 20:18:01.710 febs [main] INFO  o.s.o.j.LocalContainerEntityManagerFactoryBean - Initialized JPA EntityManagerFactory for persistence unit 'default'
2020-02-18 20:18:02.526 febs [main] INFO  org.quartz.impl.StdSchedulerFactory - Using default implementation for ThreadExecutor
2020-02-18 20:18:02.549 febs [main] INFO  o.quartz.core.SchedulerSignalerImpl - Initialized Scheduler Signaller of type: class org.quartz.core.SchedulerSignalerImpl
2020-02-18 20:18:02.549 febs [main] INFO  org.quartz.core.QuartzScheduler - Quartz Scheduler v.2.3.1 created.
2020-02-18 20:18:02.553 febs [main] INFO  o.s.s.quartz.LocalDataSourceJobStore - Using db table-based data access locking (synchronization).
2020-02-18 20:18:02.557 febs [main] INFO  o.s.s.quartz.LocalDataSourceJobStore - JobStoreCMT initialized.
2020-02-18 20:18:02.558 febs [main] INFO  org.quartz.core.QuartzScheduler - Scheduler meta-data: Quartz Scheduler (v2.3.1) 'FEBS_Scheduler' with instanceId 'DESKTOP-BSUER0M1582028282529'
  Scheduler class: 'org.quartz.core.QuartzScheduler' - running locally.
  NOT STARTED.
  Currently in standby mode.
  Number of jobs executed: 0
  Using thread pool 'org.quartz.simpl.SimpleThreadPool' - with 20 threads.
  Using job-store 'org.springframework.scheduling.quartz.LocalDataSourceJobStore' - which supports persistence. and is clustered.

2020-02-18 20:18:02.558 febs [main] INFO  org.quartz.impl.StdSchedulerFactory - Quartz scheduler 'FEBS_Scheduler' initialized from an externally provided properties instance.
2020-02-18 20:18:02.558 febs [main] INFO  org.quartz.impl.StdSchedulerFactory - Quartz scheduler version: 2.3.1
2020-02-18 20:18:02.561 febs [main] INFO  org.quartz.core.QuartzScheduler - JobFactory set to: org.springframework.scheduling.quartz.AdaptableJobFactory@30a1b2ad
2020-02-18 20:18:03.798 febs [main] INFO  o.s.s.c.ThreadPoolTaskExecutor - Initializing ExecutorService
2020-02-18 20:18:03.819 febs [main] INFO  o.s.s.c.ThreadPoolTaskExecutor - Initializing ExecutorService 'febsAsyncThreadPool'
2020-02-18 20:18:04.941 febs [main] INFO  o.a.engine.impl.ProcessEngineImpl - ProcessEngine default created
2020-02-18 20:18:04.943 febs [main] INFO  o.a.e.i.a.AbstractAsyncJobExecutor - Starting up the default async job executor [org.activiti.spring.SpringAsyncExecutor].
2020-02-18 20:18:04.945 febs [Thread-3] INFO  o.a.e.i.a.AcquireAsyncJobsDueRunnable - starting to acquire async jobs due
2020-02-18 20:18:04.945 febs [Thread-2] INFO  o.a.e.i.a.AcquireTimerJobsRunnable - starting to acquire async jobs due
2020-02-18 20:18:07.216 febs [main] INFO  o.s.b.a.w.s.WelcomePageHandlerMapping - Adding welcome page template: index
2020-02-18 20:18:09.137 febs [main] INFO  o.s.b.a.e.web.EndpointLinksResolver - Exposing 2 endpoint(s) beneath base path '/actuator'
2020-02-18 20:18:09.241 febs [main] INFO  o.s.s.quartz.SchedulerFactoryBean - Will start Quartz Scheduler [FEBS_Scheduler] in 1 seconds
2020-02-18 20:18:09.261 febs [main] INFO  com.neefull.fsp.web.TestApplication - Started TestApplication in 16.402 seconds (JVM running for 18.744)
2020-02-18 20:18:09.289 febs [main] INFO  c.n.f.w.c.runner.FebsStartedUpRunner -  __    ___   _      ___   _     ____ _____  ____ 
2020-02-18 20:18:09.289 febs [main] INFO  c.n.f.w.c.runner.FebsStartedUpRunner - / /`  / / \ | |\/| | |_) | |   | |_   | |  | |_  
2020-02-18 20:18:09.289 febs [main] INFO  c.n.f.w.c.runner.FebsStartedUpRunner - \_\_, \_\_/ |_|  | |_|   |_|__ |_|__  |_|  |_|__ 
2020-02-18 20:18:09.289 febs [main] INFO  c.n.f.w.c.runner.FebsStartedUpRunner -                                                       
2020-02-18 20:18:09.289 febs [main] INFO  c.n.f.w.c.runner.FebsStartedUpRunner - FLP系统启动完毕，地址：http://192.168.0.104:-1/login
2020-02-18 20:18:14.631 febs [Quartz Scheduler [FEBS_Scheduler]] INFO  o.s.s.quartz.SchedulerFactoryBean - Starting Quartz Scheduler now, after delay of 1 seconds
2020-02-18 20:18:14.658 febs [Quartz Scheduler [FEBS_Scheduler]] INFO  o.s.s.quartz.LocalDataSourceJobStore - ClusterManager: detected 1 failed or restarted instances.
2020-02-18 20:18:14.658 febs [Quartz Scheduler [FEBS_Scheduler]] INFO  o.s.s.quartz.LocalDataSourceJobStore - ClusterManager: Scanning for instance "DESKTOP-BSUER0M1582027428243"'s failed in-progress jobs.
2020-02-18 20:18:14.675 febs [Quartz Scheduler [FEBS_Scheduler]] INFO  org.quartz.core.QuartzScheduler - Scheduler FEBS_Scheduler_$_DESKTOP-BSUER0M1582028282529 started.
2020-02-18 20:20:54.229 febs [main] INFO  com.neefull.fsp.web.TestApplication - Starting TestApplication on DESKTOP-BSUER0M with PID 5200 (started by ccc in D:\ideawork\fps\qff\admin-web)
2020-02-18 20:20:54.231 febs [main] INFO  com.neefull.fsp.web.TestApplication - The following profiles are active: dev
2020-02-18 20:20:56.040 febs [main] INFO  o.s.d.r.c.RepositoryConfigurationDelegate - Multiple Spring Data modules found, entering strict repository configuration mode!
2020-02-18 20:20:56.042 febs [main] INFO  o.s.d.r.c.RepositoryConfigurationDelegate - Bootstrapping Spring Data repositories in DEFAULT mode.
2020-02-18 20:20:56.134 febs [main] INFO  o.s.d.r.c.RepositoryConfigurationDelegate - Finished Spring Data repository scanning in 80ms. Found 0 repository interfaces.
2020-02-18 20:20:56.151 febs [main] INFO  o.s.d.r.c.RepositoryConfigurationDelegate - Multiple Spring Data modules found, entering strict repository configuration mode!
2020-02-18 20:20:56.153 febs [main] INFO  o.s.d.r.c.RepositoryConfigurationDelegate - Bootstrapping Spring Data repositories in DEFAULT mode.
2020-02-18 20:20:56.212 febs [main] INFO  o.s.d.r.c.RepositoryConfigurationDelegate - Finished Spring Data repository scanning in 49ms. Found 0 repository interfaces.
2020-02-18 20:20:57.155 febs [main] INFO  o.s.c.s.PostProcessorRegistrationDelegate$BeanPostProcessorChecker - Bean 'spring.datasource.dynamic-com.baomidou.dynamic.datasource.spring.boot.autoconfigure.DynamicDataSourceProperties' of type [com.baomidou.dynamic.datasource.spring.boot.autoconfigure.DynamicDataSourceProperties] is not eligible for getting processed by all BeanPostProcessors (for example: not eligible for auto-proxying)
2020-02-18 20:20:57.370 febs [main] INFO  o.s.c.s.PostProcessorRegistrationDelegate$BeanPostProcessorChecker - Bean 'com.baomidou.dynamic.datasource.spring.boot.autoconfigure.DynamicDataSourceAutoConfiguration' of type [com.baomidou.dynamic.datasource.spring.boot.autoconfigure.DynamicDataSourceAutoConfiguration$$EnhancerBySpringCGLIB$$20018ad8] is not eligible for getting processed by all BeanPostProcessors (for example: not eligible for auto-proxying)
2020-02-18 20:20:57.389 febs [main] INFO  o.s.c.s.PostProcessorRegistrationDelegate$BeanPostProcessorChecker - Bean 'dsProcessor' of type [com.baomidou.dynamic.datasource.processor.DsHeaderProcessor] is not eligible for getting processed by all BeanPostProcessors (for example: not eligible for auto-proxying)
2020-02-18 20:20:57.428 febs [main] INFO  o.s.c.s.PostProcessorRegistrationDelegate$BeanPostProcessorChecker - Bean 'dynamicDatasourceAnnotationAdvisor' of type [com.baomidou.dynamic.datasource.aop.DynamicDataSourceAnnotationAdvisor] is not eligible for getting processed by all BeanPostProcessors (for example: not eligible for auto-proxying)
2020-02-18 20:20:57.450 febs [main] INFO  o.s.c.s.PostProcessorRegistrationDelegate$BeanPostProcessorChecker - Bean 'org.springframework.transaction.annotation.ProxyTransactionManagementConfiguration' of type [org.springframework.transaction.annotation.ProxyTransactionManagementConfiguration$$EnhancerBySpringCGLIB$$b6731a07] is not eligible for getting processed by all BeanPostProcessors (for example: not eligible for auto-proxying)
2020-02-18 20:20:57.548 febs [main] INFO  o.s.c.s.PostProcessorRegistrationDelegate$BeanPostProcessorChecker - Bean 'febsProperties' of type [com.neefull.fsp.web.common.properties.FebsProperties$$EnhancerBySpringCGLIB$$a00f4d6a] is not eligible for getting processed by all BeanPostProcessors (for example: not eligible for auto-proxying)
2020-02-18 20:20:57.557 febs [main] INFO  o.s.c.s.PostProcessorRegistrationDelegate$BeanPostProcessorChecker - Bean 'shiroConfig' of type [com.neefull.fsp.web.common.authentication.ShiroConfig$$EnhancerBySpringCGLIB$$7dc084a9] is not eligible for getting processed by all BeanPostProcessors (for example: not eligible for auto-proxying)
2020-02-18 20:20:57.743 febs [main] INFO  o.s.c.s.PostProcessorRegistrationDelegate$BeanPostProcessorChecker - Bean 'mybatis-plus-com.baomidou.mybatisplus.autoconfigure.MybatisPlusProperties' of type [com.baomidou.mybatisplus.autoconfigure.MybatisPlusProperties] is not eligible for getting processed by all BeanPostProcessors (for example: not eligible for auto-proxying)
2020-02-18 20:20:57.763 febs [main] INFO  o.s.c.s.PostProcessorRegistrationDelegate$BeanPostProcessorChecker - Bean 'mybatisPlusConfigure' of type [com.neefull.fsp.web.common.configure.MybatisPlusConfigure$$EnhancerBySpringCGLIB$$925f04ad] is not eligible for getting processed by all BeanPostProcessors (for example: not eligible for auto-proxying)
2020-02-18 20:20:57.784 febs [main] INFO  o.s.c.s.PostProcessorRegistrationDelegate$BeanPostProcessorChecker - Bean 'paginationInterceptor' of type [com.baomidou.mybatisplus.extension.plugins.PaginationInterceptor] is not eligible for getting processed by all BeanPostProcessors (for example: not eligible for auto-proxying)
2020-02-18 20:20:57.811 febs [main] INFO  o.s.c.s.PostProcessorRegistrationDelegate$BeanPostProcessorChecker - Bean 'com.baomidou.mybatisplus.autoconfigure.MybatisPlusAutoConfiguration' of type [com.baomidou.mybatisplus.autoconfigure.MybatisPlusAutoConfiguration$$EnhancerBySpringCGLIB$$f43b86a1] is not eligible for getting processed by all BeanPostProcessors (for example: not eligible for auto-proxying)
2020-02-18 20:20:57.839 febs [main] INFO  o.s.c.s.PostProcessorRegistrationDelegate$BeanPostProcessorChecker - Bean 'dynamicDataSourceCreator' of type [com.baomidou.dynamic.datasource.DynamicDataSourceCreator] is not eligible for getting processed by all BeanPostProcessors (for example: not eligible for auto-proxying)
2020-02-18 20:20:57.845 febs [main] INFO  o.s.c.s.PostProcessorRegistrationDelegate$BeanPostProcessorChecker - Bean 'dynamicDataSourceProvider' of type [com.baomidou.dynamic.datasource.provider.YmlDynamicDataSourceProvider] is not eligible for getting processed by all BeanPostProcessors (for example: not eligible for auto-proxying)
2020-02-18 20:20:57.874 febs [main] INFO  com.zaxxer.hikari.HikariDataSource - base - Starting...
2020-02-18 20:20:58.132 febs [main] INFO  com.zaxxer.hikari.HikariDataSource - base - Start completed.
2020-02-18 20:20:58.132 febs [main] INFO  com.zaxxer.hikari.HikariDataSource - quartz - Starting...
2020-02-18 20:20:58.138 febs [main] INFO  com.zaxxer.hikari.HikariDataSource - quartz - Start completed.
2020-02-18 20:20:58.138 febs [main] INFO  com.zaxxer.hikari.HikariDataSource - typt - Starting...
2020-02-18 20:20:58.144 febs [main] INFO  com.zaxxer.hikari.HikariDataSource - typt - Start completed.
2020-02-18 20:20:58.144 febs [main] INFO  c.b.d.d.DynamicRoutingDataSource - 初始共加载 3 个数据源
2020-02-18 20:20:58.144 febs [main] INFO  c.b.d.d.DynamicRoutingDataSource - 动态数据源-加载 quartz 成功
2020-02-18 20:20:58.144 febs [main] INFO  c.b.d.d.DynamicRoutingDataSource - 动态数据源-加载 base 成功
2020-02-18 20:20:58.144 febs [main] INFO  c.b.d.d.DynamicRoutingDataSource - 动态数据源-加载 typt 成功
2020-02-18 20:20:58.144 febs [main] INFO  c.b.d.d.DynamicRoutingDataSource - 当前的默认数据源是单数据源，数据源名为 base
2020-02-18 20:20:58.144 febs [main] INFO  o.s.c.s.PostProcessorRegistrationDelegate$BeanPostProcessorChecker - Bean 'dataSource' of type [com.baomidou.dynamic.datasource.DynamicRoutingDataSource] is not eligible for getting processed by all BeanPostProcessors (for example: not eligible for auto-proxying)
2020-02-18 20:20:58.167 febs [main] INFO  o.s.c.s.PostProcessorRegistrationDelegate$BeanPostProcessorChecker - Bean 'spring.datasource-org.springframework.boot.autoconfigure.jdbc.DataSourceProperties' of type [org.springframework.boot.autoconfigure.jdbc.DataSourceProperties] is not eligible for getting processed by all BeanPostProcessors (for example: not eligible for auto-proxying)
2020-02-18 20:20:58.186 febs [main] INFO  o.s.c.s.PostProcessorRegistrationDelegate$BeanPostProcessorChecker - Bean 'org.springframework.boot.autoconfigure.jdbc.DataSourceInitializerInvoker' of type [org.springframework.boot.autoconfigure.jdbc.DataSourceInitializerInvoker] is not eligible for getting processed by all BeanPostProcessors (for example: not eligible for auto-proxying)
2020-02-18 20:20:59.333 febs [main] INFO  o.s.c.s.PostProcessorRegistrationDelegate$BeanPostProcessorChecker - Bean 'sqlSessionFactory' of type [org.apache.ibatis.session.defaults.DefaultSqlSessionFactory] is not eligible for getting processed by all BeanPostProcessors (for example: not eligible for auto-proxying)
2020-02-18 20:20:59.348 febs [main] INFO  o.s.c.s.PostProcessorRegistrationDelegate$BeanPostProcessorChecker - Bean 'sqlSessionTemplate' of type [org.mybatis.spring.SqlSessionTemplate] is not eligible for getting processed by all BeanPostProcessors (for example: not eligible for auto-proxying)
2020-02-18 20:20:59.351 febs [main] INFO  o.s.c.s.PostProcessorRegistrationDelegate$BeanPostProcessorChecker - Bean 'userMapper' of type [org.mybatis.spring.mapper.MapperFactoryBean] is not eligible for getting processed by all BeanPostProcessors (for example: not eligible for auto-proxying)
2020-02-18 20:20:59.355 febs [main] INFO  o.s.c.s.PostProcessorRegistrationDelegate$BeanPostProcessorChecker - Bean 'userMapper' of type [com.sun.proxy.$Proxy118] is not eligible for getting processed by all BeanPostProcessors (for example: not eligible for auto-proxying)
2020-02-18 20:20:59.408 febs [main] INFO  o.s.c.s.PostProcessorRegistrationDelegate$BeanPostProcessorChecker - Bean 'userRoleMapper' of type [org.mybatis.spring.mapper.MapperFactoryBean] is not eligible for getting processed by all BeanPostProcessors (for example: not eligible for auto-proxying)
2020-02-18 20:20:59.410 febs [main] INFO  o.s.c.s.PostProcessorRegistrationDelegate$BeanPostProcessorChecker - Bean 'userRoleMapper' of type [com.sun.proxy.$Proxy120] is not eligible for getting processed by all BeanPostProcessors (for example: not eligible for auto-proxying)
2020-02-18 20:20:59.413 febs [main] INFO  o.s.c.s.PostProcessorRegistrationDelegate$BeanPostProcessorChecker - Bean 'userRoleServiceImpl' of type [com.neefull.fsp.web.system.service.impl.UserRoleServiceImpl] is not eligible for getting processed by all BeanPostProcessors (for example: not eligible for auto-proxying)
2020-02-18 20:20:59.481 febs [main] INFO  o.s.c.s.PostProcessorRegistrationDelegate$BeanPostProcessorChecker - Bean 'userServiceImpl' of type [com.neefull.fsp.web.system.service.impl.UserServiceImpl] is not eligible for getting processed by all BeanPostProcessors (for example: not eligible for auto-proxying)
2020-02-18 20:20:59.541 febs [main] INFO  o.s.c.s.PostProcessorRegistrationDelegate$BeanPostProcessorChecker - Bean 'roleMapper' of type [org.mybatis.spring.mapper.MapperFactoryBean] is not eligible for getting processed by all BeanPostProcessors (for example: not eligible for auto-proxying)
2020-02-18 20:20:59.544 febs [main] INFO  o.s.c.s.PostProcessorRegistrationDelegate$BeanPostProcessorChecker - Bean 'roleMapper' of type [com.sun.proxy.$Proxy123] is not eligible for getting processed by all BeanPostProcessors (for example: not eligible for auto-proxying)
2020-02-18 20:20:59.564 febs [main] INFO  o.s.c.s.PostProcessorRegistrationDelegate$BeanPostProcessorChecker - Bean 'roleMenuMapper' of type [org.mybatis.spring.mapper.MapperFactoryBean] is not eligible for getting processed by all BeanPostProcessors (for example: not eligible for auto-proxying)
2020-02-18 20:20:59.566 febs [main] INFO  o.s.c.s.PostProcessorRegistrationDelegate$BeanPostProcessorChecker - Bean 'roleMenuMapper' of type [com.sun.proxy.$Proxy124] is not eligible for getting processed by all BeanPostProcessors (for example: not eligible for auto-proxying)
2020-02-18 20:20:59.568 febs [main] INFO  o.s.c.s.PostProcessorRegistrationDelegate$BeanPostProcessorChecker - Bean 'roleMenuServiceImpl' of type [com.neefull.fsp.web.system.service.impl.RoleMenuServiceImpl] is not eligible for getting processed by all BeanPostProcessors (for example: not eligible for auto-proxying)
2020-02-18 20:20:59.593 febs [main] INFO  o.s.c.s.PostProcessorRegistrationDelegate$BeanPostProcessorChecker - Bean 'roleServiceImpl' of type [com.neefull.fsp.web.system.service.impl.RoleServiceImpl] is not eligible for getting processed by all BeanPostProcessors (for example: not eligible for auto-proxying)
2020-02-18 20:20:59.635 febs [main] INFO  o.s.c.s.PostProcessorRegistrationDelegate$BeanPostProcessorChecker - Bean 'menuMapper' of type [org.mybatis.spring.mapper.MapperFactoryBean] is not eligible for getting processed by all BeanPostProcessors (for example: not eligible for auto-proxying)
2020-02-18 20:20:59.637 febs [main] INFO  o.s.c.s.PostProcessorRegistrationDelegate$BeanPostProcessorChecker - Bean 'menuMapper' of type [com.sun.proxy.$Proxy127] is not eligible for getting processed by all BeanPostProcessors (for example: not eligible for auto-proxying)
2020-02-18 20:20:59.641 febs [main] INFO  o.s.c.s.PostProcessorRegistrationDelegate$BeanPostProcessorChecker - Bean 'menuServiceImpl' of type [com.neefull.fsp.web.system.service.impl.MenuServiceImpl] is not eligible for getting processed by all BeanPostProcessors (for example: not eligible for auto-proxying)
2020-02-18 20:20:59.660 febs [main] INFO  o.s.c.s.PostProcessorRegistrationDelegate$BeanPostProcessorChecker - Bean 'shiroRealm' of type [com.neefull.fsp.web.common.authentication.ShiroRealm] is not eligible for getting processed by all BeanPostProcessors (for example: not eligible for auto-proxying)
2020-02-18 20:21:00.204 febs [main] INFO  o.s.c.s.PostProcessorRegistrationDelegate$BeanPostProcessorChecker - Bean 'redisSessionDAO' of type [org.crazycake.shiro.RedisSessionDAO] is not eligible for getting processed by all BeanPostProcessors (for example: not eligible for auto-proxying)
2020-02-18 20:21:00.219 febs [main] INFO  o.s.c.s.PostProcessorRegistrationDelegate$BeanPostProcessorChecker - Bean 'sessionManager' of type [org.apache.shiro.web.session.mgt.DefaultWebSessionManager] is not eligible for getting processed by all BeanPostProcessors (for example: not eligible for auto-proxying)
2020-02-18 20:21:00.253 febs [main] INFO  o.s.c.s.PostProcessorRegistrationDelegate$BeanPostProcessorChecker - Bean 'securityManager' of type [org.apache.shiro.web.mgt.DefaultWebSecurityManager] is not eligible for getting processed by all BeanPostProcessors (for example: not eligible for auto-proxying)
2020-02-18 20:21:00.288 febs [main] INFO  o.s.c.s.PostProcessorRegistrationDelegate$BeanPostProcessorChecker - Bean 'authorizationAttributeSourceAdvisor' of type [org.apache.shiro.spring.security.interceptor.AuthorizationAttributeSourceAdvisor] is not eligible for getting processed by all BeanPostProcessors (for example: not eligible for auto-proxying)
2020-02-18 20:21:00.650 febs [main] INFO  o.h.jpa.internal.util.LogHelper - HHH000204: Processing PersistenceUnitInfo [
	name: default
	...]
2020-02-18 20:21:00.788 febs [main] INFO  org.hibernate.Version - HHH000412: Hibernate Core {5.3.10.Final}
2020-02-18 20:21:00.791 febs [main] INFO  org.hibernate.cfg.Environment - HHH000206: hibernate.properties not found
2020-02-18 20:21:01.084 febs [main] INFO  o.h.annotations.common.Version - HCANN000001: Hibernate Commons Annotations {5.0.4.Final}
2020-02-18 20:21:01.617 febs [main] INFO  org.hibernate.dialect.Dialect - HHH000400: Using dialect: org.hibernate.dialect.MySQL5Dialect
2020-02-18 20:21:01.923 febs [main] INFO  o.s.o.j.LocalContainerEntityManagerFactoryBean - Initialized JPA EntityManagerFactory for persistence unit 'default'
2020-02-18 20:21:02.720 febs [main] INFO  org.quartz.impl.StdSchedulerFactory - Using default implementation for ThreadExecutor
2020-02-18 20:21:02.748 febs [main] INFO  o.quartz.core.SchedulerSignalerImpl - Initialized Scheduler Signaller of type: class org.quartz.core.SchedulerSignalerImpl
2020-02-18 20:21:02.748 febs [main] INFO  org.quartz.core.QuartzScheduler - Quartz Scheduler v.2.3.1 created.
2020-02-18 20:21:02.752 febs [main] INFO  o.s.s.quartz.LocalDataSourceJobStore - Using db table-based data access locking (synchronization).
2020-02-18 20:21:02.755 febs [main] INFO  o.s.s.quartz.LocalDataSourceJobStore - JobStoreCMT initialized.
2020-02-18 20:21:02.757 febs [main] INFO  org.quartz.core.QuartzScheduler - Scheduler meta-data: Quartz Scheduler (v2.3.1) 'FEBS_Scheduler' with instanceId 'DESKTOP-BSUER0M1582028462724'
  Scheduler class: 'org.quartz.core.QuartzScheduler' - running locally.
  NOT STARTED.
  Currently in standby mode.
  Number of jobs executed: 0
  Using thread pool 'org.quartz.simpl.SimpleThreadPool' - with 20 threads.
  Using job-store 'org.springframework.scheduling.quartz.LocalDataSourceJobStore' - which supports persistence. and is clustered.

2020-02-18 20:21:02.757 febs [main] INFO  org.quartz.impl.StdSchedulerFactory - Quartz scheduler 'FEBS_Scheduler' initialized from an externally provided properties instance.
2020-02-18 20:21:02.757 febs [main] INFO  org.quartz.impl.StdSchedulerFactory - Quartz scheduler version: 2.3.1
2020-02-18 20:21:02.760 febs [main] INFO  org.quartz.core.QuartzScheduler - JobFactory set to: org.springframework.scheduling.quartz.AdaptableJobFactory@31885b4b
2020-02-18 20:21:03.938 febs [main] INFO  o.s.s.c.ThreadPoolTaskExecutor - Initializing ExecutorService
2020-02-18 20:21:03.953 febs [main] INFO  o.s.s.c.ThreadPoolTaskExecutor - Initializing ExecutorService 'febsAsyncThreadPool'
2020-02-18 20:21:04.848 febs [main] INFO  o.a.engine.impl.ProcessEngineImpl - ProcessEngine default created
2020-02-18 20:21:04.850 febs [main] INFO  o.a.e.i.a.AbstractAsyncJobExecutor - Starting up the default async job executor [org.activiti.spring.SpringAsyncExecutor].
2020-02-18 20:21:04.852 febs [Thread-3] INFO  o.a.e.i.a.AcquireAsyncJobsDueRunnable - starting to acquire async jobs due
2020-02-18 20:21:04.852 febs [Thread-2] INFO  o.a.e.i.a.AcquireTimerJobsRunnable - starting to acquire async jobs due
2020-02-18 20:21:06.818 febs [main] INFO  o.s.b.a.w.s.WelcomePageHandlerMapping - Adding welcome page template: index
2020-02-18 20:21:08.830 febs [main] INFO  o.s.b.a.e.web.EndpointLinksResolver - Exposing 2 endpoint(s) beneath base path '/actuator'
2020-02-18 20:21:08.941 febs [main] INFO  o.s.s.quartz.SchedulerFactoryBean - Will start Quartz Scheduler [FEBS_Scheduler] in 1 seconds
2020-02-18 20:21:08.956 febs [main] INFO  com.neefull.fsp.web.TestApplication - Started TestApplication in 15.522 seconds (JVM running for 17.593)
2020-02-18 20:21:08.996 febs [main] INFO  c.n.f.w.c.runner.FebsStartedUpRunner -  __    ___   _      ___   _     ____ _____  ____ 
2020-02-18 20:21:08.996 febs [main] INFO  c.n.f.w.c.runner.FebsStartedUpRunner - / /`  / / \ | |\/| | |_) | |   | |_   | |  | |_  
2020-02-18 20:21:08.996 febs [main] INFO  c.n.f.w.c.runner.FebsStartedUpRunner - \_\_, \_\_/ |_|  | |_|   |_|__ |_|__  |_|  |_|__ 
2020-02-18 20:21:08.996 febs [main] INFO  c.n.f.w.c.runner.FebsStartedUpRunner -                                                       
2020-02-18 20:21:08.996 febs [main] INFO  c.n.f.w.c.runner.FebsStartedUpRunner - FLP系统启动完毕，地址：http://192.168.0.104:-1/login
2020-02-18 20:21:13.316 febs [Quartz Scheduler [FEBS_Scheduler]] INFO  o.s.s.quartz.SchedulerFactoryBean - Starting Quartz Scheduler now, after delay of 1 seconds
2020-02-18 20:21:13.333 febs [Quartz Scheduler [FEBS_Scheduler]] INFO  o.s.s.quartz.LocalDataSourceJobStore - ClusterManager: detected 1 failed or restarted instances.
2020-02-18 20:21:13.333 febs [Quartz Scheduler [FEBS_Scheduler]] INFO  o.s.s.quartz.LocalDataSourceJobStore - ClusterManager: Scanning for instance "DESKTOP-BSUER0M1582028282529"'s failed in-progress jobs.
2020-02-18 20:21:13.347 febs [Quartz Scheduler [FEBS_Scheduler]] INFO  org.quartz.core.QuartzScheduler - Scheduler FEBS_Scheduler_$_DESKTOP-BSUER0M1582028462724 started.
2020-02-18 20:22:13.355 febs [main] INFO  com.neefull.fsp.web.TestApplication - Starting TestApplication on DESKTOP-BSUER0M with PID 1636 (started by ccc in D:\ideawork\fps\qff\admin-web)
2020-02-18 20:22:13.356 febs [main] INFO  com.neefull.fsp.web.TestApplication - The following profiles are active: dev
2020-02-18 20:22:15.200 febs [main] INFO  o.s.d.r.c.RepositoryConfigurationDelegate - Multiple Spring Data modules found, entering strict repository configuration mode!
2020-02-18 20:22:15.205 febs [main] INFO  o.s.d.r.c.RepositoryConfigurationDelegate - Bootstrapping Spring Data repositories in DEFAULT mode.
2020-02-18 20:22:15.300 febs [main] INFO  o.s.d.r.c.RepositoryConfigurationDelegate - Finished Spring Data repository scanning in 82ms. Found 0 repository interfaces.
2020-02-18 20:22:15.314 febs [main] INFO  o.s.d.r.c.RepositoryConfigurationDelegate - Multiple Spring Data modules found, entering strict repository configuration mode!
2020-02-18 20:22:15.316 febs [main] INFO  o.s.d.r.c.RepositoryConfigurationDelegate - Bootstrapping Spring Data repositories in DEFAULT mode.
2020-02-18 20:22:15.372 febs [main] INFO  o.s.d.r.c.RepositoryConfigurationDelegate - Finished Spring Data repository scanning in 46ms. Found 0 repository interfaces.
2020-02-18 20:22:16.257 febs [main] INFO  o.s.c.s.PostProcessorRegistrationDelegate$BeanPostProcessorChecker - Bean 'spring.datasource.dynamic-com.baomidou.dynamic.datasource.spring.boot.autoconfigure.DynamicDataSourceProperties' of type [com.baomidou.dynamic.datasource.spring.boot.autoconfigure.DynamicDataSourceProperties] is not eligible for getting processed by all BeanPostProcessors (for example: not eligible for auto-proxying)
2020-02-18 20:22:16.469 febs [main] INFO  o.s.c.s.PostProcessorRegistrationDelegate$BeanPostProcessorChecker - Bean 'com.baomidou.dynamic.datasource.spring.boot.autoconfigure.DynamicDataSourceAutoConfiguration' of type [com.baomidou.dynamic.datasource.spring.boot.autoconfigure.DynamicDataSourceAutoConfiguration$$EnhancerBySpringCGLIB$$47244efb] is not eligible for getting processed by all BeanPostProcessors (for example: not eligible for auto-proxying)
2020-02-18 20:22:16.486 febs [main] INFO  o.s.c.s.PostProcessorRegistrationDelegate$BeanPostProcessorChecker - Bean 'dsProcessor' of type [com.baomidou.dynamic.datasource.processor.DsHeaderProcessor] is not eligible for getting processed by all BeanPostProcessors (for example: not eligible for auto-proxying)
2020-02-18 20:22:16.500 febs [main] INFO  o.s.c.s.PostProcessorRegistrationDelegate$BeanPostProcessorChecker - Bean 'dynamicDatasourceAnnotationAdvisor' of type [com.baomidou.dynamic.datasource.aop.DynamicDataSourceAnnotationAdvisor] is not eligible for getting processed by all BeanPostProcessors (for example: not eligible for auto-proxying)
2020-02-18 20:22:16.513 febs [main] INFO  o.s.c.s.PostProcessorRegistrationDelegate$BeanPostProcessorChecker - Bean 'org.springframework.transaction.annotation.ProxyTransactionManagementConfiguration' of type [org.springframework.transaction.annotation.ProxyTransactionManagementConfiguration$$EnhancerBySpringCGLIB$$dd95de2a] is not eligible for getting processed by all BeanPostProcessors (for example: not eligible for auto-proxying)
2020-02-18 20:22:16.571 febs [main] INFO  o.s.c.s.PostProcessorRegistrationDelegate$BeanPostProcessorChecker - Bean 'febsProperties' of type [com.neefull.fsp.web.common.properties.FebsProperties$$EnhancerBySpringCGLIB$$c732118d] is not eligible for getting processed by all BeanPostProcessors (for example: not eligible for auto-proxying)
2020-02-18 20:22:16.576 febs [main] INFO  o.s.c.s.PostProcessorRegistrationDelegate$BeanPostProcessorChecker - Bean 'shiroConfig' of type [com.neefull.fsp.web.common.authentication.ShiroConfig$$EnhancerBySpringCGLIB$$a4e348cc] is not eligible for getting processed by all BeanPostProcessors (for example: not eligible for auto-proxying)
2020-02-18 20:22:16.714 febs [main] INFO  o.s.c.s.PostProcessorRegistrationDelegate$BeanPostProcessorChecker - Bean 'mybatis-plus-com.baomidou.mybatisplus.autoconfigure.MybatisPlusProperties' of type [com.baomidou.mybatisplus.autoconfigure.MybatisPlusProperties] is not eligible for getting processed by all BeanPostProcessors (for example: not eligible for auto-proxying)
2020-02-18 20:22:16.730 febs [main] INFO  o.s.c.s.PostProcessorRegistrationDelegate$BeanPostProcessorChecker - Bean 'mybatisPlusConfigure' of type [com.neefull.fsp.web.common.configure.MybatisPlusConfigure$$EnhancerBySpringCGLIB$$b981c8d0] is not eligible for getting processed by all BeanPostProcessors (for example: not eligible for auto-proxying)
2020-02-18 20:22:16.747 febs [main] INFO  o.s.c.s.PostProcessorRegistrationDelegate$BeanPostProcessorChecker - Bean 'paginationInterceptor' of type [com.baomidou.mybatisplus.extension.plugins.PaginationInterceptor] is not eligible for getting processed by all BeanPostProcessors (for example: not eligible for auto-proxying)
2020-02-18 20:22:16.767 febs [main] INFO  o.s.c.s.PostProcessorRegistrationDelegate$BeanPostProcessorChecker - Bean 'com.baomidou.mybatisplus.autoconfigure.MybatisPlusAutoConfiguration' of type [com.baomidou.mybatisplus.autoconfigure.MybatisPlusAutoConfiguration$$EnhancerBySpringCGLIB$$1b5e4ac4] is not eligible for getting processed by all BeanPostProcessors (for example: not eligible for auto-proxying)
2020-02-18 20:22:16.786 febs [main] INFO  o.s.c.s.PostProcessorRegistrationDelegate$BeanPostProcessorChecker - Bean 'dynamicDataSourceCreator' of type [com.baomidou.dynamic.datasource.DynamicDataSourceCreator] is not eligible for getting processed by all BeanPostProcessors (for example: not eligible for auto-proxying)
2020-02-18 20:22:16.791 febs [main] INFO  o.s.c.s.PostProcessorRegistrationDelegate$BeanPostProcessorChecker - Bean 'dynamicDataSourceProvider' of type [com.baomidou.dynamic.datasource.provider.YmlDynamicDataSourceProvider] is not eligible for getting processed by all BeanPostProcessors (for example: not eligible for auto-proxying)
2020-02-18 20:22:16.815 febs [main] INFO  com.zaxxer.hikari.HikariDataSource - base - Starting...
2020-02-18 20:22:17.045 febs [main] INFO  com.zaxxer.hikari.HikariDataSource - base - Start completed.
2020-02-18 20:22:17.046 febs [main] INFO  com.zaxxer.hikari.HikariDataSource - quartz - Starting...
2020-02-18 20:22:17.051 febs [main] INFO  com.zaxxer.hikari.HikariDataSource - quartz - Start completed.
2020-02-18 20:22:17.051 febs [main] INFO  com.zaxxer.hikari.HikariDataSource - typt - Starting...
2020-02-18 20:22:17.056 febs [main] INFO  com.zaxxer.hikari.HikariDataSource - typt - Start completed.
2020-02-18 20:22:17.056 febs [main] INFO  c.b.d.d.DynamicRoutingDataSource - 初始共加载 3 个数据源
2020-02-18 20:22:17.057 febs [main] INFO  c.b.d.d.DynamicRoutingDataSource - 动态数据源-加载 quartz 成功
2020-02-18 20:22:17.057 febs [main] INFO  c.b.d.d.DynamicRoutingDataSource - 动态数据源-加载 base 成功
2020-02-18 20:22:17.057 febs [main] INFO  c.b.d.d.DynamicRoutingDataSource - 动态数据源-加载 typt 成功
2020-02-18 20:22:17.057 febs [main] INFO  c.b.d.d.DynamicRoutingDataSource - 当前的默认数据源是单数据源，数据源名为 base
2020-02-18 20:22:17.057 febs [main] INFO  o.s.c.s.PostProcessorRegistrationDelegate$BeanPostProcessorChecker - Bean 'dataSource' of type [com.baomidou.dynamic.datasource.DynamicRoutingDataSource] is not eligible for getting processed by all BeanPostProcessors (for example: not eligible for auto-proxying)
2020-02-18 20:22:17.077 febs [main] INFO  o.s.c.s.PostProcessorRegistrationDelegate$BeanPostProcessorChecker - Bean 'spring.datasource-org.springframework.boot.autoconfigure.jdbc.DataSourceProperties' of type [org.springframework.boot.autoconfigure.jdbc.DataSourceProperties] is not eligible for getting processed by all BeanPostProcessors (for example: not eligible for auto-proxying)
2020-02-18 20:22:17.095 febs [main] INFO  o.s.c.s.PostProcessorRegistrationDelegate$BeanPostProcessorChecker - Bean 'org.springframework.boot.autoconfigure.jdbc.DataSourceInitializerInvoker' of type [org.springframework.boot.autoconfigure.jdbc.DataSourceInitializerInvoker] is not eligible for getting processed by all BeanPostProcessors (for example: not eligible for auto-proxying)
2020-02-18 20:22:18.222 febs [main] INFO  o.s.c.s.PostProcessorRegistrationDelegate$BeanPostProcessorChecker - Bean 'sqlSessionFactory' of type [org.apache.ibatis.session.defaults.DefaultSqlSessionFactory] is not eligible for getting processed by all BeanPostProcessors (for example: not eligible for auto-proxying)
2020-02-18 20:22:18.238 febs [main] INFO  o.s.c.s.PostProcessorRegistrationDelegate$BeanPostProcessorChecker - Bean 'sqlSessionTemplate' of type [org.mybatis.spring.SqlSessionTemplate] is not eligible for getting processed by all BeanPostProcessors (for example: not eligible for auto-proxying)
2020-02-18 20:22:18.242 febs [main] INFO  o.s.c.s.PostProcessorRegistrationDelegate$BeanPostProcessorChecker - Bean 'userMapper' of type [org.mybatis.spring.mapper.MapperFactoryBean] is not eligible for getting processed by all BeanPostProcessors (for example: not eligible for auto-proxying)
2020-02-18 20:22:18.246 febs [main] INFO  o.s.c.s.PostProcessorRegistrationDelegate$BeanPostProcessorChecker - Bean 'userMapper' of type [com.sun.proxy.$Proxy118] is not eligible for getting processed by all BeanPostProcessors (for example: not eligible for auto-proxying)
2020-02-18 20:22:18.304 febs [main] INFO  o.s.c.s.PostProcessorRegistrationDelegate$BeanPostProcessorChecker - Bean 'userRoleMapper' of type [org.mybatis.spring.mapper.MapperFactoryBean] is not eligible for getting processed by all BeanPostProcessors (for example: not eligible for auto-proxying)
2020-02-18 20:22:18.306 febs [main] INFO  o.s.c.s.PostProcessorRegistrationDelegate$BeanPostProcessorChecker - Bean 'userRoleMapper' of type [com.sun.proxy.$Proxy120] is not eligible for getting processed by all BeanPostProcessors (for example: not eligible for auto-proxying)
2020-02-18 20:22:18.308 febs [main] INFO  o.s.c.s.PostProcessorRegistrationDelegate$BeanPostProcessorChecker - Bean 'userRoleServiceImpl' of type [com.neefull.fsp.web.system.service.impl.UserRoleServiceImpl] is not eligible for getting processed by all BeanPostProcessors (for example: not eligible for auto-proxying)
2020-02-18 20:22:18.364 febs [main] INFO  o.s.c.s.PostProcessorRegistrationDelegate$BeanPostProcessorChecker - Bean 'userServiceImpl' of type [com.neefull.fsp.web.system.service.impl.UserServiceImpl] is not eligible for getting processed by all BeanPostProcessors (for example: not eligible for auto-proxying)
2020-02-18 20:22:18.416 febs [main] INFO  o.s.c.s.PostProcessorRegistrationDelegate$BeanPostProcessorChecker - Bean 'roleMapper' of type [org.mybatis.spring.mapper.MapperFactoryBean] is not eligible for getting processed by all BeanPostProcessors (for example: not eligible for auto-proxying)
2020-02-18 20:22:18.418 febs [main] INFO  o.s.c.s.PostProcessorRegistrationDelegate$BeanPostProcessorChecker - Bean 'roleMapper' of type [com.sun.proxy.$Proxy123] is not eligible for getting processed by all BeanPostProcessors (for example: not eligible for auto-proxying)
2020-02-18 20:22:18.436 febs [main] INFO  o.s.c.s.PostProcessorRegistrationDelegate$BeanPostProcessorChecker - Bean 'roleMenuMapper' of type [org.mybatis.spring.mapper.MapperFactoryBean] is not eligible for getting processed by all BeanPostProcessors (for example: not eligible for auto-proxying)
2020-02-18 20:22:18.439 febs [main] INFO  o.s.c.s.PostProcessorRegistrationDelegate$BeanPostProcessorChecker - Bean 'roleMenuMapper' of type [com.sun.proxy.$Proxy124] is not eligible for getting processed by all BeanPostProcessors (for example: not eligible for auto-proxying)
2020-02-18 20:22:18.440 febs [main] INFO  o.s.c.s.PostProcessorRegistrationDelegate$BeanPostProcessorChecker - Bean 'roleMenuServiceImpl' of type [com.neefull.fsp.web.system.service.impl.RoleMenuServiceImpl] is not eligible for getting processed by all BeanPostProcessors (for example: not eligible for auto-proxying)
2020-02-18 20:22:18.467 febs [main] INFO  o.s.c.s.PostProcessorRegistrationDelegate$BeanPostProcessorChecker - Bean 'roleServiceImpl' of type [com.neefull.fsp.web.system.service.impl.RoleServiceImpl] is not eligible for getting processed by all BeanPostProcessors (for example: not eligible for auto-proxying)
2020-02-18 20:22:18.504 febs [main] INFO  o.s.c.s.PostProcessorRegistrationDelegate$BeanPostProcessorChecker - Bean 'menuMapper' of type [org.mybatis.spring.mapper.MapperFactoryBean] is not eligible for getting processed by all BeanPostProcessors (for example: not eligible for auto-proxying)
2020-02-18 20:22:18.507 febs [main] INFO  o.s.c.s.PostProcessorRegistrationDelegate$BeanPostProcessorChecker - Bean 'menuMapper' of type [com.sun.proxy.$Proxy127] is not eligible for getting processed by all BeanPostProcessors (for example: not eligible for auto-proxying)
2020-02-18 20:22:18.513 febs [main] INFO  o.s.c.s.PostProcessorRegistrationDelegate$BeanPostProcessorChecker - Bean 'menuServiceImpl' of type [com.neefull.fsp.web.system.service.impl.MenuServiceImpl] is not eligible for getting processed by all BeanPostProcessors (for example: not eligible for auto-proxying)
2020-02-18 20:22:18.534 febs [main] INFO  o.s.c.s.PostProcessorRegistrationDelegate$BeanPostProcessorChecker - Bean 'shiroRealm' of type [com.neefull.fsp.web.common.authentication.ShiroRealm] is not eligible for getting processed by all BeanPostProcessors (for example: not eligible for auto-proxying)
2020-02-18 20:22:19.045 febs [main] INFO  o.s.c.s.PostProcessorRegistrationDelegate$BeanPostProcessorChecker - Bean 'redisSessionDAO' of type [org.crazycake.shiro.RedisSessionDAO] is not eligible for getting processed by all BeanPostProcessors (for example: not eligible for auto-proxying)
2020-02-18 20:22:19.065 febs [main] INFO  o.s.c.s.PostProcessorRegistrationDelegate$BeanPostProcessorChecker - Bean 'sessionManager' of type [org.apache.shiro.web.session.mgt.DefaultWebSessionManager] is not eligible for getting processed by all BeanPostProcessors (for example: not eligible for auto-proxying)
2020-02-18 20:22:19.097 febs [main] INFO  o.s.c.s.PostProcessorRegistrationDelegate$BeanPostProcessorChecker - Bean 'securityManager' of type [org.apache.shiro.web.mgt.DefaultWebSecurityManager] is not eligible for getting processed by all BeanPostProcessors (for example: not eligible for auto-proxying)
2020-02-18 20:22:19.125 febs [main] INFO  o.s.c.s.PostProcessorRegistrationDelegate$BeanPostProcessorChecker - Bean 'authorizationAttributeSourceAdvisor' of type [org.apache.shiro.spring.security.interceptor.AuthorizationAttributeSourceAdvisor] is not eligible for getting processed by all BeanPostProcessors (for example: not eligible for auto-proxying)
2020-02-18 20:22:19.458 febs [main] INFO  o.h.jpa.internal.util.LogHelper - HHH000204: Processing PersistenceUnitInfo [
	name: default
	...]
2020-02-18 20:22:19.581 febs [main] INFO  org.hibernate.Version - HHH000412: Hibernate Core {5.3.10.Final}
2020-02-18 20:22:19.585 febs [main] INFO  org.hibernate.cfg.Environment - HHH000206: hibernate.properties not found
2020-02-18 20:22:19.870 febs [main] INFO  o.h.annotations.common.Version - HCANN000001: Hibernate Commons Annotations {5.0.4.Final}
2020-02-18 20:22:20.358 febs [main] INFO  org.hibernate.dialect.Dialect - HHH000400: Using dialect: org.hibernate.dialect.MySQL5Dialect
2020-02-18 20:22:20.679 febs [main] INFO  o.s.o.j.LocalContainerEntityManagerFactoryBean - Initialized JPA EntityManagerFactory for persistence unit 'default'
2020-02-18 20:22:21.471 febs [main] INFO  org.quartz.impl.StdSchedulerFactory - Using default implementation for ThreadExecutor
2020-02-18 20:22:21.493 febs [main] INFO  o.quartz.core.SchedulerSignalerImpl - Initialized Scheduler Signaller of type: class org.quartz.core.SchedulerSignalerImpl
2020-02-18 20:22:21.493 febs [main] INFO  org.quartz.core.QuartzScheduler - Quartz Scheduler v.2.3.1 created.
2020-02-18 20:22:21.497 febs [main] INFO  o.s.s.quartz.LocalDataSourceJobStore - Using db table-based data access locking (synchronization).
2020-02-18 20:22:21.500 febs [main] INFO  o.s.s.quartz.LocalDataSourceJobStore - JobStoreCMT initialized.
2020-02-18 20:22:21.501 febs [main] INFO  org.quartz.core.QuartzScheduler - Scheduler meta-data: Quartz Scheduler (v2.3.1) 'FEBS_Scheduler' with instanceId 'DESKTOP-BSUER0M1582028541474'
  Scheduler class: 'org.quartz.core.QuartzScheduler' - running locally.
  NOT STARTED.
  Currently in standby mode.
  Number of jobs executed: 0
  Using thread pool 'org.quartz.simpl.SimpleThreadPool' - with 20 threads.
  Using job-store 'org.springframework.scheduling.quartz.LocalDataSourceJobStore' - which supports persistence. and is clustered.

2020-02-18 20:22:21.501 febs [main] INFO  org.quartz.impl.StdSchedulerFactory - Quartz scheduler 'FEBS_Scheduler' initialized from an externally provided properties instance.
2020-02-18 20:22:21.502 febs [main] INFO  org.quartz.impl.StdSchedulerFactory - Quartz scheduler version: 2.3.1
2020-02-18 20:22:21.504 febs [main] INFO  org.quartz.core.QuartzScheduler - JobFactory set to: org.springframework.scheduling.quartz.AdaptableJobFactory@3006aef5
2020-02-18 20:22:22.766 febs [main] INFO  o.s.s.c.ThreadPoolTaskExecutor - Initializing ExecutorService
2020-02-18 20:22:22.783 febs [main] INFO  o.s.s.c.ThreadPoolTaskExecutor - Initializing ExecutorService 'febsAsyncThreadPool'
2020-02-18 20:22:23.606 febs [main] INFO  o.a.engine.impl.ProcessEngineImpl - ProcessEngine default created
2020-02-18 20:22:23.608 febs [main] INFO  o.a.e.i.a.AbstractAsyncJobExecutor - Starting up the default async job executor [org.activiti.spring.SpringAsyncExecutor].
2020-02-18 20:22:23.609 febs [Thread-2] INFO  o.a.e.i.a.AcquireTimerJobsRunnable - starting to acquire async jobs due
2020-02-18 20:22:23.610 febs [Thread-3] INFO  o.a.e.i.a.AcquireAsyncJobsDueRunnable - starting to acquire async jobs due
2020-02-18 20:22:25.544 febs [main] INFO  o.s.b.a.w.s.WelcomePageHandlerMapping - Adding welcome page template: index
2020-02-18 20:22:27.573 febs [main] INFO  o.s.b.a.e.web.EndpointLinksResolver - Exposing 2 endpoint(s) beneath base path '/actuator'
2020-02-18 20:22:27.676 febs [main] INFO  o.s.s.quartz.SchedulerFactoryBean - Will start Quartz Scheduler [FEBS_Scheduler] in 1 seconds
2020-02-18 20:22:27.692 febs [main] INFO  com.neefull.fsp.web.TestApplication - Started TestApplication in 15.134 seconds (JVM running for 17.589)
2020-02-18 20:22:27.726 febs [main] INFO  c.n.f.w.c.runner.FebsStartedUpRunner -  __    ___   _      ___   _     ____ _____  ____ 
2020-02-18 20:22:27.726 febs [main] INFO  c.n.f.w.c.runner.FebsStartedUpRunner - / /`  / / \ | |\/| | |_) | |   | |_   | |  | |_  
2020-02-18 20:22:27.726 febs [main] INFO  c.n.f.w.c.runner.FebsStartedUpRunner - \_\_, \_\_/ |_|  | |_|   |_|__ |_|__  |_|  |_|__ 
2020-02-18 20:22:27.726 febs [main] INFO  c.n.f.w.c.runner.FebsStartedUpRunner -                                                       
2020-02-18 20:22:27.726 febs [main] INFO  c.n.f.w.c.runner.FebsStartedUpRunner - FLP系统启动完毕，地址：http://192.168.0.104:-1/login
2020-02-18 20:22:31.473 febs [Quartz Scheduler [FEBS_Scheduler]] INFO  o.s.s.quartz.SchedulerFactoryBean - Starting Quartz Scheduler now, after delay of 1 seconds
2020-02-18 20:22:31.496 febs [Quartz Scheduler [FEBS_Scheduler]] INFO  o.s.s.quartz.LocalDataSourceJobStore - ClusterManager: detected 1 failed or restarted instances.
2020-02-18 20:22:31.496 febs [Quartz Scheduler [FEBS_Scheduler]] INFO  o.s.s.quartz.LocalDataSourceJobStore - ClusterManager: Scanning for instance "DESKTOP-BSUER0M1582028462724"'s failed in-progress jobs.
2020-02-18 20:22:31.513 febs [Quartz Scheduler [FEBS_Scheduler]] INFO  org.quartz.core.QuartzScheduler - Scheduler FEBS_Scheduler_$_DESKTOP-BSUER0M1582028541474 started.
2020-02-18 20:22:51.585 febs [Thread-5] INFO  org.quartz.core.QuartzScheduler - Scheduler FEBS_Scheduler_$_DESKTOP-BSUER0M1582028541474 paused.
2020-02-18 20:46:00.432 febs [main] INFO  com.neefull.fsp.web.TestApplication - Starting TestApplication on DESKTOP-BSUER0M with PID 12632 (started by ccc in D:\ideawork\fps\qff\admin-web)
2020-02-18 20:46:00.433 febs [main] INFO  com.neefull.fsp.web.TestApplication - The following profiles are active: dev
2020-02-18 20:46:02.391 febs [main] INFO  o.s.d.r.c.RepositoryConfigurationDelegate - Multiple Spring Data modules found, entering strict repository configuration mode!
2020-02-18 20:46:02.394 febs [main] INFO  o.s.d.r.c.RepositoryConfigurationDelegate - Bootstrapping Spring Data repositories in DEFAULT mode.
2020-02-18 20:46:02.491 febs [main] INFO  o.s.d.r.c.RepositoryConfigurationDelegate - Finished Spring Data repository scanning in 85ms. Found 0 repository interfaces.
2020-02-18 20:46:02.506 febs [main] INFO  o.s.d.r.c.RepositoryConfigurationDelegate - Multiple Spring Data modules found, entering strict repository configuration mode!
2020-02-18 20:46:02.508 febs [main] INFO  o.s.d.r.c.RepositoryConfigurationDelegate - Bootstrapping Spring Data repositories in DEFAULT mode.
2020-02-18 20:46:02.564 febs [main] INFO  o.s.d.r.c.RepositoryConfigurationDelegate - Finished Spring Data repository scanning in 47ms. Found 0 repository interfaces.
2020-02-18 20:46:03.484 febs [main] INFO  o.s.c.s.PostProcessorRegistrationDelegate$BeanPostProcessorChecker - Bean 'spring.datasource.dynamic-com.baomidou.dynamic.datasource.spring.boot.autoconfigure.DynamicDataSourceProperties' of type [com.baomidou.dynamic.datasource.spring.boot.autoconfigure.DynamicDataSourceProperties] is not eligible for getting processed by all BeanPostProcessors (for example: not eligible for auto-proxying)
2020-02-18 20:46:03.702 febs [main] INFO  o.s.c.s.PostProcessorRegistrationDelegate$BeanPostProcessorChecker - Bean 'com.baomidou.dynamic.datasource.spring.boot.autoconfigure.DynamicDataSourceAutoConfiguration' of type [com.baomidou.dynamic.datasource.spring.boot.autoconfigure.DynamicDataSourceAutoConfiguration$$EnhancerBySpringCGLIB$$5ca22fad] is not eligible for getting processed by all BeanPostProcessors (for example: not eligible for auto-proxying)
2020-02-18 20:46:03.722 febs [main] INFO  o.s.c.s.PostProcessorRegistrationDelegate$BeanPostProcessorChecker - Bean 'dsProcessor' of type [com.baomidou.dynamic.datasource.processor.DsHeaderProcessor] is not eligible for getting processed by all BeanPostProcessors (for example: not eligible for auto-proxying)
2020-02-18 20:46:03.734 febs [main] INFO  o.s.c.s.PostProcessorRegistrationDelegate$BeanPostProcessorChecker - Bean 'dynamicDatasourceAnnotationAdvisor' of type [com.baomidou.dynamic.datasource.aop.DynamicDataSourceAnnotationAdvisor] is not eligible for getting processed by all BeanPostProcessors (for example: not eligible for auto-proxying)
2020-02-18 20:46:03.746 febs [main] INFO  o.s.c.s.PostProcessorRegistrationDelegate$BeanPostProcessorChecker - Bean 'org.springframework.transaction.annotation.ProxyTransactionManagementConfiguration' of type [org.springframework.transaction.annotation.ProxyTransactionManagementConfiguration$$EnhancerBySpringCGLIB$$f313bedc] is not eligible for getting processed by all BeanPostProcessors (for example: not eligible for auto-proxying)
2020-02-18 20:46:03.809 febs [main] INFO  o.s.c.s.PostProcessorRegistrationDelegate$BeanPostProcessorChecker - Bean 'febsProperties' of type [com.neefull.fsp.web.common.properties.FebsProperties$$EnhancerBySpringCGLIB$$dcaff23f] is not eligible for getting processed by all BeanPostProcessors (for example: not eligible for auto-proxying)
2020-02-18 20:46:03.816 febs [main] INFO  o.s.c.s.PostProcessorRegistrationDelegate$BeanPostProcessorChecker - Bean 'shiroConfig' of type [com.neefull.fsp.web.common.authentication.ShiroConfig$$EnhancerBySpringCGLIB$$ba61297e] is not eligible for getting processed by all BeanPostProcessors (for example: not eligible for auto-proxying)
2020-02-18 20:46:03.952 febs [main] INFO  o.s.c.s.PostProcessorRegistrationDelegate$BeanPostProcessorChecker - Bean 'mybatis-plus-com.baomidou.mybatisplus.autoconfigure.MybatisPlusProperties' of type [com.baomidou.mybatisplus.autoconfigure.MybatisPlusProperties] is not eligible for getting processed by all BeanPostProcessors (for example: not eligible for auto-proxying)
2020-02-18 20:46:03.972 febs [main] INFO  o.s.c.s.PostProcessorRegistrationDelegate$BeanPostProcessorChecker - Bean 'mybatisPlusConfigure' of type [com.neefull.fsp.web.common.configure.MybatisPlusConfigure$$EnhancerBySpringCGLIB$$ceffa982] is not eligible for getting processed by all BeanPostProcessors (for example: not eligible for auto-proxying)
2020-02-18 20:46:03.990 febs [main] INFO  o.s.c.s.PostProcessorRegistrationDelegate$BeanPostProcessorChecker - Bean 'paginationInterceptor' of type [com.baomidou.mybatisplus.extension.plugins.PaginationInterceptor] is not eligible for getting processed by all BeanPostProcessors (for example: not eligible for auto-proxying)
2020-02-18 20:46:04.009 febs [main] INFO  o.s.c.s.PostProcessorRegistrationDelegate$BeanPostProcessorChecker - Bean 'com.baomidou.mybatisplus.autoconfigure.MybatisPlusAutoConfiguration' of type [com.baomidou.mybatisplus.autoconfigure.MybatisPlusAutoConfiguration$$EnhancerBySpringCGLIB$$30dc2b76] is not eligible for getting processed by all BeanPostProcessors (for example: not eligible for auto-proxying)
2020-02-18 20:46:04.030 febs [main] INFO  o.s.c.s.PostProcessorRegistrationDelegate$BeanPostProcessorChecker - Bean 'dynamicDataSourceCreator' of type [com.baomidou.dynamic.datasource.DynamicDataSourceCreator] is not eligible for getting processed by all BeanPostProcessors (for example: not eligible for auto-proxying)
2020-02-18 20:46:04.035 febs [main] INFO  o.s.c.s.PostProcessorRegistrationDelegate$BeanPostProcessorChecker - Bean 'dynamicDataSourceProvider' of type [com.baomidou.dynamic.datasource.provider.YmlDynamicDataSourceProvider] is not eligible for getting processed by all BeanPostProcessors (for example: not eligible for auto-proxying)
2020-02-18 20:46:04.058 febs [main] INFO  com.zaxxer.hikari.HikariDataSource - base - Starting...
2020-02-18 20:46:04.285 febs [main] INFO  com.zaxxer.hikari.HikariDataSource - base - Start completed.
2020-02-18 20:46:04.285 febs [main] INFO  com.zaxxer.hikari.HikariDataSource - quartz - Starting...
2020-02-18 20:46:04.290 febs [main] INFO  com.zaxxer.hikari.HikariDataSource - quartz - Start completed.
2020-02-18 20:46:04.290 febs [main] INFO  com.zaxxer.hikari.HikariDataSource - typt - Starting...
2020-02-18 20:46:04.295 febs [main] INFO  com.zaxxer.hikari.HikariDataSource - typt - Start completed.
2020-02-18 20:46:04.295 febs [main] INFO  c.b.d.d.DynamicRoutingDataSource - 初始共加载 3 个数据源
2020-02-18 20:46:04.296 febs [main] INFO  c.b.d.d.DynamicRoutingDataSource - 动态数据源-加载 quartz 成功
2020-02-18 20:46:04.296 febs [main] INFO  c.b.d.d.DynamicRoutingDataSource - 动态数据源-加载 base 成功
2020-02-18 20:46:04.296 febs [main] INFO  c.b.d.d.DynamicRoutingDataSource - 动态数据源-加载 typt 成功
2020-02-18 20:46:04.296 febs [main] INFO  c.b.d.d.DynamicRoutingDataSource - 当前的默认数据源是单数据源，数据源名为 base
2020-02-18 20:46:04.296 febs [main] INFO  o.s.c.s.PostProcessorRegistrationDelegate$BeanPostProcessorChecker - Bean 'dataSource' of type [com.baomidou.dynamic.datasource.DynamicRoutingDataSource] is not eligible for getting processed by all BeanPostProcessors (for example: not eligible for auto-proxying)
2020-02-18 20:46:04.320 febs [main] INFO  o.s.c.s.PostProcessorRegistrationDelegate$BeanPostProcessorChecker - Bean 'spring.datasource-org.springframework.boot.autoconfigure.jdbc.DataSourceProperties' of type [org.springframework.boot.autoconfigure.jdbc.DataSourceProperties] is not eligible for getting processed by all BeanPostProcessors (for example: not eligible for auto-proxying)
2020-02-18 20:46:04.339 febs [main] INFO  o.s.c.s.PostProcessorRegistrationDelegate$BeanPostProcessorChecker - Bean 'org.springframework.boot.autoconfigure.jdbc.DataSourceInitializerInvoker' of type [org.springframework.boot.autoconfigure.jdbc.DataSourceInitializerInvoker] is not eligible for getting processed by all BeanPostProcessors (for example: not eligible for auto-proxying)
2020-02-18 20:46:05.470 febs [main] INFO  o.s.c.s.PostProcessorRegistrationDelegate$BeanPostProcessorChecker - Bean 'sqlSessionFactory' of type [org.apache.ibatis.session.defaults.DefaultSqlSessionFactory] is not eligible for getting processed by all BeanPostProcessors (for example: not eligible for auto-proxying)
2020-02-18 20:46:05.489 febs [main] INFO  o.s.c.s.PostProcessorRegistrationDelegate$BeanPostProcessorChecker - Bean 'sqlSessionTemplate' of type [org.mybatis.spring.SqlSessionTemplate] is not eligible for getting processed by all BeanPostProcessors (for example: not eligible for auto-proxying)
2020-02-18 20:46:05.496 febs [main] INFO  o.s.c.s.PostProcessorRegistrationDelegate$BeanPostProcessorChecker - Bean 'userMapper' of type [org.mybatis.spring.mapper.MapperFactoryBean] is not eligible for getting processed by all BeanPostProcessors (for example: not eligible for auto-proxying)
2020-02-18 20:46:05.502 febs [main] INFO  o.s.c.s.PostProcessorRegistrationDelegate$BeanPostProcessorChecker - Bean 'userMapper' of type [com.sun.proxy.$Proxy118] is not eligible for getting processed by all BeanPostProcessors (for example: not eligible for auto-proxying)
2020-02-18 20:46:05.561 febs [main] INFO  o.s.c.s.PostProcessorRegistrationDelegate$BeanPostProcessorChecker - Bean 'userRoleMapper' of type [org.mybatis.spring.mapper.MapperFactoryBean] is not eligible for getting processed by all BeanPostProcessors (for example: not eligible for auto-proxying)
2020-02-18 20:46:05.563 febs [main] INFO  o.s.c.s.PostProcessorRegistrationDelegate$BeanPostProcessorChecker - Bean 'userRoleMapper' of type [com.sun.proxy.$Proxy120] is not eligible for getting processed by all BeanPostProcessors (for example: not eligible for auto-proxying)
2020-02-18 20:46:05.566 febs [main] INFO  o.s.c.s.PostProcessorRegistrationDelegate$BeanPostProcessorChecker - Bean 'userRoleServiceImpl' of type [com.neefull.fsp.web.system.service.impl.UserRoleServiceImpl] is not eligible for getting processed by all BeanPostProcessors (for example: not eligible for auto-proxying)
2020-02-18 20:46:05.639 febs [main] INFO  o.s.c.s.PostProcessorRegistrationDelegate$BeanPostProcessorChecker - Bean 'userServiceImpl' of type [com.neefull.fsp.web.system.service.impl.UserServiceImpl] is not eligible for getting processed by all BeanPostProcessors (for example: not eligible for auto-proxying)
2020-02-18 20:46:05.699 febs [main] INFO  o.s.c.s.PostProcessorRegistrationDelegate$BeanPostProcessorChecker - Bean 'roleMapper' of type [org.mybatis.spring.mapper.MapperFactoryBean] is not eligible for getting processed by all BeanPostProcessors (for example: not eligible for auto-proxying)
2020-02-18 20:46:05.701 febs [main] INFO  o.s.c.s.PostProcessorRegistrationDelegate$BeanPostProcessorChecker - Bean 'roleMapper' of type [com.sun.proxy.$Proxy123] is not eligible for getting processed by all BeanPostProcessors (for example: not eligible for auto-proxying)
2020-02-18 20:46:05.718 febs [main] INFO  o.s.c.s.PostProcessorRegistrationDelegate$BeanPostProcessorChecker - Bean 'roleMenuMapper' of type [org.mybatis.spring.mapper.MapperFactoryBean] is not eligible for getting processed by all BeanPostProcessors (for example: not eligible for auto-proxying)
2020-02-18 20:46:05.720 febs [main] INFO  o.s.c.s.PostProcessorRegistrationDelegate$BeanPostProcessorChecker - Bean 'roleMenuMapper' of type [com.sun.proxy.$Proxy124] is not eligible for getting processed by all BeanPostProcessors (for example: not eligible for auto-proxying)
2020-02-18 20:46:05.723 febs [main] INFO  o.s.c.s.PostProcessorRegistrationDelegate$BeanPostProcessorChecker - Bean 'roleMenuServiceImpl' of type [com.neefull.fsp.web.system.service.impl.RoleMenuServiceImpl] is not eligible for getting processed by all BeanPostProcessors (for example: not eligible for auto-proxying)
2020-02-18 20:46:05.753 febs [main] INFO  o.s.c.s.PostProcessorRegistrationDelegate$BeanPostProcessorChecker - Bean 'roleServiceImpl' of type [com.neefull.fsp.web.system.service.impl.RoleServiceImpl] is not eligible for getting processed by all BeanPostProcessors (for example: not eligible for auto-proxying)
2020-02-18 20:46:05.795 febs [main] INFO  o.s.c.s.PostProcessorRegistrationDelegate$BeanPostProcessorChecker - Bean 'menuMapper' of type [org.mybatis.spring.mapper.MapperFactoryBean] is not eligible for getting processed by all BeanPostProcessors (for example: not eligible for auto-proxying)
2020-02-18 20:46:05.797 febs [main] INFO  o.s.c.s.PostProcessorRegistrationDelegate$BeanPostProcessorChecker - Bean 'menuMapper' of type [com.sun.proxy.$Proxy127] is not eligible for getting processed by all BeanPostProcessors (for example: not eligible for auto-proxying)
2020-02-18 20:46:05.803 febs [main] INFO  o.s.c.s.PostProcessorRegistrationDelegate$BeanPostProcessorChecker - Bean 'menuServiceImpl' of type [com.neefull.fsp.web.system.service.impl.MenuServiceImpl] is not eligible for getting processed by all BeanPostProcessors (for example: not eligible for auto-proxying)
2020-02-18 20:46:05.831 febs [main] INFO  o.s.c.s.PostProcessorRegistrationDelegate$BeanPostProcessorChecker - Bean 'shiroRealm' of type [com.neefull.fsp.web.common.authentication.ShiroRealm] is not eligible for getting processed by all BeanPostProcessors (for example: not eligible for auto-proxying)
2020-02-18 20:46:06.340 febs [main] INFO  o.s.c.s.PostProcessorRegistrationDelegate$BeanPostProcessorChecker - Bean 'redisSessionDAO' of type [org.crazycake.shiro.RedisSessionDAO] is not eligible for getting processed by all BeanPostProcessors (for example: not eligible for auto-proxying)
2020-02-18 20:46:06.357 febs [main] INFO  o.s.c.s.PostProcessorRegistrationDelegate$BeanPostProcessorChecker - Bean 'sessionManager' of type [org.apache.shiro.web.session.mgt.DefaultWebSessionManager] is not eligible for getting processed by all BeanPostProcessors (for example: not eligible for auto-proxying)
2020-02-18 20:46:06.388 febs [main] INFO  o.s.c.s.PostProcessorRegistrationDelegate$BeanPostProcessorChecker - Bean 'securityManager' of type [org.apache.shiro.web.mgt.DefaultWebSecurityManager] is not eligible for getting processed by all BeanPostProcessors (for example: not eligible for auto-proxying)
2020-02-18 20:46:06.420 febs [main] INFO  o.s.c.s.PostProcessorRegistrationDelegate$BeanPostProcessorChecker - Bean 'authorizationAttributeSourceAdvisor' of type [org.apache.shiro.spring.security.interceptor.AuthorizationAttributeSourceAdvisor] is not eligible for getting processed by all BeanPostProcessors (for example: not eligible for auto-proxying)
2020-02-18 20:46:06.806 febs [main] INFO  o.h.jpa.internal.util.LogHelper - HHH000204: Processing PersistenceUnitInfo [
	name: default
	...]
2020-02-18 20:46:06.936 febs [main] INFO  org.hibernate.Version - HHH000412: Hibernate Core {5.3.10.Final}
2020-02-18 20:46:06.939 febs [main] INFO  org.hibernate.cfg.Environment - HHH000206: hibernate.properties not found
2020-02-18 20:46:07.222 febs [main] INFO  o.h.annotations.common.Version - HCANN000001: Hibernate Commons Annotations {5.0.4.Final}
2020-02-18 20:46:07.786 febs [main] INFO  org.hibernate.dialect.Dialect - HHH000400: Using dialect: org.hibernate.dialect.MySQL5Dialect
2020-02-18 20:46:08.126 febs [main] INFO  o.s.o.j.LocalContainerEntityManagerFactoryBean - Initialized JPA EntityManagerFactory for persistence unit 'default'
2020-02-18 20:46:08.929 febs [main] INFO  org.quartz.impl.StdSchedulerFactory - Using default implementation for ThreadExecutor
2020-02-18 20:46:08.953 febs [main] INFO  o.quartz.core.SchedulerSignalerImpl - Initialized Scheduler Signaller of type: class org.quartz.core.SchedulerSignalerImpl
2020-02-18 20:46:08.953 febs [main] INFO  org.quartz.core.QuartzScheduler - Quartz Scheduler v.2.3.1 created.
2020-02-18 20:46:08.956 febs [main] INFO  o.s.s.quartz.LocalDataSourceJobStore - Using db table-based data access locking (synchronization).
2020-02-18 20:46:08.959 febs [main] INFO  o.s.s.quartz.LocalDataSourceJobStore - JobStoreCMT initialized.
2020-02-18 20:46:08.960 febs [main] INFO  org.quartz.core.QuartzScheduler - Scheduler meta-data: Quartz Scheduler (v2.3.1) 'FEBS_Scheduler' with instanceId 'DESKTOP-BSUER0M1582029968932'
  Scheduler class: 'org.quartz.core.QuartzScheduler' - running locally.
  NOT STARTED.
  Currently in standby mode.
  Number of jobs executed: 0
  Using thread pool 'org.quartz.simpl.SimpleThreadPool' - with 20 threads.
  Using job-store 'org.springframework.scheduling.quartz.LocalDataSourceJobStore' - which supports persistence. and is clustered.

2020-02-18 20:46:08.960 febs [main] INFO  org.quartz.impl.StdSchedulerFactory - Quartz scheduler 'FEBS_Scheduler' initialized from an externally provided properties instance.
2020-02-18 20:46:08.960 febs [main] INFO  org.quartz.impl.StdSchedulerFactory - Quartz scheduler version: 2.3.1
2020-02-18 20:46:08.963 febs [main] INFO  org.quartz.core.QuartzScheduler - JobFactory set to: org.springframework.scheduling.quartz.AdaptableJobFactory@1dae9e61
2020-02-18 20:46:10.169 febs [main] INFO  o.s.s.c.ThreadPoolTaskExecutor - Initializing ExecutorService
2020-02-18 20:46:10.187 febs [main] INFO  o.s.s.c.ThreadPoolTaskExecutor - Initializing ExecutorService 'febsAsyncThreadPool'
2020-02-18 20:46:11.102 febs [main] INFO  o.a.engine.impl.ProcessEngineImpl - ProcessEngine default created
2020-02-18 20:46:11.105 febs [main] INFO  o.a.e.i.a.AbstractAsyncJobExecutor - Starting up the default async job executor [org.activiti.spring.SpringAsyncExecutor].
2020-02-18 20:46:11.106 febs [Thread-2] INFO  o.a.e.i.a.AcquireTimerJobsRunnable - starting to acquire async jobs due
2020-02-18 20:46:11.106 febs [Thread-3] INFO  o.a.e.i.a.AcquireAsyncJobsDueRunnable - starting to acquire async jobs due
2020-02-18 20:46:13.210 febs [main] INFO  o.s.b.a.w.s.WelcomePageHandlerMapping - Adding welcome page template: index
2020-02-18 20:46:15.326 febs [main] INFO  o.s.b.a.e.web.EndpointLinksResolver - Exposing 2 endpoint(s) beneath base path '/actuator'
2020-02-18 20:46:15.442 febs [main] INFO  o.s.s.quartz.SchedulerFactoryBean - Will start Quartz Scheduler [FEBS_Scheduler] in 1 seconds
2020-02-18 20:46:15.459 febs [main] INFO  com.neefull.fsp.web.TestApplication - Started TestApplication in 15.818 seconds (JVM running for 17.79)
2020-02-18 20:46:15.491 febs [main] INFO  c.n.f.w.c.runner.FebsStartedUpRunner -  __    ___   _      ___   _     ____ _____  ____ 
2020-02-18 20:46:15.491 febs [main] INFO  c.n.f.w.c.runner.FebsStartedUpRunner - / /`  / / \ | |\/| | |_) | |   | |_   | |  | |_  
2020-02-18 20:46:15.492 febs [main] INFO  c.n.f.w.c.runner.FebsStartedUpRunner - \_\_, \_\_/ |_|  | |_|   |_|__ |_|__  |_|  |_|__ 
2020-02-18 20:46:15.492 febs [main] INFO  c.n.f.w.c.runner.FebsStartedUpRunner -                                                       
2020-02-18 20:46:15.492 febs [main] INFO  c.n.f.w.c.runner.FebsStartedUpRunner - FLP系统启动完毕，地址：http://192.168.0.104:-1/login
2020-02-18 20:46:15.638 febs [Thread-5] INFO  o.a.e.i.a.AbstractAsyncJobExecutor - Shutting down the default async job executor [org.activiti.spring.SpringAsyncExecutor].
2020-02-18 20:46:15.638 febs [Thread-3] INFO  o.a.e.i.a.AcquireAsyncJobsDueRunnable - stopped async job due acquisition
2020-02-18 20:46:15.638 febs [Thread-2] INFO  o.a.e.i.a.AcquireTimerJobsRunnable - stopped async job due acquisition
2020-02-18 20:46:15.640 febs [Thread-5] INFO  o.s.s.c.ThreadPoolTaskExecutor - Shutting down ExecutorService 'febsAsyncThreadPool'
2020-02-18 20:46:15.642 febs [Thread-5] INFO  o.s.s.quartz.SchedulerFactoryBean - Shutting down Quartz Scheduler
2020-02-18 20:46:15.642 febs [Thread-5] INFO  org.quartz.core.QuartzScheduler - Scheduler FEBS_Scheduler_$_DESKTOP-BSUER0M1582029968932 shutting down.
2020-02-18 20:46:15.642 febs [Thread-5] INFO  org.quartz.core.QuartzScheduler - Scheduler FEBS_Scheduler_$_DESKTOP-BSUER0M1582029968932 paused.
2020-02-18 20:46:15.643 febs [Thread-5] INFO  org.quartz.core.QuartzScheduler - Scheduler FEBS_Scheduler_$_DESKTOP-BSUER0M1582029968932 shutdown complete.
2020-02-18 20:46:15.647 febs [Thread-5] INFO  o.s.o.j.LocalContainerEntityManagerFactoryBean - Closing JPA EntityManagerFactory for persistence unit 'default'
2020-02-18 20:46:15.651 febs [Thread-5] INFO  c.b.d.d.DynamicRoutingDataSource - closing dynamicDatasource  ing....
2020-02-18 20:46:15.652 febs [Thread-5] INFO  com.zaxxer.hikari.HikariDataSource - quartz - Shutdown initiated...
2020-02-18 20:46:15.666 febs [Thread-5] INFO  com.zaxxer.hikari.HikariDataSource - quartz - Shutdown completed.
2020-02-18 20:46:15.666 febs [Thread-5] INFO  com.zaxxer.hikari.HikariDataSource - base - Shutdown initiated...
2020-02-18 20:46:15.671 febs [Thread-5] INFO  com.zaxxer.hikari.HikariDataSource - base - Shutdown completed.
2020-02-18 20:46:15.672 febs [Thread-5] INFO  com.zaxxer.hikari.HikariDataSource - typt - Shutdown initiated...
2020-02-18 20:46:15.675 febs [Thread-5] INFO  com.zaxxer.hikari.HikariDataSource - typt - Shutdown completed.
