01:00:10.833 DEBUG org.apache.ibatis.logging.jdbc.BaseJdbcLogger 143 debug - ==>  Preparing: INSERT INTO t_project ( user_id, service_type, service_content, settle_time, salary_type, amount, title, des, content, place, req_sex, req_identity, req_edu, req_age, req_num, create_time, create_user, modify_user, current_state, valid_date ) VALUES ( ?, ?, ?, ?, ?, ?, ?, ?, ?, ?, ?, ?, ?, ?, ?, ?, ?, ?, ?, ? ) 
01:00:10.882 DEBUG org.apache.ibatis.logging.jdbc.BaseJdbcLogger 143 debug - ==> Parameters: 9(Long), 制造服务(String), 制造服务(String), 月(String), 固定(String), 500(String), 需求制造精英(String), 在制造行业，兼职车间主任(String), 监督车间运行情况|管理车间人员考勤(String), 上海市浦东区(String), 男(String), (String), (String), 18-35(String), 2(String), 2019-09-03 01:00:10.829(Timestamp), 9(Long), 0(Long), 0(String), 两年(String)
01:00:10.890 DEBUG org.apache.ibatis.logging.jdbc.BaseJdbcLogger 143 debug - <==    Updates: 1
01:00:10.900 DEBUG com.alibaba.druid.pool.PreparedStatementPool 129 put - {conn-10004, pstmt-20001} enter cache
01:00:10.902 DEBUG org.mybatis.logging.Logger 49 debug - Releasing transactional SqlSession [org.apache.ibatis.session.defaults.DefaultSqlSession@13661a86]
01:00:10.903 DEBUG org.mybatis.logging.Logger 49 debug - Transaction synchronization committing SqlSession [org.apache.ibatis.session.defaults.DefaultSqlSession@13661a86]
01:00:10.904 DEBUG org.mybatis.logging.Logger 49 debug - Transaction synchronization deregistering SqlSession [org.apache.ibatis.session.defaults.DefaultSqlSession@13661a86]
01:00:10.904 DEBUG org.mybatis.logging.Logger 49 debug - Transaction synchronization closing SqlSession [org.apache.ibatis.session.defaults.DefaultSqlSession@13661a86]
01:00:16.425 DEBUG springfox.documentation.spring.web.PropertySourcedRequestMappingHandlerMapping 108 lookupHandlerMethod - looking up handler for path: /project/getProjectsByUser
01:00:16.428 DEBUG org.mybatis.logging.Logger 49 debug - Creating a new SqlSession
01:00:16.428 DEBUG org.mybatis.logging.Logger 49 debug - Registering transaction synchronization for SqlSession [org.apache.ibatis.session.defaults.DefaultSqlSession@3fef7c0e]
01:00:16.433 DEBUG com.baomidou.dynamic.datasource.DynamicRoutingDataSource 107 getDataSource - 从 master 单数据源中返回数据源
01:00:16.433 DEBUG org.mybatis.logging.Logger 49 debug - JDBC Connection [com.alibaba.druid.proxy.jdbc.ConnectionProxyImpl@34ac2f70] will be managed by Spring
01:00:16.435 DEBUG org.apache.ibatis.logging.jdbc.BaseJdbcLogger 143 debug - ==>  Preparing: SELECT id,user_id,service_type,service_content,settle_time,salary_type,amount,title,des,content,requirement,place,req_sex,req_identity,req_edu,req_age,req_num,create_time,create_user,modify_time,modify_user,current_state,remark,valid_date FROM t_project WHERE user_id = ? ORDER BY create_time DESC 
01:00:16.442 DEBUG org.apache.ibatis.logging.jdbc.BaseJdbcLogger 143 debug - ==> Parameters: 9(Long)
01:00:16.453 DEBUG org.apache.ibatis.logging.jdbc.BaseJdbcLogger 143 debug - <==      Total: 1
01:00:16.456 DEBUG org.mybatis.logging.Logger 49 debug - Releasing transactional SqlSession [org.apache.ibatis.session.defaults.DefaultSqlSession@3fef7c0e]
01:00:16.456 DEBUG org.mybatis.logging.Logger 49 debug - Transaction synchronization deregistering SqlSession [org.apache.ibatis.session.defaults.DefaultSqlSession@3fef7c0e]
01:00:16.457 DEBUG org.mybatis.logging.Logger 49 debug - Transaction synchronization closing SqlSession [org.apache.ibatis.session.defaults.DefaultSqlSession@3fef7c0e]
01:00:47.405 DEBUG springfox.documentation.spring.web.PropertySourcedRequestMappingHandlerMapping 108 lookupHandlerMethod - looking up handler for path: /project/publishProject
01:00:47.409 DEBUG com.baomidou.dynamic.datasource.DynamicRoutingDataSource 107 getDataSource - 从 master 单数据源中返回数据源
01:00:47.432 DEBUG org.mybatis.logging.Logger 49 debug - Creating a new SqlSession
01:00:47.433 DEBUG org.mybatis.logging.Logger 49 debug - Registering transaction synchronization for SqlSession [org.apache.ibatis.session.defaults.DefaultSqlSession@307cc1fb]
01:00:47.436 DEBUG org.mybatis.logging.Logger 49 debug - JDBC Connection [com.alibaba.druid.proxy.jdbc.ConnectionProxyImpl@6ab16546] will be managed by Spring
01:00:47.438 DEBUG org.apache.ibatis.logging.jdbc.BaseJdbcLogger 143 debug - ==>  Preparing: INSERT INTO t_project ( user_id, service_type, service_content, settle_time, salary_type, amount, title, des, content, place, req_sex, req_identity, req_edu, req_age, req_num, create_time, create_user, modify_user, current_state, valid_date ) VALUES ( ?, ?, ?, ?, ?, ?, ?, ?, ?, ?, ?, ?, ?, ?, ?, ?, ?, ?, ?, ? ) 
01:00:47.451 DEBUG org.apache.ibatis.logging.jdbc.BaseJdbcLogger 143 debug - ==> Parameters: 9(Long), 教育服务(String), 小学教育(String), 月(String), 固定(String), 500(String), 需求制造精英(String), 在制造行业，兼职车间主任(String), 监督车间运行情况|管理车间人员考勤(String), 上海市浦东区(String), 男(String), (String), (String), 18-35(String), 2(String), 2019-09-03 01:00:47.436(Timestamp), 9(Long), 0(Long), 0(String), 两年(String)
01:00:47.459 DEBUG org.apache.ibatis.logging.jdbc.BaseJdbcLogger 143 debug - <==    Updates: 1
01:00:47.463 DEBUG com.alibaba.druid.pool.PreparedStatementPool 129 put - {conn-10005, pstmt-20002} enter cache
01:00:47.464 DEBUG org.mybatis.logging.Logger 49 debug - Releasing transactional SqlSession [org.apache.ibatis.session.defaults.DefaultSqlSession@307cc1fb]
01:00:47.464 DEBUG org.mybatis.logging.Logger 49 debug - Transaction synchronization committing SqlSession [org.apache.ibatis.session.defaults.DefaultSqlSession@307cc1fb]
01:00:47.465 DEBUG org.mybatis.logging.Logger 49 debug - Transaction synchronization deregistering SqlSession [org.apache.ibatis.session.defaults.DefaultSqlSession@307cc1fb]
01:00:47.465 DEBUG org.mybatis.logging.Logger 49 debug - Transaction synchronization closing SqlSession [org.apache.ibatis.session.defaults.DefaultSqlSession@307cc1fb]
01:00:50.792 DEBUG springfox.documentation.spring.web.PropertySourcedRequestMappingHandlerMapping 108 lookupHandlerMethod - looking up handler for path: /project/getProjectsByUser
01:00:50.795 DEBUG org.mybatis.logging.Logger 49 debug - Creating a new SqlSession
01:00:50.796 DEBUG org.mybatis.logging.Logger 49 debug - Registering transaction synchronization for SqlSession [org.apache.ibatis.session.defaults.DefaultSqlSession@16f984ef]
01:00:50.798 DEBUG com.baomidou.dynamic.datasource.DynamicRoutingDataSource 107 getDataSource - 从 master 单数据源中返回数据源
01:00:50.798 DEBUG org.mybatis.logging.Logger 49 debug - JDBC Connection [com.alibaba.druid.proxy.jdbc.ConnectionProxyImpl@6ab16546] will be managed by Spring
01:00:50.800 DEBUG org.apache.ibatis.logging.jdbc.BaseJdbcLogger 143 debug - ==>  Preparing: SELECT id,user_id,service_type,service_content,settle_time,salary_type,amount,title,des,content,requirement,place,req_sex,req_identity,req_edu,req_age,req_num,create_time,create_user,modify_time,modify_user,current_state,remark,valid_date FROM t_project WHERE user_id = ? ORDER BY create_time DESC 
01:00:50.807 DEBUG org.apache.ibatis.logging.jdbc.BaseJdbcLogger 143 debug - ==> Parameters: 9(Long)
01:00:50.813 DEBUG org.apache.ibatis.logging.jdbc.BaseJdbcLogger 143 debug - <==      Total: 2
01:00:50.816 DEBUG com.alibaba.druid.pool.PreparedStatementPool 129 put - {conn-10005, pstmt-20003} enter cache
01:00:50.817 DEBUG org.mybatis.logging.Logger 49 debug - Releasing transactional SqlSession [org.apache.ibatis.session.defaults.DefaultSqlSession@16f984ef]
01:00:50.817 DEBUG org.mybatis.logging.Logger 49 debug - Transaction synchronization deregistering SqlSession [org.apache.ibatis.session.defaults.DefaultSqlSession@16f984ef]
01:00:50.818 DEBUG org.mybatis.logging.Logger 49 debug - Transaction synchronization closing SqlSession [org.apache.ibatis.session.defaults.DefaultSqlSession@16f984ef]
01:15:39.763 INFO  com.baomidou.dynamic.datasource.DynamicRoutingDataSource 182 destroy - closing dynamicDatasource  ing....
01:15:39.769 INFO  com.alibaba.druid.pool.DruidDataSource 1825 close - {dataSource-2} closed
01:15:39.770 INFO  com.alibaba.druid.pool.DruidDataSource 1825 close - {dataSource-1} closed
01:15:39.775 DEBUG io.lettuce.core.AbstractRedisClient 437 shutdownAsync - Initiate shutdown (100, 100, MILLISECONDS)
01:15:39.788 DEBUG io.lettuce.core.resource.DefaultClientResources 601 shutdown - Initiate shutdown (0, 2, SECONDS)
01:15:39.789 DEBUG io.lettuce.core.resource.DefaultEventLoopGroupProvider 202 shutdown - Initiate shutdown (0, 2, SECONDS)
16:29:23.949 DEBUG org.hibernate.validator.messageinterpolation.ResourceBundleMessageInterpolator 89 buildExpressionFactory - Loaded expression factory via original TCCL
16:29:23.969 DEBUG org.hibernate.validator.internal.engine.ValidatorFactoryImpl 578 logValidatorFactoryScopedConfiguration - HV000234: Using org.hibernate.validator.messageinterpolation.ResourceBundleMessageInterpolator as ValidatorFactory-scoped message interpolator.
16:29:23.969 DEBUG org.hibernate.validator.internal.engine.ValidatorFactoryImpl 579 logValidatorFactoryScopedConfiguration - HV000234: Using org.hibernate.validator.internal.engine.resolver.TraverseAllTraversableResolver as ValidatorFactory-scoped traversable resolver.
16:29:23.969 DEBUG org.hibernate.validator.internal.engine.ValidatorFactoryImpl 580 logValidatorFactoryScopedConfiguration - HV000234: Using org.hibernate.validator.internal.util.ExecutableParameterNameProvider as ValidatorFactory-scoped parameter name provider.
16:29:23.969 DEBUG org.hibernate.validator.internal.engine.ValidatorFactoryImpl 581 logValidatorFactoryScopedConfiguration - HV000234: Using org.hibernate.validator.internal.engine.DefaultClockProvider as ValidatorFactory-scoped clock provider.
16:29:23.969 DEBUG org.hibernate.validator.internal.engine.ValidatorFactoryImpl 582 logValidatorFactoryScopedConfiguration - HV000234: Using org.hibernate.validator.internal.engine.scripting.DefaultScriptEvaluatorFactory as ValidatorFactory-scoped script evaluator factory.
16:29:24.099 INFO  org.springframework.boot.StartupInfoLogger 50 logStarting - Starting AppServiceApplication on pc-wangpei with PID 3264 (D:\workspace\workspace_open\fsp\app-service\target\classes started by Thinkpad in D:\workspace\workspace_open\fsp)
16:29:24.099 DEBUG org.springframework.boot.StartupInfoLogger 53 logStarting - Running with Spring Boot v2.1.5.RELEASE, Spring v5.1.7.RELEASE
16:29:24.109 INFO  org.springframework.boot.SpringApplication 679 logStartupProfileInfo - The following profiles are active: qa
16:29:25.169 DEBUG org.apache.ibatis.logging.LogFactory 105 setImplementation - Logging initialized using 'class org.apache.ibatis.logging.slf4j.Slf4jImpl' adapter.
16:29:25.179 DEBUG org.springframework.context.annotation.ClassPathScanningCandidateComponentProvider 437 scanCandidateComponents - Identified candidate component class: file [D:\workspace\workspace_open\fsp\app-service\target\classes\com\neefull\fsp\app\mapper\AuthCorpMapper.class]
16:29:25.179 DEBUG org.springframework.context.annotation.ClassPathScanningCandidateComponentProvider 437 scanCandidateComponents - Identified candidate component class: file [D:\workspace\workspace_open\fsp\app-service\target\classes\com\neefull\fsp\app\mapper\AuthFreeMapper.class]
16:29:25.179 DEBUG org.springframework.context.annotation.ClassPathScanningCandidateComponentProvider 437 scanCandidateComponents - Identified candidate component class: file [D:\workspace\workspace_open\fsp\app-service\target\classes\com\neefull\fsp\app\mapper\DictBanksMapper.class]
16:29:25.179 DEBUG org.springframework.context.annotation.ClassPathScanningCandidateComponentProvider 437 scanCandidateComponents - Identified candidate component class: file [D:\workspace\workspace_open\fsp\app-service\target\classes\com\neefull\fsp\app\mapper\PlatAccMapper.class]
16:29:25.179 DEBUG org.springframework.context.annotation.ClassPathScanningCandidateComponentProvider 437 scanCandidateComponents - Identified candidate component class: file [D:\workspace\workspace_open\fsp\app-service\target\classes\com\neefull\fsp\app\mapper\ProjectMapper.class]
16:29:25.179 DEBUG org.springframework.context.annotation.ClassPathScanningCandidateComponentProvider 437 scanCandidateComponents - Identified candidate component class: file [D:\workspace\workspace_open\fsp\app-service\target\classes\com\neefull\fsp\app\mapper\ServiceMapper.class]
16:29:25.179 DEBUG org.springframework.context.annotation.ClassPathScanningCandidateComponentProvider 437 scanCandidateComponents - Identified candidate component class: file [D:\workspace\workspace_open\fsp\app-service\target\classes\com\neefull\fsp\app\mapper\UserCardMapper.class]
16:29:25.179 DEBUG org.springframework.context.annotation.ClassPathScanningCandidateComponentProvider 437 scanCandidateComponents - Identified candidate component class: file [D:\workspace\workspace_open\fsp\app-service\target\classes\com\neefull\fsp\app\mapper\UserMapper.class]
16:29:25.179 DEBUG org.mybatis.logging.Logger 49 debug - Creating MapperFactoryBean with name 'authCorpMapper' and 'com.neefull.fsp.app.mapper.AuthCorpMapper' mapperInterface
16:29:25.179 DEBUG org.mybatis.logging.Logger 49 debug - Enabling autowire by type for MapperFactoryBean with name 'authCorpMapper'.
16:29:25.179 DEBUG org.mybatis.logging.Logger 49 debug - Creating MapperFactoryBean with name 'authFreeMapper' and 'com.neefull.fsp.app.mapper.AuthFreeMapper' mapperInterface
16:29:25.179 DEBUG org.mybatis.logging.Logger 49 debug - Enabling autowire by type for MapperFactoryBean with name 'authFreeMapper'.
16:29:25.179 DEBUG org.mybatis.logging.Logger 49 debug - Creating MapperFactoryBean with name 'dictBanksMapper' and 'com.neefull.fsp.app.mapper.DictBanksMapper' mapperInterface
16:29:25.179 DEBUG org.mybatis.logging.Logger 49 debug - Enabling autowire by type for MapperFactoryBean with name 'dictBanksMapper'.
16:29:25.179 DEBUG org.mybatis.logging.Logger 49 debug - Creating MapperFactoryBean with name 'platAccMapper' and 'com.neefull.fsp.app.mapper.PlatAccMapper' mapperInterface
16:29:25.179 DEBUG org.mybatis.logging.Logger 49 debug - Enabling autowire by type for MapperFactoryBean with name 'platAccMapper'.
16:29:25.179 DEBUG org.mybatis.logging.Logger 49 debug - Creating MapperFactoryBean with name 'projectMapper' and 'com.neefull.fsp.app.mapper.ProjectMapper' mapperInterface
16:29:25.179 DEBUG org.mybatis.logging.Logger 49 debug - Enabling autowire by type for MapperFactoryBean with name 'projectMapper'.
16:29:25.179 DEBUG org.mybatis.logging.Logger 49 debug - Creating MapperFactoryBean with name 'serviceMapper' and 'com.neefull.fsp.app.mapper.ServiceMapper' mapperInterface
16:29:25.179 DEBUG org.mybatis.logging.Logger 49 debug - Enabling autowire by type for MapperFactoryBean with name 'serviceMapper'.
16:29:25.179 DEBUG org.mybatis.logging.Logger 49 debug - Creating MapperFactoryBean with name 'userCardMapper' and 'com.neefull.fsp.app.mapper.UserCardMapper' mapperInterface
16:29:25.179 DEBUG org.mybatis.logging.Logger 49 debug - Enabling autowire by type for MapperFactoryBean with name 'userCardMapper'.
16:29:25.189 DEBUG org.mybatis.logging.Logger 49 debug - Creating MapperFactoryBean with name 'userMapper' and 'com.neefull.fsp.app.mapper.UserMapper' mapperInterface
16:29:25.189 DEBUG org.mybatis.logging.Logger 49 debug - Enabling autowire by type for MapperFactoryBean with name 'userMapper'.
