2020-01-17 09:17:14.704 febs [main] INFO  com.neefull.fsp.web.AdminApplication - Starting AdminApplication on DESKTOP-BSUER0M with PID 14284 (D:\ideawork\fps\qff\admin-web\target\classes started by ccc in D:\ideawork\fps\qff)
2020-01-17 09:17:14.704 febs [main] INFO  com.neefull.fsp.web.AdminApplication - The following profiles are active: dev
2020-01-17 09:17:18.781 febs [main] INFO  o.s.d.r.c.RepositoryConfigurationDelegate - Multiple Spring Data modules found, entering strict repository configuration mode!
2020-01-17 09:17:18.781 febs [main] INFO  o.s.d.r.c.RepositoryConfigurationDelegate - Bootstrapping Spring Data repositories in DEFAULT mode.
2020-01-17 09:17:18.875 febs [main] INFO  o.s.d.r.c.RepositoryConfigurationDelegate - Finished Spring Data repository scanning in 79ms. Found 0 repository interfaces.
2020-01-17 09:17:18.890 febs [main] INFO  o.s.d.r.c.RepositoryConfigurationDelegate - Multiple Spring Data modules found, entering strict repository configuration mode!
2020-01-17 09:17:18.890 febs [main] INFO  o.s.d.r.c.RepositoryConfigurationDelegate - Bootstrapping Spring Data repositories in DEFAULT mode.
2020-01-17 09:17:18.953 febs [main] INFO  o.s.d.r.c.RepositoryConfigurationDelegate - Finished Spring Data repository scanning in 47ms. Found 0 repository interfaces.
2020-01-17 09:17:19.624 febs [main] INFO  o.s.c.s.PostProcessorRegistrationDelegate$BeanPostProcessorChecker - Bean 'spring.datasource.dynamic-com.baomidou.dynamic.datasource.spring.boot.autoconfigure.DynamicDataSourceProperties' of type [com.baomidou.dynamic.datasource.spring.boot.autoconfigure.DynamicDataSourceProperties] is not eligible for getting processed by all BeanPostProcessors (for example: not eligible for auto-proxying)
2020-01-17 09:17:19.734 febs [main] INFO  o.s.c.s.PostProcessorRegistrationDelegate$BeanPostProcessorChecker - Bean 'com.baomidou.dynamic.datasource.spring.boot.autoconfigure.DynamicDataSourceAutoConfiguration' of type [com.baomidou.dynamic.datasource.spring.boot.autoconfigure.DynamicDataSourceAutoConfiguration$$EnhancerBySpringCGLIB$$dc464ff8] is not eligible for getting processed by all BeanPostProcessors (for example: not eligible for auto-proxying)
2020-01-17 09:17:19.749 febs [main] INFO  o.s.c.s.PostProcessorRegistrationDelegate$BeanPostProcessorChecker - Bean 'dsProcessor' of type [com.baomidou.dynamic.datasource.processor.DsHeaderProcessor] is not eligible for getting processed by all BeanPostProcessors (for example: not eligible for auto-proxying)
2020-01-17 09:17:19.749 febs [main] INFO  o.s.c.s.PostProcessorRegistrationDelegate$BeanPostProcessorChecker - Bean 'dynamicDatasourceAnnotationAdvisor' of type [com.baomidou.dynamic.datasource.aop.DynamicDataSourceAnnotationAdvisor] is not eligible for getting processed by all BeanPostProcessors (for example: not eligible for auto-proxying)
2020-01-17 09:17:19.765 febs [main] INFO  o.s.c.s.PostProcessorRegistrationDelegate$BeanPostProcessorChecker - Bean 'org.springframework.transaction.annotation.ProxyTransactionManagementConfiguration' of type [org.springframework.transaction.annotation.ProxyTransactionManagementConfiguration$$EnhancerBySpringCGLIB$$72b7df27] is not eligible for getting processed by all BeanPostProcessors (for example: not eligible for auto-proxying)
2020-01-17 09:17:19.796 febs [main] INFO  o.s.c.s.PostProcessorRegistrationDelegate$BeanPostProcessorChecker - Bean 'febsProperties' of type [com.neefull.fsp.web.common.properties.FebsProperties$$EnhancerBySpringCGLIB$$5c54128a] is not eligible for getting processed by all BeanPostProcessors (for example: not eligible for auto-proxying)
2020-01-17 09:17:19.796 febs [main] INFO  o.s.c.s.PostProcessorRegistrationDelegate$BeanPostProcessorChecker - Bean 'shiroConfig' of type [com.neefull.fsp.web.common.authentication.ShiroConfig$$EnhancerBySpringCGLIB$$3a0549c9] is not eligible for getting processed by all BeanPostProcessors (for example: not eligible for auto-proxying)
2020-01-17 09:17:19.890 febs [main] INFO  o.s.c.s.PostProcessorRegistrationDelegate$BeanPostProcessorChecker - Bean 'mybatis-plus-com.baomidou.mybatisplus.autoconfigure.MybatisPlusProperties' of type [com.baomidou.mybatisplus.autoconfigure.MybatisPlusProperties] is not eligible for getting processed by all BeanPostProcessors (for example: not eligible for auto-proxying)
2020-01-17 09:17:19.906 febs [main] INFO  o.s.c.s.PostProcessorRegistrationDelegate$BeanPostProcessorChecker - Bean 'mybatisPlusConfigure' of type [com.neefull.fsp.web.common.configure.MybatisPlusConfigure$$EnhancerBySpringCGLIB$$4ea3c9cd] is not eligible for getting processed by all BeanPostProcessors (for example: not eligible for auto-proxying)
2020-01-17 09:17:19.921 febs [main] INFO  o.s.c.s.PostProcessorRegistrationDelegate$BeanPostProcessorChecker - Bean 'paginationInterceptor' of type [com.baomidou.mybatisplus.extension.plugins.PaginationInterceptor] is not eligible for getting processed by all BeanPostProcessors (for example: not eligible for auto-proxying)
2020-01-17 09:17:19.937 febs [main] INFO  o.s.c.s.PostProcessorRegistrationDelegate$BeanPostProcessorChecker - Bean 'com.baomidou.mybatisplus.autoconfigure.MybatisPlusAutoConfiguration' of type [com.baomidou.mybatisplus.autoconfigure.MybatisPlusAutoConfiguration$$EnhancerBySpringCGLIB$$b0804bc1] is not eligible for getting processed by all BeanPostProcessors (for example: not eligible for auto-proxying)
2020-01-17 09:17:19.937 febs [main] INFO  o.s.c.s.PostProcessorRegistrationDelegate$BeanPostProcessorChecker - Bean 'dynamicDataSourceCreator' of type [com.baomidou.dynamic.datasource.DynamicDataSourceCreator] is not eligible for getting processed by all BeanPostProcessors (for example: not eligible for auto-proxying)
2020-01-17 09:17:19.937 febs [main] INFO  o.s.c.s.PostProcessorRegistrationDelegate$BeanPostProcessorChecker - Bean 'dynamicDataSourceProvider' of type [com.baomidou.dynamic.datasource.provider.YmlDynamicDataSourceProvider] is not eligible for getting processed by all BeanPostProcessors (for example: not eligible for auto-proxying)
2020-01-17 09:17:19.952 febs [main] INFO  com.zaxxer.hikari.HikariDataSource - base - Starting...
2020-01-17 09:17:21.043 febs [main] INFO  com.zaxxer.hikari.HikariDataSource - base - Start completed.
2020-01-17 09:17:21.043 febs [main] INFO  com.zaxxer.hikari.HikariDataSource - quartz - Starting...
2020-01-17 09:17:21.215 febs [main] INFO  com.zaxxer.hikari.HikariDataSource - quartz - Start completed.
2020-01-17 09:17:21.215 febs [main] INFO  c.b.d.d.DynamicRoutingDataSource - 初始共加载 2 个数据源
2020-01-17 09:17:21.215 febs [main] INFO  c.b.d.d.DynamicRoutingDataSource - 动态数据源-加载 quartz 成功
2020-01-17 09:17:21.215 febs [main] INFO  c.b.d.d.DynamicRoutingDataSource - 动态数据源-加载 base 成功
2020-01-17 09:17:21.215 febs [main] INFO  c.b.d.d.DynamicRoutingDataSource - 当前的默认数据源是单数据源，数据源名为 base
2020-01-17 09:17:21.215 febs [main] INFO  o.s.c.s.PostProcessorRegistrationDelegate$BeanPostProcessorChecker - Bean 'dataSource' of type [com.baomidou.dynamic.datasource.DynamicRoutingDataSource] is not eligible for getting processed by all BeanPostProcessors (for example: not eligible for auto-proxying)
2020-01-17 09:17:21.231 febs [main] INFO  o.s.c.s.PostProcessorRegistrationDelegate$BeanPostProcessorChecker - Bean 'spring.datasource-org.springframework.boot.autoconfigure.jdbc.DataSourceProperties' of type [org.springframework.boot.autoconfigure.jdbc.DataSourceProperties] is not eligible for getting processed by all BeanPostProcessors (for example: not eligible for auto-proxying)
2020-01-17 09:17:21.247 febs [main] INFO  o.s.c.s.PostProcessorRegistrationDelegate$BeanPostProcessorChecker - Bean 'org.springframework.boot.autoconfigure.jdbc.DataSourceInitializerInvoker' of type [org.springframework.boot.autoconfigure.jdbc.DataSourceInitializerInvoker] is not eligible for getting processed by all BeanPostProcessors (for example: not eligible for auto-proxying)
2020-01-17 09:17:22.786 febs [main] INFO  o.s.c.s.PostProcessorRegistrationDelegate$BeanPostProcessorChecker - Bean 'sqlSessionFactory' of type [org.apache.ibatis.session.defaults.DefaultSqlSessionFactory] is not eligible for getting processed by all BeanPostProcessors (for example: not eligible for auto-proxying)
2020-01-17 09:17:22.802 febs [main] INFO  o.s.c.s.PostProcessorRegistrationDelegate$BeanPostProcessorChecker - Bean 'sqlSessionTemplate' of type [org.mybatis.spring.SqlSessionTemplate] is not eligible for getting processed by all BeanPostProcessors (for example: not eligible for auto-proxying)
2020-01-17 09:17:22.802 febs [main] INFO  o.s.c.s.PostProcessorRegistrationDelegate$BeanPostProcessorChecker - Bean 'userMapper' of type [org.mybatis.spring.mapper.MapperFactoryBean] is not eligible for getting processed by all BeanPostProcessors (for example: not eligible for auto-proxying)
2020-01-17 09:17:22.802 febs [main] INFO  o.s.c.s.PostProcessorRegistrationDelegate$BeanPostProcessorChecker - Bean 'userMapper' of type [com.sun.proxy.$Proxy113] is not eligible for getting processed by all BeanPostProcessors (for example: not eligible for auto-proxying)
2020-01-17 09:17:22.833 febs [main] INFO  o.s.c.s.PostProcessorRegistrationDelegate$BeanPostProcessorChecker - Bean 'userRoleMapper' of type [org.mybatis.spring.mapper.MapperFactoryBean] is not eligible for getting processed by all BeanPostProcessors (for example: not eligible for auto-proxying)
2020-01-17 09:17:22.833 febs [main] INFO  o.s.c.s.PostProcessorRegistrationDelegate$BeanPostProcessorChecker - Bean 'userRoleMapper' of type [com.sun.proxy.$Proxy115] is not eligible for getting processed by all BeanPostProcessors (for example: not eligible for auto-proxying)
2020-01-17 09:17:22.833 febs [main] INFO  o.s.c.s.PostProcessorRegistrationDelegate$BeanPostProcessorChecker - Bean 'userRoleServiceImpl' of type [com.neefull.fsp.web.system.service.impl.UserRoleServiceImpl] is not eligible for getting processed by all BeanPostProcessors (for example: not eligible for auto-proxying)
2020-01-17 09:17:22.892 febs [main] INFO  o.s.c.s.PostProcessorRegistrationDelegate$BeanPostProcessorChecker - Bean 'authFreelancerMapper' of type [org.mybatis.spring.mapper.MapperFactoryBean] is not eligible for getting processed by all BeanPostProcessors (for example: not eligible for auto-proxying)
2020-01-17 09:17:22.892 febs [main] INFO  o.s.c.s.PostProcessorRegistrationDelegate$BeanPostProcessorChecker - Bean 'authFreelancerMapper' of type [com.sun.proxy.$Proxy117] is not eligible for getting processed by all BeanPostProcessors (for example: not eligible for auto-proxying)
2020-01-17 09:17:22.908 febs [main] INFO  o.s.c.s.PostProcessorRegistrationDelegate$BeanPostProcessorChecker - Bean 'qiniuConfig' of type [com.neefull.fsp.common.config.QiniuConfig$$EnhancerBySpringCGLIB$$f491311e] is not eligible for getting processed by all BeanPostProcessors (for example: not eligible for auto-proxying)
2020-01-17 09:17:22.908 febs [main] INFO  o.s.c.s.PostProcessorRegistrationDelegate$BeanPostProcessorChecker - Bean 'authFreelancerServiceImpl' of type [com.neefull.fsp.web.system.service.impl.AuthFreelancerServiceImpl] is not eligible for getting processed by all BeanPostProcessors (for example: not eligible for auto-proxying)
2020-01-17 09:17:22.924 febs [main] INFO  o.s.c.s.PostProcessorRegistrationDelegate$BeanPostProcessorChecker - Bean 'authCorpMapper' of type [org.mybatis.spring.mapper.MapperFactoryBean] is not eligible for getting processed by all BeanPostProcessors (for example: not eligible for auto-proxying)
2020-01-17 09:17:22.939 febs [main] INFO  o.s.c.s.PostProcessorRegistrationDelegate$BeanPostProcessorChecker - Bean 'authCorpMapper' of type [com.sun.proxy.$Proxy119] is not eligible for getting processed by all BeanPostProcessors (for example: not eligible for auto-proxying)
2020-01-17 09:17:22.939 febs [main] INFO  o.s.c.s.PostProcessorRegistrationDelegate$BeanPostProcessorChecker - Bean 'authCorpServiceImpl' of type [com.neefull.fsp.web.system.service.impl.AuthCorpServiceImpl] is not eligible for getting processed by all BeanPostProcessors (for example: not eligible for auto-proxying)
2020-01-17 09:17:22.971 febs [main] INFO  o.s.c.s.PostProcessorRegistrationDelegate$BeanPostProcessorChecker - Bean 'msgInfoMapper' of type [org.mybatis.spring.mapper.MapperFactoryBean] is not eligible for getting processed by all BeanPostProcessors (for example: not eligible for auto-proxying)
2020-01-17 09:17:22.971 febs [main] INFO  o.s.c.s.PostProcessorRegistrationDelegate$BeanPostProcessorChecker - Bean 'msgInfoMapper' of type [com.sun.proxy.$Proxy121] is not eligible for getting processed by all BeanPostProcessors (for example: not eligible for auto-proxying)
2020-01-17 09:17:22.971 febs [main] INFO  o.s.c.s.PostProcessorRegistrationDelegate$BeanPostProcessorChecker - Bean 'msgUserMapper' of type [org.mybatis.spring.mapper.MapperFactoryBean] is not eligible for getting processed by all BeanPostProcessors (for example: not eligible for auto-proxying)
2020-01-17 09:17:22.986 febs [main] INFO  o.s.c.s.PostProcessorRegistrationDelegate$BeanPostProcessorChecker - Bean 'msgUserMapper' of type [com.sun.proxy.$Proxy122] is not eligible for getting processed by all BeanPostProcessors (for example: not eligible for auto-proxying)
2020-01-17 09:17:22.986 febs [main] INFO  o.s.c.s.PostProcessorRegistrationDelegate$BeanPostProcessorChecker - Bean 'msgUserServiceImpl' of type [com.neefull.fsp.web.system.service.impl.MsgUserServiceImpl] is not eligible for getting processed by all BeanPostProcessors (for example: not eligible for auto-proxying)
2020-01-17 09:17:23.017 febs [main] INFO  o.s.c.s.PostProcessorRegistrationDelegate$BeanPostProcessorChecker - Bean 'msgInfoServiceImpl' of type [com.neefull.fsp.web.system.service.impl.MsgInfoServiceImpl] is not eligible for getting processed by all BeanPostProcessors (for example: not eligible for auto-proxying)
2020-01-17 09:17:23.033 febs [main] INFO  o.s.c.s.PostProcessorRegistrationDelegate$BeanPostProcessorChecker - Bean 'userServiceImpl' of type [com.neefull.fsp.web.system.service.impl.UserServiceImpl] is not eligible for getting processed by all BeanPostProcessors (for example: not eligible for auto-proxying)
2020-01-17 09:17:23.049 febs [main] INFO  o.s.c.s.PostProcessorRegistrationDelegate$BeanPostProcessorChecker - Bean 'roleMapper' of type [org.mybatis.spring.mapper.MapperFactoryBean] is not eligible for getting processed by all BeanPostProcessors (for example: not eligible for auto-proxying)
2020-01-17 09:17:23.049 febs [main] INFO  o.s.c.s.PostProcessorRegistrationDelegate$BeanPostProcessorChecker - Bean 'roleMapper' of type [com.sun.proxy.$Proxy126] is not eligible for getting processed by all BeanPostProcessors (for example: not eligible for auto-proxying)
2020-01-17 09:17:23.064 febs [main] INFO  o.s.c.s.PostProcessorRegistrationDelegate$BeanPostProcessorChecker - Bean 'roleMenuMapper' of type [org.mybatis.spring.mapper.MapperFactoryBean] is not eligible for getting processed by all BeanPostProcessors (for example: not eligible for auto-proxying)
2020-01-17 09:17:23.064 febs [main] INFO  o.s.c.s.PostProcessorRegistrationDelegate$BeanPostProcessorChecker - Bean 'roleMenuMapper' of type [com.sun.proxy.$Proxy127] is not eligible for getting processed by all BeanPostProcessors (for example: not eligible for auto-proxying)
2020-01-17 09:17:23.064 febs [main] INFO  o.s.c.s.PostProcessorRegistrationDelegate$BeanPostProcessorChecker - Bean 'roleMenuServiceImpl' of type [com.neefull.fsp.web.system.service.impl.RoleMenuServiceImpl] is not eligible for getting processed by all BeanPostProcessors (for example: not eligible for auto-proxying)
2020-01-17 09:17:23.082 febs [main] INFO  o.s.c.s.PostProcessorRegistrationDelegate$BeanPostProcessorChecker - Bean 'roleServiceImpl' of type [com.neefull.fsp.web.system.service.impl.RoleServiceImpl] is not eligible for getting processed by all BeanPostProcessors (for example: not eligible for auto-proxying)
2020-01-17 09:17:23.098 febs [main] INFO  o.s.c.s.PostProcessorRegistrationDelegate$BeanPostProcessorChecker - Bean 'menuMapper' of type [org.mybatis.spring.mapper.MapperFactoryBean] is not eligible for getting processed by all BeanPostProcessors (for example: not eligible for auto-proxying)
2020-01-17 09:17:23.113 febs [main] INFO  o.s.c.s.PostProcessorRegistrationDelegate$BeanPostProcessorChecker - Bean 'menuMapper' of type [com.sun.proxy.$Proxy130] is not eligible for getting processed by all BeanPostProcessors (for example: not eligible for auto-proxying)
2020-01-17 09:17:23.113 febs [main] INFO  o.s.c.s.PostProcessorRegistrationDelegate$BeanPostProcessorChecker - Bean 'menuServiceImpl' of type [com.neefull.fsp.web.system.service.impl.MenuServiceImpl] is not eligible for getting processed by all BeanPostProcessors (for example: not eligible for auto-proxying)
2020-01-17 09:17:23.129 febs [main] INFO  o.s.c.s.PostProcessorRegistrationDelegate$BeanPostProcessorChecker - Bean 'shiroRealm' of type [com.neefull.fsp.web.common.authentication.ShiroRealm] is not eligible for getting processed by all BeanPostProcessors (for example: not eligible for auto-proxying)
2020-01-17 09:17:23.177 febs [main] INFO  o.s.c.s.PostProcessorRegistrationDelegate$BeanPostProcessorChecker - Bean 'redisSessionDAO' of type [org.crazycake.shiro.RedisSessionDAO] is not eligible for getting processed by all BeanPostProcessors (for example: not eligible for auto-proxying)
2020-01-17 09:17:23.177 febs [main] INFO  o.s.c.s.PostProcessorRegistrationDelegate$BeanPostProcessorChecker - Bean 'sessionManager' of type [org.apache.shiro.web.session.mgt.DefaultWebSessionManager] is not eligible for getting processed by all BeanPostProcessors (for example: not eligible for auto-proxying)
2020-01-17 09:17:23.192 febs [main] INFO  o.s.c.s.PostProcessorRegistrationDelegate$BeanPostProcessorChecker - Bean 'securityManager' of type [org.apache.shiro.web.mgt.DefaultWebSecurityManager] is not eligible for getting processed by all BeanPostProcessors (for example: not eligible for auto-proxying)
2020-01-17 09:17:23.224 febs [main] INFO  o.s.c.s.PostProcessorRegistrationDelegate$BeanPostProcessorChecker - Bean 'authorizationAttributeSourceAdvisor' of type [org.apache.shiro.spring.security.interceptor.AuthorizationAttributeSourceAdvisor] is not eligible for getting processed by all BeanPostProcessors (for example: not eligible for auto-proxying)
2020-01-17 09:17:23.567 febs [main] INFO  o.s.b.w.e.tomcat.TomcatWebServer - Tomcat initialized with port(s): 8083 (http)
2020-01-17 09:17:23.583 febs [main] INFO  o.a.coyote.http11.Http11NioProtocol - Initializing ProtocolHandler ["http-nio-8083"]
2020-01-17 09:17:23.599 febs [main] INFO  o.a.catalina.core.StandardService - Starting service [Tomcat]
2020-01-17 09:17:23.599 febs [main] INFO  o.a.catalina.core.StandardEngine - Starting Servlet engine: [Apache Tomcat/9.0.19]
2020-01-17 09:17:23.880 febs [main] INFO  o.a.c.c.C.[Tomcat].[localhost].[/] - Initializing Spring embedded WebApplicationContext
2020-01-17 09:17:23.880 febs [main] INFO  o.s.web.context.ContextLoader - Root WebApplicationContext: initialization completed in 9098 ms
2020-01-17 09:17:24.489 febs [main] INFO  c.n.fsp.web.common.xss.XssFilter - ------------ xss filter init ------------
2020-01-17 09:17:24.692 febs [main] INFO  o.h.jpa.internal.util.LogHelper - HHH000204: Processing PersistenceUnitInfo [
	name: default
	...]
2020-01-17 09:17:24.801 febs [main] INFO  org.hibernate.Version - HHH000412: Hibernate Core {5.3.10.Final}
2020-01-17 09:17:24.801 febs [main] INFO  org.hibernate.cfg.Environment - HHH000206: hibernate.properties not found
2020-01-17 09:17:25.005 febs [main] INFO  o.h.annotations.common.Version - HCANN000001: Hibernate Commons Annotations {5.0.4.Final}
2020-01-17 09:17:25.842 febs [main] INFO  org.hibernate.dialect.Dialect - HHH000400: Using dialect: org.hibernate.dialect.MySQL5Dialect
2020-01-17 09:17:26.283 febs [main] INFO  o.s.o.j.LocalContainerEntityManagerFactoryBean - Initialized JPA EntityManagerFactory for persistence unit 'default'
2020-01-17 09:17:26.653 febs [main] INFO  org.quartz.impl.StdSchedulerFactory - Using default implementation for ThreadExecutor
2020-01-17 09:17:26.669 febs [main] INFO  o.quartz.core.SchedulerSignalerImpl - Initialized Scheduler Signaller of type: class org.quartz.core.SchedulerSignalerImpl
2020-01-17 09:17:26.669 febs [main] INFO  org.quartz.core.QuartzScheduler - Quartz Scheduler v.2.3.1 created.
2020-01-17 09:17:26.683 febs [main] INFO  o.s.s.quartz.LocalDataSourceJobStore - Using db table-based data access locking (synchronization).
2020-01-17 09:17:26.683 febs [main] INFO  o.s.s.quartz.LocalDataSourceJobStore - JobStoreCMT initialized.
2020-01-17 09:17:26.683 febs [main] INFO  org.quartz.core.QuartzScheduler - Scheduler meta-data: Quartz Scheduler (v2.3.1) 'FEBS_Scheduler' with instanceId 'DESKTOP-BSUER0M1579223846653'
  Scheduler class: 'org.quartz.core.QuartzScheduler' - running locally.
  NOT STARTED.
  Currently in standby mode.
  Number of jobs executed: 0
  Using thread pool 'org.quartz.simpl.SimpleThreadPool' - with 20 threads.
  Using job-store 'org.springframework.scheduling.quartz.LocalDataSourceJobStore' - which supports persistence. and is clustered.

2020-01-17 09:17:26.683 febs [main] INFO  org.quartz.impl.StdSchedulerFactory - Quartz scheduler 'FEBS_Scheduler' initialized from an externally provided properties instance.
2020-01-17 09:17:26.683 febs [main] INFO  org.quartz.impl.StdSchedulerFactory - Quartz scheduler version: 2.3.1
2020-01-17 09:17:26.683 febs [main] INFO  org.quartz.core.QuartzScheduler - JobFactory set to: org.springframework.scheduling.quartz.AdaptableJobFactory@11fa11b2
2020-01-17 09:17:27.379 febs [main] INFO  o.s.s.c.ThreadPoolTaskExecutor - Initializing ExecutorService
2020-01-17 09:17:27.379 febs [main] INFO  o.s.s.c.ThreadPoolTaskExecutor - Initializing ExecutorService 'febsAsyncThreadPool'
2020-01-17 09:17:27.982 febs [main] INFO  o.a.engine.impl.ProcessEngineImpl - ProcessEngine default created
2020-01-17 09:17:27.982 febs [main] INFO  o.a.e.i.a.AbstractAsyncJobExecutor - Starting up the default async job executor [org.activiti.spring.SpringAsyncExecutor].
2020-01-17 09:17:27.998 febs [Thread-31] INFO  o.a.e.i.a.AcquireAsyncJobsDueRunnable - starting to acquire async jobs due
2020-01-17 09:17:27.998 febs [Thread-30] INFO  o.a.e.i.a.AcquireTimerJobsRunnable - starting to acquire async jobs due
2020-01-17 09:17:29.021 febs [main] INFO  o.s.b.a.w.s.WelcomePageHandlerMapping - Adding welcome page template: index
2020-01-17 09:17:29.896 febs [main] INFO  o.s.b.a.e.web.EndpointLinksResolver - Exposing 2 endpoint(s) beneath base path '/actuator'
2020-01-17 09:17:29.990 febs [main] INFO  o.s.s.quartz.SchedulerFactoryBean - Will start Quartz Scheduler [FEBS_Scheduler] in 1 seconds
2020-01-17 09:17:30.005 febs [main] INFO  o.a.coyote.http11.Http11NioProtocol - Starting ProtocolHandler ["http-nio-8083"]
2020-01-17 09:17:30.021 febs [main] INFO  o.s.b.w.e.tomcat.TomcatWebServer - Tomcat started on port(s): 8083 (http) with context path ''
2020-01-17 09:17:30.037 febs [main] INFO  com.neefull.fsp.web.AdminApplication - Started AdminApplication in 16.442 seconds (JVM running for 20.057)
2020-01-17 09:17:30.052 febs [main] INFO  c.n.f.w.c.runner.FebsStartedUpRunner -  __    ___   _      ___   _     ____ _____  ____ 
2020-01-17 09:17:30.052 febs [main] INFO  c.n.f.w.c.runner.FebsStartedUpRunner - / /`  / / \ | |\/| | |_) | |   | |_   | |  | |_  
2020-01-17 09:17:30.052 febs [main] INFO  c.n.f.w.c.runner.FebsStartedUpRunner - \_\_, \_\_/ |_|  | |_|   |_|__ |_|__  |_|  |_|__ 
2020-01-17 09:17:30.052 febs [main] INFO  c.n.f.w.c.runner.FebsStartedUpRunner -                                                       
2020-01-17 09:17:30.052 febs [main] INFO  c.n.f.w.c.runner.FebsStartedUpRunner - FLP系统启动完毕，地址：http://192.168.0.131:8083/login
2020-01-17 09:17:30.333 febs [RMI TCP Connection(2)-127.0.0.1] INFO  o.a.c.c.C.[Tomcat].[localhost].[/] - Initializing Spring DispatcherServlet 'dispatcherServlet'
2020-01-17 09:17:30.333 febs [RMI TCP Connection(2)-127.0.0.1] INFO  o.s.web.servlet.DispatcherServlet - Initializing Servlet 'dispatcherServlet'
2020-01-17 09:17:30.365 febs [RMI TCP Connection(2)-127.0.0.1] INFO  o.s.web.servlet.DispatcherServlet - Completed initialization in 32 ms
2020-01-17 09:17:31.005 febs [Quartz Scheduler [FEBS_Scheduler]] INFO  o.s.s.quartz.SchedulerFactoryBean - Starting Quartz Scheduler now, after delay of 1 seconds
2020-01-17 09:17:31.083 febs [Quartz Scheduler [FEBS_Scheduler]] INFO  org.quartz.core.QuartzScheduler - Scheduler FEBS_Scheduler_$_DESKTOP-BSUER0M1579223846653 started.
2020-01-17 09:21:49.540 febs [http-nio-8083-exec-1] INFO  o.a.s.s.m.AbstractValidatingSessionManager - Enabling session validation scheduler...
2020-01-17 09:21:55.249 febs [http-nio-8083-exec-5] INFO  c.n.f.web.common.aspect.LimitAspect - IP:192.168.0.131 第 1 次访问key为 [limit_login192.168.0.131]，描述为 [登录接口] 的接口
2020-01-17 10:03:26.661 febs [http-nio-8083-exec-5] INFO  c.n.f.web.common.aspect.LimitAspect - IP:192.168.0.131 第 1 次访问key为 [limit_login192.168.0.131]，描述为 [登录接口] 的接口
2020-01-17 10:21:49.543 febs [SessionValidationThread-1] INFO  o.a.s.s.m.AbstractValidatingSessionManager - Validating all active sessions...
2020-01-17 10:21:49.548 febs [SessionValidationThread-1] INFO  o.a.s.s.m.AbstractValidatingSessionManager - Finished session validation.  No sessions were stopped.
2020-01-17 10:24:29.351 febs [main] INFO  com.neefull.fsp.web.AdminApplication - Starting AdminApplication on DESKTOP-BSUER0M with PID 5300 (D:\ideawork\fps\qff\admin-web\target\classes started by ccc in D:\ideawork\fps\qff)
2020-01-17 10:24:29.359 febs [main] INFO  com.neefull.fsp.web.AdminApplication - The following profiles are active: dev
2020-01-17 10:24:31.219 febs [main] INFO  o.s.d.r.c.RepositoryConfigurationDelegate - Multiple Spring Data modules found, entering strict repository configuration mode!
2020-01-17 10:24:31.220 febs [main] INFO  o.s.d.r.c.RepositoryConfigurationDelegate - Bootstrapping Spring Data repositories in DEFAULT mode.
2020-01-17 10:24:31.352 febs [main] INFO  o.s.d.r.c.RepositoryConfigurationDelegate - Finished Spring Data repository scanning in 116ms. Found 0 repository interfaces.
2020-01-17 10:24:31.367 febs [main] INFO  o.s.d.r.c.RepositoryConfigurationDelegate - Multiple Spring Data modules found, entering strict repository configuration mode!
2020-01-17 10:24:31.368 febs [main] INFO  o.s.d.r.c.RepositoryConfigurationDelegate - Bootstrapping Spring Data repositories in DEFAULT mode.
2020-01-17 10:24:31.442 febs [main] INFO  o.s.d.r.c.RepositoryConfigurationDelegate - Finished Spring Data repository scanning in 62ms. Found 0 repository interfaces.
2020-01-17 10:24:32.225 febs [main] INFO  o.s.c.s.PostProcessorRegistrationDelegate$BeanPostProcessorChecker - Bean 'spring.datasource.dynamic-com.baomidou.dynamic.datasource.spring.boot.autoconfigure.DynamicDataSourceProperties' of type [com.baomidou.dynamic.datasource.spring.boot.autoconfigure.DynamicDataSourceProperties] is not eligible for getting processed by all BeanPostProcessors (for example: not eligible for auto-proxying)
2020-01-17 10:24:32.343 febs [main] INFO  o.s.c.s.PostProcessorRegistrationDelegate$BeanPostProcessorChecker - Bean 'com.baomidou.dynamic.datasource.spring.boot.autoconfigure.DynamicDataSourceAutoConfiguration' of type [com.baomidou.dynamic.datasource.spring.boot.autoconfigure.DynamicDataSourceAutoConfiguration$$EnhancerBySpringCGLIB$$496d72b3] is not eligible for getting processed by all BeanPostProcessors (for example: not eligible for auto-proxying)
2020-01-17 10:24:32.353 febs [main] INFO  o.s.c.s.PostProcessorRegistrationDelegate$BeanPostProcessorChecker - Bean 'dsProcessor' of type [com.baomidou.dynamic.datasource.processor.DsHeaderProcessor] is not eligible for getting processed by all BeanPostProcessors (for example: not eligible for auto-proxying)
2020-01-17 10:24:32.357 febs [main] INFO  o.s.c.s.PostProcessorRegistrationDelegate$BeanPostProcessorChecker - Bean 'dynamicDatasourceAnnotationAdvisor' of type [com.baomidou.dynamic.datasource.aop.DynamicDataSourceAnnotationAdvisor] is not eligible for getting processed by all BeanPostProcessors (for example: not eligible for auto-proxying)
2020-01-17 10:24:32.368 febs [main] INFO  o.s.c.s.PostProcessorRegistrationDelegate$BeanPostProcessorChecker - Bean 'org.springframework.transaction.annotation.ProxyTransactionManagementConfiguration' of type [org.springframework.transaction.annotation.ProxyTransactionManagementConfiguration$$EnhancerBySpringCGLIB$$dfdf01e2] is not eligible for getting processed by all BeanPostProcessors (for example: not eligible for auto-proxying)
2020-01-17 10:24:32.396 febs [main] INFO  o.s.c.s.PostProcessorRegistrationDelegate$BeanPostProcessorChecker - Bean 'febsProperties' of type [com.neefull.fsp.web.common.properties.FebsProperties$$EnhancerBySpringCGLIB$$c97b3545] is not eligible for getting processed by all BeanPostProcessors (for example: not eligible for auto-proxying)
2020-01-17 10:24:32.401 febs [main] INFO  o.s.c.s.PostProcessorRegistrationDelegate$BeanPostProcessorChecker - Bean 'shiroConfig' of type [com.neefull.fsp.web.common.authentication.ShiroConfig$$EnhancerBySpringCGLIB$$a72c6c84] is not eligible for getting processed by all BeanPostProcessors (for example: not eligible for auto-proxying)
2020-01-17 10:24:32.493 febs [main] INFO  o.s.c.s.PostProcessorRegistrationDelegate$BeanPostProcessorChecker - Bean 'mybatis-plus-com.baomidou.mybatisplus.autoconfigure.MybatisPlusProperties' of type [com.baomidou.mybatisplus.autoconfigure.MybatisPlusProperties] is not eligible for getting processed by all BeanPostProcessors (for example: not eligible for auto-proxying)
2020-01-17 10:24:32.505 febs [main] INFO  o.s.c.s.PostProcessorRegistrationDelegate$BeanPostProcessorChecker - Bean 'mybatisPlusConfigure' of type [com.neefull.fsp.web.common.configure.MybatisPlusConfigure$$EnhancerBySpringCGLIB$$bbcaec88] is not eligible for getting processed by all BeanPostProcessors (for example: not eligible for auto-proxying)
2020-01-17 10:24:32.512 febs [main] INFO  o.s.c.s.PostProcessorRegistrationDelegate$BeanPostProcessorChecker - Bean 'paginationInterceptor' of type [com.baomidou.mybatisplus.extension.plugins.PaginationInterceptor] is not eligible for getting processed by all BeanPostProcessors (for example: not eligible for auto-proxying)
2020-01-17 10:24:32.524 febs [main] INFO  o.s.c.s.PostProcessorRegistrationDelegate$BeanPostProcessorChecker - Bean 'com.baomidou.mybatisplus.autoconfigure.MybatisPlusAutoConfiguration' of type [com.baomidou.mybatisplus.autoconfigure.MybatisPlusAutoConfiguration$$EnhancerBySpringCGLIB$$1da76e7c] is not eligible for getting processed by all BeanPostProcessors (for example: not eligible for auto-proxying)
2020-01-17 10:24:32.536 febs [main] INFO  o.s.c.s.PostProcessorRegistrationDelegate$BeanPostProcessorChecker - Bean 'dynamicDataSourceCreator' of type [com.baomidou.dynamic.datasource.DynamicDataSourceCreator] is not eligible for getting processed by all BeanPostProcessors (for example: not eligible for auto-proxying)
2020-01-17 10:24:32.538 febs [main] INFO  o.s.c.s.PostProcessorRegistrationDelegate$BeanPostProcessorChecker - Bean 'dynamicDataSourceProvider' of type [com.baomidou.dynamic.datasource.provider.YmlDynamicDataSourceProvider] is not eligible for getting processed by all BeanPostProcessors (for example: not eligible for auto-proxying)
2020-01-17 10:24:32.549 febs [main] INFO  com.zaxxer.hikari.HikariDataSource - base - Starting...
2020-01-17 10:24:33.589 febs [main] INFO  com.zaxxer.hikari.HikariDataSource - base - Start completed.
2020-01-17 10:24:33.590 febs [main] INFO  com.zaxxer.hikari.HikariDataSource - quartz - Starting...
2020-01-17 10:24:33.725 febs [main] INFO  com.zaxxer.hikari.HikariDataSource - quartz - Start completed.
2020-01-17 10:24:33.725 febs [main] INFO  c.b.d.d.DynamicRoutingDataSource - 初始共加载 2 个数据源
2020-01-17 10:24:33.726 febs [main] INFO  c.b.d.d.DynamicRoutingDataSource - 动态数据源-加载 quartz 成功
2020-01-17 10:24:33.726 febs [main] INFO  c.b.d.d.DynamicRoutingDataSource - 动态数据源-加载 base 成功
2020-01-17 10:24:33.726 febs [main] INFO  c.b.d.d.DynamicRoutingDataSource - 当前的默认数据源是单数据源，数据源名为 base
2020-01-17 10:24:33.726 febs [main] INFO  o.s.c.s.PostProcessorRegistrationDelegate$BeanPostProcessorChecker - Bean 'dataSource' of type [com.baomidou.dynamic.datasource.DynamicRoutingDataSource] is not eligible for getting processed by all BeanPostProcessors (for example: not eligible for auto-proxying)
2020-01-17 10:24:33.741 febs [main] INFO  o.s.c.s.PostProcessorRegistrationDelegate$BeanPostProcessorChecker - Bean 'spring.datasource-org.springframework.boot.autoconfigure.jdbc.DataSourceProperties' of type [org.springframework.boot.autoconfigure.jdbc.DataSourceProperties] is not eligible for getting processed by all BeanPostProcessors (for example: not eligible for auto-proxying)
2020-01-17 10:24:33.753 febs [main] INFO  o.s.c.s.PostProcessorRegistrationDelegate$BeanPostProcessorChecker - Bean 'org.springframework.boot.autoconfigure.jdbc.DataSourceInitializerInvoker' of type [org.springframework.boot.autoconfigure.jdbc.DataSourceInitializerInvoker] is not eligible for getting processed by all BeanPostProcessors (for example: not eligible for auto-proxying)
2020-01-17 10:24:34.924 febs [main] INFO  o.s.c.s.PostProcessorRegistrationDelegate$BeanPostProcessorChecker - Bean 'sqlSessionFactory' of type [org.apache.ibatis.session.defaults.DefaultSqlSessionFactory] is not eligible for getting processed by all BeanPostProcessors (for example: not eligible for auto-proxying)
2020-01-17 10:24:34.931 febs [main] INFO  o.s.c.s.PostProcessorRegistrationDelegate$BeanPostProcessorChecker - Bean 'sqlSessionTemplate' of type [org.mybatis.spring.SqlSessionTemplate] is not eligible for getting processed by all BeanPostProcessors (for example: not eligible for auto-proxying)
2020-01-17 10:24:34.935 febs [main] INFO  o.s.c.s.PostProcessorRegistrationDelegate$BeanPostProcessorChecker - Bean 'userMapper' of type [org.mybatis.spring.mapper.MapperFactoryBean] is not eligible for getting processed by all BeanPostProcessors (for example: not eligible for auto-proxying)
2020-01-17 10:24:34.938 febs [main] INFO  o.s.c.s.PostProcessorRegistrationDelegate$BeanPostProcessorChecker - Bean 'userMapper' of type [com.sun.proxy.$Proxy113] is not eligible for getting processed by all BeanPostProcessors (for example: not eligible for auto-proxying)
2020-01-17 10:24:34.976 febs [main] INFO  o.s.c.s.PostProcessorRegistrationDelegate$BeanPostProcessorChecker - Bean 'userRoleMapper' of type [org.mybatis.spring.mapper.MapperFactoryBean] is not eligible for getting processed by all BeanPostProcessors (for example: not eligible for auto-proxying)
2020-01-17 10:24:34.977 febs [main] INFO  o.s.c.s.PostProcessorRegistrationDelegate$BeanPostProcessorChecker - Bean 'userRoleMapper' of type [com.sun.proxy.$Proxy115] is not eligible for getting processed by all BeanPostProcessors (for example: not eligible for auto-proxying)
2020-01-17 10:24:34.978 febs [main] INFO  o.s.c.s.PostProcessorRegistrationDelegate$BeanPostProcessorChecker - Bean 'userRoleServiceImpl' of type [com.neefull.fsp.web.system.service.impl.UserRoleServiceImpl] is not eligible for getting processed by all BeanPostProcessors (for example: not eligible for auto-proxying)
2020-01-17 10:24:35.035 febs [main] INFO  o.s.c.s.PostProcessorRegistrationDelegate$BeanPostProcessorChecker - Bean 'authFreelancerMapper' of type [org.mybatis.spring.mapper.MapperFactoryBean] is not eligible for getting processed by all BeanPostProcessors (for example: not eligible for auto-proxying)
2020-01-17 10:24:35.036 febs [main] INFO  o.s.c.s.PostProcessorRegistrationDelegate$BeanPostProcessorChecker - Bean 'authFreelancerMapper' of type [com.sun.proxy.$Proxy117] is not eligible for getting processed by all BeanPostProcessors (for example: not eligible for auto-proxying)
2020-01-17 10:24:35.042 febs [main] INFO  o.s.c.s.PostProcessorRegistrationDelegate$BeanPostProcessorChecker - Bean 'qiniuConfig' of type [com.neefull.fsp.common.config.QiniuConfig$$EnhancerBySpringCGLIB$$61b853d9] is not eligible for getting processed by all BeanPostProcessors (for example: not eligible for auto-proxying)
2020-01-17 10:24:35.044 febs [main] INFO  o.s.c.s.PostProcessorRegistrationDelegate$BeanPostProcessorChecker - Bean 'authFreelancerServiceImpl' of type [com.neefull.fsp.web.system.service.impl.AuthFreelancerServiceImpl] is not eligible for getting processed by all BeanPostProcessors (for example: not eligible for auto-proxying)
2020-01-17 10:24:35.072 febs [main] INFO  o.s.c.s.PostProcessorRegistrationDelegate$BeanPostProcessorChecker - Bean 'authCorpMapper' of type [org.mybatis.spring.mapper.MapperFactoryBean] is not eligible for getting processed by all BeanPostProcessors (for example: not eligible for auto-proxying)
2020-01-17 10:24:35.074 febs [main] INFO  o.s.c.s.PostProcessorRegistrationDelegate$BeanPostProcessorChecker - Bean 'authCorpMapper' of type [com.sun.proxy.$Proxy119] is not eligible for getting processed by all BeanPostProcessors (for example: not eligible for auto-proxying)
2020-01-17 10:24:35.077 febs [main] INFO  o.s.c.s.PostProcessorRegistrationDelegate$BeanPostProcessorChecker - Bean 'authCorpServiceImpl' of type [com.neefull.fsp.web.system.service.impl.AuthCorpServiceImpl] is not eligible for getting processed by all BeanPostProcessors (for example: not eligible for auto-proxying)
2020-01-17 10:24:35.100 febs [main] INFO  o.s.c.s.PostProcessorRegistrationDelegate$BeanPostProcessorChecker - Bean 'msgInfoMapper' of type [org.mybatis.spring.mapper.MapperFactoryBean] is not eligible for getting processed by all BeanPostProcessors (for example: not eligible for auto-proxying)
2020-01-17 10:24:35.101 febs [main] INFO  o.s.c.s.PostProcessorRegistrationDelegate$BeanPostProcessorChecker - Bean 'msgInfoMapper' of type [com.sun.proxy.$Proxy121] is not eligible for getting processed by all BeanPostProcessors (for example: not eligible for auto-proxying)
2020-01-17 10:24:35.111 febs [main] INFO  o.s.c.s.PostProcessorRegistrationDelegate$BeanPostProcessorChecker - Bean 'msgUserMapper' of type [org.mybatis.spring.mapper.MapperFactoryBean] is not eligible for getting processed by all BeanPostProcessors (for example: not eligible for auto-proxying)
2020-01-17 10:24:35.112 febs [main] INFO  o.s.c.s.PostProcessorRegistrationDelegate$BeanPostProcessorChecker - Bean 'msgUserMapper' of type [com.sun.proxy.$Proxy122] is not eligible for getting processed by all BeanPostProcessors (for example: not eligible for auto-proxying)
2020-01-17 10:24:35.115 febs [main] INFO  o.s.c.s.PostProcessorRegistrationDelegate$BeanPostProcessorChecker - Bean 'msgUserServiceImpl' of type [com.neefull.fsp.web.system.service.impl.MsgUserServiceImpl] is not eligible for getting processed by all BeanPostProcessors (for example: not eligible for auto-proxying)
2020-01-17 10:24:35.157 febs [main] INFO  o.s.c.s.PostProcessorRegistrationDelegate$BeanPostProcessorChecker - Bean 'msgInfoServiceImpl' of type [com.neefull.fsp.web.system.service.impl.MsgInfoServiceImpl] is not eligible for getting processed by all BeanPostProcessors (for example: not eligible for auto-proxying)
2020-01-17 10:24:35.175 febs [main] INFO  o.s.c.s.PostProcessorRegistrationDelegate$BeanPostProcessorChecker - Bean 'userServiceImpl' of type [com.neefull.fsp.web.system.service.impl.UserServiceImpl] is not eligible for getting processed by all BeanPostProcessors (for example: not eligible for auto-proxying)
2020-01-17 10:24:35.185 febs [main] INFO  o.s.c.s.PostProcessorRegistrationDelegate$BeanPostProcessorChecker - Bean 'roleMapper' of type [org.mybatis.spring.mapper.MapperFactoryBean] is not eligible for getting processed by all BeanPostProcessors (for example: not eligible for auto-proxying)
2020-01-17 10:24:35.186 febs [main] INFO  o.s.c.s.PostProcessorRegistrationDelegate$BeanPostProcessorChecker - Bean 'roleMapper' of type [com.sun.proxy.$Proxy126] is not eligible for getting processed by all BeanPostProcessors (for example: not eligible for auto-proxying)
2020-01-17 10:24:35.195 febs [main] INFO  o.s.c.s.PostProcessorRegistrationDelegate$BeanPostProcessorChecker - Bean 'roleMenuMapper' of type [org.mybatis.spring.mapper.MapperFactoryBean] is not eligible for getting processed by all BeanPostProcessors (for example: not eligible for auto-proxying)
2020-01-17 10:24:35.196 febs [main] INFO  o.s.c.s.PostProcessorRegistrationDelegate$BeanPostProcessorChecker - Bean 'roleMenuMapper' of type [com.sun.proxy.$Proxy127] is not eligible for getting processed by all BeanPostProcessors (for example: not eligible for auto-proxying)
2020-01-17 10:24:35.198 febs [main] INFO  o.s.c.s.PostProcessorRegistrationDelegate$BeanPostProcessorChecker - Bean 'roleMenuServiceImpl' of type [com.neefull.fsp.web.system.service.impl.RoleMenuServiceImpl] is not eligible for getting processed by all BeanPostProcessors (for example: not eligible for auto-proxying)
2020-01-17 10:24:35.216 febs [main] INFO  o.s.c.s.PostProcessorRegistrationDelegate$BeanPostProcessorChecker - Bean 'roleServiceImpl' of type [com.neefull.fsp.web.system.service.impl.RoleServiceImpl] is not eligible for getting processed by all BeanPostProcessors (for example: not eligible for auto-proxying)
2020-01-17 10:24:35.244 febs [main] INFO  o.s.c.s.PostProcessorRegistrationDelegate$BeanPostProcessorChecker - Bean 'menuMapper' of type [org.mybatis.spring.mapper.MapperFactoryBean] is not eligible for getting processed by all BeanPostProcessors (for example: not eligible for auto-proxying)
2020-01-17 10:24:35.245 febs [main] INFO  o.s.c.s.PostProcessorRegistrationDelegate$BeanPostProcessorChecker - Bean 'menuMapper' of type [com.sun.proxy.$Proxy130] is not eligible for getting processed by all BeanPostProcessors (for example: not eligible for auto-proxying)
2020-01-17 10:24:35.251 febs [main] INFO  o.s.c.s.PostProcessorRegistrationDelegate$BeanPostProcessorChecker - Bean 'menuServiceImpl' of type [com.neefull.fsp.web.system.service.impl.MenuServiceImpl] is not eligible for getting processed by all BeanPostProcessors (for example: not eligible for auto-proxying)
2020-01-17 10:24:35.268 febs [main] INFO  o.s.c.s.PostProcessorRegistrationDelegate$BeanPostProcessorChecker - Bean 'shiroRealm' of type [com.neefull.fsp.web.common.authentication.ShiroRealm] is not eligible for getting processed by all BeanPostProcessors (for example: not eligible for auto-proxying)
2020-01-17 10:24:35.306 febs [main] INFO  o.s.c.s.PostProcessorRegistrationDelegate$BeanPostProcessorChecker - Bean 'redisSessionDAO' of type [org.crazycake.shiro.RedisSessionDAO] is not eligible for getting processed by all BeanPostProcessors (for example: not eligible for auto-proxying)
2020-01-17 10:24:35.312 febs [main] INFO  o.s.c.s.PostProcessorRegistrationDelegate$BeanPostProcessorChecker - Bean 'sessionManager' of type [org.apache.shiro.web.session.mgt.DefaultWebSessionManager] is not eligible for getting processed by all BeanPostProcessors (for example: not eligible for auto-proxying)
2020-01-17 10:24:35.323 febs [main] INFO  o.s.c.s.PostProcessorRegistrationDelegate$BeanPostProcessorChecker - Bean 'securityManager' of type [org.apache.shiro.web.mgt.DefaultWebSecurityManager] is not eligible for getting processed by all BeanPostProcessors (for example: not eligible for auto-proxying)
2020-01-17 10:24:35.341 febs [main] INFO  o.s.c.s.PostProcessorRegistrationDelegate$BeanPostProcessorChecker - Bean 'authorizationAttributeSourceAdvisor' of type [org.apache.shiro.spring.security.interceptor.AuthorizationAttributeSourceAdvisor] is not eligible for getting processed by all BeanPostProcessors (for example: not eligible for auto-proxying)
2020-01-17 10:24:35.721 febs [main] INFO  o.s.b.w.e.tomcat.TomcatWebServer - Tomcat initialized with port(s): 8083 (http)
2020-01-17 10:24:35.738 febs [main] INFO  o.a.coyote.http11.Http11NioProtocol - Initializing ProtocolHandler ["http-nio-8083"]
2020-01-17 10:24:35.747 febs [main] INFO  o.a.catalina.core.StandardService - Starting service [Tomcat]
2020-01-17 10:24:35.747 febs [main] INFO  o.a.catalina.core.StandardEngine - Starting Servlet engine: [Apache Tomcat/9.0.19]
2020-01-17 10:24:36.012 febs [main] INFO  o.a.c.c.C.[Tomcat].[localhost].[/] - Initializing Spring embedded WebApplicationContext
2020-01-17 10:24:36.012 febs [main] INFO  o.s.web.context.ContextLoader - Root WebApplicationContext: initialization completed in 6536 ms
2020-01-17 10:24:37.012 febs [main] INFO  c.n.fsp.web.common.xss.XssFilter - ------------ xss filter init ------------
2020-01-17 10:24:37.341 febs [main] INFO  o.h.jpa.internal.util.LogHelper - HHH000204: Processing PersistenceUnitInfo [
	name: default
	...]
2020-01-17 10:24:37.496 febs [main] INFO  org.hibernate.Version - HHH000412: Hibernate Core {5.3.10.Final}
2020-01-17 10:24:37.498 febs [main] INFO  org.hibernate.cfg.Environment - HHH000206: hibernate.properties not found
2020-01-17 10:24:37.768 febs [main] INFO  o.h.annotations.common.Version - HCANN000001: Hibernate Commons Annotations {5.0.4.Final}
2020-01-17 10:24:38.555 febs [main] INFO  org.hibernate.dialect.Dialect - HHH000400: Using dialect: org.hibernate.dialect.MySQL5Dialect
2020-01-17 10:24:39.065 febs [main] INFO  o.s.o.j.LocalContainerEntityManagerFactoryBean - Initialized JPA EntityManagerFactory for persistence unit 'default'
2020-01-17 10:24:39.677 febs [main] INFO  org.quartz.impl.StdSchedulerFactory - Using default implementation for ThreadExecutor
2020-01-17 10:24:39.717 febs [main] INFO  o.quartz.core.SchedulerSignalerImpl - Initialized Scheduler Signaller of type: class org.quartz.core.SchedulerSignalerImpl
2020-01-17 10:24:39.717 febs [main] INFO  org.quartz.core.QuartzScheduler - Quartz Scheduler v.2.3.1 created.
2020-01-17 10:24:39.735 febs [main] INFO  o.s.s.quartz.LocalDataSourceJobStore - Using db table-based data access locking (synchronization).
2020-01-17 10:24:39.740 febs [main] INFO  o.s.s.quartz.LocalDataSourceJobStore - JobStoreCMT initialized.
2020-01-17 10:24:39.741 febs [main] INFO  org.quartz.core.QuartzScheduler - Scheduler meta-data: Quartz Scheduler (v2.3.1) 'FEBS_Scheduler' with instanceId 'DESKTOP-BSUER0M1579227879680'
  Scheduler class: 'org.quartz.core.QuartzScheduler' - running locally.
  NOT STARTED.
  Currently in standby mode.
  Number of jobs executed: 0
  Using thread pool 'org.quartz.simpl.SimpleThreadPool' - with 20 threads.
  Using job-store 'org.springframework.scheduling.quartz.LocalDataSourceJobStore' - which supports persistence. and is clustered.

2020-01-17 10:24:39.741 febs [main] INFO  org.quartz.impl.StdSchedulerFactory - Quartz scheduler 'FEBS_Scheduler' initialized from an externally provided properties instance.
2020-01-17 10:24:39.741 febs [main] INFO  org.quartz.impl.StdSchedulerFactory - Quartz scheduler version: 2.3.1
2020-01-17 10:24:39.743 febs [main] INFO  org.quartz.core.QuartzScheduler - JobFactory set to: org.springframework.scheduling.quartz.AdaptableJobFactory@1016b44e
2020-01-17 10:24:40.830 febs [main] INFO  o.s.s.c.ThreadPoolTaskExecutor - Initializing ExecutorService
2020-01-17 10:24:40.832 febs [main] INFO  o.s.s.c.ThreadPoolTaskExecutor - Initializing ExecutorService 'febsAsyncThreadPool'
2020-01-17 10:24:41.751 febs [main] INFO  o.a.engine.impl.ProcessEngineImpl - ProcessEngine default created
2020-01-17 10:24:41.753 febs [main] INFO  o.a.e.i.a.AbstractAsyncJobExecutor - Starting up the default async job executor [org.activiti.spring.SpringAsyncExecutor].
2020-01-17 10:24:41.754 febs [Thread-30] INFO  o.a.e.i.a.AcquireAsyncJobsDueRunnable - starting to acquire async jobs due
2020-01-17 10:24:41.754 febs [Thread-29] INFO  o.a.e.i.a.AcquireTimerJobsRunnable - starting to acquire async jobs due
2020-01-17 10:24:42.731 febs [main] INFO  o.s.b.a.w.s.WelcomePageHandlerMapping - Adding welcome page template: index
2020-01-17 10:24:43.862 febs [main] INFO  o.s.b.a.e.web.EndpointLinksResolver - Exposing 2 endpoint(s) beneath base path '/actuator'
2020-01-17 10:24:43.977 febs [main] INFO  o.s.s.quartz.SchedulerFactoryBean - Will start Quartz Scheduler [FEBS_Scheduler] in 1 seconds
2020-01-17 10:24:43.992 febs [main] INFO  o.a.coyote.http11.Http11NioProtocol - Starting ProtocolHandler ["http-nio-8083"]
2020-01-17 10:24:44.026 febs [main] INFO  o.s.b.w.e.tomcat.TomcatWebServer - Tomcat started on port(s): 8083 (http) with context path ''
2020-01-17 10:24:44.029 febs [main] INFO  com.neefull.fsp.web.AdminApplication - Started AdminApplication in 15.927 seconds (JVM running for 18.676)
2020-01-17 10:24:44.058 febs [main] INFO  c.n.f.w.c.runner.FebsStartedUpRunner -  __    ___   _      ___   _     ____ _____  ____ 
2020-01-17 10:24:44.058 febs [main] INFO  c.n.f.w.c.runner.FebsStartedUpRunner - / /`  / / \ | |\/| | |_) | |   | |_   | |  | |_  
2020-01-17 10:24:44.059 febs [main] INFO  c.n.f.w.c.runner.FebsStartedUpRunner - \_\_, \_\_/ |_|  | |_|   |_|__ |_|__  |_|  |_|__ 
2020-01-17 10:24:44.059 febs [main] INFO  c.n.f.w.c.runner.FebsStartedUpRunner -                                                       
2020-01-17 10:24:44.059 febs [main] INFO  c.n.f.w.c.runner.FebsStartedUpRunner - FLP系统启动完毕，地址：http://192.168.0.131:8083/login
2020-01-17 10:24:44.160 febs [http-nio-8083-exec-1] INFO  o.a.c.c.C.[Tomcat].[localhost].[/] - Initializing Spring DispatcherServlet 'dispatcherServlet'
2020-01-17 10:24:44.160 febs [http-nio-8083-exec-1] INFO  o.s.web.servlet.DispatcherServlet - Initializing Servlet 'dispatcherServlet'
2020-01-17 10:24:44.179 febs [http-nio-8083-exec-1] INFO  o.s.web.servlet.DispatcherServlet - Completed initialization in 19 ms
2020-01-17 10:24:44.211 febs [http-nio-8083-exec-1] INFO  o.a.s.s.m.AbstractValidatingSessionManager - Enabling session validation scheduler...
2020-01-17 10:24:44.985 febs [Quartz Scheduler [FEBS_Scheduler]] INFO  o.s.s.quartz.SchedulerFactoryBean - Starting Quartz Scheduler now, after delay of 1 seconds
2020-01-17 10:24:45.081 febs [Quartz Scheduler [FEBS_Scheduler]] INFO  org.quartz.core.QuartzScheduler - Scheduler FEBS_Scheduler_$_DESKTOP-BSUER0M1579227879680 started.
2020-01-17 10:47:47.028 febs [main] INFO  com.neefull.fsp.web.AdminApplication - Starting AdminApplication on DESKTOP-BSUER0M with PID 13600 (D:\ideawork\fps\qff\admin-web\target\classes started by ccc in D:\ideawork\fps\qff)
2020-01-17 10:47:47.031 febs [main] INFO  com.neefull.fsp.web.AdminApplication - The following profiles are active: dev
2020-01-17 10:47:48.975 febs [main] INFO  o.s.d.r.c.RepositoryConfigurationDelegate - Multiple Spring Data modules found, entering strict repository configuration mode!
2020-01-17 10:47:48.975 febs [main] INFO  o.s.d.r.c.RepositoryConfigurationDelegate - Bootstrapping Spring Data repositories in DEFAULT mode.
2020-01-17 10:47:49.093 febs [main] INFO  o.s.d.r.c.RepositoryConfigurationDelegate - Finished Spring Data repository scanning in 100ms. Found 0 repository interfaces.
2020-01-17 10:47:49.107 febs [main] INFO  o.s.d.r.c.RepositoryConfigurationDelegate - Multiple Spring Data modules found, entering strict repository configuration mode!
2020-01-17 10:47:49.108 febs [main] INFO  o.s.d.r.c.RepositoryConfigurationDelegate - Bootstrapping Spring Data repositories in DEFAULT mode.
2020-01-17 10:47:49.174 febs [main] INFO  o.s.d.r.c.RepositoryConfigurationDelegate - Finished Spring Data repository scanning in 56ms. Found 0 repository interfaces.
2020-01-17 10:47:49.899 febs [main] INFO  o.s.c.s.PostProcessorRegistrationDelegate$BeanPostProcessorChecker - Bean 'spring.datasource.dynamic-com.baomidou.dynamic.datasource.spring.boot.autoconfigure.DynamicDataSourceProperties' of type [com.baomidou.dynamic.datasource.spring.boot.autoconfigure.DynamicDataSourceProperties] is not eligible for getting processed by all BeanPostProcessors (for example: not eligible for auto-proxying)
2020-01-17 10:47:50.014 febs [main] INFO  o.s.c.s.PostProcessorRegistrationDelegate$BeanPostProcessorChecker - Bean 'com.baomidou.dynamic.datasource.spring.boot.autoconfigure.DynamicDataSourceAutoConfiguration' of type [com.baomidou.dynamic.datasource.spring.boot.autoconfigure.DynamicDataSourceAutoConfiguration$$EnhancerBySpringCGLIB$$3fff0552] is not eligible for getting processed by all BeanPostProcessors (for example: not eligible for auto-proxying)
2020-01-17 10:47:50.025 febs [main] INFO  o.s.c.s.PostProcessorRegistrationDelegate$BeanPostProcessorChecker - Bean 'dsProcessor' of type [com.baomidou.dynamic.datasource.processor.DsHeaderProcessor] is not eligible for getting processed by all BeanPostProcessors (for example: not eligible for auto-proxying)
2020-01-17 10:47:50.029 febs [main] INFO  o.s.c.s.PostProcessorRegistrationDelegate$BeanPostProcessorChecker - Bean 'dynamicDatasourceAnnotationAdvisor' of type [com.baomidou.dynamic.datasource.aop.DynamicDataSourceAnnotationAdvisor] is not eligible for getting processed by all BeanPostProcessors (for example: not eligible for auto-proxying)
2020-01-17 10:47:50.045 febs [main] INFO  o.s.c.s.PostProcessorRegistrationDelegate$BeanPostProcessorChecker - Bean 'org.springframework.transaction.annotation.ProxyTransactionManagementConfiguration' of type [org.springframework.transaction.annotation.ProxyTransactionManagementConfiguration$$EnhancerBySpringCGLIB$$d6709481] is not eligible for getting processed by all BeanPostProcessors (for example: not eligible for auto-proxying)
2020-01-17 10:47:50.073 febs [main] INFO  o.s.c.s.PostProcessorRegistrationDelegate$BeanPostProcessorChecker - Bean 'febsProperties' of type [com.neefull.fsp.web.common.properties.FebsProperties$$EnhancerBySpringCGLIB$$c00cc7e4] is not eligible for getting processed by all BeanPostProcessors (for example: not eligible for auto-proxying)
2020-01-17 10:47:50.079 febs [main] INFO  o.s.c.s.PostProcessorRegistrationDelegate$BeanPostProcessorChecker - Bean 'shiroConfig' of type [com.neefull.fsp.web.common.authentication.ShiroConfig$$EnhancerBySpringCGLIB$$9dbdff23] is not eligible for getting processed by all BeanPostProcessors (for example: not eligible for auto-proxying)
2020-01-17 10:47:50.160 febs [main] INFO  o.s.c.s.PostProcessorRegistrationDelegate$BeanPostProcessorChecker - Bean 'mybatis-plus-com.baomidou.mybatisplus.autoconfigure.MybatisPlusProperties' of type [com.baomidou.mybatisplus.autoconfigure.MybatisPlusProperties] is not eligible for getting processed by all BeanPostProcessors (for example: not eligible for auto-proxying)
2020-01-17 10:47:50.172 febs [main] INFO  o.s.c.s.PostProcessorRegistrationDelegate$BeanPostProcessorChecker - Bean 'mybatisPlusConfigure' of type [com.neefull.fsp.web.common.configure.MybatisPlusConfigure$$EnhancerBySpringCGLIB$$b25c7f27] is not eligible for getting processed by all BeanPostProcessors (for example: not eligible for auto-proxying)
2020-01-17 10:47:50.178 febs [main] INFO  o.s.c.s.PostProcessorRegistrationDelegate$BeanPostProcessorChecker - Bean 'paginationInterceptor' of type [com.baomidou.mybatisplus.extension.plugins.PaginationInterceptor] is not eligible for getting processed by all BeanPostProcessors (for example: not eligible for auto-proxying)
2020-01-17 10:47:50.192 febs [main] INFO  o.s.c.s.PostProcessorRegistrationDelegate$BeanPostProcessorChecker - Bean 'com.baomidou.mybatisplus.autoconfigure.MybatisPlusAutoConfiguration' of type [com.baomidou.mybatisplus.autoconfigure.MybatisPlusAutoConfiguration$$EnhancerBySpringCGLIB$$1439011b] is not eligible for getting processed by all BeanPostProcessors (for example: not eligible for auto-proxying)
2020-01-17 10:47:50.203 febs [main] INFO  o.s.c.s.PostProcessorRegistrationDelegate$BeanPostProcessorChecker - Bean 'dynamicDataSourceCreator' of type [com.baomidou.dynamic.datasource.DynamicDataSourceCreator] is not eligible for getting processed by all BeanPostProcessors (for example: not eligible for auto-proxying)
2020-01-17 10:47:50.206 febs [main] INFO  o.s.c.s.PostProcessorRegistrationDelegate$BeanPostProcessorChecker - Bean 'dynamicDataSourceProvider' of type [com.baomidou.dynamic.datasource.provider.YmlDynamicDataSourceProvider] is not eligible for getting processed by all BeanPostProcessors (for example: not eligible for auto-proxying)
2020-01-17 10:47:50.216 febs [main] INFO  com.zaxxer.hikari.HikariDataSource - base - Starting...
2020-01-17 10:47:51.241 febs [main] INFO  com.zaxxer.hikari.HikariDataSource - base - Start completed.
2020-01-17 10:47:51.241 febs [main] INFO  com.zaxxer.hikari.HikariDataSource - quartz - Starting...
2020-01-17 10:47:51.362 febs [main] INFO  com.zaxxer.hikari.HikariDataSource - quartz - Start completed.
2020-01-17 10:47:51.362 febs [main] INFO  c.b.d.d.DynamicRoutingDataSource - 初始共加载 2 个数据源
2020-01-17 10:47:51.362 febs [main] INFO  c.b.d.d.DynamicRoutingDataSource - 动态数据源-加载 quartz 成功
2020-01-17 10:47:51.362 febs [main] INFO  c.b.d.d.DynamicRoutingDataSource - 动态数据源-加载 base 成功
2020-01-17 10:47:51.363 febs [main] INFO  c.b.d.d.DynamicRoutingDataSource - 当前的默认数据源是单数据源，数据源名为 base
2020-01-17 10:47:51.363 febs [main] INFO  o.s.c.s.PostProcessorRegistrationDelegate$BeanPostProcessorChecker - Bean 'dataSource' of type [com.baomidou.dynamic.datasource.DynamicRoutingDataSource] is not eligible for getting processed by all BeanPostProcessors (for example: not eligible for auto-proxying)
2020-01-17 10:47:51.378 febs [main] INFO  o.s.c.s.PostProcessorRegistrationDelegate$BeanPostProcessorChecker - Bean 'spring.datasource-org.springframework.boot.autoconfigure.jdbc.DataSourceProperties' of type [org.springframework.boot.autoconfigure.jdbc.DataSourceProperties] is not eligible for getting processed by all BeanPostProcessors (for example: not eligible for auto-proxying)
2020-01-17 10:47:51.390 febs [main] INFO  o.s.c.s.PostProcessorRegistrationDelegate$BeanPostProcessorChecker - Bean 'org.springframework.boot.autoconfigure.jdbc.DataSourceInitializerInvoker' of type [org.springframework.boot.autoconfigure.jdbc.DataSourceInitializerInvoker] is not eligible for getting processed by all BeanPostProcessors (for example: not eligible for auto-proxying)
2020-01-17 10:47:52.535 febs [main] INFO  o.s.c.s.PostProcessorRegistrationDelegate$BeanPostProcessorChecker - Bean 'sqlSessionFactory' of type [org.apache.ibatis.session.defaults.DefaultSqlSessionFactory] is not eligible for getting processed by all BeanPostProcessors (for example: not eligible for auto-proxying)
2020-01-17 10:47:52.543 febs [main] INFO  o.s.c.s.PostProcessorRegistrationDelegate$BeanPostProcessorChecker - Bean 'sqlSessionTemplate' of type [org.mybatis.spring.SqlSessionTemplate] is not eligible for getting processed by all BeanPostProcessors (for example: not eligible for auto-proxying)
2020-01-17 10:47:52.548 febs [main] INFO  o.s.c.s.PostProcessorRegistrationDelegate$BeanPostProcessorChecker - Bean 'userMapper' of type [org.mybatis.spring.mapper.MapperFactoryBean] is not eligible for getting processed by all BeanPostProcessors (for example: not eligible for auto-proxying)
2020-01-17 10:47:52.552 febs [main] INFO  o.s.c.s.PostProcessorRegistrationDelegate$BeanPostProcessorChecker - Bean 'userMapper' of type [com.sun.proxy.$Proxy113] is not eligible for getting processed by all BeanPostProcessors (for example: not eligible for auto-proxying)
2020-01-17 10:47:52.589 febs [main] INFO  o.s.c.s.PostProcessorRegistrationDelegate$BeanPostProcessorChecker - Bean 'userRoleMapper' of type [org.mybatis.spring.mapper.MapperFactoryBean] is not eligible for getting processed by all BeanPostProcessors (for example: not eligible for auto-proxying)
2020-01-17 10:47:52.590 febs [main] INFO  o.s.c.s.PostProcessorRegistrationDelegate$BeanPostProcessorChecker - Bean 'userRoleMapper' of type [com.sun.proxy.$Proxy115] is not eligible for getting processed by all BeanPostProcessors (for example: not eligible for auto-proxying)
2020-01-17 10:47:52.592 febs [main] INFO  o.s.c.s.PostProcessorRegistrationDelegate$BeanPostProcessorChecker - Bean 'userRoleServiceImpl' of type [com.neefull.fsp.web.system.service.impl.UserRoleServiceImpl] is not eligible for getting processed by all BeanPostProcessors (for example: not eligible for auto-proxying)
2020-01-17 10:47:52.654 febs [main] INFO  o.s.c.s.PostProcessorRegistrationDelegate$BeanPostProcessorChecker - Bean 'authFreelancerMapper' of type [org.mybatis.spring.mapper.MapperFactoryBean] is not eligible for getting processed by all BeanPostProcessors (for example: not eligible for auto-proxying)
2020-01-17 10:47:52.656 febs [main] INFO  o.s.c.s.PostProcessorRegistrationDelegate$BeanPostProcessorChecker - Bean 'authFreelancerMapper' of type [com.sun.proxy.$Proxy117] is not eligible for getting processed by all BeanPostProcessors (for example: not eligible for auto-proxying)
2020-01-17 10:47:52.661 febs [main] INFO  o.s.c.s.PostProcessorRegistrationDelegate$BeanPostProcessorChecker - Bean 'qiniuConfig' of type [com.neefull.fsp.common.config.QiniuConfig$$EnhancerBySpringCGLIB$$5849e678] is not eligible for getting processed by all BeanPostProcessors (for example: not eligible for auto-proxying)
2020-01-17 10:47:52.663 febs [main] INFO  o.s.c.s.PostProcessorRegistrationDelegate$BeanPostProcessorChecker - Bean 'authFreelancerServiceImpl' of type [com.neefull.fsp.web.system.service.impl.AuthFreelancerServiceImpl] is not eligible for getting processed by all BeanPostProcessors (for example: not eligible for auto-proxying)
2020-01-17 10:47:52.690 febs [main] INFO  o.s.c.s.PostProcessorRegistrationDelegate$BeanPostProcessorChecker - Bean 'authCorpMapper' of type [org.mybatis.spring.mapper.MapperFactoryBean] is not eligible for getting processed by all BeanPostProcessors (for example: not eligible for auto-proxying)
2020-01-17 10:47:52.691 febs [main] INFO  o.s.c.s.PostProcessorRegistrationDelegate$BeanPostProcessorChecker - Bean 'authCorpMapper' of type [com.sun.proxy.$Proxy119] is not eligible for getting processed by all BeanPostProcessors (for example: not eligible for auto-proxying)
2020-01-17 10:47:52.695 febs [main] INFO  o.s.c.s.PostProcessorRegistrationDelegate$BeanPostProcessorChecker - Bean 'authCorpServiceImpl' of type [com.neefull.fsp.web.system.service.impl.AuthCorpServiceImpl] is not eligible for getting processed by all BeanPostProcessors (for example: not eligible for auto-proxying)
2020-01-17 10:47:52.721 febs [main] INFO  o.s.c.s.PostProcessorRegistrationDelegate$BeanPostProcessorChecker - Bean 'msgInfoMapper' of type [org.mybatis.spring.mapper.MapperFactoryBean] is not eligible for getting processed by all BeanPostProcessors (for example: not eligible for auto-proxying)
2020-01-17 10:47:52.723 febs [main] INFO  o.s.c.s.PostProcessorRegistrationDelegate$BeanPostProcessorChecker - Bean 'msgInfoMapper' of type [com.sun.proxy.$Proxy121] is not eligible for getting processed by all BeanPostProcessors (for example: not eligible for auto-proxying)
2020-01-17 10:47:52.730 febs [main] INFO  o.s.c.s.PostProcessorRegistrationDelegate$BeanPostProcessorChecker - Bean 'msgUserMapper' of type [org.mybatis.spring.mapper.MapperFactoryBean] is not eligible for getting processed by all BeanPostProcessors (for example: not eligible for auto-proxying)
2020-01-17 10:47:52.731 febs [main] INFO  o.s.c.s.PostProcessorRegistrationDelegate$BeanPostProcessorChecker - Bean 'msgUserMapper' of type [com.sun.proxy.$Proxy122] is not eligible for getting processed by all BeanPostProcessors (for example: not eligible for auto-proxying)
2020-01-17 10:47:52.732 febs [main] INFO  o.s.c.s.PostProcessorRegistrationDelegate$BeanPostProcessorChecker - Bean 'msgUserServiceImpl' of type [com.neefull.fsp.web.system.service.impl.MsgUserServiceImpl] is not eligible for getting processed by all BeanPostProcessors (for example: not eligible for auto-proxying)
2020-01-17 10:47:52.772 febs [main] INFO  o.s.c.s.PostProcessorRegistrationDelegate$BeanPostProcessorChecker - Bean 'msgInfoServiceImpl' of type [com.neefull.fsp.web.system.service.impl.MsgInfoServiceImpl] is not eligible for getting processed by all BeanPostProcessors (for example: not eligible for auto-proxying)
2020-01-17 10:47:52.789 febs [main] INFO  o.s.c.s.PostProcessorRegistrationDelegate$BeanPostProcessorChecker - Bean 'userServiceImpl' of type [com.neefull.fsp.web.system.service.impl.UserServiceImpl] is not eligible for getting processed by all BeanPostProcessors (for example: not eligible for auto-proxying)
2020-01-17 10:47:52.799 febs [main] INFO  o.s.c.s.PostProcessorRegistrationDelegate$BeanPostProcessorChecker - Bean 'roleMapper' of type [org.mybatis.spring.mapper.MapperFactoryBean] is not eligible for getting processed by all BeanPostProcessors (for example: not eligible for auto-proxying)
2020-01-17 10:47:52.800 febs [main] INFO  o.s.c.s.PostProcessorRegistrationDelegate$BeanPostProcessorChecker - Bean 'roleMapper' of type [com.sun.proxy.$Proxy126] is not eligible for getting processed by all BeanPostProcessors (for example: not eligible for auto-proxying)
2020-01-17 10:47:52.809 febs [main] INFO  o.s.c.s.PostProcessorRegistrationDelegate$BeanPostProcessorChecker - Bean 'roleMenuMapper' of type [org.mybatis.spring.mapper.MapperFactoryBean] is not eligible for getting processed by all BeanPostProcessors (for example: not eligible for auto-proxying)
2020-01-17 10:47:52.811 febs [main] INFO  o.s.c.s.PostProcessorRegistrationDelegate$BeanPostProcessorChecker - Bean 'roleMenuMapper' of type [com.sun.proxy.$Proxy127] is not eligible for getting processed by all BeanPostProcessors (for example: not eligible for auto-proxying)
2020-01-17 10:47:52.812 febs [main] INFO  o.s.c.s.PostProcessorRegistrationDelegate$BeanPostProcessorChecker - Bean 'roleMenuServiceImpl' of type [com.neefull.fsp.web.system.service.impl.RoleMenuServiceImpl] is not eligible for getting processed by all BeanPostProcessors (for example: not eligible for auto-proxying)
2020-01-17 10:47:52.830 febs [main] INFO  o.s.c.s.PostProcessorRegistrationDelegate$BeanPostProcessorChecker - Bean 'roleServiceImpl' of type [com.neefull.fsp.web.system.service.impl.RoleServiceImpl] is not eligible for getting processed by all BeanPostProcessors (for example: not eligible for auto-proxying)
2020-01-17 10:47:52.855 febs [main] INFO  o.s.c.s.PostProcessorRegistrationDelegate$BeanPostProcessorChecker - Bean 'menuMapper' of type [org.mybatis.spring.mapper.MapperFactoryBean] is not eligible for getting processed by all BeanPostProcessors (for example: not eligible for auto-proxying)
2020-01-17 10:47:52.856 febs [main] INFO  o.s.c.s.PostProcessorRegistrationDelegate$BeanPostProcessorChecker - Bean 'menuMapper' of type [com.sun.proxy.$Proxy130] is not eligible for getting processed by all BeanPostProcessors (for example: not eligible for auto-proxying)
2020-01-17 10:47:52.860 febs [main] INFO  o.s.c.s.PostProcessorRegistrationDelegate$BeanPostProcessorChecker - Bean 'menuServiceImpl' of type [com.neefull.fsp.web.system.service.impl.MenuServiceImpl] is not eligible for getting processed by all BeanPostProcessors (for example: not eligible for auto-proxying)
2020-01-17 10:47:52.877 febs [main] INFO  o.s.c.s.PostProcessorRegistrationDelegate$BeanPostProcessorChecker - Bean 'shiroRealm' of type [com.neefull.fsp.web.common.authentication.ShiroRealm] is not eligible for getting processed by all BeanPostProcessors (for example: not eligible for auto-proxying)
2020-01-17 10:47:52.910 febs [main] INFO  o.s.c.s.PostProcessorRegistrationDelegate$BeanPostProcessorChecker - Bean 'redisSessionDAO' of type [org.crazycake.shiro.RedisSessionDAO] is not eligible for getting processed by all BeanPostProcessors (for example: not eligible for auto-proxying)
2020-01-17 10:47:52.916 febs [main] INFO  o.s.c.s.PostProcessorRegistrationDelegate$BeanPostProcessorChecker - Bean 'sessionManager' of type [org.apache.shiro.web.session.mgt.DefaultWebSessionManager] is not eligible for getting processed by all BeanPostProcessors (for example: not eligible for auto-proxying)
2020-01-17 10:47:52.930 febs [main] INFO  o.s.c.s.PostProcessorRegistrationDelegate$BeanPostProcessorChecker - Bean 'securityManager' of type [org.apache.shiro.web.mgt.DefaultWebSecurityManager] is not eligible for getting processed by all BeanPostProcessors (for example: not eligible for auto-proxying)
2020-01-17 10:47:52.949 febs [main] INFO  o.s.c.s.PostProcessorRegistrationDelegate$BeanPostProcessorChecker - Bean 'authorizationAttributeSourceAdvisor' of type [org.apache.shiro.spring.security.interceptor.AuthorizationAttributeSourceAdvisor] is not eligible for getting processed by all BeanPostProcessors (for example: not eligible for auto-proxying)
2020-01-17 10:47:53.296 febs [main] INFO  o.s.b.w.e.tomcat.TomcatWebServer - Tomcat initialized with port(s): 8083 (http)
2020-01-17 10:47:53.313 febs [main] INFO  o.a.coyote.http11.Http11NioProtocol - Initializing ProtocolHandler ["http-nio-8083"]
2020-01-17 10:47:53.322 febs [main] INFO  o.a.catalina.core.StandardService - Starting service [Tomcat]
2020-01-17 10:47:53.322 febs [main] INFO  o.a.catalina.core.StandardEngine - Starting Servlet engine: [Apache Tomcat/9.0.19]
2020-01-17 10:47:53.606 febs [main] INFO  o.a.c.c.C.[Tomcat].[localhost].[/] - Initializing Spring embedded WebApplicationContext
2020-01-17 10:47:53.606 febs [main] INFO  o.s.web.context.ContextLoader - Root WebApplicationContext: initialization completed in 6513 ms
2020-01-17 10:47:54.284 febs [main] INFO  c.n.fsp.web.common.xss.XssFilter - ------------ xss filter init ------------
2020-01-17 10:47:54.496 febs [main] INFO  o.h.jpa.internal.util.LogHelper - HHH000204: Processing PersistenceUnitInfo [
	name: default
	...]
2020-01-17 10:47:54.592 febs [main] INFO  org.hibernate.Version - HHH000412: Hibernate Core {5.3.10.Final}
2020-01-17 10:47:54.594 febs [main] INFO  org.hibernate.cfg.Environment - HHH000206: hibernate.properties not found
2020-01-17 10:47:54.793 febs [main] INFO  o.h.annotations.common.Version - HCANN000001: Hibernate Commons Annotations {5.0.4.Final}
2020-01-17 10:47:55.159 febs [main] INFO  org.hibernate.dialect.Dialect - HHH000400: Using dialect: org.hibernate.dialect.MySQL5Dialect
2020-01-17 10:47:55.597 febs [main] INFO  o.s.o.j.LocalContainerEntityManagerFactoryBean - Initialized JPA EntityManagerFactory for persistence unit 'default'
2020-01-17 10:47:56.020 febs [main] INFO  org.quartz.impl.StdSchedulerFactory - Using default implementation for ThreadExecutor
2020-01-17 10:47:56.036 febs [main] INFO  o.quartz.core.SchedulerSignalerImpl - Initialized Scheduler Signaller of type: class org.quartz.core.SchedulerSignalerImpl
2020-01-17 10:47:56.036 febs [main] INFO  org.quartz.core.QuartzScheduler - Quartz Scheduler v.2.3.1 created.
2020-01-17 10:47:56.045 febs [main] INFO  o.s.s.quartz.LocalDataSourceJobStore - Using db table-based data access locking (synchronization).
2020-01-17 10:47:56.047 febs [main] INFO  o.s.s.quartz.LocalDataSourceJobStore - JobStoreCMT initialized.
2020-01-17 10:47:56.048 febs [main] INFO  org.quartz.core.QuartzScheduler - Scheduler meta-data: Quartz Scheduler (v2.3.1) 'FEBS_Scheduler' with instanceId 'DESKTOP-BSUER0M1579229276021'
  Scheduler class: 'org.quartz.core.QuartzScheduler' - running locally.
  NOT STARTED.
  Currently in standby mode.
  Number of jobs executed: 0
  Using thread pool 'org.quartz.simpl.SimpleThreadPool' - with 20 threads.
  Using job-store 'org.springframework.scheduling.quartz.LocalDataSourceJobStore' - which supports persistence. and is clustered.

2020-01-17 10:47:56.048 febs [main] INFO  org.quartz.impl.StdSchedulerFactory - Quartz scheduler 'FEBS_Scheduler' initialized from an externally provided properties instance.
2020-01-17 10:47:56.048 febs [main] INFO  org.quartz.impl.StdSchedulerFactory - Quartz scheduler version: 2.3.1
2020-01-17 10:47:56.050 febs [main] INFO  org.quartz.core.QuartzScheduler - JobFactory set to: org.springframework.scheduling.quartz.AdaptableJobFactory@485547ac
2020-01-17 10:47:56.724 febs [main] INFO  o.s.s.c.ThreadPoolTaskExecutor - Initializing ExecutorService
2020-01-17 10:47:56.726 febs [main] INFO  o.s.s.c.ThreadPoolTaskExecutor - Initializing ExecutorService 'febsAsyncThreadPool'
2020-01-17 10:47:57.453 febs [main] INFO  o.a.engine.impl.ProcessEngineImpl - ProcessEngine default created
2020-01-17 10:47:57.454 febs [main] INFO  o.a.e.i.a.AbstractAsyncJobExecutor - Starting up the default async job executor [org.activiti.spring.SpringAsyncExecutor].
2020-01-17 10:47:57.455 febs [Thread-25] INFO  o.a.e.i.a.AcquireTimerJobsRunnable - starting to acquire async jobs due
2020-01-17 10:47:57.455 febs [Thread-26] INFO  o.a.e.i.a.AcquireAsyncJobsDueRunnable - starting to acquire async jobs due
2020-01-17 10:47:58.448 febs [main] INFO  o.s.b.a.w.s.WelcomePageHandlerMapping - Adding welcome page template: index
2020-01-17 10:47:59.389 febs [main] INFO  o.s.b.a.e.web.EndpointLinksResolver - Exposing 2 endpoint(s) beneath base path '/actuator'
2020-01-17 10:47:59.492 febs [main] INFO  o.s.s.quartz.SchedulerFactoryBean - Will start Quartz Scheduler [FEBS_Scheduler] in 1 seconds
2020-01-17 10:47:59.507 febs [main] INFO  o.a.coyote.http11.Http11NioProtocol - Starting ProtocolHandler ["http-nio-8083"]
2020-01-17 10:47:59.539 febs [main] INFO  o.s.b.w.e.tomcat.TomcatWebServer - Tomcat started on port(s): 8083 (http) with context path ''
2020-01-17 10:47:59.542 febs [main] INFO  com.neefull.fsp.web.AdminApplication - Started AdminApplication in 13.614 seconds (JVM running for 15.916)
2020-01-17 10:47:59.570 febs [main] INFO  c.n.f.w.c.runner.FebsStartedUpRunner -  __    ___   _      ___   _     ____ _____  ____ 
2020-01-17 10:47:59.570 febs [main] INFO  c.n.f.w.c.runner.FebsStartedUpRunner - / /`  / / \ | |\/| | |_) | |   | |_   | |  | |_  
2020-01-17 10:47:59.570 febs [main] INFO  c.n.f.w.c.runner.FebsStartedUpRunner - \_\_, \_\_/ |_|  | |_|   |_|__ |_|__  |_|  |_|__ 
2020-01-17 10:47:59.570 febs [main] INFO  c.n.f.w.c.runner.FebsStartedUpRunner -                                                       
2020-01-17 10:47:59.570 febs [main] INFO  c.n.f.w.c.runner.FebsStartedUpRunner - FLP系统启动完毕，地址：http://192.168.0.131:8083/login
2020-01-17 10:47:59.787 febs [RMI TCP Connection(4)-127.0.0.1] INFO  o.a.c.c.C.[Tomcat].[localhost].[/] - Initializing Spring DispatcherServlet 'dispatcherServlet'
2020-01-17 10:47:59.787 febs [RMI TCP Connection(4)-127.0.0.1] INFO  o.s.web.servlet.DispatcherServlet - Initializing Servlet 'dispatcherServlet'
2020-01-17 10:47:59.806 febs [RMI TCP Connection(4)-127.0.0.1] INFO  o.s.web.servlet.DispatcherServlet - Completed initialization in 19 ms
2020-01-17 10:48:00.493 febs [Quartz Scheduler [FEBS_Scheduler]] INFO  o.s.s.quartz.SchedulerFactoryBean - Starting Quartz Scheduler now, after delay of 1 seconds
2020-01-17 10:48:00.573 febs [Quartz Scheduler [FEBS_Scheduler]] INFO  org.quartz.core.QuartzScheduler - Scheduler FEBS_Scheduler_$_DESKTOP-BSUER0M1579229276021 started.
2020-01-17 10:48:33.586 febs [http-nio-8083-exec-1] INFO  o.a.s.s.m.AbstractValidatingSessionManager - Enabling session validation scheduler...
2020-01-17 10:48:41.456 febs [http-nio-8083-exec-4] INFO  c.n.f.web.common.aspect.LimitAspect - IP:192.168.0.131 第 1 次访问key为 [limit_login192.168.0.131]，描述为 [登录接口] 的接口
2020-01-17 10:50:30.856 febs [QuartzScheduler_FEBS_Scheduler-DESKTOP-BSUER0M1579229276021_ClusterManager] INFO  o.s.s.quartz.LocalDataSourceJobStore - ClusterManager: detected 1 failed or restarted instances.
2020-01-17 10:50:30.856 febs [QuartzScheduler_FEBS_Scheduler-DESKTOP-BSUER0M1579229276021_ClusterManager] INFO  o.s.s.quartz.LocalDataSourceJobStore - ClusterManager: Scanning for instance "ceshi1579158250662"'s failed in-progress jobs.
2020-01-17 11:08:03.129 febs [QuartzScheduler_FEBS_Scheduler-DESKTOP-BSUER0M1579229276021_ClusterManager] INFO  o.s.s.quartz.LocalDataSourceJobStore - ClusterManager: detected 1 failed or restarted instances.
2020-01-17 11:08:03.129 febs [QuartzScheduler_FEBS_Scheduler-DESKTOP-BSUER0M1579229276021_ClusterManager] INFO  o.s.s.quartz.LocalDataSourceJobStore - ClusterManager: Scanning for instance "ceshi1579229607675"'s failed in-progress jobs.
