2019-08-15 17:38:13.754 febs [main] INFO  com.neefull.fsp.AdminApplication - Starting AdminApplication on pc-wangpei with PID 21500 (D:\workspace\workspace_open\fsp\admin-web\target\classes started by Thinkpad in D:\workspace\workspace_open\fsp)
2019-08-15 17:38:13.891 febs [main] INFO  com.neefull.fsp.AdminApplication - The following profiles are active: dev
2019-08-15 17:38:20.445 febs [main] INFO  o.s.d.r.c.RepositoryConfigurationDelegate - Multiple Spring Data modules found, entering strict repository configuration mode!
2019-08-15 17:38:20.458 febs [main] INFO  o.s.d.r.c.RepositoryConfigurationDelegate - Bootstrapping Spring Data repositories in DEFAULT mode.
2019-08-15 17:38:20.736 febs [main] INFO  o.s.d.r.c.RepositoryConfigurationDelegate - Finished Spring Data repository scanning in 191ms. Found 0 repository interfaces.
2019-08-15 17:38:23.174 febs [main] INFO  o.s.c.s.PostProcessorRegistrationDelegate$BeanPostProcessorChecker - Bean 'spring.datasource.dynamic-com.baomidou.dynamic.datasource.spring.boot.autoconfigure.DynamicDataSourceProperties' of type [com.baomidou.dynamic.datasource.spring.boot.autoconfigure.DynamicDataSourceProperties] is not eligible for getting processed by all BeanPostProcessors (for example: not eligible for auto-proxying)
2019-08-15 17:38:24.030 febs [main] INFO  o.s.c.s.PostProcessorRegistrationDelegate$BeanPostProcessorChecker - Bean 'com.baomidou.dynamic.datasource.spring.boot.autoconfigure.DynamicDataSourceAutoConfiguration' of type [com.baomidou.dynamic.datasource.spring.boot.autoconfigure.DynamicDataSourceAutoConfiguration$$EnhancerBySpringCGLIB$$b96a0423] is not eligible for getting processed by all BeanPostProcessors (for example: not eligible for auto-proxying)
2019-08-15 17:38:24.080 febs [main] INFO  o.s.c.s.PostProcessorRegistrationDelegate$BeanPostProcessorChecker - Bean 'dsProcessor' of type [com.baomidou.dynamic.datasource.processor.DsHeaderProcessor] is not eligible for getting processed by all BeanPostProcessors (for example: not eligible for auto-proxying)
2019-08-15 17:38:24.098 febs [main] INFO  o.s.c.s.PostProcessorRegistrationDelegate$BeanPostProcessorChecker - Bean 'dynamicDatasourceAnnotationAdvisor' of type [com.baomidou.dynamic.datasource.aop.DynamicDataSourceAnnotationAdvisor] is not eligible for getting processed by all BeanPostProcessors (for example: not eligible for auto-proxying)
2019-08-15 17:38:24.167 febs [main] INFO  o.s.c.s.PostProcessorRegistrationDelegate$BeanPostProcessorChecker - Bean 'org.springframework.transaction.annotation.ProxyTransactionManagementConfiguration' of type [org.springframework.transaction.annotation.ProxyTransactionManagementConfiguration$$EnhancerBySpringCGLIB$$4fdb9352] is not eligible for getting processed by all BeanPostProcessors (for example: not eligible for auto-proxying)
2019-08-15 17:38:24.332 febs [main] INFO  o.s.c.s.PostProcessorRegistrationDelegate$BeanPostProcessorChecker - Bean 'febsProperties' of type [com.neefull.fsp.common.properties.FebsProperties$$EnhancerBySpringCGLIB$$5025729b] is not eligible for getting processed by all BeanPostProcessors (for example: not eligible for auto-proxying)
2019-08-15 17:38:24.367 febs [main] INFO  o.s.c.s.PostProcessorRegistrationDelegate$BeanPostProcessorChecker - Bean 'shiroConfig' of type [com.neefull.fsp.common.authentication.ShiroConfig$$EnhancerBySpringCGLIB$$d630cece] is not eligible for getting processed by all BeanPostProcessors (for example: not eligible for auto-proxying)
2019-08-15 17:38:24.934 febs [main] INFO  o.s.c.s.PostProcessorRegistrationDelegate$BeanPostProcessorChecker - Bean 'mybatis-plus-com.baomidou.mybatisplus.autoconfigure.MybatisPlusProperties' of type [com.baomidou.mybatisplus.autoconfigure.MybatisPlusProperties] is not eligible for getting processed by all BeanPostProcessors (for example: not eligible for auto-proxying)
2019-08-15 17:38:24.986 febs [main] INFO  o.s.c.s.PostProcessorRegistrationDelegate$BeanPostProcessorChecker - Bean 'mybatisPlusConfigure' of type [com.neefull.fsp.common.configure.MybatisPlusConfigure$$EnhancerBySpringCGLIB$$8e6751d2] is not eligible for getting processed by all BeanPostProcessors (for example: not eligible for auto-proxying)
2019-08-15 17:38:25.040 febs [main] INFO  o.s.c.s.PostProcessorRegistrationDelegate$BeanPostProcessorChecker - Bean 'paginationInterceptor' of type [com.baomidou.mybatisplus.extension.plugins.PaginationInterceptor] is not eligible for getting processed by all BeanPostProcessors (for example: not eligible for auto-proxying)
2019-08-15 17:38:25.146 febs [main] INFO  o.s.c.s.PostProcessorRegistrationDelegate$BeanPostProcessorChecker - Bean 'com.baomidou.mybatisplus.autoconfigure.MybatisPlusAutoConfiguration' of type [com.baomidou.mybatisplus.autoconfigure.MybatisPlusAutoConfiguration$$EnhancerBySpringCGLIB$$8da3ffec] is not eligible for getting processed by all BeanPostProcessors (for example: not eligible for auto-proxying)
2019-08-15 17:38:25.208 febs [main] INFO  o.s.c.s.PostProcessorRegistrationDelegate$BeanPostProcessorChecker - Bean 'dynamicDataSourceCreator' of type [com.baomidou.dynamic.datasource.DynamicDataSourceCreator] is not eligible for getting processed by all BeanPostProcessors (for example: not eligible for auto-proxying)
2019-08-15 17:38:25.220 febs [main] INFO  o.s.c.s.PostProcessorRegistrationDelegate$BeanPostProcessorChecker - Bean 'dynamicDataSourceProvider' of type [com.baomidou.dynamic.datasource.provider.YmlDynamicDataSourceProvider] is not eligible for getting processed by all BeanPostProcessors (for example: not eligible for auto-proxying)
2019-08-15 17:38:25.239 febs [main] INFO  c.b.d.d.DynamicRoutingDataSource - 动态数据源-检测到并开启了p6spy
2019-08-15 17:38:25.286 febs [main] INFO  com.zaxxer.hikari.HikariDataSource - base - Starting...
2019-08-15 17:38:26.557 febs [main] INFO  com.zaxxer.hikari.HikariDataSource - base - Start completed.
2019-08-15 17:38:26.559 febs [main] INFO  com.zaxxer.hikari.HikariDataSource - quartz - Starting...
2019-08-15 17:38:26.602 febs [main] INFO  com.zaxxer.hikari.HikariDataSource - quartz - Start completed.
2019-08-15 17:38:26.604 febs [main] INFO  c.b.d.d.DynamicRoutingDataSource - 初始共加载 2 个数据源
2019-08-15 17:38:26.605 febs [main] INFO  c.b.d.d.DynamicRoutingDataSource - 动态数据源-加载 quartz 成功
2019-08-15 17:38:26.606 febs [main] INFO  c.b.d.d.DynamicRoutingDataSource - 动态数据源-加载 base 成功
2019-08-15 17:38:26.607 febs [main] INFO  c.b.d.d.DynamicRoutingDataSource - 当前的默认数据源是单数据源，数据源名为 base
2019-08-15 17:38:26.609 febs [main] INFO  o.s.c.s.PostProcessorRegistrationDelegate$BeanPostProcessorChecker - Bean 'dataSource' of type [com.baomidou.dynamic.datasource.DynamicRoutingDataSource] is not eligible for getting processed by all BeanPostProcessors (for example: not eligible for auto-proxying)
2019-08-15 17:38:26.715 febs [main] INFO  o.s.c.s.PostProcessorRegistrationDelegate$BeanPostProcessorChecker - Bean 'spring.datasource-org.springframework.boot.autoconfigure.jdbc.DataSourceProperties' of type [org.springframework.boot.autoconfigure.jdbc.DataSourceProperties] is not eligible for getting processed by all BeanPostProcessors (for example: not eligible for auto-proxying)
2019-08-15 17:38:26.855 febs [main] INFO  o.s.c.s.PostProcessorRegistrationDelegate$BeanPostProcessorChecker - Bean 'org.springframework.boot.autoconfigure.jdbc.DataSourceInitializerInvoker' of type [org.springframework.boot.autoconfigure.jdbc.DataSourceInitializerInvoker] is not eligible for getting processed by all BeanPostProcessors (for example: not eligible for auto-proxying)
2019-08-15 17:38:29.916 febs [main] INFO  o.s.c.s.PostProcessorRegistrationDelegate$BeanPostProcessorChecker - Bean 'sqlSessionFactory' of type [org.apache.ibatis.session.defaults.DefaultSqlSessionFactory] is not eligible for getting processed by all BeanPostProcessors (for example: not eligible for auto-proxying)
2019-08-15 17:38:29.942 febs [main] INFO  o.s.c.s.PostProcessorRegistrationDelegate$BeanPostProcessorChecker - Bean 'sqlSessionTemplate' of type [org.mybatis.spring.SqlSessionTemplate] is not eligible for getting processed by all BeanPostProcessors (for example: not eligible for auto-proxying)
2019-08-15 17:38:29.968 febs [main] INFO  o.s.c.s.PostProcessorRegistrationDelegate$BeanPostProcessorChecker - Bean 'userMapper' of type [org.mybatis.spring.mapper.MapperFactoryBean] is not eligible for getting processed by all BeanPostProcessors (for example: not eligible for auto-proxying)
2019-08-15 17:38:29.983 febs [main] INFO  o.s.c.s.PostProcessorRegistrationDelegate$BeanPostProcessorChecker - Bean 'userMapper' of type [com.sun.proxy.$Proxy109] is not eligible for getting processed by all BeanPostProcessors (for example: not eligible for auto-proxying)
2019-08-15 17:38:30.116 febs [main] INFO  o.s.c.s.PostProcessorRegistrationDelegate$BeanPostProcessorChecker - Bean 'userRoleMapper' of type [org.mybatis.spring.mapper.MapperFactoryBean] is not eligible for getting processed by all BeanPostProcessors (for example: not eligible for auto-proxying)
2019-08-15 17:38:30.120 febs [main] INFO  o.s.c.s.PostProcessorRegistrationDelegate$BeanPostProcessorChecker - Bean 'userRoleMapper' of type [com.sun.proxy.$Proxy111] is not eligible for getting processed by all BeanPostProcessors (for example: not eligible for auto-proxying)
2019-08-15 17:38:30.125 febs [main] INFO  o.s.c.s.PostProcessorRegistrationDelegate$BeanPostProcessorChecker - Bean 'userRoleServiceImpl' of type [com.neefull.fsp.system.service.impl.UserRoleServiceImpl] is not eligible for getting processed by all BeanPostProcessors (for example: not eligible for auto-proxying)
2019-08-15 17:38:30.365 febs [main] INFO  o.s.c.s.PostProcessorRegistrationDelegate$BeanPostProcessorChecker - Bean 'userServiceImpl' of type [com.neefull.fsp.system.service.impl.UserServiceImpl] is not eligible for getting processed by all BeanPostProcessors (for example: not eligible for auto-proxying)
2019-08-15 17:38:30.480 febs [main] INFO  o.s.c.s.PostProcessorRegistrationDelegate$BeanPostProcessorChecker - Bean 'roleMapper' of type [org.mybatis.spring.mapper.MapperFactoryBean] is not eligible for getting processed by all BeanPostProcessors (for example: not eligible for auto-proxying)
2019-08-15 17:38:30.486 febs [main] INFO  o.s.c.s.PostProcessorRegistrationDelegate$BeanPostProcessorChecker - Bean 'roleMapper' of type [com.sun.proxy.$Proxy114] is not eligible for getting processed by all BeanPostProcessors (for example: not eligible for auto-proxying)
2019-08-15 17:38:30.522 febs [main] INFO  o.s.c.s.PostProcessorRegistrationDelegate$BeanPostProcessorChecker - Bean 'roleMenuMapper' of type [org.mybatis.spring.mapper.MapperFactoryBean] is not eligible for getting processed by all BeanPostProcessors (for example: not eligible for auto-proxying)
2019-08-15 17:38:30.528 febs [main] INFO  o.s.c.s.PostProcessorRegistrationDelegate$BeanPostProcessorChecker - Bean 'roleMenuMapper' of type [com.sun.proxy.$Proxy115] is not eligible for getting processed by all BeanPostProcessors (for example: not eligible for auto-proxying)
2019-08-15 17:38:30.533 febs [main] INFO  o.s.c.s.PostProcessorRegistrationDelegate$BeanPostProcessorChecker - Bean 'roleMenuServiceImpl' of type [com.neefull.fsp.system.service.impl.RoleMenuServiceImpl] is not eligible for getting processed by all BeanPostProcessors (for example: not eligible for auto-proxying)
2019-08-15 17:38:30.631 febs [main] INFO  o.s.c.s.PostProcessorRegistrationDelegate$BeanPostProcessorChecker - Bean 'roleServiceImpl' of type [com.neefull.fsp.system.service.impl.RoleServiceImpl] is not eligible for getting processed by all BeanPostProcessors (for example: not eligible for auto-proxying)
2019-08-15 17:38:30.750 febs [main] INFO  o.s.c.s.PostProcessorRegistrationDelegate$BeanPostProcessorChecker - Bean 'menuMapper' of type [org.mybatis.spring.mapper.MapperFactoryBean] is not eligible for getting processed by all BeanPostProcessors (for example: not eligible for auto-proxying)
2019-08-15 17:38:30.756 febs [main] INFO  o.s.c.s.PostProcessorRegistrationDelegate$BeanPostProcessorChecker - Bean 'menuMapper' of type [com.sun.proxy.$Proxy118] is not eligible for getting processed by all BeanPostProcessors (for example: not eligible for auto-proxying)
2019-08-15 17:38:30.769 febs [main] INFO  o.s.c.s.PostProcessorRegistrationDelegate$BeanPostProcessorChecker - Bean 'menuServiceImpl' of type [com.neefull.fsp.system.service.impl.MenuServiceImpl] is not eligible for getting processed by all BeanPostProcessors (for example: not eligible for auto-proxying)
2019-08-15 17:38:30.841 febs [main] INFO  o.s.c.s.PostProcessorRegistrationDelegate$BeanPostProcessorChecker - Bean 'shiroRealm' of type [com.neefull.fsp.common.authentication.ShiroRealm] is not eligible for getting processed by all BeanPostProcessors (for example: not eligible for auto-proxying)
2019-08-15 17:38:32.766 febs [main] INFO  o.s.c.s.PostProcessorRegistrationDelegate$BeanPostProcessorChecker - Bean 'redisSessionDAO' of type [org.crazycake.shiro.RedisSessionDAO] is not eligible for getting processed by all BeanPostProcessors (for example: not eligible for auto-proxying)
2019-08-15 17:38:32.786 febs [main] INFO  o.s.c.s.PostProcessorRegistrationDelegate$BeanPostProcessorChecker - Bean 'sessionManager' of type [org.apache.shiro.web.session.mgt.DefaultWebSessionManager] is not eligible for getting processed by all BeanPostProcessors (for example: not eligible for auto-proxying)
2019-08-15 17:38:32.817 febs [main] INFO  o.s.c.s.PostProcessorRegistrationDelegate$BeanPostProcessorChecker - Bean 'securityManager' of type [org.apache.shiro.web.mgt.DefaultWebSecurityManager] is not eligible for getting processed by all BeanPostProcessors (for example: not eligible for auto-proxying)
2019-08-15 17:38:32.875 febs [main] INFO  o.s.c.s.PostProcessorRegistrationDelegate$BeanPostProcessorChecker - Bean 'authorizationAttributeSourceAdvisor' of type [org.apache.shiro.spring.security.interceptor.AuthorizationAttributeSourceAdvisor] is not eligible for getting processed by all BeanPostProcessors (for example: not eligible for auto-proxying)
2019-08-15 17:38:34.487 febs [main] INFO  o.s.b.w.e.tomcat.TomcatWebServer - Tomcat initialized with port(s): 8080 (http)
2019-08-15 17:38:34.577 febs [main] INFO  o.a.coyote.http11.Http11NioProtocol - Initializing ProtocolHandler ["http-nio-8080"]
2019-08-15 17:38:34.638 febs [main] INFO  o.a.catalina.core.StandardService - Starting service [Tomcat]
2019-08-15 17:38:34.641 febs [main] INFO  o.a.catalina.core.StandardEngine - Starting Servlet engine: [Apache Tomcat/9.0.22]
2019-08-15 17:38:35.515 febs [main] INFO  o.a.c.c.C.[Tomcat].[localhost].[/] - Initializing Spring embedded WebApplicationContext
2019-08-15 17:38:35.516 febs [main] INFO  o.s.web.context.ContextLoader - Root WebApplicationContext: initialization completed in 21406 ms
2019-08-15 17:38:39.000 febs [main] INFO  com.neefull.fsp.common.xss.XssFilter - ------------ xss filter init ------------
2019-08-15 17:38:40.399 febs [main] INFO  org.quartz.impl.StdSchedulerFactory - Using default implementation for ThreadExecutor
2019-08-15 17:38:40.444 febs [main] INFO  o.quartz.core.SchedulerSignalerImpl - Initialized Scheduler Signaller of type: class org.quartz.core.SchedulerSignalerImpl
2019-08-15 17:38:40.445 febs [main] INFO  org.quartz.core.QuartzScheduler - Quartz Scheduler v.2.3.1 created.
2019-08-15 17:38:40.470 febs [main] INFO  o.s.s.quartz.LocalDataSourceJobStore - Using db table-based data access locking (synchronization).
2019-08-15 17:38:40.477 febs [main] INFO  o.s.s.quartz.LocalDataSourceJobStore - JobStoreCMT initialized.
2019-08-15 17:38:40.479 febs [main] INFO  org.quartz.core.QuartzScheduler - Scheduler meta-data: Quartz Scheduler (v2.3.1) 'FEBS_Scheduler' with instanceId 'pc-wangpei1565861920403'
  Scheduler class: 'org.quartz.core.QuartzScheduler' - running locally.
  NOT STARTED.
  Currently in standby mode.
  Number of jobs executed: 0
  Using thread pool 'org.quartz.simpl.SimpleThreadPool' - with 20 threads.
  Using job-store 'org.springframework.scheduling.quartz.LocalDataSourceJobStore' - which supports persistence. and is clustered.

2019-08-15 17:38:40.480 febs [main] INFO  org.quartz.impl.StdSchedulerFactory - Quartz scheduler 'FEBS_Scheduler' initialized from an externally provided properties instance.
2019-08-15 17:38:40.480 febs [main] INFO  org.quartz.impl.StdSchedulerFactory - Quartz scheduler version: 2.3.1
2019-08-15 17:38:40.485 febs [main] INFO  org.quartz.core.QuartzScheduler - JobFactory set to: org.springframework.scheduling.quartz.AdaptableJobFactory@6338afe2
2019-08-15 17:38:40.774 febs [main] INFO  p6spy - 2019-08-15 17:38:40 | 耗时 9 ms | SQL 语句：
SELECT job_id jobId, bean_name beanName, method_name methodName, params, cron_expression cronExpression, status, remark, create_time createTime FROM t_job ORDER BY job_id;
2019-08-15 17:38:42.395 febs [main] INFO  o.s.s.c.ThreadPoolTaskExecutor - Initializing ExecutorService
2019-08-15 17:38:42.401 febs [main] INFO  o.s.s.c.ThreadPoolTaskExecutor - Initializing ExecutorService 'febsAsyncThreadPool'
2019-08-15 17:38:44.286 febs [main] INFO  o.s.b.a.w.s.WelcomePageHandlerMapping - Adding welcome page template: index
2019-08-15 17:38:50.892 febs [main] INFO  o.s.b.a.e.web.EndpointLinksResolver - Exposing 2 endpoint(s) beneath base path '/actuator'
2019-08-15 17:38:51.695 febs [main] INFO  o.s.s.quartz.SchedulerFactoryBean - Will start Quartz Scheduler [FEBS_Scheduler] in 1 seconds
2019-08-15 17:38:51.766 febs [main] INFO  o.a.coyote.http11.Http11NioProtocol - Starting ProtocolHandler ["http-nio-8080"]
2019-08-15 17:38:51.902 febs [main] INFO  o.s.b.w.e.tomcat.TomcatWebServer - Tomcat started on port(s): 8080 (http) with context path ''
2019-08-15 17:38:51.921 febs [main] INFO  com.neefull.fsp.AdminApplication - Started AdminApplication in 40.791 seconds (JVM running for 46.356)
2019-08-15 17:38:52.042 febs [main] INFO  c.n.f.c.runner.FebsStartedUpRunner -  __    ___   _      ___   _     ____ _____  ____ 
2019-08-15 17:38:52.043 febs [main] INFO  c.n.f.c.runner.FebsStartedUpRunner - / /`  / / \ | |\/| | |_) | |   | |_   | |  | |_  
2019-08-15 17:38:52.043 febs [main] INFO  c.n.f.c.runner.FebsStartedUpRunner - \_\_, \_\_/ |_|  | |_|   |_|__ |_|__  |_|  |_|__ 
2019-08-15 17:38:52.043 febs [main] INFO  c.n.f.c.runner.FebsStartedUpRunner -                                                       
2019-08-15 17:38:52.044 febs [main] INFO  c.n.f.c.runner.FebsStartedUpRunner - FLP系统启动完毕，地址：http://192.168.0.123:8080/login
2019-08-15 17:38:52.699 febs [Quartz Scheduler [FEBS_Scheduler]] INFO  o.s.s.quartz.SchedulerFactoryBean - Starting Quartz Scheduler now, after delay of 1 seconds
2019-08-15 17:38:52.754 febs [Quartz Scheduler [FEBS_Scheduler]] INFO  o.s.s.quartz.LocalDataSourceJobStore - ClusterManager: detected 1 failed or restarted instances.
2019-08-15 17:38:52.756 febs [Quartz Scheduler [FEBS_Scheduler]] INFO  o.s.s.quartz.LocalDataSourceJobStore - ClusterManager: Scanning for instance "pc-wangpei1565758342058"'s failed in-progress jobs.
2019-08-15 17:38:52.768 febs [Quartz Scheduler [FEBS_Scheduler]] INFO  p6spy - 
2019-08-15 17:38:52.772 febs [Quartz Scheduler [FEBS_Scheduler]] INFO  org.quartz.core.QuartzScheduler - Scheduler FEBS_Scheduler_$_pc-wangpei1565861920403 started.
2019-08-15 17:38:52.836 febs [QuartzScheduler_FEBS_Scheduler-pc-wangpei1565861920403_MisfireHandler] INFO  p6spy - 
2019-08-15 17:38:52.846 febs [FEBS_Scheduler_QuartzSchedulerThread] INFO  p6spy - 
2019-08-15 17:38:54.118 febs [RMI TCP Connection(3)-192.168.0.123] INFO  o.a.c.c.C.[Tomcat].[localhost].[/] - Initializing Spring DispatcherServlet 'dispatcherServlet'
2019-08-15 17:38:54.119 febs [RMI TCP Connection(3)-192.168.0.123] INFO  o.s.web.servlet.DispatcherServlet - Initializing Servlet 'dispatcherServlet'
2019-08-15 17:38:54.219 febs [RMI TCP Connection(4)-192.168.0.123] INFO  p6spy - 2019-08-15 17:38:54 | 耗时 1 ms | SQL 语句：
select 1;
2019-08-15 17:38:54.225 febs [RMI TCP Connection(3)-192.168.0.123] INFO  o.s.web.servlet.DispatcherServlet - Completed initialization in 106 ms
2019-08-15 17:38:55.194 febs [http-nio-8080-exec-3] INFO  o.a.s.s.m.AbstractValidatingSessionManager - Enabling session validation scheduler...
2019-08-15 17:39:04.831 febs [QuartzScheduler_FEBS_Scheduler-pc-wangpei1565861920403_MisfireHandler] INFO  p6spy - 
2019-08-15 17:39:07.754 febs [QuartzScheduler_FEBS_Scheduler-pc-wangpei1565861920403_ClusterManager] INFO  p6spy - 
2019-08-15 17:39:07.756 febs [QuartzScheduler_FEBS_Scheduler-pc-wangpei1565861920403_ClusterManager] INFO  p6spy - 
2019-08-15 17:39:16.859 febs [QuartzScheduler_FEBS_Scheduler-pc-wangpei1565861920403_MisfireHandler] INFO  p6spy - 
2019-08-15 17:39:17.103 febs [FEBS_Scheduler_QuartzSchedulerThread] INFO  p6spy - 
2019-08-15 17:39:18.787 febs [http-nio-8080-exec-5] INFO  c.n.fsp.common.aspect.LimitAspect - IP:127.0.0.1 第 1 次访问key为 [limit_login127.0.0.1]，描述为 [登录接口] 的接口
2019-08-15 17:39:22.783 febs [QuartzScheduler_FEBS_Scheduler-pc-wangpei1565861920403_ClusterManager] INFO  p6spy - 
2019-08-15 17:39:22.787 febs [QuartzScheduler_FEBS_Scheduler-pc-wangpei1565861920403_ClusterManager] INFO  p6spy - 
2019-08-15 17:39:28.831 febs [QuartzScheduler_FEBS_Scheduler-pc-wangpei1565861920403_MisfireHandler] INFO  p6spy - 
2019-08-15 17:39:37.793 febs [QuartzScheduler_FEBS_Scheduler-pc-wangpei1565861920403_ClusterManager] INFO  p6spy - 
2019-08-15 17:39:37.795 febs [QuartzScheduler_FEBS_Scheduler-pc-wangpei1565861920403_ClusterManager] INFO  p6spy - 
2019-08-15 17:39:40.831 febs [QuartzScheduler_FEBS_Scheduler-pc-wangpei1565861920403_MisfireHandler] INFO  p6spy - 
2019-08-15 17:39:47.103 febs [FEBS_Scheduler_QuartzSchedulerThread] INFO  p6spy - 
2019-08-15 17:39:52.788 febs [QuartzScheduler_FEBS_Scheduler-pc-wangpei1565861920403_ClusterManager] INFO  p6spy - 
2019-08-15 17:39:52.789 febs [QuartzScheduler_FEBS_Scheduler-pc-wangpei1565861920403_ClusterManager] INFO  p6spy - 
2019-08-15 17:39:52.828 febs [QuartzScheduler_FEBS_Scheduler-pc-wangpei1565861920403_MisfireHandler] INFO  p6spy - 
2019-08-15 17:40:04.835 febs [QuartzScheduler_FEBS_Scheduler-pc-wangpei1565861920403_MisfireHandler] INFO  p6spy - 
2019-08-15 17:40:07.796 febs [QuartzScheduler_FEBS_Scheduler-pc-wangpei1565861920403_ClusterManager] INFO  p6spy - 
2019-08-15 17:40:07.799 febs [QuartzScheduler_FEBS_Scheduler-pc-wangpei1565861920403_ClusterManager] INFO  p6spy - 
2019-08-15 17:40:09.987 febs [Thread-77] INFO  org.quartz.core.QuartzScheduler - Scheduler FEBS_Scheduler_$_pc-wangpei1565861920403 paused.
2019-08-15 17:40:10.342 febs [Thread-77] INFO  o.s.s.c.ThreadPoolTaskExecutor - Shutting down ExecutorService 'febsAsyncThreadPool'
2019-08-15 17:40:10.344 febs [Thread-77] INFO  o.s.s.quartz.SchedulerFactoryBean - Shutting down Quartz Scheduler
2019-08-15 17:40:10.345 febs [Thread-77] INFO  org.quartz.core.QuartzScheduler - Scheduler FEBS_Scheduler_$_pc-wangpei1565861920403 shutting down.
2019-08-15 17:40:10.345 febs [Thread-77] INFO  org.quartz.core.QuartzScheduler - Scheduler FEBS_Scheduler_$_pc-wangpei1565861920403 paused.
2019-08-15 17:40:10.370 febs [Thread-77] INFO  org.quartz.core.QuartzScheduler - Scheduler FEBS_Scheduler_$_pc-wangpei1565861920403 shutdown complete.
2019-08-15 17:40:10.394 febs [Thread-77] INFO  c.b.d.d.DynamicRoutingDataSource - closing dynamicDatasource  ing....
2019-08-15 17:40:10.396 febs [Thread-77] INFO  com.zaxxer.hikari.HikariDataSource - quartz - Shutdown initiated...
2019-08-15 17:40:10.443 febs [Thread-77] INFO  com.zaxxer.hikari.HikariDataSource - quartz - Shutdown completed.
2019-08-15 17:40:10.444 febs [Thread-77] INFO  com.zaxxer.hikari.HikariDataSource - base - Shutdown initiated...
2019-08-15 17:40:10.494 febs [Thread-77] INFO  com.zaxxer.hikari.HikariDataSource - base - Shutdown completed.
2019-08-15 17:41:28.852 febs [main] INFO  com.neefull.fsp.AdminApplication - Starting AdminApplication on pc-wangpei with PID 19212 (D:\workspace\workspace_open\fsp\admin-web\target\classes started by Thinkpad in D:\workspace\workspace_open\fsp)
2019-08-15 17:41:28.902 febs [main] INFO  com.neefull.fsp.AdminApplication - The following profiles are active: dev
2019-08-15 17:41:37.158 febs [main] INFO  o.s.d.r.c.RepositoryConfigurationDelegate - Multiple Spring Data modules found, entering strict repository configuration mode!
2019-08-15 17:41:37.169 febs [main] INFO  o.s.d.r.c.RepositoryConfigurationDelegate - Bootstrapping Spring Data repositories in DEFAULT mode.
2019-08-15 17:41:37.723 febs [main] INFO  o.s.d.r.c.RepositoryConfigurationDelegate - Finished Spring Data repository scanning in 477ms. Found 0 repository interfaces.
2019-08-15 17:41:41.872 febs [main] INFO  o.s.c.s.PostProcessorRegistrationDelegate$BeanPostProcessorChecker - Bean 'spring.datasource.dynamic-com.baomidou.dynamic.datasource.spring.boot.autoconfigure.DynamicDataSourceProperties' of type [com.baomidou.dynamic.datasource.spring.boot.autoconfigure.DynamicDataSourceProperties] is not eligible for getting processed by all BeanPostProcessors (for example: not eligible for auto-proxying)
2019-08-15 17:41:42.876 febs [main] INFO  o.s.c.s.PostProcessorRegistrationDelegate$BeanPostProcessorChecker - Bean 'com.baomidou.dynamic.datasource.spring.boot.autoconfigure.DynamicDataSourceAutoConfiguration' of type [com.baomidou.dynamic.datasource.spring.boot.autoconfigure.DynamicDataSourceAutoConfiguration$$EnhancerBySpringCGLIB$$57d95154] is not eligible for getting processed by all BeanPostProcessors (for example: not eligible for auto-proxying)
2019-08-15 17:41:42.926 febs [main] INFO  o.s.c.s.PostProcessorRegistrationDelegate$BeanPostProcessorChecker - Bean 'dsProcessor' of type [com.baomidou.dynamic.datasource.processor.DsHeaderProcessor] is not eligible for getting processed by all BeanPostProcessors (for example: not eligible for auto-proxying)
2019-08-15 17:41:42.942 febs [main] INFO  o.s.c.s.PostProcessorRegistrationDelegate$BeanPostProcessorChecker - Bean 'dynamicDatasourceAnnotationAdvisor' of type [com.baomidou.dynamic.datasource.aop.DynamicDataSourceAnnotationAdvisor] is not eligible for getting processed by all BeanPostProcessors (for example: not eligible for auto-proxying)
2019-08-15 17:41:42.993 febs [main] INFO  o.s.c.s.PostProcessorRegistrationDelegate$BeanPostProcessorChecker - Bean 'org.springframework.transaction.annotation.ProxyTransactionManagementConfiguration' of type [org.springframework.transaction.annotation.ProxyTransactionManagementConfiguration$$EnhancerBySpringCGLIB$$ee4ae083] is not eligible for getting processed by all BeanPostProcessors (for example: not eligible for auto-proxying)
2019-08-15 17:41:43.121 febs [main] INFO  o.s.c.s.PostProcessorRegistrationDelegate$BeanPostProcessorChecker - Bean 'febsProperties' of type [com.neefull.fsp.common.properties.FebsProperties$$EnhancerBySpringCGLIB$$ee94bfcc] is not eligible for getting processed by all BeanPostProcessors (for example: not eligible for auto-proxying)
2019-08-15 17:41:43.152 febs [main] INFO  o.s.c.s.PostProcessorRegistrationDelegate$BeanPostProcessorChecker - Bean 'shiroConfig' of type [com.neefull.fsp.common.authentication.ShiroConfig$$EnhancerBySpringCGLIB$$74a01bff] is not eligible for getting processed by all BeanPostProcessors (for example: not eligible for auto-proxying)
2019-08-15 17:41:43.503 febs [main] INFO  o.s.c.s.PostProcessorRegistrationDelegate$BeanPostProcessorChecker - Bean 'mybatis-plus-com.baomidou.mybatisplus.autoconfigure.MybatisPlusProperties' of type [com.baomidou.mybatisplus.autoconfigure.MybatisPlusProperties] is not eligible for getting processed by all BeanPostProcessors (for example: not eligible for auto-proxying)
2019-08-15 17:41:43.550 febs [main] INFO  o.s.c.s.PostProcessorRegistrationDelegate$BeanPostProcessorChecker - Bean 'mybatisPlusConfigure' of type [com.neefull.fsp.common.configure.MybatisPlusConfigure$$EnhancerBySpringCGLIB$$2cd69f03] is not eligible for getting processed by all BeanPostProcessors (for example: not eligible for auto-proxying)
2019-08-15 17:41:43.575 febs [main] INFO  o.s.c.s.PostProcessorRegistrationDelegate$BeanPostProcessorChecker - Bean 'paginationInterceptor' of type [com.baomidou.mybatisplus.extension.plugins.PaginationInterceptor] is not eligible for getting processed by all BeanPostProcessors (for example: not eligible for auto-proxying)
2019-08-15 17:41:43.609 febs [main] INFO  o.s.c.s.PostProcessorRegistrationDelegate$BeanPostProcessorChecker - Bean 'com.baomidou.mybatisplus.autoconfigure.MybatisPlusAutoConfiguration' of type [com.baomidou.mybatisplus.autoconfigure.MybatisPlusAutoConfiguration$$EnhancerBySpringCGLIB$$2c134d1d] is not eligible for getting processed by all BeanPostProcessors (for example: not eligible for auto-proxying)
2019-08-15 17:41:43.644 febs [main] INFO  o.s.c.s.PostProcessorRegistrationDelegate$BeanPostProcessorChecker - Bean 'dynamicDataSourceCreator' of type [com.baomidou.dynamic.datasource.DynamicDataSourceCreator] is not eligible for getting processed by all BeanPostProcessors (for example: not eligible for auto-proxying)
2019-08-15 17:41:43.651 febs [main] INFO  o.s.c.s.PostProcessorRegistrationDelegate$BeanPostProcessorChecker - Bean 'dynamicDataSourceProvider' of type [com.baomidou.dynamic.datasource.provider.YmlDynamicDataSourceProvider] is not eligible for getting processed by all BeanPostProcessors (for example: not eligible for auto-proxying)
2019-08-15 17:41:43.661 febs [main] INFO  c.b.d.d.DynamicRoutingDataSource - 动态数据源-检测到并开启了p6spy
2019-08-15 17:41:43.691 febs [main] INFO  com.zaxxer.hikari.HikariDataSource - base - Starting...
2019-08-15 17:41:44.206 febs [main] INFO  com.zaxxer.hikari.HikariDataSource - base - Start completed.
2019-08-15 17:41:44.207 febs [main] INFO  com.zaxxer.hikari.HikariDataSource - quartz - Starting...
2019-08-15 17:41:44.225 febs [main] INFO  com.zaxxer.hikari.HikariDataSource - quartz - Start completed.
2019-08-15 17:41:44.226 febs [main] INFO  c.b.d.d.DynamicRoutingDataSource - 初始共加载 2 个数据源
2019-08-15 17:41:44.226 febs [main] INFO  c.b.d.d.DynamicRoutingDataSource - 动态数据源-加载 quartz 成功
2019-08-15 17:41:44.227 febs [main] INFO  c.b.d.d.DynamicRoutingDataSource - 动态数据源-加载 base 成功
2019-08-15 17:41:44.227 febs [main] INFO  c.b.d.d.DynamicRoutingDataSource - 当前的默认数据源是单数据源，数据源名为 base
2019-08-15 17:41:44.228 febs [main] INFO  o.s.c.s.PostProcessorRegistrationDelegate$BeanPostProcessorChecker - Bean 'dataSource' of type [com.baomidou.dynamic.datasource.DynamicRoutingDataSource] is not eligible for getting processed by all BeanPostProcessors (for example: not eligible for auto-proxying)
2019-08-15 17:41:44.266 febs [main] INFO  o.s.c.s.PostProcessorRegistrationDelegate$BeanPostProcessorChecker - Bean 'spring.datasource-org.springframework.boot.autoconfigure.jdbc.DataSourceProperties' of type [org.springframework.boot.autoconfigure.jdbc.DataSourceProperties] is not eligible for getting processed by all BeanPostProcessors (for example: not eligible for auto-proxying)
2019-08-15 17:41:44.291 febs [main] INFO  o.s.c.s.PostProcessorRegistrationDelegate$BeanPostProcessorChecker - Bean 'org.springframework.boot.autoconfigure.jdbc.DataSourceInitializerInvoker' of type [org.springframework.boot.autoconfigure.jdbc.DataSourceInitializerInvoker] is not eligible for getting processed by all BeanPostProcessors (for example: not eligible for auto-proxying)
2019-08-15 17:41:45.969 febs [main] INFO  o.s.c.s.PostProcessorRegistrationDelegate$BeanPostProcessorChecker - Bean 'sqlSessionFactory' of type [org.apache.ibatis.session.defaults.DefaultSqlSessionFactory] is not eligible for getting processed by all BeanPostProcessors (for example: not eligible for auto-proxying)
2019-08-15 17:41:46.033 febs [main] INFO  o.s.c.s.PostProcessorRegistrationDelegate$BeanPostProcessorChecker - Bean 'sqlSessionTemplate' of type [org.mybatis.spring.SqlSessionTemplate] is not eligible for getting processed by all BeanPostProcessors (for example: not eligible for auto-proxying)
2019-08-15 17:41:46.047 febs [main] INFO  o.s.c.s.PostProcessorRegistrationDelegate$BeanPostProcessorChecker - Bean 'userMapper' of type [org.mybatis.spring.mapper.MapperFactoryBean] is not eligible for getting processed by all BeanPostProcessors (for example: not eligible for auto-proxying)
2019-08-15 17:41:46.055 febs [main] INFO  o.s.c.s.PostProcessorRegistrationDelegate$BeanPostProcessorChecker - Bean 'userMapper' of type [com.sun.proxy.$Proxy109] is not eligible for getting processed by all BeanPostProcessors (for example: not eligible for auto-proxying)
2019-08-15 17:41:46.146 febs [main] INFO  o.s.c.s.PostProcessorRegistrationDelegate$BeanPostProcessorChecker - Bean 'userRoleMapper' of type [org.mybatis.spring.mapper.MapperFactoryBean] is not eligible for getting processed by all BeanPostProcessors (for example: not eligible for auto-proxying)
2019-08-15 17:41:46.150 febs [main] INFO  o.s.c.s.PostProcessorRegistrationDelegate$BeanPostProcessorChecker - Bean 'userRoleMapper' of type [com.sun.proxy.$Proxy111] is not eligible for getting processed by all BeanPostProcessors (for example: not eligible for auto-proxying)
2019-08-15 17:41:46.154 febs [main] INFO  o.s.c.s.PostProcessorRegistrationDelegate$BeanPostProcessorChecker - Bean 'userRoleServiceImpl' of type [com.neefull.fsp.system.service.impl.UserRoleServiceImpl] is not eligible for getting processed by all BeanPostProcessors (for example: not eligible for auto-proxying)
2019-08-15 17:41:46.306 febs [main] INFO  o.s.c.s.PostProcessorRegistrationDelegate$BeanPostProcessorChecker - Bean 'userServiceImpl' of type [com.neefull.fsp.system.service.impl.UserServiceImpl] is not eligible for getting processed by all BeanPostProcessors (for example: not eligible for auto-proxying)
2019-08-15 17:41:46.410 febs [main] INFO  o.s.c.s.PostProcessorRegistrationDelegate$BeanPostProcessorChecker - Bean 'roleMapper' of type [org.mybatis.spring.mapper.MapperFactoryBean] is not eligible for getting processed by all BeanPostProcessors (for example: not eligible for auto-proxying)
2019-08-15 17:41:46.415 febs [main] INFO  o.s.c.s.PostProcessorRegistrationDelegate$BeanPostProcessorChecker - Bean 'roleMapper' of type [com.sun.proxy.$Proxy114] is not eligible for getting processed by all BeanPostProcessors (for example: not eligible for auto-proxying)
2019-08-15 17:41:46.439 febs [main] INFO  o.s.c.s.PostProcessorRegistrationDelegate$BeanPostProcessorChecker - Bean 'roleMenuMapper' of type [org.mybatis.spring.mapper.MapperFactoryBean] is not eligible for getting processed by all BeanPostProcessors (for example: not eligible for auto-proxying)
2019-08-15 17:41:46.443 febs [main] INFO  o.s.c.s.PostProcessorRegistrationDelegate$BeanPostProcessorChecker - Bean 'roleMenuMapper' of type [com.sun.proxy.$Proxy115] is not eligible for getting processed by all BeanPostProcessors (for example: not eligible for auto-proxying)
2019-08-15 17:41:46.447 febs [main] INFO  o.s.c.s.PostProcessorRegistrationDelegate$BeanPostProcessorChecker - Bean 'roleMenuServiceImpl' of type [com.neefull.fsp.system.service.impl.RoleMenuServiceImpl] is not eligible for getting processed by all BeanPostProcessors (for example: not eligible for auto-proxying)
2019-08-15 17:41:46.512 febs [main] INFO  o.s.c.s.PostProcessorRegistrationDelegate$BeanPostProcessorChecker - Bean 'roleServiceImpl' of type [com.neefull.fsp.system.service.impl.RoleServiceImpl] is not eligible for getting processed by all BeanPostProcessors (for example: not eligible for auto-proxying)
2019-08-15 17:41:46.595 febs [main] INFO  o.s.c.s.PostProcessorRegistrationDelegate$BeanPostProcessorChecker - Bean 'menuMapper' of type [org.mybatis.spring.mapper.MapperFactoryBean] is not eligible for getting processed by all BeanPostProcessors (for example: not eligible for auto-proxying)
2019-08-15 17:41:46.599 febs [main] INFO  o.s.c.s.PostProcessorRegistrationDelegate$BeanPostProcessorChecker - Bean 'menuMapper' of type [com.sun.proxy.$Proxy118] is not eligible for getting processed by all BeanPostProcessors (for example: not eligible for auto-proxying)
2019-08-15 17:41:46.614 febs [main] INFO  o.s.c.s.PostProcessorRegistrationDelegate$BeanPostProcessorChecker - Bean 'menuServiceImpl' of type [com.neefull.fsp.system.service.impl.MenuServiceImpl] is not eligible for getting processed by all BeanPostProcessors (for example: not eligible for auto-proxying)
2019-08-15 17:41:46.678 febs [main] INFO  o.s.c.s.PostProcessorRegistrationDelegate$BeanPostProcessorChecker - Bean 'shiroRealm' of type [com.neefull.fsp.common.authentication.ShiroRealm] is not eligible for getting processed by all BeanPostProcessors (for example: not eligible for auto-proxying)
2019-08-15 17:41:47.991 febs [main] INFO  o.s.c.s.PostProcessorRegistrationDelegate$BeanPostProcessorChecker - Bean 'redisSessionDAO' of type [org.crazycake.shiro.RedisSessionDAO] is not eligible for getting processed by all BeanPostProcessors (for example: not eligible for auto-proxying)
2019-08-15 17:41:48.007 febs [main] INFO  o.s.c.s.PostProcessorRegistrationDelegate$BeanPostProcessorChecker - Bean 'sessionManager' of type [org.apache.shiro.web.session.mgt.DefaultWebSessionManager] is not eligible for getting processed by all BeanPostProcessors (for example: not eligible for auto-proxying)
2019-08-15 17:41:48.042 febs [main] INFO  o.s.c.s.PostProcessorRegistrationDelegate$BeanPostProcessorChecker - Bean 'securityManager' of type [org.apache.shiro.web.mgt.DefaultWebSecurityManager] is not eligible for getting processed by all BeanPostProcessors (for example: not eligible for auto-proxying)
2019-08-15 17:41:48.118 febs [main] INFO  o.s.c.s.PostProcessorRegistrationDelegate$BeanPostProcessorChecker - Bean 'authorizationAttributeSourceAdvisor' of type [org.apache.shiro.spring.security.interceptor.AuthorizationAttributeSourceAdvisor] is not eligible for getting processed by all BeanPostProcessors (for example: not eligible for auto-proxying)
2019-08-15 17:41:49.684 febs [main] INFO  o.s.b.w.e.tomcat.TomcatWebServer - Tomcat initialized with port(s): 8080 (http)
2019-08-15 17:41:49.760 febs [main] INFO  o.a.coyote.http11.Http11NioProtocol - Initializing ProtocolHandler ["http-nio-8080"]
2019-08-15 17:41:49.810 febs [main] INFO  o.a.catalina.core.StandardService - Starting service [Tomcat]
2019-08-15 17:41:49.811 febs [main] INFO  o.a.catalina.core.StandardEngine - Starting Servlet engine: [Apache Tomcat/9.0.22]
2019-08-15 17:41:50.424 febs [main] INFO  o.a.c.c.C.[Tomcat].[localhost].[/] - Initializing Spring embedded WebApplicationContext
2019-08-15 17:41:50.425 febs [main] INFO  o.s.web.context.ContextLoader - Root WebApplicationContext: initialization completed in 20759 ms
2019-08-15 17:41:52.920 febs [main] INFO  com.neefull.fsp.common.xss.XssFilter - ------------ xss filter init ------------
2019-08-15 17:41:54.259 febs [main] INFO  org.quartz.impl.StdSchedulerFactory - Using default implementation for ThreadExecutor
2019-08-15 17:41:54.301 febs [main] INFO  o.quartz.core.SchedulerSignalerImpl - Initialized Scheduler Signaller of type: class org.quartz.core.SchedulerSignalerImpl
2019-08-15 17:41:54.301 febs [main] INFO  org.quartz.core.QuartzScheduler - Quartz Scheduler v.2.3.1 created.
2019-08-15 17:41:54.326 febs [main] INFO  o.s.s.quartz.LocalDataSourceJobStore - Using db table-based data access locking (synchronization).
2019-08-15 17:41:54.333 febs [main] INFO  o.s.s.quartz.LocalDataSourceJobStore - JobStoreCMT initialized.
2019-08-15 17:41:54.336 febs [main] INFO  org.quartz.core.QuartzScheduler - Scheduler meta-data: Quartz Scheduler (v2.3.1) 'FEBS_Scheduler' with instanceId 'pc-wangpei1565862114263'
  Scheduler class: 'org.quartz.core.QuartzScheduler' - running locally.
  NOT STARTED.
  Currently in standby mode.
  Number of jobs executed: 0
  Using thread pool 'org.quartz.simpl.SimpleThreadPool' - with 20 threads.
  Using job-store 'org.springframework.scheduling.quartz.LocalDataSourceJobStore' - which supports persistence. and is clustered.

2019-08-15 17:41:54.337 febs [main] INFO  org.quartz.impl.StdSchedulerFactory - Quartz scheduler 'FEBS_Scheduler' initialized from an externally provided properties instance.
2019-08-15 17:41:54.337 febs [main] INFO  org.quartz.impl.StdSchedulerFactory - Quartz scheduler version: 2.3.1
2019-08-15 17:41:54.342 febs [main] INFO  org.quartz.core.QuartzScheduler - JobFactory set to: org.springframework.scheduling.quartz.AdaptableJobFactory@543d2ef3
2019-08-15 17:41:54.630 febs [main] INFO  p6spy - 2019-08-15 17:41:54 | 耗时 6 ms | SQL 语句：
SELECT job_id jobId, bean_name beanName, method_name methodName, params, cron_expression cronExpression, status, remark, create_time createTime FROM t_job ORDER BY job_id;
2019-08-15 17:41:56.461 febs [main] INFO  o.s.s.c.ThreadPoolTaskExecutor - Initializing ExecutorService
2019-08-15 17:41:56.474 febs [main] INFO  o.s.s.c.ThreadPoolTaskExecutor - Initializing ExecutorService 'febsAsyncThreadPool'
2019-08-15 17:41:58.706 febs [main] INFO  o.s.b.a.w.s.WelcomePageHandlerMapping - Adding welcome page template: index
2019-08-15 17:42:03.259 febs [main] INFO  o.s.b.a.e.web.EndpointLinksResolver - Exposing 2 endpoint(s) beneath base path '/actuator'
2019-08-15 17:42:03.650 febs [main] INFO  o.s.s.quartz.SchedulerFactoryBean - Will start Quartz Scheduler [FEBS_Scheduler] in 1 seconds
2019-08-15 17:42:03.701 febs [main] INFO  o.a.coyote.http11.Http11NioProtocol - Starting ProtocolHandler ["http-nio-8080"]
2019-08-15 17:42:03.799 febs [main] INFO  o.s.b.w.e.tomcat.TomcatWebServer - Tomcat started on port(s): 8080 (http) with context path ''
2019-08-15 17:42:03.810 febs [main] INFO  com.neefull.fsp.AdminApplication - Started AdminApplication in 38.568 seconds (JVM running for 47.679)
2019-08-15 17:42:03.899 febs [main] INFO  c.n.f.c.runner.FebsStartedUpRunner -  __    ___   _      ___   _     ____ _____  ____ 
2019-08-15 17:42:03.900 febs [main] INFO  c.n.f.c.runner.FebsStartedUpRunner - / /`  / / \ | |\/| | |_) | |   | |_   | |  | |_  
2019-08-15 17:42:03.900 febs [main] INFO  c.n.f.c.runner.FebsStartedUpRunner - \_\_, \_\_/ |_|  | |_|   |_|__ |_|__  |_|  |_|__ 
2019-08-15 17:42:03.901 febs [main] INFO  c.n.f.c.runner.FebsStartedUpRunner -                                                       
2019-08-15 17:42:03.901 febs [main] INFO  c.n.f.c.runner.FebsStartedUpRunner - FLP系统启动完毕，地址：http://192.168.0.123:8080/login
2019-08-15 17:42:04.659 febs [Quartz Scheduler [FEBS_Scheduler]] INFO  o.s.s.quartz.SchedulerFactoryBean - Starting Quartz Scheduler now, after delay of 1 seconds
2019-08-15 17:42:04.700 febs [Quartz Scheduler [FEBS_Scheduler]] INFO  o.s.s.quartz.LocalDataSourceJobStore - ClusterManager: detected 1 failed or restarted instances.
2019-08-15 17:42:04.701 febs [Quartz Scheduler [FEBS_Scheduler]] INFO  o.s.s.quartz.LocalDataSourceJobStore - ClusterManager: Scanning for instance "pc-wangpei1565861920403"'s failed in-progress jobs.
2019-08-15 17:42:04.715 febs [Quartz Scheduler [FEBS_Scheduler]] INFO  p6spy - 
2019-08-15 17:42:04.719 febs [Quartz Scheduler [FEBS_Scheduler]] INFO  org.quartz.core.QuartzScheduler - Scheduler FEBS_Scheduler_$_pc-wangpei1565862114263 started.
2019-08-15 17:42:04.743 febs [QuartzScheduler_FEBS_Scheduler-pc-wangpei1565862114263_MisfireHandler] INFO  p6spy - 
2019-08-15 17:42:04.765 febs [FEBS_Scheduler_QuartzSchedulerThread] INFO  p6spy - 
2019-08-15 17:42:06.056 febs [RMI TCP Connection(2)-192.168.0.123] INFO  o.a.c.c.C.[Tomcat].[localhost].[/] - Initializing Spring DispatcherServlet 'dispatcherServlet'
2019-08-15 17:42:06.057 febs [RMI TCP Connection(2)-192.168.0.123] INFO  o.s.web.servlet.DispatcherServlet - Initializing Servlet 'dispatcherServlet'
2019-08-15 17:42:06.169 febs [RMI TCP Connection(2)-192.168.0.123] INFO  o.s.web.servlet.DispatcherServlet - Completed initialization in 111 ms
2019-08-15 17:42:06.181 febs [RMI TCP Connection(1)-192.168.0.123] INFO  p6spy - 2019-08-15 17:42:06 | 耗时 1 ms | SQL 语句：
select 1;
2019-08-15 17:42:14.397 febs [http-nio-8080-exec-1] INFO  o.a.s.s.m.AbstractValidatingSessionManager - Enabling session validation scheduler...
2019-08-15 17:42:15.597 febs [http-nio-8080-exec-1] INFO  c.n.fsp.common.aspect.LimitAspect - IP:127.0.0.1 第 1 次访问key为 [limit_login127.0.0.1]，描述为 [登录接口] 的接口
2019-08-15 17:42:16.739 febs [QuartzScheduler_FEBS_Scheduler-pc-wangpei1565862114263_MisfireHandler] INFO  p6spy - 
2019-08-15 17:42:19.696 febs [QuartzScheduler_FEBS_Scheduler-pc-wangpei1565862114263_ClusterManager] INFO  p6spy - 
2019-08-15 17:42:19.697 febs [QuartzScheduler_FEBS_Scheduler-pc-wangpei1565862114263_ClusterManager] INFO  p6spy - 
2019-08-15 17:42:22.935 febs [http-nio-8080-exec-3] INFO  c.n.fsp.common.aspect.LimitAspect - IP:127.0.0.1 第 2 次访问key为 [limit_login127.0.0.1]，描述为 [登录接口] 的接口
2019-08-15 17:42:49.269 febs [FEBS_Scheduler_QuartzSchedulerThread] INFO  p6spy - 
2019-08-15 17:42:49.275 febs [QuartzScheduler_FEBS_Scheduler-pc-wangpei1565862114263_MisfireHandler] INFO  p6spy - 
2019-08-15 17:42:49.291 febs [QuartzScheduler_FEBS_Scheduler-pc-wangpei1565862114263_ClusterManager] INFO  p6spy - 
2019-08-15 17:42:49.293 febs [QuartzScheduler_FEBS_Scheduler-pc-wangpei1565862114263_ClusterManager] INFO  p6spy - 
2019-08-15 17:42:49.340 febs [QuartzScheduler_FEBS_Scheduler-pc-wangpei1565862114263_MisfireHandler] INFO  p6spy - 
2019-08-15 17:42:51.121 febs [http-nio-8080-exec-3] INFO  p6spy - 2019-08-15 17:42:51 | 耗时 38 ms | SQL 语句：
SELECT u.user_id userId, u.username, u.email, u.mobile, u.password, u.status, u.create_time createTime, u.ssex sex, u.dept_id deptId, u.last_login_time lastLoginTime, u.modify_time modifyTime, u.description, u.avatar, u.theme, u.is_tab isTab, d.dept_name deptName, GROUP_CONCAT(r.role_id) roleId, GROUP_CONCAT(r.ROLE_NAME) roleName FROM t_user u LEFT JOIN t_dept d ON (u.dept_id = d.dept_id) LEFT JOIN t_user_role ur ON (u.user_id = ur.user_id) LEFT JOIN t_role r ON r.role_id = ur.role_id WHERE u.username = 'wangpei' GROUP BY u.username;
2019-08-15 17:42:57.172 febs [http-nio-8080-exec-3] INFO  p6spy - 2019-08-15 17:42:57 | 耗时 15 ms | SQL 语句：
INSERT INTO t_login_log (USERNAME, LOGIN_TIME, LOCATION, IP, `SYSTEM`, BROWSER) VALUES ('wangpei', '2019-08-15T17:42:56.870+0800', '内网IP|0|0|内网IP|内网IP', '127.0.0.1', 'Windows 10', 'Chrome 76');
2019-08-15 17:42:57.198 febs [http-nio-8080-exec-3] INFO  p6spy - 
2019-08-15 17:42:57.910 febs [http-nio-8080-exec-4] INFO  p6spy - 2019-08-15 17:42:57 | 耗时 2 ms | SQL 语句：
SELECT r.* FROM t_role r LEFT JOIN t_user_role ur ON (r.role_id = ur.role_id) LEFT JOIN t_user u ON (u.user_id = ur.user_id) WHERE u.username = 'wangpei';
2019-08-15 17:42:58.055 febs [http-nio-8080-exec-4] INFO  p6spy - 2019-08-15 17:42:58 | 耗时 30 ms | SQL 语句：
SELECT m.perms FROM t_role r LEFT JOIN t_user_role ur ON (r.role_id = ur.role_id) LEFT JOIN t_user u ON (u.user_id = ur.user_id) LEFT JOIN t_role_menu rm ON (rm.role_id = r.role_id) LEFT JOIN t_menu m ON (m.menu_id = rm.menu_id) WHERE u.username = 'wangpei' AND m.perms IS NOT NULL AND m.perms <> '';
2019-08-15 17:42:58.128 febs [http-nio-8080-exec-4] INFO  p6spy - 2019-08-15 17:42:58 | 耗时 3 ms | SQL 语句：
SELECT u.user_id userId, u.username, u.email, u.mobile, u.password, u.status, u.create_time createTime, u.ssex sex, u.dept_id deptId, u.last_login_time lastLoginTime, u.modify_time modifyTime, u.description, u.avatar, u.theme, u.is_tab isTab, d.dept_name deptName, GROUP_CONCAT(r.role_id) roleId, GROUP_CONCAT(r.ROLE_NAME) roleName FROM t_user u LEFT JOIN t_dept d ON (u.dept_id = d.dept_id) LEFT JOIN t_user_role ur ON (u.user_id = ur.user_id) LEFT JOIN t_role r ON r.role_id = ur.role_id WHERE u.username = 'wangpei' GROUP BY u.username;
2019-08-15 17:43:01.347 febs [QuartzScheduler_FEBS_Scheduler-pc-wangpei1565862114263_MisfireHandler] INFO  p6spy - 
2019-08-15 17:43:03.174 febs [http-nio-8080-exec-2] INFO  p6spy - 2019-08-15 17:43:03 | 耗时 10 ms | SQL 语句：
SELECT m.* FROM t_menu m WHERE m.type <> 1 AND m.MENU_ID IN (SELECT DISTINCT rm.menu_id FROM t_role_menu rm LEFT JOIN t_role r ON (rm.role_id = r.role_id) LEFT JOIN t_user_role ur ON (ur.role_id = r.role_id) LEFT JOIN t_user u ON (u.user_id = ur.user_id) WHERE u.username = 'wangpei') ORDER BY m.order_num;
2019-08-15 17:43:04.187 febs [http-nio-8080-exec-4] INFO  p6spy - 2019-08-15 17:43:04 | 耗时 4 ms | SQL 语句：
UPDATE t_user SET LAST_LOGIN_TIME = '2019-08-15T17:43:03.926+0800' WHERE USERNAME = 'wangpei';
2019-08-15 17:43:04.190 febs [http-nio-8080-exec-4] INFO  p6spy - 
2019-08-15 17:43:04.207 febs [http-nio-8080-exec-4] INFO  p6spy - 2019-08-15 17:43:04 | 耗时 1 ms | SQL 语句：
SELECT count(1) FROM t_login_log;
2019-08-15 17:43:04.223 febs [http-nio-8080-exec-4] INFO  p6spy - 2019-08-15 17:43:04 | 耗时 2 ms | SQL 语句：
SELECT count(1) FROM t_login_log WHERE datediff(login_time, now()) = 0;
2019-08-15 17:43:04.238 febs [http-nio-8080-exec-4] INFO  p6spy - 2019-08-15 17:43:04 | 耗时 2 ms | SQL 语句：
SELECT count(DISTINCT (ip)) FROM t_login_log WHERE datediff(login_time, now()) = 0;
2019-08-15 17:43:04.263 febs [http-nio-8080-exec-4] INFO  p6spy - 2019-08-15 17:43:04 | 耗时 2 ms | SQL 语句：
SELECT date_format(l.login_time, '%m-%d') days, count(1) count FROM (SELECT * FROM t_login_log WHERE date_sub(curdate(), INTERVAL 10 day) <= date(login_time)) AS l WHERE 1 = 1 GROUP BY days;
2019-08-15 17:43:04.280 febs [http-nio-8080-exec-4] INFO  p6spy - 2019-08-15 17:43:04 | 耗时 2 ms | SQL 语句：
SELECT date_format(l.login_time, '%m-%d') days, count(1) count FROM (SELECT * FROM t_login_log WHERE date_sub(curdate(), INTERVAL 10 day) <= date(login_time)) AS l WHERE 1 = 1 AND l.username = 'wangpei' GROUP BY days;
2019-08-15 17:43:04.284 febs [QuartzScheduler_FEBS_Scheduler-pc-wangpei1565862114263_ClusterManager] INFO  p6spy - 
2019-08-15 17:43:04.285 febs [QuartzScheduler_FEBS_Scheduler-pc-wangpei1565862114263_ClusterManager] INFO  p6spy - 
2019-08-15 17:43:12.267 febs [http-nio-8080-exec-5] INFO  p6spy - 2019-08-15 17:43:12 | 耗时 2 ms | SQL 语句：
SELECT r.* FROM t_role r LEFT JOIN t_user_role ur ON (r.role_id = ur.role_id) LEFT JOIN t_user u ON (u.user_id = ur.user_id) WHERE u.username = 'wangpei';
2019-08-15 17:43:12.294 febs [http-nio-8080-exec-5] INFO  p6spy - 2019-08-15 17:43:12 | 耗时 2 ms | SQL 语句：
SELECT m.perms FROM t_role r LEFT JOIN t_user_role ur ON (r.role_id = ur.role_id) LEFT JOIN t_user u ON (u.user_id = ur.user_id) LEFT JOIN t_role_menu rm ON (rm.role_id = r.role_id) LEFT JOIN t_menu m ON (m.menu_id = rm.menu_id) WHERE u.username = 'wangpei' AND m.perms IS NOT NULL AND m.perms <> '';
2019-08-15 17:43:12.736 febs [http-nio-8080-exec-10] INFO  p6spy - 2019-08-15 17:43:12 | 耗时 2 ms | SQL 语句：
SELECT DEPT_ID, PARENT_ID, DEPT_NAME, ORDER_NUM, CREATE_TIME, MODIFY_TIME FROM t_dept;
2019-08-15 17:43:12.803 febs [http-nio-8080-exec-9] INFO  p6spy - 2019-08-15 17:43:12 | 耗时 3 ms | SQL 语句：
SELECT COUNT(1) FROM ( SELECT u.user_id userId, u.username, u.email, u.mobile, u.status, u.create_time createTime, u.ssex sex, u.dept_id deptId, u.last_login_time lastLoginTime, u.modify_time modifyTime, u.description, u.avatar, d.dept_name deptName, GROUP_CONCAT(r.role_id) roleId, GROUP_CONCAT(r.ROLE_NAME) roleName FROM t_user u LEFT JOIN t_dept d ON (u.dept_id = d.dept_id) LEFT JOIN t_user_role ur ON (u.user_id = ur.user_id) LEFT JOIN t_role r ON r.role_id = ur.role_id WHERE 1 = 1 GROUP BY u.username ) TOTAL;
2019-08-15 17:43:12.834 febs [http-nio-8080-exec-9] INFO  p6spy - 2019-08-15 17:43:12 | 耗时 3 ms | SQL 语句：
SELECT u.user_id userId, u.username, u.email, u.mobile, u.status, u.create_time createTime, u.ssex sex, u.dept_id deptId, u.last_login_time lastLoginTime, u.modify_time modifyTime, u.description, u.avatar, d.dept_name deptName, GROUP_CONCAT(r.role_id) roleId, GROUP_CONCAT(r.ROLE_NAME) roleName FROM t_user u LEFT JOIN t_dept d ON (u.dept_id = d.dept_id) LEFT JOIN t_user_role ur ON (u.user_id = ur.user_id) LEFT JOIN t_role r ON r.role_id = ur.role_id WHERE 1 = 1 GROUP BY u.username ORDER BY userId LIMIT 0,10;
2019-08-15 17:43:13.344 febs [QuartzScheduler_FEBS_Scheduler-pc-wangpei1565862114263_MisfireHandler] INFO  p6spy - 
2019-08-15 17:43:14.329 febs [FEBS_Scheduler_QuartzSchedulerThread] INFO  p6spy - 
2019-08-15 17:43:19.287 febs [QuartzScheduler_FEBS_Scheduler-pc-wangpei1565862114263_ClusterManager] INFO  p6spy - 
2019-08-15 17:43:19.288 febs [QuartzScheduler_FEBS_Scheduler-pc-wangpei1565862114263_ClusterManager] INFO  p6spy - 
2019-08-15 17:43:25.342 febs [QuartzScheduler_FEBS_Scheduler-pc-wangpei1565862114263_MisfireHandler] INFO  p6spy - 
2019-08-15 17:43:34.290 febs [QuartzScheduler_FEBS_Scheduler-pc-wangpei1565862114263_ClusterManager] INFO  p6spy - 
2019-08-15 17:43:34.291 febs [QuartzScheduler_FEBS_Scheduler-pc-wangpei1565862114263_ClusterManager] INFO  p6spy - 
2019-08-15 17:43:37.344 febs [QuartzScheduler_FEBS_Scheduler-pc-wangpei1565862114263_MisfireHandler] INFO  p6spy - 
2019-08-15 17:43:41.601 febs [FEBS_Scheduler_QuartzSchedulerThread] INFO  p6spy - 
2019-08-15 17:43:49.296 febs [QuartzScheduler_FEBS_Scheduler-pc-wangpei1565862114263_ClusterManager] INFO  p6spy - 
2019-08-15 17:43:49.297 febs [QuartzScheduler_FEBS_Scheduler-pc-wangpei1565862114263_ClusterManager] INFO  p6spy - 
2019-08-15 17:43:49.343 febs [QuartzScheduler_FEBS_Scheduler-pc-wangpei1565862114263_MisfireHandler] INFO  p6spy - 
2019-08-15 17:43:58.640 febs [http-nio-8080-exec-4] INFO  p6spy - 2019-08-15 17:43:58 | 耗时 1 ms | SQL 语句：
SELECT DEPT_ID, PARENT_ID, DEPT_NAME, ORDER_NUM, CREATE_TIME, MODIFY_TIME FROM t_dept;
2019-08-15 17:43:58.692 febs [http-nio-8080-exec-5] INFO  p6spy - 2019-08-15 17:43:58 | 耗时 1 ms | SQL 语句：
SELECT ROLE_ID, ROLE_NAME, REMARK, CREATE_TIME, MODIFY_TIME FROM t_role;
2019-08-15 17:44:01.345 febs [QuartzScheduler_FEBS_Scheduler-pc-wangpei1565862114263_MisfireHandler] INFO  p6spy - 
2019-08-15 17:44:04.299 febs [QuartzScheduler_FEBS_Scheduler-pc-wangpei1565862114263_ClusterManager] INFO  p6spy - 
2019-08-15 17:44:04.300 febs [QuartzScheduler_FEBS_Scheduler-pc-wangpei1565862114263_ClusterManager] INFO  p6spy - 
2019-08-15 17:44:08.073 febs [FEBS_Scheduler_QuartzSchedulerThread] INFO  p6spy - 
2019-08-15 17:44:13.344 febs [QuartzScheduler_FEBS_Scheduler-pc-wangpei1565862114263_MisfireHandler] INFO  p6spy - 
2019-08-15 17:44:19.302 febs [QuartzScheduler_FEBS_Scheduler-pc-wangpei1565862114263_ClusterManager] INFO  p6spy - 
2019-08-15 17:44:19.303 febs [QuartzScheduler_FEBS_Scheduler-pc-wangpei1565862114263_ClusterManager] INFO  p6spy - 
2019-08-15 17:44:25.346 febs [QuartzScheduler_FEBS_Scheduler-pc-wangpei1565862114263_MisfireHandler] INFO  p6spy - 
2019-08-15 17:44:32.867 febs [FEBS_Scheduler_QuartzSchedulerThread] INFO  p6spy - 
2019-08-15 17:44:34.308 febs [QuartzScheduler_FEBS_Scheduler-pc-wangpei1565862114263_ClusterManager] INFO  p6spy - 
2019-08-15 17:44:34.309 febs [QuartzScheduler_FEBS_Scheduler-pc-wangpei1565862114263_ClusterManager] INFO  p6spy - 
2019-08-15 17:44:37.345 febs [QuartzScheduler_FEBS_Scheduler-pc-wangpei1565862114263_MisfireHandler] INFO  p6spy - 
2019-08-15 17:44:49.312 febs [QuartzScheduler_FEBS_Scheduler-pc-wangpei1565862114263_ClusterManager] INFO  p6spy - 
2019-08-15 17:44:49.313 febs [QuartzScheduler_FEBS_Scheduler-pc-wangpei1565862114263_ClusterManager] INFO  p6spy - 
2019-08-15 17:44:49.346 febs [QuartzScheduler_FEBS_Scheduler-pc-wangpei1565862114263_MisfireHandler] INFO  p6spy - 
2019-08-15 17:45:01.286 febs [FEBS_Scheduler_QuartzSchedulerThread] INFO  p6spy - 
2019-08-15 17:45:01.349 febs [QuartzScheduler_FEBS_Scheduler-pc-wangpei1565862114263_MisfireHandler] INFO  p6spy - 
2019-08-15 17:45:04.317 febs [QuartzScheduler_FEBS_Scheduler-pc-wangpei1565862114263_ClusterManager] INFO  p6spy - 
2019-08-15 17:45:04.319 febs [QuartzScheduler_FEBS_Scheduler-pc-wangpei1565862114263_ClusterManager] INFO  p6spy - 
2019-08-15 17:45:13.346 febs [QuartzScheduler_FEBS_Scheduler-pc-wangpei1565862114263_MisfireHandler] INFO  p6spy - 
2019-08-15 17:45:19.320 febs [QuartzScheduler_FEBS_Scheduler-pc-wangpei1565862114263_ClusterManager] INFO  p6spy - 
2019-08-15 17:45:19.321 febs [QuartzScheduler_FEBS_Scheduler-pc-wangpei1565862114263_ClusterManager] INFO  p6spy - 
2019-08-15 17:45:25.346 febs [QuartzScheduler_FEBS_Scheduler-pc-wangpei1565862114263_MisfireHandler] INFO  p6spy - 
2019-08-15 17:45:28.892 febs [FEBS_Scheduler_QuartzSchedulerThread] INFO  p6spy - 
2019-08-15 17:45:34.324 febs [QuartzScheduler_FEBS_Scheduler-pc-wangpei1565862114263_ClusterManager] INFO  p6spy - 
2019-08-15 17:45:34.325 febs [QuartzScheduler_FEBS_Scheduler-pc-wangpei1565862114263_ClusterManager] INFO  p6spy - 
2019-08-15 17:45:37.348 febs [QuartzScheduler_FEBS_Scheduler-pc-wangpei1565862114263_MisfireHandler] INFO  p6spy - 
2019-08-15 17:45:49.329 febs [QuartzScheduler_FEBS_Scheduler-pc-wangpei1565862114263_ClusterManager] INFO  p6spy - 
2019-08-15 17:45:49.330 febs [QuartzScheduler_FEBS_Scheduler-pc-wangpei1565862114263_ClusterManager] INFO  p6spy - 
2019-08-15 17:45:49.347 febs [QuartzScheduler_FEBS_Scheduler-pc-wangpei1565862114263_MisfireHandler] INFO  p6spy - 
2019-08-15 17:45:55.158 febs [FEBS_Scheduler_QuartzSchedulerThread] INFO  p6spy - 
2019-08-15 17:46:01.349 febs [QuartzScheduler_FEBS_Scheduler-pc-wangpei1565862114263_MisfireHandler] INFO  p6spy - 
2019-08-15 17:46:04.332 febs [QuartzScheduler_FEBS_Scheduler-pc-wangpei1565862114263_ClusterManager] INFO  p6spy - 
2019-08-15 17:46:04.333 febs [QuartzScheduler_FEBS_Scheduler-pc-wangpei1565862114263_ClusterManager] INFO  p6spy - 
2019-08-15 17:46:13.349 febs [QuartzScheduler_FEBS_Scheduler-pc-wangpei1565862114263_MisfireHandler] INFO  p6spy - 
2019-08-15 17:46:19.334 febs [QuartzScheduler_FEBS_Scheduler-pc-wangpei1565862114263_ClusterManager] INFO  p6spy - 
2019-08-15 17:46:19.335 febs [QuartzScheduler_FEBS_Scheduler-pc-wangpei1565862114263_ClusterManager] INFO  p6spy - 
2019-08-15 17:46:25.150 febs [FEBS_Scheduler_QuartzSchedulerThread] INFO  p6spy - 
2019-08-15 17:46:25.350 febs [QuartzScheduler_FEBS_Scheduler-pc-wangpei1565862114263_MisfireHandler] INFO  p6spy - 
2019-08-15 17:46:34.339 febs [QuartzScheduler_FEBS_Scheduler-pc-wangpei1565862114263_ClusterManager] INFO  p6spy - 
2019-08-15 17:46:34.341 febs [QuartzScheduler_FEBS_Scheduler-pc-wangpei1565862114263_ClusterManager] INFO  p6spy - 
2019-08-15 17:46:37.348 febs [QuartzScheduler_FEBS_Scheduler-pc-wangpei1565862114263_MisfireHandler] INFO  p6spy - 
2019-08-15 17:46:49.342 febs [QuartzScheduler_FEBS_Scheduler-pc-wangpei1565862114263_ClusterManager] INFO  p6spy - 
2019-08-15 17:46:49.343 febs [QuartzScheduler_FEBS_Scheduler-pc-wangpei1565862114263_ClusterManager] INFO  p6spy - 
2019-08-15 17:46:49.352 febs [QuartzScheduler_FEBS_Scheduler-pc-wangpei1565862114263_MisfireHandler] INFO  p6spy - 
2019-08-15 17:46:55.141 febs [FEBS_Scheduler_QuartzSchedulerThread] INFO  p6spy - 
2019-08-15 17:47:01.349 febs [QuartzScheduler_FEBS_Scheduler-pc-wangpei1565862114263_MisfireHandler] INFO  p6spy - 
2019-08-15 17:47:04.345 febs [QuartzScheduler_FEBS_Scheduler-pc-wangpei1565862114263_ClusterManager] INFO  p6spy - 
2019-08-15 17:47:04.346 febs [QuartzScheduler_FEBS_Scheduler-pc-wangpei1565862114263_ClusterManager] INFO  p6spy - 
2019-08-15 17:47:13.350 febs [QuartzScheduler_FEBS_Scheduler-pc-wangpei1565862114263_MisfireHandler] INFO  p6spy - 
2019-08-15 17:47:19.347 febs [QuartzScheduler_FEBS_Scheduler-pc-wangpei1565862114263_ClusterManager] INFO  p6spy - 
2019-08-15 17:47:19.348 febs [QuartzScheduler_FEBS_Scheduler-pc-wangpei1565862114263_ClusterManager] INFO  p6spy - 
2019-08-15 17:47:23.110 febs [FEBS_Scheduler_QuartzSchedulerThread] INFO  p6spy - 
2019-08-15 17:47:25.351 febs [QuartzScheduler_FEBS_Scheduler-pc-wangpei1565862114263_MisfireHandler] INFO  p6spy - 
2019-08-15 17:47:34.357 febs [QuartzScheduler_FEBS_Scheduler-pc-wangpei1565862114263_ClusterManager] INFO  p6spy - 
2019-08-15 17:47:34.358 febs [QuartzScheduler_FEBS_Scheduler-pc-wangpei1565862114263_ClusterManager] INFO  p6spy - 
2019-08-15 17:47:37.353 febs [QuartzScheduler_FEBS_Scheduler-pc-wangpei1565862114263_MisfireHandler] INFO  p6spy - 
2019-08-15 17:47:48.311 febs [FEBS_Scheduler_QuartzSchedulerThread] INFO  p6spy - 
2019-08-15 17:47:49.352 febs [QuartzScheduler_FEBS_Scheduler-pc-wangpei1565862114263_MisfireHandler] INFO  p6spy - 
2019-08-15 17:47:49.356 febs [QuartzScheduler_FEBS_Scheduler-pc-wangpei1565862114263_ClusterManager] INFO  p6spy - 
2019-08-15 17:47:49.357 febs [QuartzScheduler_FEBS_Scheduler-pc-wangpei1565862114263_ClusterManager] INFO  p6spy - 
2019-08-15 17:48:01.354 febs [QuartzScheduler_FEBS_Scheduler-pc-wangpei1565862114263_MisfireHandler] INFO  p6spy - 
2019-08-15 17:48:04.358 febs [QuartzScheduler_FEBS_Scheduler-pc-wangpei1565862114263_ClusterManager] INFO  p6spy - 
2019-08-15 17:48:04.359 febs [QuartzScheduler_FEBS_Scheduler-pc-wangpei1565862114263_ClusterManager] INFO  p6spy - 
2019-08-15 17:48:13.353 febs [QuartzScheduler_FEBS_Scheduler-pc-wangpei1565862114263_MisfireHandler] INFO  p6spy - 
2019-08-15 17:48:16.076 febs [FEBS_Scheduler_QuartzSchedulerThread] INFO  p6spy - 
2019-08-15 17:48:19.361 febs [QuartzScheduler_FEBS_Scheduler-pc-wangpei1565862114263_ClusterManager] INFO  p6spy - 
2019-08-15 17:48:19.362 febs [QuartzScheduler_FEBS_Scheduler-pc-wangpei1565862114263_ClusterManager] INFO  p6spy - 
2019-08-15 17:48:25.355 febs [QuartzScheduler_FEBS_Scheduler-pc-wangpei1565862114263_MisfireHandler] INFO  p6spy - 
2019-08-15 17:48:34.367 febs [QuartzScheduler_FEBS_Scheduler-pc-wangpei1565862114263_ClusterManager] INFO  p6spy - 
2019-08-15 17:48:34.369 febs [QuartzScheduler_FEBS_Scheduler-pc-wangpei1565862114263_ClusterManager] INFO  p6spy - 
2019-08-15 17:48:37.354 febs [QuartzScheduler_FEBS_Scheduler-pc-wangpei1565862114263_MisfireHandler] INFO  p6spy - 
2019-08-15 17:48:45.942 febs [FEBS_Scheduler_QuartzSchedulerThread] INFO  p6spy - 
2019-08-15 17:48:49.355 febs [QuartzScheduler_FEBS_Scheduler-pc-wangpei1565862114263_MisfireHandler] INFO  p6spy - 
2019-08-15 17:48:49.370 febs [QuartzScheduler_FEBS_Scheduler-pc-wangpei1565862114263_ClusterManager] INFO  p6spy - 
2019-08-15 17:48:49.384 febs [QuartzScheduler_FEBS_Scheduler-pc-wangpei1565862114263_ClusterManager] INFO  p6spy - 
2019-08-15 17:49:01.357 febs [QuartzScheduler_FEBS_Scheduler-pc-wangpei1565862114263_MisfireHandler] INFO  p6spy - 
2019-08-15 17:49:04.376 febs [QuartzScheduler_FEBS_Scheduler-pc-wangpei1565862114263_ClusterManager] INFO  p6spy - 
2019-08-15 17:49:04.378 febs [QuartzScheduler_FEBS_Scheduler-pc-wangpei1565862114263_ClusterManager] INFO  p6spy - 
2019-08-15 17:49:11.992 febs [FEBS_Scheduler_QuartzSchedulerThread] INFO  p6spy - 
2019-08-15 17:49:13.357 febs [QuartzScheduler_FEBS_Scheduler-pc-wangpei1565862114263_MisfireHandler] INFO  p6spy - 
2019-08-15 17:49:19.381 febs [QuartzScheduler_FEBS_Scheduler-pc-wangpei1565862114263_ClusterManager] INFO  p6spy - 
2019-08-15 17:49:19.382 febs [QuartzScheduler_FEBS_Scheduler-pc-wangpei1565862114263_ClusterManager] INFO  p6spy - 
2019-08-15 17:49:25.358 febs [QuartzScheduler_FEBS_Scheduler-pc-wangpei1565862114263_MisfireHandler] INFO  p6spy - 
2019-08-15 17:49:34.384 febs [QuartzScheduler_FEBS_Scheduler-pc-wangpei1565862114263_ClusterManager] INFO  p6spy - 
2019-08-15 17:49:34.385 febs [QuartzScheduler_FEBS_Scheduler-pc-wangpei1565862114263_ClusterManager] INFO  p6spy - 
2019-08-15 17:49:37.359 febs [QuartzScheduler_FEBS_Scheduler-pc-wangpei1565862114263_MisfireHandler] INFO  p6spy - 
2019-08-15 17:49:37.387 febs [FEBS_Scheduler_QuartzSchedulerThread] INFO  p6spy - 
2019-08-15 17:49:49.360 febs [QuartzScheduler_FEBS_Scheduler-pc-wangpei1565862114263_MisfireHandler] INFO  p6spy - 
2019-08-15 17:49:49.386 febs [QuartzScheduler_FEBS_Scheduler-pc-wangpei1565862114263_ClusterManager] INFO  p6spy - 
2019-08-15 17:49:49.387 febs [QuartzScheduler_FEBS_Scheduler-pc-wangpei1565862114263_ClusterManager] INFO  p6spy - 
2019-08-15 17:50:01.360 febs [QuartzScheduler_FEBS_Scheduler-pc-wangpei1565862114263_MisfireHandler] INFO  p6spy - 
2019-08-15 17:50:04.390 febs [QuartzScheduler_FEBS_Scheduler-pc-wangpei1565862114263_ClusterManager] INFO  p6spy - 
2019-08-15 17:50:04.391 febs [QuartzScheduler_FEBS_Scheduler-pc-wangpei1565862114263_ClusterManager] INFO  p6spy - 
2019-08-15 17:50:06.806 febs [FEBS_Scheduler_QuartzSchedulerThread] INFO  p6spy - 
2019-08-15 17:50:13.361 febs [QuartzScheduler_FEBS_Scheduler-pc-wangpei1565862114263_MisfireHandler] INFO  p6spy - 
2019-08-15 17:50:19.393 febs [QuartzScheduler_FEBS_Scheduler-pc-wangpei1565862114263_ClusterManager] INFO  p6spy - 
2019-08-15 17:50:19.394 febs [QuartzScheduler_FEBS_Scheduler-pc-wangpei1565862114263_ClusterManager] INFO  p6spy - 
2019-08-15 17:50:25.360 febs [QuartzScheduler_FEBS_Scheduler-pc-wangpei1565862114263_MisfireHandler] INFO  p6spy - 
2019-08-15 17:50:30.903 febs [FEBS_Scheduler_QuartzSchedulerThread] INFO  p6spy - 
2019-08-15 17:50:34.398 febs [QuartzScheduler_FEBS_Scheduler-pc-wangpei1565862114263_ClusterManager] INFO  p6spy - 
2019-08-15 17:50:34.400 febs [QuartzScheduler_FEBS_Scheduler-pc-wangpei1565862114263_ClusterManager] INFO  p6spy - 
2019-08-15 17:50:37.363 febs [QuartzScheduler_FEBS_Scheduler-pc-wangpei1565862114263_MisfireHandler] INFO  p6spy - 
2019-08-15 17:50:49.362 febs [QuartzScheduler_FEBS_Scheduler-pc-wangpei1565862114263_MisfireHandler] INFO  p6spy - 
2019-08-15 17:50:49.399 febs [QuartzScheduler_FEBS_Scheduler-pc-wangpei1565862114263_ClusterManager] INFO  p6spy - 
2019-08-15 17:50:49.400 febs [QuartzScheduler_FEBS_Scheduler-pc-wangpei1565862114263_ClusterManager] INFO  p6spy - 
2019-08-15 17:50:53.967 febs [FEBS_Scheduler_QuartzSchedulerThread] INFO  p6spy - 
2019-08-15 17:51:01.363 febs [QuartzScheduler_FEBS_Scheduler-pc-wangpei1565862114263_MisfireHandler] INFO  p6spy - 
2019-08-15 17:51:04.404 febs [QuartzScheduler_FEBS_Scheduler-pc-wangpei1565862114263_ClusterManager] INFO  p6spy - 
2019-08-15 17:51:04.405 febs [QuartzScheduler_FEBS_Scheduler-pc-wangpei1565862114263_ClusterManager] INFO  p6spy - 
2019-08-15 17:51:13.363 febs [QuartzScheduler_FEBS_Scheduler-pc-wangpei1565862114263_MisfireHandler] INFO  p6spy - 
2019-08-15 17:51:19.410 febs [QuartzScheduler_FEBS_Scheduler-pc-wangpei1565862114263_ClusterManager] INFO  p6spy - 
2019-08-15 17:51:19.411 febs [QuartzScheduler_FEBS_Scheduler-pc-wangpei1565862114263_ClusterManager] INFO  p6spy - 
2019-08-15 17:51:20.116 febs [FEBS_Scheduler_QuartzSchedulerThread] INFO  p6spy - 
2019-08-15 17:51:25.363 febs [QuartzScheduler_FEBS_Scheduler-pc-wangpei1565862114263_MisfireHandler] INFO  p6spy - 
2019-08-15 17:51:34.413 febs [QuartzScheduler_FEBS_Scheduler-pc-wangpei1565862114263_ClusterManager] INFO  p6spy - 
2019-08-15 17:51:34.414 febs [QuartzScheduler_FEBS_Scheduler-pc-wangpei1565862114263_ClusterManager] INFO  p6spy - 
2019-08-15 17:51:37.364 febs [QuartzScheduler_FEBS_Scheduler-pc-wangpei1565862114263_MisfireHandler] INFO  p6spy - 
2019-08-15 17:51:45.632 febs [FEBS_Scheduler_QuartzSchedulerThread] INFO  p6spy - 
2019-08-15 17:51:49.366 febs [QuartzScheduler_FEBS_Scheduler-pc-wangpei1565862114263_MisfireHandler] INFO  p6spy - 
2019-08-15 17:51:49.417 febs [QuartzScheduler_FEBS_Scheduler-pc-wangpei1565862114263_ClusterManager] INFO  p6spy - 
2019-08-15 17:51:49.418 febs [QuartzScheduler_FEBS_Scheduler-pc-wangpei1565862114263_ClusterManager] INFO  p6spy - 
2019-08-15 17:51:55.518 febs [Thread-76] INFO  org.quartz.core.QuartzScheduler - Scheduler FEBS_Scheduler_$_pc-wangpei1565862114263 paused.
2019-08-15 17:51:55.566 febs [Thread-76] INFO  o.s.s.c.ThreadPoolTaskExecutor - Shutting down ExecutorService 'febsAsyncThreadPool'
2019-08-15 17:51:55.568 febs [Thread-76] INFO  o.s.s.quartz.SchedulerFactoryBean - Shutting down Quartz Scheduler
2019-08-15 17:51:55.568 febs [Thread-76] INFO  org.quartz.core.QuartzScheduler - Scheduler FEBS_Scheduler_$_pc-wangpei1565862114263 shutting down.
2019-08-15 17:51:55.569 febs [Thread-76] INFO  org.quartz.core.QuartzScheduler - Scheduler FEBS_Scheduler_$_pc-wangpei1565862114263 paused.
2019-08-15 17:51:55.573 febs [Thread-76] INFO  org.quartz.core.QuartzScheduler - Scheduler FEBS_Scheduler_$_pc-wangpei1565862114263 shutdown complete.
2019-08-15 17:51:55.596 febs [Thread-76] INFO  c.b.d.d.DynamicRoutingDataSource - closing dynamicDatasource  ing....
2019-08-15 17:51:55.597 febs [Thread-76] INFO  com.zaxxer.hikari.HikariDataSource - quartz - Shutdown initiated...
2019-08-15 17:51:55.608 febs [Thread-76] INFO  com.zaxxer.hikari.HikariDataSource - quartz - Shutdown completed.
2019-08-15 17:51:55.609 febs [Thread-76] INFO  com.zaxxer.hikari.HikariDataSource - base - Shutdown initiated...
2019-08-15 17:51:55.622 febs [Thread-76] INFO  com.zaxxer.hikari.HikariDataSource - base - Shutdown completed.
