2020-01-11 19:43:37.436 febs [main] INFO  com.neefull.fsp.web.AdminApplication - Starting AdminApplication on DESKTOP-BSUER0M with PID 16712 (D:\ideawork\fps\fsp\admin-web\target\classes started by ccc in D:\ideawork\fps\fsp)
2020-01-11 19:43:37.436 febs [main] INFO  com.neefull.fsp.web.AdminApplication - The following profiles are active: dev
2020-01-11 19:43:42.948 febs [main] INFO  o.s.d.r.c.RepositoryConfigurationDelegate - Multiple Spring Data modules found, entering strict repository configuration mode!
2020-01-11 19:43:42.948 febs [main] INFO  o.s.d.r.c.RepositoryConfigurationDelegate - Bootstrapping Spring Data repositories in DEFAULT mode.
2020-01-11 19:43:43.042 febs [main] INFO  o.s.d.r.c.RepositoryConfigurationDelegate - Finished Spring Data repository scanning in 94ms. Found 0 repository interfaces.
2020-01-11 19:43:43.042 febs [main] INFO  o.s.d.r.c.RepositoryConfigurationDelegate - Multiple Spring Data modules found, entering strict repository configuration mode!
2020-01-11 19:43:43.058 febs [main] INFO  o.s.d.r.c.RepositoryConfigurationDelegate - Bootstrapping Spring Data repositories in DEFAULT mode.
2020-01-11 19:43:43.120 febs [main] INFO  o.s.d.r.c.RepositoryConfigurationDelegate - Finished Spring Data repository scanning in 62ms. Found 0 repository interfaces.
2020-01-11 19:43:43.745 febs [main] INFO  o.s.c.s.PostProcessorRegistrationDelegate$BeanPostProcessorChecker - Bean 'spring.datasource.dynamic-com.baomidou.dynamic.datasource.spring.boot.autoconfigure.DynamicDataSourceProperties' of type [com.baomidou.dynamic.datasource.spring.boot.autoconfigure.DynamicDataSourceProperties] is not eligible for getting processed by all BeanPostProcessors (for example: not eligible for auto-proxying)
2020-01-11 19:43:43.855 febs [main] INFO  o.s.c.s.PostProcessorRegistrationDelegate$BeanPostProcessorChecker - Bean 'com.baomidou.dynamic.datasource.spring.boot.autoconfigure.DynamicDataSourceAutoConfiguration' of type [com.baomidou.dynamic.datasource.spring.boot.autoconfigure.DynamicDataSourceAutoConfiguration$$EnhancerBySpringCGLIB$$41a7d725] is not eligible for getting processed by all BeanPostProcessors (for example: not eligible for auto-proxying)
2020-01-11 19:43:43.870 febs [main] INFO  o.s.c.s.PostProcessorRegistrationDelegate$BeanPostProcessorChecker - Bean 'dsProcessor' of type [com.baomidou.dynamic.datasource.processor.DsHeaderProcessor] is not eligible for getting processed by all BeanPostProcessors (for example: not eligible for auto-proxying)
2020-01-11 19:43:43.870 febs [main] INFO  o.s.c.s.PostProcessorRegistrationDelegate$BeanPostProcessorChecker - Bean 'dynamicDatasourceAnnotationAdvisor' of type [com.baomidou.dynamic.datasource.aop.DynamicDataSourceAnnotationAdvisor] is not eligible for getting processed by all BeanPostProcessors (for example: not eligible for auto-proxying)
2020-01-11 19:43:43.886 febs [main] INFO  o.s.c.s.PostProcessorRegistrationDelegate$BeanPostProcessorChecker - Bean 'org.springframework.transaction.annotation.ProxyTransactionManagementConfiguration' of type [org.springframework.transaction.annotation.ProxyTransactionManagementConfiguration$$EnhancerBySpringCGLIB$$d8196654] is not eligible for getting processed by all BeanPostProcessors (for example: not eligible for auto-proxying)
2020-01-11 19:43:43.901 febs [main] INFO  o.s.c.s.PostProcessorRegistrationDelegate$BeanPostProcessorChecker - Bean 'febsProperties' of type [com.neefull.fsp.web.common.properties.FebsProperties$$EnhancerBySpringCGLIB$$c1b599b7] is not eligible for getting processed by all BeanPostProcessors (for example: not eligible for auto-proxying)
2020-01-11 19:43:43.917 febs [main] INFO  o.s.c.s.PostProcessorRegistrationDelegate$BeanPostProcessorChecker - Bean 'shiroConfig' of type [com.neefull.fsp.web.common.authentication.ShiroConfig$$EnhancerBySpringCGLIB$$9f66d0f6] is not eligible for getting processed by all BeanPostProcessors (for example: not eligible for auto-proxying)
2020-01-11 19:43:43.995 febs [main] INFO  o.s.c.s.PostProcessorRegistrationDelegate$BeanPostProcessorChecker - Bean 'mybatis-plus-com.baomidou.mybatisplus.autoconfigure.MybatisPlusProperties' of type [com.baomidou.mybatisplus.autoconfigure.MybatisPlusProperties] is not eligible for getting processed by all BeanPostProcessors (for example: not eligible for auto-proxying)
2020-01-11 19:43:44.011 febs [main] INFO  o.s.c.s.PostProcessorRegistrationDelegate$BeanPostProcessorChecker - Bean 'mybatisPlusConfigure' of type [com.neefull.fsp.web.common.configure.MybatisPlusConfigure$$EnhancerBySpringCGLIB$$b40550fa] is not eligible for getting processed by all BeanPostProcessors (for example: not eligible for auto-proxying)
2020-01-11 19:43:44.026 febs [main] INFO  o.s.c.s.PostProcessorRegistrationDelegate$BeanPostProcessorChecker - Bean 'paginationInterceptor' of type [com.baomidou.mybatisplus.extension.plugins.PaginationInterceptor] is not eligible for getting processed by all BeanPostProcessors (for example: not eligible for auto-proxying)
2020-01-11 19:43:44.042 febs [main] INFO  o.s.c.s.PostProcessorRegistrationDelegate$BeanPostProcessorChecker - Bean 'com.baomidou.mybatisplus.autoconfigure.MybatisPlusAutoConfiguration' of type [com.baomidou.mybatisplus.autoconfigure.MybatisPlusAutoConfiguration$$EnhancerBySpringCGLIB$$15e1d2ee] is not eligible for getting processed by all BeanPostProcessors (for example: not eligible for auto-proxying)
2020-01-11 19:43:44.058 febs [main] INFO  o.s.c.s.PostProcessorRegistrationDelegate$BeanPostProcessorChecker - Bean 'dynamicDataSourceCreator' of type [com.baomidou.dynamic.datasource.DynamicDataSourceCreator] is not eligible for getting processed by all BeanPostProcessors (for example: not eligible for auto-proxying)
2020-01-11 19:43:44.058 febs [main] INFO  o.s.c.s.PostProcessorRegistrationDelegate$BeanPostProcessorChecker - Bean 'dynamicDataSourceProvider' of type [com.baomidou.dynamic.datasource.provider.YmlDynamicDataSourceProvider] is not eligible for getting processed by all BeanPostProcessors (for example: not eligible for auto-proxying)
2020-01-11 19:43:44.073 febs [main] INFO  com.zaxxer.hikari.HikariDataSource - base - Starting...
2020-01-11 19:43:45.695 febs [main] INFO  com.zaxxer.hikari.HikariDataSource - base - Start completed.
2020-01-11 19:43:45.695 febs [main] INFO  com.zaxxer.hikari.HikariDataSource - quartz - Starting...
2020-01-11 19:43:45.961 febs [main] INFO  com.zaxxer.hikari.HikariDataSource - quartz - Start completed.
2020-01-11 19:43:45.961 febs [main] INFO  c.b.d.d.DynamicRoutingDataSource - 初始共加载 2 个数据源
2020-01-11 19:43:45.961 febs [main] INFO  c.b.d.d.DynamicRoutingDataSource - 动态数据源-加载 quartz 成功
2020-01-11 19:43:45.961 febs [main] INFO  c.b.d.d.DynamicRoutingDataSource - 动态数据源-加载 base 成功
2020-01-11 19:43:45.961 febs [main] INFO  c.b.d.d.DynamicRoutingDataSource - 当前的默认数据源是单数据源，数据源名为 base
2020-01-11 19:43:45.961 febs [main] INFO  o.s.c.s.PostProcessorRegistrationDelegate$BeanPostProcessorChecker - Bean 'dataSource' of type [com.baomidou.dynamic.datasource.DynamicRoutingDataSource] is not eligible for getting processed by all BeanPostProcessors (for example: not eligible for auto-proxying)
2020-01-11 19:43:45.979 febs [main] INFO  o.s.c.s.PostProcessorRegistrationDelegate$BeanPostProcessorChecker - Bean 'spring.datasource-org.springframework.boot.autoconfigure.jdbc.DataSourceProperties' of type [org.springframework.boot.autoconfigure.jdbc.DataSourceProperties] is not eligible for getting processed by all BeanPostProcessors (for example: not eligible for auto-proxying)
2020-01-11 19:43:45.994 febs [main] INFO  o.s.c.s.PostProcessorRegistrationDelegate$BeanPostProcessorChecker - Bean 'org.springframework.boot.autoconfigure.jdbc.DataSourceInitializerInvoker' of type [org.springframework.boot.autoconfigure.jdbc.DataSourceInitializerInvoker] is not eligible for getting processed by all BeanPostProcessors (for example: not eligible for auto-proxying)
2020-01-11 19:43:47.643 febs [main] INFO  o.s.c.s.PostProcessorRegistrationDelegate$BeanPostProcessorChecker - Bean 'sqlSessionFactory' of type [org.apache.ibatis.session.defaults.DefaultSqlSessionFactory] is not eligible for getting processed by all BeanPostProcessors (for example: not eligible for auto-proxying)
2020-01-11 19:43:47.643 febs [main] INFO  o.s.c.s.PostProcessorRegistrationDelegate$BeanPostProcessorChecker - Bean 'sqlSessionTemplate' of type [org.mybatis.spring.SqlSessionTemplate] is not eligible for getting processed by all BeanPostProcessors (for example: not eligible for auto-proxying)
2020-01-11 19:43:47.643 febs [main] INFO  o.s.c.s.PostProcessorRegistrationDelegate$BeanPostProcessorChecker - Bean 'userMapper' of type [org.mybatis.spring.mapper.MapperFactoryBean] is not eligible for getting processed by all BeanPostProcessors (for example: not eligible for auto-proxying)
2020-01-11 19:43:47.643 febs [main] INFO  o.s.c.s.PostProcessorRegistrationDelegate$BeanPostProcessorChecker - Bean 'userMapper' of type [com.sun.proxy.$Proxy113] is not eligible for getting processed by all BeanPostProcessors (for example: not eligible for auto-proxying)
2020-01-11 19:43:47.674 febs [main] INFO  o.s.c.s.PostProcessorRegistrationDelegate$BeanPostProcessorChecker - Bean 'userRoleMapper' of type [org.mybatis.spring.mapper.MapperFactoryBean] is not eligible for getting processed by all BeanPostProcessors (for example: not eligible for auto-proxying)
2020-01-11 19:43:47.690 febs [main] INFO  o.s.c.s.PostProcessorRegistrationDelegate$BeanPostProcessorChecker - Bean 'userRoleMapper' of type [com.sun.proxy.$Proxy115] is not eligible for getting processed by all BeanPostProcessors (for example: not eligible for auto-proxying)
2020-01-11 19:43:47.690 febs [main] INFO  o.s.c.s.PostProcessorRegistrationDelegate$BeanPostProcessorChecker - Bean 'userRoleServiceImpl' of type [com.neefull.fsp.web.system.service.impl.UserRoleServiceImpl] is not eligible for getting processed by all BeanPostProcessors (for example: not eligible for auto-proxying)
2020-01-11 19:43:47.766 febs [main] INFO  o.s.c.s.PostProcessorRegistrationDelegate$BeanPostProcessorChecker - Bean 'authFreelancerMapper' of type [org.mybatis.spring.mapper.MapperFactoryBean] is not eligible for getting processed by all BeanPostProcessors (for example: not eligible for auto-proxying)
2020-01-11 19:43:47.781 febs [main] INFO  o.s.c.s.PostProcessorRegistrationDelegate$BeanPostProcessorChecker - Bean 'authFreelancerMapper' of type [com.sun.proxy.$Proxy117] is not eligible for getting processed by all BeanPostProcessors (for example: not eligible for auto-proxying)
2020-01-11 19:43:47.781 febs [main] INFO  o.s.c.s.PostProcessorRegistrationDelegate$BeanPostProcessorChecker - Bean 'qiniuConfig' of type [com.neefull.fsp.common.config.QiniuConfig$$EnhancerBySpringCGLIB$$59f2b84b] is not eligible for getting processed by all BeanPostProcessors (for example: not eligible for auto-proxying)
2020-01-11 19:43:47.781 febs [main] INFO  o.s.c.s.PostProcessorRegistrationDelegate$BeanPostProcessorChecker - Bean 'authFreelancerServiceImpl' of type [com.neefull.fsp.web.system.service.impl.AuthFreelancerServiceImpl] is not eligible for getting processed by all BeanPostProcessors (for example: not eligible for auto-proxying)
2020-01-11 19:43:47.828 febs [main] INFO  o.s.c.s.PostProcessorRegistrationDelegate$BeanPostProcessorChecker - Bean 'authCorpMapper' of type [org.mybatis.spring.mapper.MapperFactoryBean] is not eligible for getting processed by all BeanPostProcessors (for example: not eligible for auto-proxying)
2020-01-11 19:43:47.828 febs [main] INFO  o.s.c.s.PostProcessorRegistrationDelegate$BeanPostProcessorChecker - Bean 'authCorpMapper' of type [com.sun.proxy.$Proxy119] is not eligible for getting processed by all BeanPostProcessors (for example: not eligible for auto-proxying)
2020-01-11 19:43:47.844 febs [main] INFO  o.s.c.s.PostProcessorRegistrationDelegate$BeanPostProcessorChecker - Bean 'authCorpServiceImpl' of type [com.neefull.fsp.web.system.service.impl.AuthCorpServiceImpl] is not eligible for getting processed by all BeanPostProcessors (for example: not eligible for auto-proxying)
2020-01-11 19:43:47.891 febs [main] INFO  o.s.c.s.PostProcessorRegistrationDelegate$BeanPostProcessorChecker - Bean 'msgInfoMapper' of type [org.mybatis.spring.mapper.MapperFactoryBean] is not eligible for getting processed by all BeanPostProcessors (for example: not eligible for auto-proxying)
2020-01-11 19:43:47.891 febs [main] INFO  o.s.c.s.PostProcessorRegistrationDelegate$BeanPostProcessorChecker - Bean 'msgInfoMapper' of type [com.sun.proxy.$Proxy121] is not eligible for getting processed by all BeanPostProcessors (for example: not eligible for auto-proxying)
2020-01-11 19:43:47.906 febs [main] INFO  o.s.c.s.PostProcessorRegistrationDelegate$BeanPostProcessorChecker - Bean 'msgUserMapper' of type [org.mybatis.spring.mapper.MapperFactoryBean] is not eligible for getting processed by all BeanPostProcessors (for example: not eligible for auto-proxying)
2020-01-11 19:43:47.906 febs [main] INFO  o.s.c.s.PostProcessorRegistrationDelegate$BeanPostProcessorChecker - Bean 'msgUserMapper' of type [com.sun.proxy.$Proxy122] is not eligible for getting processed by all BeanPostProcessors (for example: not eligible for auto-proxying)
2020-01-11 19:43:47.906 febs [main] INFO  o.s.c.s.PostProcessorRegistrationDelegate$BeanPostProcessorChecker - Bean 'msgUserServiceImpl' of type [com.neefull.fsp.web.system.service.impl.MsgUserServiceImpl] is not eligible for getting processed by all BeanPostProcessors (for example: not eligible for auto-proxying)
2020-01-11 19:43:47.938 febs [main] INFO  o.s.c.s.PostProcessorRegistrationDelegate$BeanPostProcessorChecker - Bean 'msgInfoServiceImpl' of type [com.neefull.fsp.web.system.service.impl.MsgInfoServiceImpl] is not eligible for getting processed by all BeanPostProcessors (for example: not eligible for auto-proxying)
2020-01-11 19:43:47.969 febs [main] INFO  o.s.c.s.PostProcessorRegistrationDelegate$BeanPostProcessorChecker - Bean 'userServiceImpl' of type [com.neefull.fsp.web.system.service.impl.UserServiceImpl] is not eligible for getting processed by all BeanPostProcessors (for example: not eligible for auto-proxying)
2020-01-11 19:43:47.984 febs [main] INFO  o.s.c.s.PostProcessorRegistrationDelegate$BeanPostProcessorChecker - Bean 'roleMapper' of type [org.mybatis.spring.mapper.MapperFactoryBean] is not eligible for getting processed by all BeanPostProcessors (for example: not eligible for auto-proxying)
2020-01-11 19:43:47.984 febs [main] INFO  o.s.c.s.PostProcessorRegistrationDelegate$BeanPostProcessorChecker - Bean 'roleMapper' of type [com.sun.proxy.$Proxy126] is not eligible for getting processed by all BeanPostProcessors (for example: not eligible for auto-proxying)
2020-01-11 19:43:48.000 febs [main] INFO  o.s.c.s.PostProcessorRegistrationDelegate$BeanPostProcessorChecker - Bean 'roleMenuMapper' of type [org.mybatis.spring.mapper.MapperFactoryBean] is not eligible for getting processed by all BeanPostProcessors (for example: not eligible for auto-proxying)
2020-01-11 19:43:48.000 febs [main] INFO  o.s.c.s.PostProcessorRegistrationDelegate$BeanPostProcessorChecker - Bean 'roleMenuMapper' of type [com.sun.proxy.$Proxy127] is not eligible for getting processed by all BeanPostProcessors (for example: not eligible for auto-proxying)
2020-01-11 19:43:48.000 febs [main] INFO  o.s.c.s.PostProcessorRegistrationDelegate$BeanPostProcessorChecker - Bean 'roleMenuServiceImpl' of type [com.neefull.fsp.web.system.service.impl.RoleMenuServiceImpl] is not eligible for getting processed by all BeanPostProcessors (for example: not eligible for auto-proxying)
2020-01-11 19:43:48.016 febs [main] INFO  o.s.c.s.PostProcessorRegistrationDelegate$BeanPostProcessorChecker - Bean 'roleServiceImpl' of type [com.neefull.fsp.web.system.service.impl.RoleServiceImpl] is not eligible for getting processed by all BeanPostProcessors (for example: not eligible for auto-proxying)
2020-01-11 19:43:48.047 febs [main] INFO  o.s.c.s.PostProcessorRegistrationDelegate$BeanPostProcessorChecker - Bean 'menuMapper' of type [org.mybatis.spring.mapper.MapperFactoryBean] is not eligible for getting processed by all BeanPostProcessors (for example: not eligible for auto-proxying)
2020-01-11 19:43:48.047 febs [main] INFO  o.s.c.s.PostProcessorRegistrationDelegate$BeanPostProcessorChecker - Bean 'menuMapper' of type [com.sun.proxy.$Proxy130] is not eligible for getting processed by all BeanPostProcessors (for example: not eligible for auto-proxying)
2020-01-11 19:43:48.047 febs [main] INFO  o.s.c.s.PostProcessorRegistrationDelegate$BeanPostProcessorChecker - Bean 'menuServiceImpl' of type [com.neefull.fsp.web.system.service.impl.MenuServiceImpl] is not eligible for getting processed by all BeanPostProcessors (for example: not eligible for auto-proxying)
2020-01-11 19:43:48.078 febs [main] INFO  o.s.c.s.PostProcessorRegistrationDelegate$BeanPostProcessorChecker - Bean 'shiroRealm' of type [com.neefull.fsp.web.common.authentication.ShiroRealm] is not eligible for getting processed by all BeanPostProcessors (for example: not eligible for auto-proxying)
2020-01-11 19:43:48.109 febs [main] INFO  o.s.c.s.PostProcessorRegistrationDelegate$BeanPostProcessorChecker - Bean 'redisSessionDAO' of type [org.crazycake.shiro.RedisSessionDAO] is not eligible for getting processed by all BeanPostProcessors (for example: not eligible for auto-proxying)
2020-01-11 19:43:48.125 febs [main] INFO  o.s.c.s.PostProcessorRegistrationDelegate$BeanPostProcessorChecker - Bean 'sessionManager' of type [org.apache.shiro.web.session.mgt.DefaultWebSessionManager] is not eligible for getting processed by all BeanPostProcessors (for example: not eligible for auto-proxying)
2020-01-11 19:43:48.125 febs [main] INFO  o.s.c.s.PostProcessorRegistrationDelegate$BeanPostProcessorChecker - Bean 'securityManager' of type [org.apache.shiro.web.mgt.DefaultWebSecurityManager] is not eligible for getting processed by all BeanPostProcessors (for example: not eligible for auto-proxying)
2020-01-11 19:43:48.141 febs [main] INFO  o.s.c.s.PostProcessorRegistrationDelegate$BeanPostProcessorChecker - Bean 'authorizationAttributeSourceAdvisor' of type [org.apache.shiro.spring.security.interceptor.AuthorizationAttributeSourceAdvisor] is not eligible for getting processed by all BeanPostProcessors (for example: not eligible for auto-proxying)
2020-01-11 19:43:48.500 febs [main] INFO  o.s.b.w.e.tomcat.TomcatWebServer - Tomcat initialized with port(s): 8083 (http)
2020-01-11 19:43:48.516 febs [main] INFO  o.a.coyote.http11.Http11NioProtocol - Initializing ProtocolHandler ["http-nio-8083"]
2020-01-11 19:43:48.531 febs [main] INFO  o.a.catalina.core.StandardService - Starting service [Tomcat]
2020-01-11 19:43:48.531 febs [main] INFO  o.a.catalina.core.StandardEngine - Starting Servlet engine: [Apache Tomcat/9.0.19]
2020-01-11 19:43:48.984 febs [main] INFO  o.a.c.c.C.[Tomcat].[localhost].[/] - Initializing Spring embedded WebApplicationContext
2020-01-11 19:43:48.984 febs [main] INFO  o.s.web.context.ContextLoader - Root WebApplicationContext: initialization completed in 11438 ms
2020-01-11 19:43:49.640 febs [main] INFO  c.n.fsp.web.common.xss.XssFilter - ------------ xss filter init ------------
2020-01-11 19:43:49.937 febs [main] INFO  o.h.jpa.internal.util.LogHelper - HHH000204: Processing PersistenceUnitInfo [
	name: default
	...]
2020-01-11 19:43:50.062 febs [main] INFO  org.hibernate.Version - HHH000412: Hibernate Core {5.3.10.Final}
2020-01-11 19:43:50.062 febs [main] INFO  org.hibernate.cfg.Environment - HHH000206: hibernate.properties not found
2020-01-11 19:43:50.390 febs [main] INFO  o.h.annotations.common.Version - HCANN000001: Hibernate Commons Annotations {5.0.4.Final}
2020-01-11 19:43:51.477 febs [main] INFO  org.hibernate.dialect.Dialect - HHH000400: Using dialect: org.hibernate.dialect.MySQL5Dialect
2020-01-11 19:43:51.883 febs [main] INFO  o.s.o.j.LocalContainerEntityManagerFactoryBean - Initialized JPA EntityManagerFactory for persistence unit 'default'
2020-01-11 19:43:52.446 febs [main] INFO  org.quartz.impl.StdSchedulerFactory - Using default implementation for ThreadExecutor
2020-01-11 19:43:52.477 febs [main] INFO  o.quartz.core.SchedulerSignalerImpl - Initialized Scheduler Signaller of type: class org.quartz.core.SchedulerSignalerImpl
2020-01-11 19:43:52.477 febs [main] INFO  org.quartz.core.QuartzScheduler - Quartz Scheduler v.2.3.1 created.
2020-01-11 19:43:52.493 febs [main] INFO  o.s.s.quartz.LocalDataSourceJobStore - Using db table-based data access locking (synchronization).
2020-01-11 19:43:52.508 febs [main] INFO  o.s.s.quartz.LocalDataSourceJobStore - JobStoreCMT initialized.
2020-01-11 19:43:52.508 febs [main] INFO  org.quartz.core.QuartzScheduler - Scheduler meta-data: Quartz Scheduler (v2.3.1) 'FEBS_Scheduler' with instanceId 'DESKTOP-BSUER0M1578743032446'
  Scheduler class: 'org.quartz.core.QuartzScheduler' - running locally.
  NOT STARTED.
  Currently in standby mode.
  Number of jobs executed: 0
  Using thread pool 'org.quartz.simpl.SimpleThreadPool' - with 20 threads.
  Using job-store 'org.springframework.scheduling.quartz.LocalDataSourceJobStore' - which supports persistence. and is clustered.

2020-01-11 19:43:52.508 febs [main] INFO  org.quartz.impl.StdSchedulerFactory - Quartz scheduler 'FEBS_Scheduler' initialized from an externally provided properties instance.
2020-01-11 19:43:52.508 febs [main] INFO  org.quartz.impl.StdSchedulerFactory - Quartz scheduler version: 2.3.1
2020-01-11 19:43:52.508 febs [main] INFO  org.quartz.core.QuartzScheduler - JobFactory set to: org.springframework.scheduling.quartz.AdaptableJobFactory@5d56c2d2
2020-01-11 19:43:53.786 febs [main] INFO  o.s.s.c.ThreadPoolTaskExecutor - Initializing ExecutorService
2020-01-11 19:43:53.791 febs [main] INFO  o.s.s.c.ThreadPoolTaskExecutor - Initializing ExecutorService 'febsAsyncThreadPool'
2020-01-11 19:43:54.652 febs [main] INFO  o.a.engine.impl.ProcessEngineImpl - ProcessEngine default created
2020-01-11 19:43:54.656 febs [main] INFO  o.a.e.i.a.AbstractAsyncJobExecutor - Starting up the default async job executor [org.activiti.spring.SpringAsyncExecutor].
2020-01-11 19:43:54.660 febs [Thread-38] INFO  o.a.e.i.a.AcquireTimerJobsRunnable - starting to acquire async jobs due
2020-01-11 19:43:54.661 febs [Thread-39] INFO  o.a.e.i.a.AcquireAsyncJobsDueRunnable - starting to acquire async jobs due
2020-01-11 19:43:55.670 febs [main] INFO  o.s.b.a.w.s.WelcomePageHandlerMapping - Adding welcome page template: index
2020-01-11 19:43:56.527 febs [main] INFO  o.s.b.a.e.web.EndpointLinksResolver - Exposing 2 endpoint(s) beneath base path '/actuator'
2020-01-11 19:43:56.621 febs [main] INFO  o.s.s.quartz.SchedulerFactoryBean - Will start Quartz Scheduler [FEBS_Scheduler] in 1 seconds
2020-01-11 19:43:56.634 febs [main] INFO  o.a.coyote.http11.Http11NioProtocol - Starting ProtocolHandler ["http-nio-8083"]
2020-01-11 19:43:56.663 febs [main] INFO  o.s.b.w.e.tomcat.TomcatWebServer - Tomcat started on port(s): 8083 (http) with context path ''
2020-01-11 19:43:56.666 febs [main] INFO  com.neefull.fsp.web.AdminApplication - Started AdminApplication in 20.354 seconds (JVM running for 23.209)
2020-01-11 19:43:56.705 febs [main] INFO  c.n.f.w.c.runner.FebsStartedUpRunner -  __    ___   _      ___   _     ____ _____  ____ 
2020-01-11 19:43:56.705 febs [main] INFO  c.n.f.w.c.runner.FebsStartedUpRunner - / /`  / / \ | |\/| | |_) | |   | |_   | |  | |_  
2020-01-11 19:43:56.705 febs [main] INFO  c.n.f.w.c.runner.FebsStartedUpRunner - \_\_, \_\_/ |_|  | |_|   |_|__ |_|__  |_|  |_|__ 
2020-01-11 19:43:56.705 febs [main] INFO  c.n.f.w.c.runner.FebsStartedUpRunner -                                                       
2020-01-11 19:43:56.705 febs [main] INFO  c.n.f.w.c.runner.FebsStartedUpRunner - FLP系统启动完毕，地址：http://192.168.0.102:8083/login
2020-01-11 19:43:57.164 febs [RMI TCP Connection(33)-127.0.0.1] INFO  o.a.c.c.C.[Tomcat].[localhost].[/] - Initializing Spring DispatcherServlet 'dispatcherServlet'
2020-01-11 19:43:57.164 febs [RMI TCP Connection(33)-127.0.0.1] INFO  o.s.web.servlet.DispatcherServlet - Initializing Servlet 'dispatcherServlet'
2020-01-11 19:43:57.194 febs [RMI TCP Connection(33)-127.0.0.1] INFO  o.s.web.servlet.DispatcherServlet - Completed initialization in 30 ms
2020-01-11 19:43:57.623 febs [Quartz Scheduler [FEBS_Scheduler]] INFO  o.s.s.quartz.SchedulerFactoryBean - Starting Quartz Scheduler now, after delay of 1 seconds
2020-01-11 19:43:57.699 febs [Quartz Scheduler [FEBS_Scheduler]] INFO  o.s.s.quartz.LocalDataSourceJobStore - ClusterManager: detected 1 failed or restarted instances.
2020-01-11 19:43:57.699 febs [Quartz Scheduler [FEBS_Scheduler]] INFO  o.s.s.quartz.LocalDataSourceJobStore - ClusterManager: Scanning for instance "DESKTOP-BSUER0M1578647755964"'s failed in-progress jobs.
2020-01-11 19:43:57.747 febs [Quartz Scheduler [FEBS_Scheduler]] INFO  org.quartz.core.QuartzScheduler - Scheduler FEBS_Scheduler_$_DESKTOP-BSUER0M1578743032446 started.
2020-01-11 19:45:54.413 febs [http-nio-8083-exec-1] INFO  o.a.s.s.m.AbstractValidatingSessionManager - Enabling session validation scheduler...
2020-01-11 19:46:07.230 febs [http-nio-8083-exec-9] INFO  c.n.f.web.common.aspect.LimitAspect - IP:192.168.0.102 第 1 次访问key为 [limit_login192.168.0.102]，描述为 [登录接口] 的接口
2020-01-11 19:46:16.420 febs [http-nio-8083-exec-1] INFO  c.n.f.web.common.aspect.LimitAspect - IP:192.168.0.102 第 2 次访问key为 [limit_login192.168.0.102]，描述为 [登录接口] 的接口
2020-01-11 19:46:42.948 febs [http-nio-8083-exec-6] INFO  c.n.f.web.common.aspect.LimitAspect - IP:192.168.0.102 第 3 次访问key为 [limit_login192.168.0.102]，描述为 [登录接口] 的接口
2020-01-11 19:46:51.090 febs [http-nio-8083-exec-3] INFO  c.n.f.web.common.aspect.LimitAspect - IP:192.168.0.102 第 4 次访问key为 [limit_login192.168.0.102]，描述为 [登录接口] 的接口
2020-01-11 19:46:58.804 febs [http-nio-8083-exec-7] INFO  c.n.f.web.common.aspect.LimitAspect - IP:192.168.0.102 第 5 次访问key为 [limit_login192.168.0.102]，描述为 [登录接口] 的接口
2020-01-11 19:47:07.913 febs [http-nio-8083-exec-9] INFO  c.n.f.web.common.aspect.LimitAspect - IP:192.168.0.102 第 1 次访问key为 [limit_login192.168.0.102]，描述为 [登录接口] 的接口
2020-01-11 19:48:18.173 febs [http-nio-8083-exec-7] INFO  c.n.f.web.common.aspect.LimitAspect - IP:192.168.0.102 第 1 次访问key为 [limit_login192.168.0.102]，描述为 [登录接口] 的接口
2020-01-11 19:48:39.285 febs [http-nio-8083-exec-1] INFO  c.n.f.web.common.aspect.LimitAspect - IP:192.168.0.102 第 2 次访问key为 [limit_login192.168.0.102]，描述为 [登录接口] 的接口
2020-01-11 19:48:45.244 febs [http-nio-8083-exec-5] INFO  c.n.f.web.common.aspect.LimitAspect - IP:192.168.0.102 第 3 次访问key为 [limit_login192.168.0.102]，描述为 [登录接口] 的接口
2020-01-11 19:49:42.361 febs [http-nio-8083-exec-4] INFO  c.n.f.web.common.aspect.LimitAspect - IP:192.168.0.102 第 1 次访问key为 [limit_login192.168.0.102]，描述为 [登录接口] 的接口
2020-01-11 19:51:53.364 febs [http-nio-8083-exec-2] INFO  o.a.e.i.bpmn.deployer.BpmnDeployer - Processing resource processes/commodity_process.bpmn20.xml
2020-01-11 19:51:53.490 febs [http-nio-8083-exec-2] INFO  o.a.e.i.bpmn.deployer.BpmnDeployer - Processing resource processes/commodity_process.到货养护分包出库QFF.png
2020-01-11 19:52:18.042 febs [http-nio-8083-exec-10] INFO  c.n.f.web.common.aspect.LimitAspect - IP:192.168.0.102 第 1 次访问key为 [limit_login192.168.0.102]，描述为 [登录接口] 的接口
