2019-08-13 22:36:59.381 febs [main] INFO  com.neefull.fsp.AdminApplication - Starting AdminApplication on pc-wangpei with PID 11296 (D:\workspace\workspace_open\fsp\admin\target\classes started by Thinkpad in D:\workspace\workspace_open\fsp)
2019-08-13 22:36:59.384 febs [main] INFO  com.neefull.fsp.AdminApplication - The following profiles are active: dev
2019-08-13 22:37:01.066 febs [main] INFO  o.s.d.r.c.RepositoryConfigurationDelegate - Multiple Spring Data modules found, entering strict repository configuration mode!
2019-08-13 22:37:01.069 febs [main] INFO  o.s.d.r.c.RepositoryConfigurationDelegate - Bootstrapping Spring Data repositories in DEFAULT mode.
2019-08-13 22:37:01.144 febs [main] INFO  o.s.d.r.c.RepositoryConfigurationDelegate - Finished Spring Data repository scanning in 58ms. Found 0 repository interfaces.
2019-08-13 22:37:01.876 febs [main] INFO  o.s.c.s.PostProcessorRegistrationDelegate$BeanPostProcessorChecker - Bean 'spring.datasource.dynamic-com.baomidou.dynamic.datasource.spring.boot.autoconfigure.DynamicDataSourceProperties' of type [com.baomidou.dynamic.datasource.spring.boot.autoconfigure.DynamicDataSourceProperties] is not eligible for getting processed by all BeanPostProcessors (for example: not eligible for auto-proxying)
2019-08-13 22:37:02.229 febs [main] INFO  o.s.c.s.PostProcessorRegistrationDelegate$BeanPostProcessorChecker - Bean 'com.baomidou.dynamic.datasource.spring.boot.autoconfigure.DynamicDataSourceAutoConfiguration' of type [com.baomidou.dynamic.datasource.spring.boot.autoconfigure.DynamicDataSourceAutoConfiguration$$EnhancerBySpringCGLIB$$6d501a01] is not eligible for getting processed by all BeanPostProcessors (for example: not eligible for auto-proxying)
2019-08-13 22:37:02.239 febs [main] INFO  o.s.c.s.PostProcessorRegistrationDelegate$BeanPostProcessorChecker - Bean 'dsProcessor' of type [com.baomidou.dynamic.datasource.processor.DsHeaderProcessor] is not eligible for getting processed by all BeanPostProcessors (for example: not eligible for auto-proxying)
2019-08-13 22:37:02.244 febs [main] INFO  o.s.c.s.PostProcessorRegistrationDelegate$BeanPostProcessorChecker - Bean 'dynamicDatasourceAnnotationAdvisor' of type [com.baomidou.dynamic.datasource.aop.DynamicDataSourceAnnotationAdvisor] is not eligible for getting processed by all BeanPostProcessors (for example: not eligible for auto-proxying)
2019-08-13 22:37:02.256 febs [main] INFO  o.s.c.s.PostProcessorRegistrationDelegate$BeanPostProcessorChecker - Bean 'org.springframework.transaction.annotation.ProxyTransactionManagementConfiguration' of type [org.springframework.transaction.annotation.ProxyTransactionManagementConfiguration$$EnhancerBySpringCGLIB$$3c1a930] is not eligible for getting processed by all BeanPostProcessors (for example: not eligible for auto-proxying)
2019-08-13 22:37:02.283 febs [main] INFO  o.s.c.s.PostProcessorRegistrationDelegate$BeanPostProcessorChecker - Bean 'febsProperties' of type [com.neefull.fsp.common.properties.FebsProperties$$EnhancerBySpringCGLIB$$40b8879] is not eligible for getting processed by all BeanPostProcessors (for example: not eligible for auto-proxying)
2019-08-13 22:37:02.290 febs [main] INFO  o.s.c.s.PostProcessorRegistrationDelegate$BeanPostProcessorChecker - Bean 'shiroConfig' of type [com.neefull.fsp.common.authentication.ShiroConfig$$EnhancerBySpringCGLIB$$8a16e4ac] is not eligible for getting processed by all BeanPostProcessors (for example: not eligible for auto-proxying)
2019-08-13 22:37:02.396 febs [main] INFO  o.s.c.s.PostProcessorRegistrationDelegate$BeanPostProcessorChecker - Bean 'mybatis-plus-com.baomidou.mybatisplus.autoconfigure.MybatisPlusProperties' of type [com.baomidou.mybatisplus.autoconfigure.MybatisPlusProperties] is not eligible for getting processed by all BeanPostProcessors (for example: not eligible for auto-proxying)
2019-08-13 22:37:02.408 febs [main] INFO  o.s.c.s.PostProcessorRegistrationDelegate$BeanPostProcessorChecker - Bean 'mybatisPlusConfigure' of type [com.neefull.fsp.common.configure.MybatisPlusConfigure$$EnhancerBySpringCGLIB$$424d67b0] is not eligible for getting processed by all BeanPostProcessors (for example: not eligible for auto-proxying)
2019-08-13 22:37:02.415 febs [main] INFO  o.s.c.s.PostProcessorRegistrationDelegate$BeanPostProcessorChecker - Bean 'paginationInterceptor' of type [com.baomidou.mybatisplus.extension.plugins.PaginationInterceptor] is not eligible for getting processed by all BeanPostProcessors (for example: not eligible for auto-proxying)
2019-08-13 22:37:02.427 febs [main] INFO  o.s.c.s.PostProcessorRegistrationDelegate$BeanPostProcessorChecker - Bean 'com.baomidou.mybatisplus.autoconfigure.MybatisPlusAutoConfiguration' of type [com.baomidou.mybatisplus.autoconfigure.MybatisPlusAutoConfiguration$$EnhancerBySpringCGLIB$$418a15ca] is not eligible for getting processed by all BeanPostProcessors (for example: not eligible for auto-proxying)
2019-08-13 22:37:02.439 febs [main] INFO  o.s.c.s.PostProcessorRegistrationDelegate$BeanPostProcessorChecker - Bean 'dynamicDataSourceCreator' of type [com.baomidou.dynamic.datasource.DynamicDataSourceCreator] is not eligible for getting processed by all BeanPostProcessors (for example: not eligible for auto-proxying)
2019-08-13 22:37:02.442 febs [main] INFO  o.s.c.s.PostProcessorRegistrationDelegate$BeanPostProcessorChecker - Bean 'dynamicDataSourceProvider' of type [com.baomidou.dynamic.datasource.provider.YmlDynamicDataSourceProvider] is not eligible for getting processed by all BeanPostProcessors (for example: not eligible for auto-proxying)
2019-08-13 22:37:02.446 febs [main] INFO  c.b.d.d.DynamicRoutingDataSource - 动态数据源-检测到并开启了p6spy
2019-08-13 22:37:02.455 febs [main] INFO  com.zaxxer.hikari.HikariDataSource - base - Starting...
2019-08-13 22:37:02.654 febs [main] INFO  com.zaxxer.hikari.HikariDataSource - base - Start completed.
2019-08-13 22:37:02.654 febs [main] INFO  com.zaxxer.hikari.HikariDataSource - quartz - Starting...
2019-08-13 22:37:02.663 febs [main] INFO  com.zaxxer.hikari.HikariDataSource - quartz - Start completed.
2019-08-13 22:37:02.663 febs [main] INFO  c.b.d.d.DynamicRoutingDataSource - 初始共加载 2 个数据源
2019-08-13 22:37:02.664 febs [main] INFO  c.b.d.d.DynamicRoutingDataSource - 动态数据源-加载 quartz 成功
2019-08-13 22:37:02.664 febs [main] INFO  c.b.d.d.DynamicRoutingDataSource - 动态数据源-加载 base 成功
2019-08-13 22:37:02.664 febs [main] INFO  c.b.d.d.DynamicRoutingDataSource - 当前的默认数据源是单数据源，数据源名为 base
2019-08-13 22:37:02.664 febs [main] INFO  o.s.c.s.PostProcessorRegistrationDelegate$BeanPostProcessorChecker - Bean 'dataSource' of type [com.baomidou.dynamic.datasource.DynamicRoutingDataSource] is not eligible for getting processed by all BeanPostProcessors (for example: not eligible for auto-proxying)
2019-08-13 22:37:02.682 febs [main] INFO  o.s.c.s.PostProcessorRegistrationDelegate$BeanPostProcessorChecker - Bean 'spring.datasource-org.springframework.boot.autoconfigure.jdbc.DataSourceProperties' of type [org.springframework.boot.autoconfigure.jdbc.DataSourceProperties] is not eligible for getting processed by all BeanPostProcessors (for example: not eligible for auto-proxying)
2019-08-13 22:37:02.692 febs [main] INFO  o.s.c.s.PostProcessorRegistrationDelegate$BeanPostProcessorChecker - Bean 'org.springframework.boot.autoconfigure.jdbc.DataSourceInitializerInvoker' of type [org.springframework.boot.autoconfigure.jdbc.DataSourceInitializerInvoker] is not eligible for getting processed by all BeanPostProcessors (for example: not eligible for auto-proxying)
2019-08-13 22:37:03.436 febs [main] INFO  o.s.c.s.PostProcessorRegistrationDelegate$BeanPostProcessorChecker - Bean 'sqlSessionFactory' of type [org.apache.ibatis.session.defaults.DefaultSqlSessionFactory] is not eligible for getting processed by all BeanPostProcessors (for example: not eligible for auto-proxying)
2019-08-13 22:37:03.450 febs [main] INFO  o.s.c.s.PostProcessorRegistrationDelegate$BeanPostProcessorChecker - Bean 'sqlSessionTemplate' of type [org.mybatis.spring.SqlSessionTemplate] is not eligible for getting processed by all BeanPostProcessors (for example: not eligible for auto-proxying)
2019-08-13 22:37:03.459 febs [main] INFO  o.s.c.s.PostProcessorRegistrationDelegate$BeanPostProcessorChecker - Bean 'userMapper' of type [org.mybatis.spring.mapper.MapperFactoryBean] is not eligible for getting processed by all BeanPostProcessors (for example: not eligible for auto-proxying)
2019-08-13 22:37:03.465 febs [main] INFO  o.s.c.s.PostProcessorRegistrationDelegate$BeanPostProcessorChecker - Bean 'userMapper' of type [com.sun.proxy.$Proxy109] is not eligible for getting processed by all BeanPostProcessors (for example: not eligible for auto-proxying)
2019-08-13 22:37:03.517 febs [main] INFO  o.s.c.s.PostProcessorRegistrationDelegate$BeanPostProcessorChecker - Bean 'userRoleMapper' of type [org.mybatis.spring.mapper.MapperFactoryBean] is not eligible for getting processed by all BeanPostProcessors (for example: not eligible for auto-proxying)
2019-08-13 22:37:03.518 febs [main] INFO  o.s.c.s.PostProcessorRegistrationDelegate$BeanPostProcessorChecker - Bean 'userRoleMapper' of type [com.sun.proxy.$Proxy111] is not eligible for getting processed by all BeanPostProcessors (for example: not eligible for auto-proxying)
2019-08-13 22:37:03.521 febs [main] INFO  o.s.c.s.PostProcessorRegistrationDelegate$BeanPostProcessorChecker - Bean 'userRoleServiceImpl' of type [com.neefull.fsp.system.service.impl.UserRoleServiceImpl] is not eligible for getting processed by all BeanPostProcessors (for example: not eligible for auto-proxying)
2019-08-13 22:37:03.585 febs [main] INFO  o.s.c.s.PostProcessorRegistrationDelegate$BeanPostProcessorChecker - Bean 'userServiceImpl' of type [com.neefull.fsp.system.service.impl.UserServiceImpl] is not eligible for getting processed by all BeanPostProcessors (for example: not eligible for auto-proxying)
2019-08-13 22:37:03.621 febs [main] INFO  o.s.c.s.PostProcessorRegistrationDelegate$BeanPostProcessorChecker - Bean 'roleMapper' of type [org.mybatis.spring.mapper.MapperFactoryBean] is not eligible for getting processed by all BeanPostProcessors (for example: not eligible for auto-proxying)
2019-08-13 22:37:03.622 febs [main] INFO  o.s.c.s.PostProcessorRegistrationDelegate$BeanPostProcessorChecker - Bean 'roleMapper' of type [com.sun.proxy.$Proxy114] is not eligible for getting processed by all BeanPostProcessors (for example: not eligible for auto-proxying)
2019-08-13 22:37:03.631 febs [main] INFO  o.s.c.s.PostProcessorRegistrationDelegate$BeanPostProcessorChecker - Bean 'roleMenuMapper' of type [org.mybatis.spring.mapper.MapperFactoryBean] is not eligible for getting processed by all BeanPostProcessors (for example: not eligible for auto-proxying)
2019-08-13 22:37:03.632 febs [main] INFO  o.s.c.s.PostProcessorRegistrationDelegate$BeanPostProcessorChecker - Bean 'roleMenuMapper' of type [com.sun.proxy.$Proxy115] is not eligible for getting processed by all BeanPostProcessors (for example: not eligible for auto-proxying)
2019-08-13 22:37:03.634 febs [main] INFO  o.s.c.s.PostProcessorRegistrationDelegate$BeanPostProcessorChecker - Bean 'roleMenuServiceImpl' of type [com.neefull.fsp.system.service.impl.RoleMenuServiceImpl] is not eligible for getting processed by all BeanPostProcessors (for example: not eligible for auto-proxying)
2019-08-13 22:37:03.660 febs [main] INFO  o.s.c.s.PostProcessorRegistrationDelegate$BeanPostProcessorChecker - Bean 'roleServiceImpl' of type [com.neefull.fsp.system.service.impl.RoleServiceImpl] is not eligible for getting processed by all BeanPostProcessors (for example: not eligible for auto-proxying)
2019-08-13 22:37:03.693 febs [main] INFO  o.s.c.s.PostProcessorRegistrationDelegate$BeanPostProcessorChecker - Bean 'menuMapper' of type [org.mybatis.spring.mapper.MapperFactoryBean] is not eligible for getting processed by all BeanPostProcessors (for example: not eligible for auto-proxying)
2019-08-13 22:37:03.694 febs [main] INFO  o.s.c.s.PostProcessorRegistrationDelegate$BeanPostProcessorChecker - Bean 'menuMapper' of type [com.sun.proxy.$Proxy118] is not eligible for getting processed by all BeanPostProcessors (for example: not eligible for auto-proxying)
2019-08-13 22:37:03.698 febs [main] INFO  o.s.c.s.PostProcessorRegistrationDelegate$BeanPostProcessorChecker - Bean 'menuServiceImpl' of type [com.neefull.fsp.system.service.impl.MenuServiceImpl] is not eligible for getting processed by all BeanPostProcessors (for example: not eligible for auto-proxying)
2019-08-13 22:37:03.719 febs [main] INFO  o.s.c.s.PostProcessorRegistrationDelegate$BeanPostProcessorChecker - Bean 'shiroRealm' of type [com.neefull.fsp.common.authentication.ShiroRealm] is not eligible for getting processed by all BeanPostProcessors (for example: not eligible for auto-proxying)
2019-08-13 22:37:04.219 febs [main] INFO  o.s.c.s.PostProcessorRegistrationDelegate$BeanPostProcessorChecker - Bean 'redisSessionDAO' of type [org.crazycake.shiro.RedisSessionDAO] is not eligible for getting processed by all BeanPostProcessors (for example: not eligible for auto-proxying)
2019-08-13 22:37:04.226 febs [main] INFO  o.s.c.s.PostProcessorRegistrationDelegate$BeanPostProcessorChecker - Bean 'sessionManager' of type [org.apache.shiro.web.session.mgt.DefaultWebSessionManager] is not eligible for getting processed by all BeanPostProcessors (for example: not eligible for auto-proxying)
2019-08-13 22:37:04.242 febs [main] INFO  o.s.c.s.PostProcessorRegistrationDelegate$BeanPostProcessorChecker - Bean 'securityManager' of type [org.apache.shiro.web.mgt.DefaultWebSecurityManager] is not eligible for getting processed by all BeanPostProcessors (for example: not eligible for auto-proxying)
2019-08-13 22:37:04.277 febs [main] INFO  o.s.c.s.PostProcessorRegistrationDelegate$BeanPostProcessorChecker - Bean 'authorizationAttributeSourceAdvisor' of type [org.apache.shiro.spring.security.interceptor.AuthorizationAttributeSourceAdvisor] is not eligible for getting processed by all BeanPostProcessors (for example: not eligible for auto-proxying)
2019-08-13 22:37:04.798 febs [main] INFO  o.s.b.w.e.tomcat.TomcatWebServer - Tomcat initialized with port(s): 8080 (http)
2019-08-13 22:37:04.825 febs [main] INFO  o.a.coyote.http11.Http11NioProtocol - Initializing ProtocolHandler ["http-nio-8080"]
2019-08-13 22:37:04.836 febs [main] INFO  o.a.catalina.core.StandardService - Starting service [Tomcat]
2019-08-13 22:37:04.836 febs [main] INFO  o.a.catalina.core.StandardEngine - Starting Servlet engine: [Apache Tomcat/9.0.22]
2019-08-13 22:37:05.066 febs [main] INFO  o.a.c.c.C.[Tomcat].[localhost].[/] - Initializing Spring embedded WebApplicationContext
2019-08-13 22:37:05.066 febs [main] INFO  o.s.web.context.ContextLoader - Root WebApplicationContext: initialization completed in 5605 ms
2019-08-13 22:37:06.389 febs [main] INFO  com.neefull.fsp.common.xss.XssFilter - ------------ xss filter init ------------
2019-08-13 22:37:07.101 febs [main] INFO  org.quartz.impl.StdSchedulerFactory - Using default implementation for ThreadExecutor
2019-08-13 22:37:07.129 febs [main] INFO  o.quartz.core.SchedulerSignalerImpl - Initialized Scheduler Signaller of type: class org.quartz.core.SchedulerSignalerImpl
2019-08-13 22:37:07.130 febs [main] INFO  org.quartz.core.QuartzScheduler - Quartz Scheduler v.2.3.1 created.
2019-08-13 22:37:07.146 febs [main] INFO  o.s.s.quartz.LocalDataSourceJobStore - Using db table-based data access locking (synchronization).
2019-08-13 22:37:07.150 febs [main] INFO  o.s.s.quartz.LocalDataSourceJobStore - JobStoreCMT initialized.
2019-08-13 22:37:07.151 febs [main] INFO  org.quartz.core.QuartzScheduler - Scheduler meta-data: Quartz Scheduler (v2.3.1) 'FEBS_Scheduler' with instanceId 'pc-wangpei1565707027104'
  Scheduler class: 'org.quartz.core.QuartzScheduler' - running locally.
  NOT STARTED.
  Currently in standby mode.
  Number of jobs executed: 0
  Using thread pool 'org.quartz.simpl.SimpleThreadPool' - with 20 threads.
  Using job-store 'org.springframework.scheduling.quartz.LocalDataSourceJobStore' - which supports persistence. and is clustered.

2019-08-13 22:37:07.152 febs [main] INFO  org.quartz.impl.StdSchedulerFactory - Quartz scheduler 'FEBS_Scheduler' initialized from an externally provided properties instance.
2019-08-13 22:37:07.152 febs [main] INFO  org.quartz.impl.StdSchedulerFactory - Quartz scheduler version: 2.3.1
2019-08-13 22:37:07.155 febs [main] INFO  org.quartz.core.QuartzScheduler - JobFactory set to: org.springframework.scheduling.quartz.AdaptableJobFactory@627d35ff
2019-08-13 22:37:07.367 febs [main] INFO  p6spy - 2019-08-13 22:37:07 | 耗时 15 ms | SQL 语句：
SELECT job_id jobId, bean_name beanName, method_name methodName, params, cron_expression cronExpression, status, remark, create_time createTime FROM t_job ORDER BY job_id;
2019-08-13 22:37:08.503 febs [main] INFO  o.s.s.c.ThreadPoolTaskExecutor - Initializing ExecutorService
2019-08-13 22:37:08.507 febs [main] INFO  o.s.s.c.ThreadPoolTaskExecutor - Initializing ExecutorService 'febsAsyncThreadPool'
2019-08-13 22:37:09.485 febs [main] INFO  o.s.b.a.w.s.WelcomePageHandlerMapping - Adding welcome page template: index
2019-08-13 22:37:11.039 febs [main] INFO  o.s.b.a.e.web.EndpointLinksResolver - Exposing 2 endpoint(s) beneath base path '/actuator'
2019-08-13 22:37:11.201 febs [main] INFO  o.s.s.quartz.SchedulerFactoryBean - Will start Quartz Scheduler [FEBS_Scheduler] in 1 seconds
2019-08-13 22:37:11.220 febs [main] INFO  o.a.coyote.http11.Http11NioProtocol - Starting ProtocolHandler ["http-nio-8080"]
2019-08-13 22:37:11.265 febs [main] INFO  o.s.b.w.e.tomcat.TomcatWebServer - Tomcat started on port(s): 8080 (http) with context path ''
2019-08-13 22:37:11.270 febs [main] INFO  com.neefull.fsp.AdminApplication - Started AdminApplication in 12.896 seconds (JVM running for 14.582)
2019-08-13 22:37:11.312 febs [main] INFO  c.n.f.c.runner.FebsStartedUpRunner -  __    ___   _      ___   _     ____ _____  ____ 
2019-08-13 22:37:11.312 febs [main] INFO  c.n.f.c.runner.FebsStartedUpRunner - / /`  / / \ | |\/| | |_) | |   | |_   | |  | |_  
2019-08-13 22:37:11.312 febs [main] INFO  c.n.f.c.runner.FebsStartedUpRunner - \_\_, \_\_/ |_|  | |_|   |_|__ |_|__  |_|  |_|__ 
2019-08-13 22:37:11.312 febs [main] INFO  c.n.f.c.runner.FebsStartedUpRunner -                                                       
2019-08-13 22:37:11.313 febs [main] INFO  c.n.f.c.runner.FebsStartedUpRunner - FLP系统启动完毕，地址：http://192.168.1.10:8080/login
2019-08-13 22:37:12.203 febs [Quartz Scheduler [FEBS_Scheduler]] INFO  o.s.s.quartz.SchedulerFactoryBean - Starting Quartz Scheduler now, after delay of 1 seconds
2019-08-13 22:37:12.226 febs [Quartz Scheduler [FEBS_Scheduler]] INFO  o.s.s.quartz.LocalDataSourceJobStore - ClusterManager: detected 1 failed or restarted instances.
2019-08-13 22:37:12.226 febs [Quartz Scheduler [FEBS_Scheduler]] INFO  o.s.s.quartz.LocalDataSourceJobStore - ClusterManager: Scanning for instance "pc-wangpei1565407159077"'s failed in-progress jobs.
2019-08-13 22:37:12.232 febs [Quartz Scheduler [FEBS_Scheduler]] INFO  p6spy - 
2019-08-13 22:37:12.234 febs [Quartz Scheduler [FEBS_Scheduler]] INFO  org.quartz.core.QuartzScheduler - Scheduler FEBS_Scheduler_$_pc-wangpei1565707027104 started.
2019-08-13 22:37:12.239 febs [QuartzScheduler_FEBS_Scheduler-pc-wangpei1565707027104_MisfireHandler] INFO  p6spy - 
2019-08-13 22:37:12.244 febs [FEBS_Scheduler_QuartzSchedulerThread] INFO  p6spy - 
2019-08-13 22:37:12.250 febs [RMI TCP Connection(1)-192.168.1.10] INFO  o.a.c.c.C.[Tomcat].[localhost].[/] - Initializing Spring DispatcherServlet 'dispatcherServlet'
2019-08-13 22:37:12.250 febs [RMI TCP Connection(1)-192.168.1.10] INFO  o.s.web.servlet.DispatcherServlet - Initializing Servlet 'dispatcherServlet'
2019-08-13 22:37:12.275 febs [RMI TCP Connection(1)-192.168.1.10] INFO  o.s.web.servlet.DispatcherServlet - Completed initialization in 24 ms
2019-08-13 22:37:12.278 febs [RMI TCP Connection(2)-192.168.1.10] INFO  p6spy - 2019-08-13 22:37:12 | 耗时 0 ms | SQL 语句：
select 1;
2019-08-13 22:37:24.240 febs [QuartzScheduler_FEBS_Scheduler-pc-wangpei1565707027104_MisfireHandler] INFO  p6spy - 
2019-08-13 22:37:27.234 febs [QuartzScheduler_FEBS_Scheduler-pc-wangpei1565707027104_ClusterManager] INFO  p6spy - 
2019-08-13 22:37:27.236 febs [QuartzScheduler_FEBS_Scheduler-pc-wangpei1565707027104_ClusterManager] INFO  p6spy - 
2019-08-13 22:37:30.222 febs [http-nio-8080-exec-1] INFO  o.a.s.s.m.AbstractValidatingSessionManager - Enabling session validation scheduler...
2019-08-13 22:37:36.240 febs [QuartzScheduler_FEBS_Scheduler-pc-wangpei1565707027104_MisfireHandler] INFO  p6spy - 
2019-08-13 22:37:36.610 febs [FEBS_Scheduler_QuartzSchedulerThread] INFO  p6spy - 
2019-08-13 22:37:42.240 febs [QuartzScheduler_FEBS_Scheduler-pc-wangpei1565707027104_ClusterManager] INFO  p6spy - 
2019-08-13 22:37:42.241 febs [QuartzScheduler_FEBS_Scheduler-pc-wangpei1565707027104_ClusterManager] INFO  p6spy - 
2019-08-13 22:37:42.833 febs [http-nio-8080-exec-3] INFO  c.n.fsp.common.aspect.LimitAspect - IP:127.0.0.1 第 1 次访问key为 [limit_login127.0.0.1]，描述为 [登录接口] 的接口
2019-08-13 22:37:42.952 febs [http-nio-8080-exec-3] INFO  p6spy - 2019-08-13 22:37:42 | 耗时 17 ms | SQL 语句：
SELECT u.user_id userId, u.username, u.email, u.mobile, u.password, u.status, u.create_time createTime, u.ssex sex, u.dept_id deptId, u.last_login_time lastLoginTime, u.modify_time modifyTime, u.description, u.avatar, u.theme, u.is_tab isTab, d.dept_name deptName, GROUP_CONCAT(r.role_id) roleId, GROUP_CONCAT(r.ROLE_NAME) roleName FROM t_user u LEFT JOIN t_dept d ON (u.dept_id = d.dept_id) LEFT JOIN t_user_role ur ON (u.user_id = ur.user_id) LEFT JOIN t_role r ON r.role_id = ur.role_id WHERE u.username = 'wangpei' GROUP BY u.username;
2019-08-13 22:37:43.063 febs [http-nio-8080-exec-3] INFO  p6spy - 2019-08-13 22:37:43 | 耗时 5 ms | SQL 语句：
INSERT INTO t_login_log (USERNAME, LOGIN_TIME, LOCATION, IP, `SYSTEM`, BROWSER) VALUES ('wangpei', '2019-08-13T22:37:42.987+0800', '内网IP|0|0|内网IP|内网IP', '127.0.0.1', 'Windows 10', 'Chrome 76');
2019-08-13 22:37:43.071 febs [http-nio-8080-exec-3] INFO  p6spy - 
2019-08-13 22:37:43.235 febs [http-nio-8080-exec-7] INFO  p6spy - 2019-08-13 22:37:43 | 耗时 0 ms | SQL 语句：
SELECT r.* FROM t_role r LEFT JOIN t_user_role ur ON (r.role_id = ur.role_id) LEFT JOIN t_user u ON (u.user_id = ur.user_id) WHERE u.username = 'wangpei';
2019-08-13 22:37:43.275 febs [http-nio-8080-exec-7] INFO  p6spy - 2019-08-13 22:37:43 | 耗时 11 ms | SQL 语句：
SELECT m.perms FROM t_role r LEFT JOIN t_user_role ur ON (r.role_id = ur.role_id) LEFT JOIN t_user u ON (u.user_id = ur.user_id) LEFT JOIN t_role_menu rm ON (rm.role_id = r.role_id) LEFT JOIN t_menu m ON (m.menu_id = rm.menu_id) WHERE u.username = 'wangpei' AND m.perms IS NOT NULL AND m.perms <> '';
2019-08-13 22:37:43.297 febs [http-nio-8080-exec-7] INFO  p6spy - 2019-08-13 22:37:43 | 耗时 1 ms | SQL 语句：
SELECT u.user_id userId, u.username, u.email, u.mobile, u.password, u.status, u.create_time createTime, u.ssex sex, u.dept_id deptId, u.last_login_time lastLoginTime, u.modify_time modifyTime, u.description, u.avatar, u.theme, u.is_tab isTab, d.dept_name deptName, GROUP_CONCAT(r.role_id) roleId, GROUP_CONCAT(r.ROLE_NAME) roleName FROM t_user u LEFT JOIN t_dept d ON (u.dept_id = d.dept_id) LEFT JOIN t_user_role ur ON (u.user_id = ur.user_id) LEFT JOIN t_role r ON r.role_id = ur.role_id WHERE u.username = 'wangpei' GROUP BY u.username;
2019-08-13 22:37:44.639 febs [http-nio-8080-exec-8] INFO  p6spy - 2019-08-13 22:37:44 | 耗时 6 ms | SQL 语句：
SELECT m.* FROM t_menu m WHERE m.type <> 1 AND m.MENU_ID IN (SELECT DISTINCT rm.menu_id FROM t_role_menu rm LEFT JOIN t_role r ON (rm.role_id = r.role_id) LEFT JOIN t_user_role ur ON (ur.role_id = r.role_id) LEFT JOIN t_user u ON (u.user_id = ur.user_id) WHERE u.username = 'wangpei') ORDER BY m.order_num;
2019-08-13 22:37:44.922 febs [http-nio-8080-exec-6] INFO  p6spy - 2019-08-13 22:37:44 | 耗时 1 ms | SQL 语句：
UPDATE t_user SET LAST_LOGIN_TIME = '2019-08-13T22:37:44.846+0800' WHERE USERNAME = 'wangpei';
2019-08-13 22:37:44.924 febs [http-nio-8080-exec-6] INFO  p6spy - 
2019-08-13 22:37:44.930 febs [http-nio-8080-exec-6] INFO  p6spy - 2019-08-13 22:37:44 | 耗时 0 ms | SQL 语句：
SELECT count(1) FROM t_login_log;
2019-08-13 22:37:44.936 febs [http-nio-8080-exec-6] INFO  p6spy - 2019-08-13 22:37:44 | 耗时 1 ms | SQL 语句：
SELECT count(1) FROM t_login_log WHERE datediff(login_time, now()) = 0;
2019-08-13 22:37:44.942 febs [http-nio-8080-exec-6] INFO  p6spy - 2019-08-13 22:37:44 | 耗时 0 ms | SQL 语句：
SELECT count(DISTINCT (ip)) FROM t_login_log WHERE datediff(login_time, now()) = 0;
2019-08-13 22:37:44.953 febs [http-nio-8080-exec-6] INFO  p6spy - 2019-08-13 22:37:44 | 耗时 1 ms | SQL 语句：
SELECT date_format(l.login_time, '%m-%d') days, count(1) count FROM (SELECT * FROM t_login_log WHERE date_sub(curdate(), INTERVAL 10 day) <= date(login_time)) AS l WHERE 1 = 1 GROUP BY days;
2019-08-13 22:37:44.964 febs [http-nio-8080-exec-6] INFO  p6spy - 2019-08-13 22:37:44 | 耗时 1 ms | SQL 语句：
SELECT date_format(l.login_time, '%m-%d') days, count(1) count FROM (SELECT * FROM t_login_log WHERE date_sub(curdate(), INTERVAL 10 day) <= date(login_time)) AS l WHERE 1 = 1 AND l.username = 'wangpei' GROUP BY days;
2019-08-13 22:37:47.808 febs [http-nio-8080-exec-4] INFO  p6spy - 2019-08-13 22:37:47 | 耗时 1 ms | SQL 语句：
SELECT r.* FROM t_role r LEFT JOIN t_user_role ur ON (r.role_id = ur.role_id) LEFT JOIN t_user u ON (u.user_id = ur.user_id) WHERE u.username = 'wangpei';
2019-08-13 22:37:47.819 febs [http-nio-8080-exec-4] INFO  p6spy - 2019-08-13 22:37:47 | 耗时 2 ms | SQL 语句：
SELECT m.perms FROM t_role r LEFT JOIN t_user_role ur ON (r.role_id = ur.role_id) LEFT JOIN t_user u ON (u.user_id = ur.user_id) LEFT JOIN t_role_menu rm ON (rm.role_id = r.role_id) LEFT JOIN t_menu m ON (m.menu_id = rm.menu_id) WHERE u.username = 'wangpei' AND m.perms IS NOT NULL AND m.perms <> '';
2019-08-13 22:37:48.241 febs [QuartzScheduler_FEBS_Scheduler-pc-wangpei1565707027104_MisfireHandler] INFO  p6spy - 
2019-08-13 22:37:57.244 febs [QuartzScheduler_FEBS_Scheduler-pc-wangpei1565707027104_ClusterManager] INFO  p6spy - 
2019-08-13 22:37:57.246 febs [QuartzScheduler_FEBS_Scheduler-pc-wangpei1565707027104_ClusterManager] INFO  p6spy - 
2019-08-13 22:38:00.238 febs [QuartzScheduler_FEBS_Scheduler-pc-wangpei1565707027104_MisfireHandler] INFO  p6spy - 
2019-08-13 22:38:01.468 febs [FEBS_Scheduler_QuartzSchedulerThread] INFO  p6spy - 
2019-08-13 22:38:12.243 febs [QuartzScheduler_FEBS_Scheduler-pc-wangpei1565707027104_MisfireHandler] INFO  p6spy - 
2019-08-13 22:38:12.257 febs [QuartzScheduler_FEBS_Scheduler-pc-wangpei1565707027104_ClusterManager] INFO  p6spy - 
2019-08-13 22:38:12.259 febs [QuartzScheduler_FEBS_Scheduler-pc-wangpei1565707027104_ClusterManager] INFO  p6spy - 
2019-08-13 22:38:24.241 febs [QuartzScheduler_FEBS_Scheduler-pc-wangpei1565707027104_MisfireHandler] INFO  p6spy - 
2019-08-13 22:38:27.152 febs [FEBS_Scheduler_QuartzSchedulerThread] INFO  p6spy - 
2019-08-13 22:38:27.261 febs [QuartzScheduler_FEBS_Scheduler-pc-wangpei1565707027104_ClusterManager] INFO  p6spy - 
2019-08-13 22:38:27.263 febs [QuartzScheduler_FEBS_Scheduler-pc-wangpei1565707027104_ClusterManager] INFO  p6spy - 
2019-08-13 22:38:36.240 febs [QuartzScheduler_FEBS_Scheduler-pc-wangpei1565707027104_MisfireHandler] INFO  p6spy - 
2019-08-13 22:38:42.324 febs [QuartzScheduler_FEBS_Scheduler-pc-wangpei1565707027104_ClusterManager] INFO  p6spy - 
2019-08-13 22:38:42.326 febs [QuartzScheduler_FEBS_Scheduler-pc-wangpei1565707027104_ClusterManager] INFO  p6spy - 
2019-08-13 22:38:43.513 febs [Febs-Async-Thread1] INFO  p6spy - 2019-08-13 22:38:43 | 耗时 6 ms | SQL 语句：
INSERT INTO t_log (USERNAME, OPERATION, TIME, METHOD, PARAMS, IP, CREATE_TIME, LOCATION) VALUES ('wangpei', '执行Redis get命令', 5, 'com.neefull.fsp.monitor.controller.RedisController.get()', ' arg: "random18098698828"', '127.0.0.1', '2019-08-13T22:38:43.495+0800', '内网IP|0|0|内网IP|内网IP');
2019-08-13 22:38:48.242 febs [QuartzScheduler_FEBS_Scheduler-pc-wangpei1565707027104_MisfireHandler] INFO  p6spy - 
2019-08-13 22:38:54.358 febs [FEBS_Scheduler_QuartzSchedulerThread] INFO  p6spy - 
2019-08-13 22:38:57.273 febs [QuartzScheduler_FEBS_Scheduler-pc-wangpei1565707027104_ClusterManager] INFO  p6spy - 
2019-08-13 22:38:57.275 febs [QuartzScheduler_FEBS_Scheduler-pc-wangpei1565707027104_ClusterManager] INFO  p6spy - 
2019-08-13 22:39:00.242 febs [QuartzScheduler_FEBS_Scheduler-pc-wangpei1565707027104_MisfireHandler] INFO  p6spy - 
2019-08-13 22:39:02.018 febs [Febs-Async-Thread2] INFO  p6spy - 2019-08-13 22:39:02 | 耗时 3 ms | SQL 语句：
INSERT INTO t_log (USERNAME, OPERATION, TIME, METHOD, PARAMS, IP, CREATE_TIME, LOCATION) VALUES ('wangpei', '执行Redis get命令', 1, 'com.neefull.fsp.monitor.controller.RedisController.get()', ' arg: "random:18098698828"', '127.0.0.1', '2019-08-13T22:39:02.007+0800', '内网IP|0|0|内网IP|内网IP');
2019-08-13 22:39:11.050 febs [Febs-Async-Thread3] INFO  p6spy - 2019-08-13 22:39:11 | 耗时 4 ms | SQL 语句：
INSERT INTO t_log (USERNAME, OPERATION, TIME, METHOD, PARAMS, IP, CREATE_TIME, LOCATION) VALUES ('wangpei', '执行Redis set命令', 0, 'com.neefull.fsp.monitor.controller.RedisController.set()', ' arg: "haha"', '127.0.0.1', '2019-08-13T22:39:11.039+0800', '内网IP|0|0|内网IP|内网IP');
2019-08-13 22:39:12.244 febs [QuartzScheduler_FEBS_Scheduler-pc-wangpei1565707027104_MisfireHandler] INFO  p6spy - 
2019-08-13 22:39:12.278 febs [QuartzScheduler_FEBS_Scheduler-pc-wangpei1565707027104_ClusterManager] INFO  p6spy - 
2019-08-13 22:39:12.279 febs [QuartzScheduler_FEBS_Scheduler-pc-wangpei1565707027104_ClusterManager] INFO  p6spy - 
2019-08-13 22:39:19.199 febs [FEBS_Scheduler_QuartzSchedulerThread] INFO  p6spy - 
2019-08-13 22:39:24.244 febs [QuartzScheduler_FEBS_Scheduler-pc-wangpei1565707027104_MisfireHandler] INFO  p6spy - 
2019-08-13 22:39:27.284 febs [QuartzScheduler_FEBS_Scheduler-pc-wangpei1565707027104_ClusterManager] INFO  p6spy - 
2019-08-13 22:39:27.285 febs [QuartzScheduler_FEBS_Scheduler-pc-wangpei1565707027104_ClusterManager] INFO  p6spy - 
2019-08-13 22:39:32.232 febs [Febs-Async-Thread4] INFO  p6spy - 2019-08-13 22:39:32 | 耗时 3 ms | SQL 语句：
INSERT INTO t_log (USERNAME, OPERATION, TIME, METHOD, PARAMS, IP, CREATE_TIME, LOCATION) VALUES ('wangpei', '执行Redis set命令', 1, 'com.neefull.fsp.monitor.controller.RedisController.set()', ' arg: "random,1"', '127.0.0.1', '2019-08-13T22:39:32.224+0800', '内网IP|0|0|内网IP|内网IP');
2019-08-13 22:39:36.245 febs [QuartzScheduler_FEBS_Scheduler-pc-wangpei1565707027104_MisfireHandler] INFO  p6spy - 
2019-08-13 22:39:36.721 febs [Febs-Async-Thread5] INFO  p6spy - 2019-08-13 22:39:36 | 耗时 2 ms | SQL 语句：
INSERT INTO t_log (USERNAME, OPERATION, TIME, METHOD, PARAMS, IP, CREATE_TIME, LOCATION) VALUES ('wangpei', '执行Redis get命令', 0, 'com.neefull.fsp.monitor.controller.RedisController.get()', ' arg: "random"', '127.0.0.1', '2019-08-13T22:39:36.713+0800', '内网IP|0|0|内网IP|内网IP');
2019-08-13 22:39:42.288 febs [QuartzScheduler_FEBS_Scheduler-pc-wangpei1565707027104_ClusterManager] INFO  p6spy - 
2019-08-13 22:39:42.290 febs [QuartzScheduler_FEBS_Scheduler-pc-wangpei1565707027104_ClusterManager] INFO  p6spy - 
2019-08-13 22:39:47.198 febs [FEBS_Scheduler_QuartzSchedulerThread] INFO  p6spy - 
2019-08-13 22:39:48.243 febs [QuartzScheduler_FEBS_Scheduler-pc-wangpei1565707027104_MisfireHandler] INFO  p6spy - 
2019-08-13 22:39:57.290 febs [QuartzScheduler_FEBS_Scheduler-pc-wangpei1565707027104_ClusterManager] INFO  p6spy - 
2019-08-13 22:39:57.290 febs [QuartzScheduler_FEBS_Scheduler-pc-wangpei1565707027104_ClusterManager] INFO  p6spy - 
2019-08-13 22:40:00.244 febs [QuartzScheduler_FEBS_Scheduler-pc-wangpei1565707027104_MisfireHandler] INFO  p6spy - 
2019-08-13 22:40:08.301 febs [Thread-30] INFO  org.quartz.core.QuartzScheduler - Scheduler FEBS_Scheduler_$_pc-wangpei1565707027104 paused.
2019-08-13 22:40:08.318 febs [Thread-30] INFO  o.s.s.c.ThreadPoolTaskExecutor - Shutting down ExecutorService 'febsAsyncThreadPool'
2019-08-13 22:40:08.321 febs [Thread-30] INFO  o.s.s.quartz.SchedulerFactoryBean - Shutting down Quartz Scheduler
2019-08-13 22:40:08.322 febs [Thread-30] INFO  org.quartz.core.QuartzScheduler - Scheduler FEBS_Scheduler_$_pc-wangpei1565707027104 shutting down.
2019-08-13 22:40:08.322 febs [Thread-30] INFO  org.quartz.core.QuartzScheduler - Scheduler FEBS_Scheduler_$_pc-wangpei1565707027104 paused.
2019-08-13 22:40:08.324 febs [Thread-30] INFO  org.quartz.core.QuartzScheduler - Scheduler FEBS_Scheduler_$_pc-wangpei1565707027104 shutdown complete.
2019-08-13 22:40:08.331 febs [Thread-30] INFO  c.b.d.d.DynamicRoutingDataSource - closing dynamicDatasource  ing....
2019-08-13 22:40:08.331 febs [Thread-30] INFO  com.zaxxer.hikari.HikariDataSource - quartz - Shutdown initiated...
2019-08-13 22:40:08.342 febs [Thread-30] INFO  com.zaxxer.hikari.HikariDataSource - quartz - Shutdown completed.
2019-08-13 22:40:08.342 febs [Thread-30] INFO  com.zaxxer.hikari.HikariDataSource - base - Shutdown initiated...
2019-08-13 22:40:08.349 febs [Thread-30] INFO  com.zaxxer.hikari.HikariDataSource - base - Shutdown completed.
