2019-08-14 12:52:14.744 febs [main] INFO  com.neefull.fsp.AdminApplication - Starting AdminApplication on pc-wangpei with PID 2600 (D:\workspace\workspace_open\fsp\admin\target\classes started by Thinkpad in D:\workspace\workspace_open\fsp)
2019-08-14 12:52:14.751 febs [main] INFO  com.neefull.fsp.AdminApplication - The following profiles are active: dev
2019-08-14 12:52:16.810 febs [main] INFO  o.s.d.r.c.RepositoryConfigurationDelegate - Multiple Spring Data modules found, entering strict repository configuration mode!
2019-08-14 12:52:16.813 febs [main] INFO  o.s.d.r.c.RepositoryConfigurationDelegate - Bootstrapping Spring Data repositories in DEFAULT mode.
2019-08-14 12:52:16.895 febs [main] INFO  o.s.d.r.c.RepositoryConfigurationDelegate - Finished Spring Data repository scanning in 64ms. Found 0 repository interfaces.
2019-08-14 12:52:17.554 febs [main] INFO  o.s.c.s.PostProcessorRegistrationDelegate$BeanPostProcessorChecker - Bean 'spring.datasource.dynamic-com.baomidou.dynamic.datasource.spring.boot.autoconfigure.DynamicDataSourceProperties' of type [com.baomidou.dynamic.datasource.spring.boot.autoconfigure.DynamicDataSourceProperties] is not eligible for getting processed by all BeanPostProcessors (for example: not eligible for auto-proxying)
2019-08-14 12:52:17.839 febs [main] INFO  o.s.c.s.PostProcessorRegistrationDelegate$BeanPostProcessorChecker - Bean 'com.baomidou.dynamic.datasource.spring.boot.autoconfigure.DynamicDataSourceAutoConfiguration' of type [com.baomidou.dynamic.datasource.spring.boot.autoconfigure.DynamicDataSourceAutoConfiguration$$EnhancerBySpringCGLIB$$d791dd24] is not eligible for getting processed by all BeanPostProcessors (for example: not eligible for auto-proxying)
2019-08-14 12:52:17.851 febs [main] INFO  o.s.c.s.PostProcessorRegistrationDelegate$BeanPostProcessorChecker - Bean 'dsProcessor' of type [com.baomidou.dynamic.datasource.processor.DsHeaderProcessor] is not eligible for getting processed by all BeanPostProcessors (for example: not eligible for auto-proxying)
2019-08-14 12:52:17.856 febs [main] INFO  o.s.c.s.PostProcessorRegistrationDelegate$BeanPostProcessorChecker - Bean 'dynamicDatasourceAnnotationAdvisor' of type [com.baomidou.dynamic.datasource.aop.DynamicDataSourceAnnotationAdvisor] is not eligible for getting processed by all BeanPostProcessors (for example: not eligible for auto-proxying)
2019-08-14 12:52:17.868 febs [main] INFO  o.s.c.s.PostProcessorRegistrationDelegate$BeanPostProcessorChecker - Bean 'org.springframework.transaction.annotation.ProxyTransactionManagementConfiguration' of type [org.springframework.transaction.annotation.ProxyTransactionManagementConfiguration$$EnhancerBySpringCGLIB$$6e036c53] is not eligible for getting processed by all BeanPostProcessors (for example: not eligible for auto-proxying)
2019-08-14 12:52:17.898 febs [main] INFO  o.s.c.s.PostProcessorRegistrationDelegate$BeanPostProcessorChecker - Bean 'febsProperties' of type [com.neefull.fsp.common.properties.FebsProperties$$EnhancerBySpringCGLIB$$6e4d4b9c] is not eligible for getting processed by all BeanPostProcessors (for example: not eligible for auto-proxying)
2019-08-14 12:52:17.905 febs [main] INFO  o.s.c.s.PostProcessorRegistrationDelegate$BeanPostProcessorChecker - Bean 'shiroConfig' of type [com.neefull.fsp.common.authentication.ShiroConfig$$EnhancerBySpringCGLIB$$f458a7cf] is not eligible for getting processed by all BeanPostProcessors (for example: not eligible for auto-proxying)
2019-08-14 12:52:17.999 febs [main] INFO  o.s.c.s.PostProcessorRegistrationDelegate$BeanPostProcessorChecker - Bean 'mybatis-plus-com.baomidou.mybatisplus.autoconfigure.MybatisPlusProperties' of type [com.baomidou.mybatisplus.autoconfigure.MybatisPlusProperties] is not eligible for getting processed by all BeanPostProcessors (for example: not eligible for auto-proxying)
2019-08-14 12:52:18.011 febs [main] INFO  o.s.c.s.PostProcessorRegistrationDelegate$BeanPostProcessorChecker - Bean 'mybatisPlusConfigure' of type [com.neefull.fsp.common.configure.MybatisPlusConfigure$$EnhancerBySpringCGLIB$$ac8f2ad3] is not eligible for getting processed by all BeanPostProcessors (for example: not eligible for auto-proxying)
2019-08-14 12:52:18.019 febs [main] INFO  o.s.c.s.PostProcessorRegistrationDelegate$BeanPostProcessorChecker - Bean 'paginationInterceptor' of type [com.baomidou.mybatisplus.extension.plugins.PaginationInterceptor] is not eligible for getting processed by all BeanPostProcessors (for example: not eligible for auto-proxying)
2019-08-14 12:52:18.030 febs [main] INFO  o.s.c.s.PostProcessorRegistrationDelegate$BeanPostProcessorChecker - Bean 'com.baomidou.mybatisplus.autoconfigure.MybatisPlusAutoConfiguration' of type [com.baomidou.mybatisplus.autoconfigure.MybatisPlusAutoConfiguration$$EnhancerBySpringCGLIB$$abcbd8ed] is not eligible for getting processed by all BeanPostProcessors (for example: not eligible for auto-proxying)
2019-08-14 12:52:18.046 febs [main] INFO  o.s.c.s.PostProcessorRegistrationDelegate$BeanPostProcessorChecker - Bean 'dynamicDataSourceCreator' of type [com.baomidou.dynamic.datasource.DynamicDataSourceCreator] is not eligible for getting processed by all BeanPostProcessors (for example: not eligible for auto-proxying)
2019-08-14 12:52:18.050 febs [main] INFO  o.s.c.s.PostProcessorRegistrationDelegate$BeanPostProcessorChecker - Bean 'dynamicDataSourceProvider' of type [com.baomidou.dynamic.datasource.provider.YmlDynamicDataSourceProvider] is not eligible for getting processed by all BeanPostProcessors (for example: not eligible for auto-proxying)
2019-08-14 12:52:18.058 febs [main] INFO  c.b.d.d.DynamicRoutingDataSource - 动态数据源-检测到并开启了p6spy
2019-08-14 12:52:18.069 febs [main] INFO  com.zaxxer.hikari.HikariDataSource - base - Starting...
2019-08-14 12:52:18.280 febs [main] INFO  com.zaxxer.hikari.HikariDataSource - base - Start completed.
2019-08-14 12:52:18.281 febs [main] INFO  com.zaxxer.hikari.HikariDataSource - quartz - Starting...
2019-08-14 12:52:18.290 febs [main] INFO  com.zaxxer.hikari.HikariDataSource - quartz - Start completed.
2019-08-14 12:52:18.290 febs [main] INFO  c.b.d.d.DynamicRoutingDataSource - 初始共加载 2 个数据源
2019-08-14 12:52:18.290 febs [main] INFO  c.b.d.d.DynamicRoutingDataSource - 动态数据源-加载 quartz 成功
2019-08-14 12:52:18.291 febs [main] INFO  c.b.d.d.DynamicRoutingDataSource - 动态数据源-加载 base 成功
2019-08-14 12:52:18.291 febs [main] INFO  c.b.d.d.DynamicRoutingDataSource - 当前的默认数据源是单数据源，数据源名为 base
2019-08-14 12:52:18.291 febs [main] INFO  o.s.c.s.PostProcessorRegistrationDelegate$BeanPostProcessorChecker - Bean 'dataSource' of type [com.baomidou.dynamic.datasource.DynamicRoutingDataSource] is not eligible for getting processed by all BeanPostProcessors (for example: not eligible for auto-proxying)
2019-08-14 12:52:18.308 febs [main] INFO  o.s.c.s.PostProcessorRegistrationDelegate$BeanPostProcessorChecker - Bean 'spring.datasource-org.springframework.boot.autoconfigure.jdbc.DataSourceProperties' of type [org.springframework.boot.autoconfigure.jdbc.DataSourceProperties] is not eligible for getting processed by all BeanPostProcessors (for example: not eligible for auto-proxying)
2019-08-14 12:52:18.320 febs [main] INFO  o.s.c.s.PostProcessorRegistrationDelegate$BeanPostProcessorChecker - Bean 'org.springframework.boot.autoconfigure.jdbc.DataSourceInitializerInvoker' of type [org.springframework.boot.autoconfigure.jdbc.DataSourceInitializerInvoker] is not eligible for getting processed by all BeanPostProcessors (for example: not eligible for auto-proxying)
2019-08-14 12:52:19.018 febs [main] INFO  o.s.c.s.PostProcessorRegistrationDelegate$BeanPostProcessorChecker - Bean 'sqlSessionFactory' of type [org.apache.ibatis.session.defaults.DefaultSqlSessionFactory] is not eligible for getting processed by all BeanPostProcessors (for example: not eligible for auto-proxying)
2019-08-14 12:52:19.027 febs [main] INFO  o.s.c.s.PostProcessorRegistrationDelegate$BeanPostProcessorChecker - Bean 'sqlSessionTemplate' of type [org.mybatis.spring.SqlSessionTemplate] is not eligible for getting processed by all BeanPostProcessors (for example: not eligible for auto-proxying)
2019-08-14 12:52:19.033 febs [main] INFO  o.s.c.s.PostProcessorRegistrationDelegate$BeanPostProcessorChecker - Bean 'userMapper' of type [org.mybatis.spring.mapper.MapperFactoryBean] is not eligible for getting processed by all BeanPostProcessors (for example: not eligible for auto-proxying)
2019-08-14 12:52:19.037 febs [main] INFO  o.s.c.s.PostProcessorRegistrationDelegate$BeanPostProcessorChecker - Bean 'userMapper' of type [com.sun.proxy.$Proxy109] is not eligible for getting processed by all BeanPostProcessors (for example: not eligible for auto-proxying)
2019-08-14 12:52:19.075 febs [main] INFO  o.s.c.s.PostProcessorRegistrationDelegate$BeanPostProcessorChecker - Bean 'userRoleMapper' of type [org.mybatis.spring.mapper.MapperFactoryBean] is not eligible for getting processed by all BeanPostProcessors (for example: not eligible for auto-proxying)
2019-08-14 12:52:19.077 febs [main] INFO  o.s.c.s.PostProcessorRegistrationDelegate$BeanPostProcessorChecker - Bean 'userRoleMapper' of type [com.sun.proxy.$Proxy111] is not eligible for getting processed by all BeanPostProcessors (for example: not eligible for auto-proxying)
2019-08-14 12:52:19.079 febs [main] INFO  o.s.c.s.PostProcessorRegistrationDelegate$BeanPostProcessorChecker - Bean 'userRoleServiceImpl' of type [com.neefull.fsp.system.service.impl.UserRoleServiceImpl] is not eligible for getting processed by all BeanPostProcessors (for example: not eligible for auto-proxying)
2019-08-14 12:52:19.141 febs [main] INFO  o.s.c.s.PostProcessorRegistrationDelegate$BeanPostProcessorChecker - Bean 'userServiceImpl' of type [com.neefull.fsp.system.service.impl.UserServiceImpl] is not eligible for getting processed by all BeanPostProcessors (for example: not eligible for auto-proxying)
2019-08-14 12:52:19.186 febs [main] INFO  o.s.c.s.PostProcessorRegistrationDelegate$BeanPostProcessorChecker - Bean 'roleMapper' of type [org.mybatis.spring.mapper.MapperFactoryBean] is not eligible for getting processed by all BeanPostProcessors (for example: not eligible for auto-proxying)
2019-08-14 12:52:19.187 febs [main] INFO  o.s.c.s.PostProcessorRegistrationDelegate$BeanPostProcessorChecker - Bean 'roleMapper' of type [com.sun.proxy.$Proxy114] is not eligible for getting processed by all BeanPostProcessors (for example: not eligible for auto-proxying)
2019-08-14 12:52:19.199 febs [main] INFO  o.s.c.s.PostProcessorRegistrationDelegate$BeanPostProcessorChecker - Bean 'roleMenuMapper' of type [org.mybatis.spring.mapper.MapperFactoryBean] is not eligible for getting processed by all BeanPostProcessors (for example: not eligible for auto-proxying)
2019-08-14 12:52:19.201 febs [main] INFO  o.s.c.s.PostProcessorRegistrationDelegate$BeanPostProcessorChecker - Bean 'roleMenuMapper' of type [com.sun.proxy.$Proxy115] is not eligible for getting processed by all BeanPostProcessors (for example: not eligible for auto-proxying)
2019-08-14 12:52:19.203 febs [main] INFO  o.s.c.s.PostProcessorRegistrationDelegate$BeanPostProcessorChecker - Bean 'roleMenuServiceImpl' of type [com.neefull.fsp.system.service.impl.RoleMenuServiceImpl] is not eligible for getting processed by all BeanPostProcessors (for example: not eligible for auto-proxying)
2019-08-14 12:52:19.239 febs [main] INFO  o.s.c.s.PostProcessorRegistrationDelegate$BeanPostProcessorChecker - Bean 'roleServiceImpl' of type [com.neefull.fsp.system.service.impl.RoleServiceImpl] is not eligible for getting processed by all BeanPostProcessors (for example: not eligible for auto-proxying)
2019-08-14 12:52:19.274 febs [main] INFO  o.s.c.s.PostProcessorRegistrationDelegate$BeanPostProcessorChecker - Bean 'menuMapper' of type [org.mybatis.spring.mapper.MapperFactoryBean] is not eligible for getting processed by all BeanPostProcessors (for example: not eligible for auto-proxying)
2019-08-14 12:52:19.275 febs [main] INFO  o.s.c.s.PostProcessorRegistrationDelegate$BeanPostProcessorChecker - Bean 'menuMapper' of type [com.sun.proxy.$Proxy118] is not eligible for getting processed by all BeanPostProcessors (for example: not eligible for auto-proxying)
2019-08-14 12:52:19.280 febs [main] INFO  o.s.c.s.PostProcessorRegistrationDelegate$BeanPostProcessorChecker - Bean 'menuServiceImpl' of type [com.neefull.fsp.system.service.impl.MenuServiceImpl] is not eligible for getting processed by all BeanPostProcessors (for example: not eligible for auto-proxying)
2019-08-14 12:52:19.306 febs [main] INFO  o.s.c.s.PostProcessorRegistrationDelegate$BeanPostProcessorChecker - Bean 'shiroRealm' of type [com.neefull.fsp.common.authentication.ShiroRealm] is not eligible for getting processed by all BeanPostProcessors (for example: not eligible for auto-proxying)
2019-08-14 12:52:19.818 febs [main] INFO  o.s.c.s.PostProcessorRegistrationDelegate$BeanPostProcessorChecker - Bean 'redisSessionDAO' of type [org.crazycake.shiro.RedisSessionDAO] is not eligible for getting processed by all BeanPostProcessors (for example: not eligible for auto-proxying)
2019-08-14 12:52:19.824 febs [main] INFO  o.s.c.s.PostProcessorRegistrationDelegate$BeanPostProcessorChecker - Bean 'sessionManager' of type [org.apache.shiro.web.session.mgt.DefaultWebSessionManager] is not eligible for getting processed by all BeanPostProcessors (for example: not eligible for auto-proxying)
2019-08-14 12:52:19.836 febs [main] INFO  o.s.c.s.PostProcessorRegistrationDelegate$BeanPostProcessorChecker - Bean 'securityManager' of type [org.apache.shiro.web.mgt.DefaultWebSecurityManager] is not eligible for getting processed by all BeanPostProcessors (for example: not eligible for auto-proxying)
2019-08-14 12:52:19.857 febs [main] INFO  o.s.c.s.PostProcessorRegistrationDelegate$BeanPostProcessorChecker - Bean 'authorizationAttributeSourceAdvisor' of type [org.apache.shiro.spring.security.interceptor.AuthorizationAttributeSourceAdvisor] is not eligible for getting processed by all BeanPostProcessors (for example: not eligible for auto-proxying)
2019-08-14 12:52:20.267 febs [main] INFO  o.s.b.w.e.tomcat.TomcatWebServer - Tomcat initialized with port(s): 8080 (http)
2019-08-14 12:52:20.285 febs [main] INFO  o.a.coyote.http11.Http11NioProtocol - Initializing ProtocolHandler ["http-nio-8080"]
2019-08-14 12:52:20.296 febs [main] INFO  o.a.catalina.core.StandardService - Starting service [Tomcat]
2019-08-14 12:52:20.296 febs [main] INFO  o.a.catalina.core.StandardEngine - Starting Servlet engine: [Apache Tomcat/9.0.22]
2019-08-14 12:52:20.472 febs [main] INFO  o.a.c.c.C.[Tomcat].[localhost].[/] - Initializing Spring embedded WebApplicationContext
2019-08-14 12:52:20.472 febs [main] INFO  o.s.web.context.ContextLoader - Root WebApplicationContext: initialization completed in 5589 ms
2019-08-14 12:52:21.404 febs [main] INFO  com.neefull.fsp.common.xss.XssFilter - ------------ xss filter init ------------
2019-08-14 12:52:22.055 febs [main] INFO  org.quartz.impl.StdSchedulerFactory - Using default implementation for ThreadExecutor
2019-08-14 12:52:22.081 febs [main] INFO  o.quartz.core.SchedulerSignalerImpl - Initialized Scheduler Signaller of type: class org.quartz.core.SchedulerSignalerImpl
2019-08-14 12:52:22.082 febs [main] INFO  org.quartz.core.QuartzScheduler - Quartz Scheduler v.2.3.1 created.
2019-08-14 12:52:22.096 febs [main] INFO  o.s.s.quartz.LocalDataSourceJobStore - Using db table-based data access locking (synchronization).
2019-08-14 12:52:22.100 febs [main] INFO  o.s.s.quartz.LocalDataSourceJobStore - JobStoreCMT initialized.
2019-08-14 12:52:22.101 febs [main] INFO  org.quartz.core.QuartzScheduler - Scheduler meta-data: Quartz Scheduler (v2.3.1) 'FEBS_Scheduler' with instanceId 'pc-wangpei1565758342058'
  Scheduler class: 'org.quartz.core.QuartzScheduler' - running locally.
  NOT STARTED.
  Currently in standby mode.
  Number of jobs executed: 0
  Using thread pool 'org.quartz.simpl.SimpleThreadPool' - with 20 threads.
  Using job-store 'org.springframework.scheduling.quartz.LocalDataSourceJobStore' - which supports persistence. and is clustered.

2019-08-14 12:52:22.102 febs [main] INFO  org.quartz.impl.StdSchedulerFactory - Quartz scheduler 'FEBS_Scheduler' initialized from an externally provided properties instance.
2019-08-14 12:52:22.102 febs [main] INFO  org.quartz.impl.StdSchedulerFactory - Quartz scheduler version: 2.3.1
2019-08-14 12:52:22.105 febs [main] INFO  org.quartz.core.QuartzScheduler - JobFactory set to: org.springframework.scheduling.quartz.AdaptableJobFactory@3a988299
2019-08-14 12:52:22.267 febs [main] INFO  p6spy - 2019-08-14 12:52:22 | 耗时 7 ms | SQL 语句：
SELECT job_id jobId, bean_name beanName, method_name methodName, params, cron_expression cronExpression, status, remark, create_time createTime FROM t_job ORDER BY job_id;
2019-08-14 12:52:23.221 febs [main] INFO  o.s.s.c.ThreadPoolTaskExecutor - Initializing ExecutorService
2019-08-14 12:52:23.224 febs [main] INFO  o.s.s.c.ThreadPoolTaskExecutor - Initializing ExecutorService 'febsAsyncThreadPool'
2019-08-14 12:52:24.085 febs [main] INFO  o.s.b.a.w.s.WelcomePageHandlerMapping - Adding welcome page template: index
2019-08-14 12:52:26.175 febs [main] INFO  o.s.b.a.e.web.EndpointLinksResolver - Exposing 2 endpoint(s) beneath base path '/actuator'
2019-08-14 12:52:26.318 febs [main] INFO  o.s.s.quartz.SchedulerFactoryBean - Will start Quartz Scheduler [FEBS_Scheduler] in 1 seconds
2019-08-14 12:52:26.344 febs [main] INFO  o.a.coyote.http11.Http11NioProtocol - Starting ProtocolHandler ["http-nio-8080"]
2019-08-14 12:52:26.385 febs [main] INFO  o.s.b.w.e.tomcat.TomcatWebServer - Tomcat started on port(s): 8080 (http) with context path ''
2019-08-14 12:52:26.390 febs [main] INFO  com.neefull.fsp.AdminApplication - Started AdminApplication in 13.338 seconds (JVM running for 15.52)
2019-08-14 12:52:26.433 febs [main] INFO  c.n.f.c.runner.FebsStartedUpRunner -  __    ___   _      ___   _     ____ _____  ____ 
2019-08-14 12:52:26.433 febs [main] INFO  c.n.f.c.runner.FebsStartedUpRunner - / /`  / / \ | |\/| | |_) | |   | |_   | |  | |_  
2019-08-14 12:52:26.433 febs [main] INFO  c.n.f.c.runner.FebsStartedUpRunner - \_\_, \_\_/ |_|  | |_|   |_|__ |_|__  |_|  |_|__ 
2019-08-14 12:52:26.433 febs [main] INFO  c.n.f.c.runner.FebsStartedUpRunner -                                                       
2019-08-14 12:52:26.433 febs [main] INFO  c.n.f.c.runner.FebsStartedUpRunner - FLP系统启动完毕，地址：http://192.168.0.123:8080/login
2019-08-14 12:52:27.041 febs [RMI TCP Connection(2)-192.168.0.123] INFO  o.a.c.c.C.[Tomcat].[localhost].[/] - Initializing Spring DispatcherServlet 'dispatcherServlet'
2019-08-14 12:52:27.041 febs [RMI TCP Connection(2)-192.168.0.123] INFO  o.s.web.servlet.DispatcherServlet - Initializing Servlet 'dispatcherServlet'
2019-08-14 12:52:27.069 febs [RMI TCP Connection(2)-192.168.0.123] INFO  o.s.web.servlet.DispatcherServlet - Completed initialization in 28 ms
2019-08-14 12:52:27.071 febs [RMI TCP Connection(1)-192.168.0.123] INFO  p6spy - 2019-08-14 12:52:27 | 耗时 0 ms | SQL 语句：
select 1;
2019-08-14 12:52:27.321 febs [Quartz Scheduler [FEBS_Scheduler]] INFO  o.s.s.quartz.SchedulerFactoryBean - Starting Quartz Scheduler now, after delay of 1 seconds
2019-08-14 12:52:27.350 febs [Quartz Scheduler [FEBS_Scheduler]] INFO  o.s.s.quartz.LocalDataSourceJobStore - ClusterManager: detected 1 failed or restarted instances.
2019-08-14 12:52:27.351 febs [Quartz Scheduler [FEBS_Scheduler]] INFO  o.s.s.quartz.LocalDataSourceJobStore - ClusterManager: Scanning for instance "pc-wangpei1565707027104"'s failed in-progress jobs.
2019-08-14 12:52:27.356 febs [Quartz Scheduler [FEBS_Scheduler]] INFO  p6spy - 
2019-08-14 12:52:27.358 febs [Quartz Scheduler [FEBS_Scheduler]] INFO  org.quartz.core.QuartzScheduler - Scheduler FEBS_Scheduler_$_pc-wangpei1565758342058 started.
2019-08-14 12:52:27.365 febs [QuartzScheduler_FEBS_Scheduler-pc-wangpei1565758342058_MisfireHandler] INFO  p6spy - 
2019-08-14 12:52:27.370 febs [FEBS_Scheduler_QuartzSchedulerThread] INFO  p6spy - 
2019-08-14 12:52:39.365 febs [QuartzScheduler_FEBS_Scheduler-pc-wangpei1565758342058_MisfireHandler] INFO  p6spy - 
2019-08-14 12:52:42.353 febs [QuartzScheduler_FEBS_Scheduler-pc-wangpei1565758342058_ClusterManager] INFO  p6spy - 
2019-08-14 12:52:42.354 febs [QuartzScheduler_FEBS_Scheduler-pc-wangpei1565758342058_ClusterManager] INFO  p6spy - 
2019-08-14 12:52:51.361 febs [QuartzScheduler_FEBS_Scheduler-pc-wangpei1565758342058_MisfireHandler] INFO  p6spy - 
2019-08-14 12:52:56.797 febs [FEBS_Scheduler_QuartzSchedulerThread] INFO  p6spy - 
2019-08-14 12:52:57.359 febs [QuartzScheduler_FEBS_Scheduler-pc-wangpei1565758342058_ClusterManager] INFO  p6spy - 
2019-08-14 12:52:57.359 febs [QuartzScheduler_FEBS_Scheduler-pc-wangpei1565758342058_ClusterManager] INFO  p6spy - 
2019-08-14 12:53:03.361 febs [QuartzScheduler_FEBS_Scheduler-pc-wangpei1565758342058_MisfireHandler] INFO  p6spy - 
2019-08-14 12:53:12.365 febs [QuartzScheduler_FEBS_Scheduler-pc-wangpei1565758342058_ClusterManager] INFO  p6spy - 
2019-08-14 12:53:12.366 febs [QuartzScheduler_FEBS_Scheduler-pc-wangpei1565758342058_ClusterManager] INFO  p6spy - 
2019-08-14 12:53:15.366 febs [QuartzScheduler_FEBS_Scheduler-pc-wangpei1565758342058_MisfireHandler] INFO  p6spy - 
2019-08-14 12:53:24.205 febs [FEBS_Scheduler_QuartzSchedulerThread] INFO  p6spy - 
2019-08-14 12:53:27.361 febs [QuartzScheduler_FEBS_Scheduler-pc-wangpei1565758342058_MisfireHandler] INFO  p6spy - 
2019-08-14 12:53:27.365 febs [QuartzScheduler_FEBS_Scheduler-pc-wangpei1565758342058_ClusterManager] INFO  p6spy - 
2019-08-14 12:53:27.366 febs [QuartzScheduler_FEBS_Scheduler-pc-wangpei1565758342058_ClusterManager] INFO  p6spy - 
2019-08-14 12:53:39.361 febs [QuartzScheduler_FEBS_Scheduler-pc-wangpei1565758342058_MisfireHandler] INFO  p6spy - 
2019-08-14 12:53:42.367 febs [QuartzScheduler_FEBS_Scheduler-pc-wangpei1565758342058_ClusterManager] INFO  p6spy - 
2019-08-14 12:53:42.367 febs [QuartzScheduler_FEBS_Scheduler-pc-wangpei1565758342058_ClusterManager] INFO  p6spy - 
2019-08-14 12:53:47.331 febs [FEBS_Scheduler_QuartzSchedulerThread] INFO  p6spy - 
2019-08-14 12:53:51.362 febs [QuartzScheduler_FEBS_Scheduler-pc-wangpei1565758342058_MisfireHandler] INFO  p6spy - 
2019-08-14 12:53:57.368 febs [QuartzScheduler_FEBS_Scheduler-pc-wangpei1565758342058_ClusterManager] INFO  p6spy - 
2019-08-14 12:53:57.369 febs [QuartzScheduler_FEBS_Scheduler-pc-wangpei1565758342058_ClusterManager] INFO  p6spy - 
2019-08-14 12:54:03.363 febs [QuartzScheduler_FEBS_Scheduler-pc-wangpei1565758342058_MisfireHandler] INFO  p6spy - 
2019-08-14 12:54:11.048 febs [FEBS_Scheduler_QuartzSchedulerThread] INFO  p6spy - 
2019-08-14 12:54:12.370 febs [QuartzScheduler_FEBS_Scheduler-pc-wangpei1565758342058_ClusterManager] INFO  p6spy - 
2019-08-14 12:54:12.370 febs [QuartzScheduler_FEBS_Scheduler-pc-wangpei1565758342058_ClusterManager] INFO  p6spy - 
2019-08-14 12:54:15.364 febs [QuartzScheduler_FEBS_Scheduler-pc-wangpei1565758342058_MisfireHandler] INFO  p6spy - 
2019-08-14 12:54:27.363 febs [QuartzScheduler_FEBS_Scheduler-pc-wangpei1565758342058_MisfireHandler] INFO  p6spy - 
2019-08-14 12:54:27.372 febs [QuartzScheduler_FEBS_Scheduler-pc-wangpei1565758342058_ClusterManager] INFO  p6spy - 
2019-08-14 12:54:27.372 febs [QuartzScheduler_FEBS_Scheduler-pc-wangpei1565758342058_ClusterManager] INFO  p6spy - 
2019-08-14 12:54:39.364 febs [QuartzScheduler_FEBS_Scheduler-pc-wangpei1565758342058_MisfireHandler] INFO  p6spy - 
2019-08-14 12:54:39.953 febs [FEBS_Scheduler_QuartzSchedulerThread] INFO  p6spy - 
2019-08-14 12:54:42.381 febs [QuartzScheduler_FEBS_Scheduler-pc-wangpei1565758342058_ClusterManager] INFO  p6spy - 
2019-08-14 12:54:42.383 febs [QuartzScheduler_FEBS_Scheduler-pc-wangpei1565758342058_ClusterManager] INFO  p6spy - 
2019-08-14 12:54:51.365 febs [QuartzScheduler_FEBS_Scheduler-pc-wangpei1565758342058_MisfireHandler] INFO  p6spy - 
2019-08-14 12:54:57.379 febs [QuartzScheduler_FEBS_Scheduler-pc-wangpei1565758342058_ClusterManager] INFO  p6spy - 
2019-08-14 12:54:57.380 febs [QuartzScheduler_FEBS_Scheduler-pc-wangpei1565758342058_ClusterManager] INFO  p6spy - 
2019-08-14 12:55:03.367 febs [QuartzScheduler_FEBS_Scheduler-pc-wangpei1565758342058_MisfireHandler] INFO  p6spy - 
2019-08-14 12:55:08.687 febs [FEBS_Scheduler_QuartzSchedulerThread] INFO  p6spy - 
2019-08-14 12:55:12.382 febs [QuartzScheduler_FEBS_Scheduler-pc-wangpei1565758342058_ClusterManager] INFO  p6spy - 
2019-08-14 12:55:12.382 febs [QuartzScheduler_FEBS_Scheduler-pc-wangpei1565758342058_ClusterManager] INFO  p6spy - 
2019-08-14 12:55:15.368 febs [QuartzScheduler_FEBS_Scheduler-pc-wangpei1565758342058_MisfireHandler] INFO  p6spy - 
2019-08-14 12:55:27.368 febs [QuartzScheduler_FEBS_Scheduler-pc-wangpei1565758342058_MisfireHandler] INFO  p6spy - 
2019-08-14 12:55:27.384 febs [QuartzScheduler_FEBS_Scheduler-pc-wangpei1565758342058_ClusterManager] INFO  p6spy - 
2019-08-14 12:55:27.384 febs [QuartzScheduler_FEBS_Scheduler-pc-wangpei1565758342058_ClusterManager] INFO  p6spy - 
2019-08-14 12:55:36.163 febs [FEBS_Scheduler_QuartzSchedulerThread] INFO  p6spy - 
2019-08-14 12:55:39.370 febs [QuartzScheduler_FEBS_Scheduler-pc-wangpei1565758342058_MisfireHandler] INFO  p6spy - 
2019-08-14 12:55:42.446 febs [QuartzScheduler_FEBS_Scheduler-pc-wangpei1565758342058_ClusterManager] INFO  p6spy - 
2019-08-14 12:55:42.446 febs [QuartzScheduler_FEBS_Scheduler-pc-wangpei1565758342058_ClusterManager] INFO  p6spy - 
2019-08-14 12:55:51.370 febs [QuartzScheduler_FEBS_Scheduler-pc-wangpei1565758342058_MisfireHandler] INFO  p6spy - 
2019-08-14 12:55:57.388 febs [QuartzScheduler_FEBS_Scheduler-pc-wangpei1565758342058_ClusterManager] INFO  p6spy - 
2019-08-14 12:55:57.388 febs [QuartzScheduler_FEBS_Scheduler-pc-wangpei1565758342058_ClusterManager] INFO  p6spy - 
2019-08-14 12:56:01.733 febs [FEBS_Scheduler_QuartzSchedulerThread] INFO  p6spy - 
2019-08-14 12:56:03.371 febs [QuartzScheduler_FEBS_Scheduler-pc-wangpei1565758342058_MisfireHandler] INFO  p6spy - 
2019-08-14 12:56:12.390 febs [QuartzScheduler_FEBS_Scheduler-pc-wangpei1565758342058_ClusterManager] INFO  p6spy - 
2019-08-14 12:56:12.390 febs [QuartzScheduler_FEBS_Scheduler-pc-wangpei1565758342058_ClusterManager] INFO  p6spy - 
2019-08-14 12:56:15.372 febs [QuartzScheduler_FEBS_Scheduler-pc-wangpei1565758342058_MisfireHandler] INFO  p6spy - 
2019-08-14 12:56:25.175 febs [FEBS_Scheduler_QuartzSchedulerThread] INFO  p6spy - 
2019-08-14 12:56:27.371 febs [QuartzScheduler_FEBS_Scheduler-pc-wangpei1565758342058_MisfireHandler] INFO  p6spy - 
2019-08-14 12:56:27.400 febs [QuartzScheduler_FEBS_Scheduler-pc-wangpei1565758342058_ClusterManager] INFO  p6spy - 
2019-08-14 12:56:27.401 febs [QuartzScheduler_FEBS_Scheduler-pc-wangpei1565758342058_ClusterManager] INFO  p6spy - 
2019-08-14 12:56:39.372 febs [QuartzScheduler_FEBS_Scheduler-pc-wangpei1565758342058_MisfireHandler] INFO  p6spy - 
2019-08-14 12:56:42.399 febs [QuartzScheduler_FEBS_Scheduler-pc-wangpei1565758342058_ClusterManager] INFO  p6spy - 
2019-08-14 12:56:42.399 febs [QuartzScheduler_FEBS_Scheduler-pc-wangpei1565758342058_ClusterManager] INFO  p6spy - 
2019-08-14 12:56:51.373 febs [QuartzScheduler_FEBS_Scheduler-pc-wangpei1565758342058_MisfireHandler] INFO  p6spy - 
2019-08-14 12:56:53.908 febs [FEBS_Scheduler_QuartzSchedulerThread] INFO  p6spy - 
2019-08-14 12:56:57.401 febs [QuartzScheduler_FEBS_Scheduler-pc-wangpei1565758342058_ClusterManager] INFO  p6spy - 
2019-08-14 12:56:57.401 febs [QuartzScheduler_FEBS_Scheduler-pc-wangpei1565758342058_ClusterManager] INFO  p6spy - 
2019-08-14 12:57:03.375 febs [QuartzScheduler_FEBS_Scheduler-pc-wangpei1565758342058_MisfireHandler] INFO  p6spy - 
2019-08-14 12:57:12.401 febs [QuartzScheduler_FEBS_Scheduler-pc-wangpei1565758342058_ClusterManager] INFO  p6spy - 
2019-08-14 12:57:12.402 febs [QuartzScheduler_FEBS_Scheduler-pc-wangpei1565758342058_ClusterManager] INFO  p6spy - 
2019-08-14 12:57:15.379 febs [QuartzScheduler_FEBS_Scheduler-pc-wangpei1565758342058_MisfireHandler] INFO  p6spy - 
2019-08-14 12:57:17.033 febs [FEBS_Scheduler_QuartzSchedulerThread] INFO  p6spy - 
2019-08-14 12:57:27.377 febs [QuartzScheduler_FEBS_Scheduler-pc-wangpei1565758342058_MisfireHandler] INFO  p6spy - 
2019-08-14 12:57:27.404 febs [QuartzScheduler_FEBS_Scheduler-pc-wangpei1565758342058_ClusterManager] INFO  p6spy - 
2019-08-14 12:57:27.404 febs [QuartzScheduler_FEBS_Scheduler-pc-wangpei1565758342058_ClusterManager] INFO  p6spy - 
2019-08-14 12:57:39.377 febs [QuartzScheduler_FEBS_Scheduler-pc-wangpei1565758342058_MisfireHandler] INFO  p6spy - 
2019-08-14 12:57:42.405 febs [QuartzScheduler_FEBS_Scheduler-pc-wangpei1565758342058_ClusterManager] INFO  p6spy - 
2019-08-14 12:57:42.405 febs [QuartzScheduler_FEBS_Scheduler-pc-wangpei1565758342058_ClusterManager] INFO  p6spy - 
2019-08-14 12:57:44.789 febs [FEBS_Scheduler_QuartzSchedulerThread] INFO  p6spy - 
2019-08-14 12:57:51.378 febs [QuartzScheduler_FEBS_Scheduler-pc-wangpei1565758342058_MisfireHandler] INFO  p6spy - 
2019-08-14 12:57:57.406 febs [QuartzScheduler_FEBS_Scheduler-pc-wangpei1565758342058_ClusterManager] INFO  p6spy - 
2019-08-14 12:57:57.406 febs [QuartzScheduler_FEBS_Scheduler-pc-wangpei1565758342058_ClusterManager] INFO  p6spy - 
2019-08-14 12:58:03.379 febs [QuartzScheduler_FEBS_Scheduler-pc-wangpei1565758342058_MisfireHandler] INFO  p6spy - 
2019-08-14 12:58:09.037 febs [FEBS_Scheduler_QuartzSchedulerThread] INFO  p6spy - 
2019-08-14 12:58:12.408 febs [QuartzScheduler_FEBS_Scheduler-pc-wangpei1565758342058_ClusterManager] INFO  p6spy - 
2019-08-14 12:58:12.408 febs [QuartzScheduler_FEBS_Scheduler-pc-wangpei1565758342058_ClusterManager] INFO  p6spy - 
2019-08-14 12:58:15.380 febs [QuartzScheduler_FEBS_Scheduler-pc-wangpei1565758342058_MisfireHandler] INFO  p6spy - 
2019-08-14 12:58:27.382 febs [QuartzScheduler_FEBS_Scheduler-pc-wangpei1565758342058_MisfireHandler] INFO  p6spy - 
2019-08-14 12:58:27.411 febs [QuartzScheduler_FEBS_Scheduler-pc-wangpei1565758342058_ClusterManager] INFO  p6spy - 
2019-08-14 12:58:27.412 febs [QuartzScheduler_FEBS_Scheduler-pc-wangpei1565758342058_ClusterManager] INFO  p6spy - 
2019-08-14 12:58:37.561 febs [FEBS_Scheduler_QuartzSchedulerThread] INFO  p6spy - 
2019-08-14 12:58:39.381 febs [QuartzScheduler_FEBS_Scheduler-pc-wangpei1565758342058_MisfireHandler] INFO  p6spy - 
2019-08-14 12:58:42.411 febs [QuartzScheduler_FEBS_Scheduler-pc-wangpei1565758342058_ClusterManager] INFO  p6spy - 
2019-08-14 12:58:42.411 febs [QuartzScheduler_FEBS_Scheduler-pc-wangpei1565758342058_ClusterManager] INFO  p6spy - 
2019-08-14 12:58:51.382 febs [QuartzScheduler_FEBS_Scheduler-pc-wangpei1565758342058_MisfireHandler] INFO  p6spy - 
2019-08-14 12:58:57.412 febs [QuartzScheduler_FEBS_Scheduler-pc-wangpei1565758342058_ClusterManager] INFO  p6spy - 
2019-08-14 12:58:57.413 febs [QuartzScheduler_FEBS_Scheduler-pc-wangpei1565758342058_ClusterManager] INFO  p6spy - 
2019-08-14 12:59:02.878 febs [FEBS_Scheduler_QuartzSchedulerThread] INFO  p6spy - 
2019-08-14 12:59:03.383 febs [QuartzScheduler_FEBS_Scheduler-pc-wangpei1565758342058_MisfireHandler] INFO  p6spy - 
2019-08-14 12:59:12.420 febs [QuartzScheduler_FEBS_Scheduler-pc-wangpei1565758342058_ClusterManager] INFO  p6spy - 
2019-08-14 12:59:12.421 febs [QuartzScheduler_FEBS_Scheduler-pc-wangpei1565758342058_ClusterManager] INFO  p6spy - 
2019-08-14 12:59:15.388 febs [QuartzScheduler_FEBS_Scheduler-pc-wangpei1565758342058_MisfireHandler] INFO  p6spy - 
2019-08-14 12:59:27.386 febs [QuartzScheduler_FEBS_Scheduler-pc-wangpei1565758342058_MisfireHandler] INFO  p6spy - 
2019-08-14 12:59:27.420 febs [QuartzScheduler_FEBS_Scheduler-pc-wangpei1565758342058_ClusterManager] INFO  p6spy - 
2019-08-14 12:59:27.421 febs [QuartzScheduler_FEBS_Scheduler-pc-wangpei1565758342058_ClusterManager] INFO  p6spy - 
2019-08-14 12:59:32.221 febs [FEBS_Scheduler_QuartzSchedulerThread] INFO  p6spy - 
2019-08-14 12:59:39.386 febs [QuartzScheduler_FEBS_Scheduler-pc-wangpei1565758342058_MisfireHandler] INFO  p6spy - 
2019-08-14 12:59:42.421 febs [QuartzScheduler_FEBS_Scheduler-pc-wangpei1565758342058_ClusterManager] INFO  p6spy - 
2019-08-14 12:59:42.422 febs [QuartzScheduler_FEBS_Scheduler-pc-wangpei1565758342058_ClusterManager] INFO  p6spy - 
2019-08-14 12:59:51.387 febs [QuartzScheduler_FEBS_Scheduler-pc-wangpei1565758342058_MisfireHandler] INFO  p6spy - 
2019-08-14 12:59:57.424 febs [QuartzScheduler_FEBS_Scheduler-pc-wangpei1565758342058_ClusterManager] INFO  p6spy - 
2019-08-14 12:59:57.424 febs [QuartzScheduler_FEBS_Scheduler-pc-wangpei1565758342058_ClusterManager] INFO  p6spy - 
2019-08-14 13:00:00.198 febs [FEBS_Scheduler_QuartzSchedulerThread] INFO  p6spy - 
2019-08-14 13:00:03.388 febs [QuartzScheduler_FEBS_Scheduler-pc-wangpei1565758342058_MisfireHandler] INFO  p6spy - 
2019-08-14 13:00:12.425 febs [QuartzScheduler_FEBS_Scheduler-pc-wangpei1565758342058_ClusterManager] INFO  p6spy - 
2019-08-14 13:00:12.425 febs [QuartzScheduler_FEBS_Scheduler-pc-wangpei1565758342058_ClusterManager] INFO  p6spy - 
2019-08-14 13:00:15.389 febs [QuartzScheduler_FEBS_Scheduler-pc-wangpei1565758342058_MisfireHandler] INFO  p6spy - 
2019-08-14 13:00:24.587 febs [FEBS_Scheduler_QuartzSchedulerThread] INFO  p6spy - 
2019-08-14 13:00:27.390 febs [QuartzScheduler_FEBS_Scheduler-pc-wangpei1565758342058_MisfireHandler] INFO  p6spy - 
2019-08-14 13:00:27.425 febs [QuartzScheduler_FEBS_Scheduler-pc-wangpei1565758342058_ClusterManager] INFO  p6spy - 
2019-08-14 13:00:27.425 febs [QuartzScheduler_FEBS_Scheduler-pc-wangpei1565758342058_ClusterManager] INFO  p6spy - 
2019-08-14 13:00:39.390 febs [QuartzScheduler_FEBS_Scheduler-pc-wangpei1565758342058_MisfireHandler] INFO  p6spy - 
2019-08-14 13:00:42.430 febs [QuartzScheduler_FEBS_Scheduler-pc-wangpei1565758342058_ClusterManager] INFO  p6spy - 
2019-08-14 13:00:42.430 febs [QuartzScheduler_FEBS_Scheduler-pc-wangpei1565758342058_ClusterManager] INFO  p6spy - 
2019-08-14 13:00:51.168 febs [FEBS_Scheduler_QuartzSchedulerThread] INFO  p6spy - 
2019-08-14 13:00:51.392 febs [QuartzScheduler_FEBS_Scheduler-pc-wangpei1565758342058_MisfireHandler] INFO  p6spy - 
2019-08-14 13:00:57.435 febs [QuartzScheduler_FEBS_Scheduler-pc-wangpei1565758342058_ClusterManager] INFO  p6spy - 
2019-08-14 13:00:57.435 febs [QuartzScheduler_FEBS_Scheduler-pc-wangpei1565758342058_ClusterManager] INFO  p6spy - 
2019-08-14 13:01:03.393 febs [QuartzScheduler_FEBS_Scheduler-pc-wangpei1565758342058_MisfireHandler] INFO  p6spy - 
2019-08-14 13:01:12.436 febs [QuartzScheduler_FEBS_Scheduler-pc-wangpei1565758342058_ClusterManager] INFO  p6spy - 
2019-08-14 13:01:12.437 febs [QuartzScheduler_FEBS_Scheduler-pc-wangpei1565758342058_ClusterManager] INFO  p6spy - 
2019-08-14 13:01:15.395 febs [QuartzScheduler_FEBS_Scheduler-pc-wangpei1565758342058_MisfireHandler] INFO  p6spy - 
2019-08-14 13:01:16.526 febs [FEBS_Scheduler_QuartzSchedulerThread] INFO  p6spy - 
2019-08-14 13:01:27.395 febs [QuartzScheduler_FEBS_Scheduler-pc-wangpei1565758342058_MisfireHandler] INFO  p6spy - 
2019-08-14 13:01:27.442 febs [QuartzScheduler_FEBS_Scheduler-pc-wangpei1565758342058_ClusterManager] INFO  p6spy - 
2019-08-14 13:01:27.442 febs [QuartzScheduler_FEBS_Scheduler-pc-wangpei1565758342058_ClusterManager] INFO  p6spy - 
2019-08-14 13:01:39.396 febs [QuartzScheduler_FEBS_Scheduler-pc-wangpei1565758342058_MisfireHandler] INFO  p6spy - 
2019-08-14 13:01:42.444 febs [QuartzScheduler_FEBS_Scheduler-pc-wangpei1565758342058_ClusterManager] INFO  p6spy - 
2019-08-14 13:01:42.445 febs [QuartzScheduler_FEBS_Scheduler-pc-wangpei1565758342058_ClusterManager] INFO  p6spy - 
2019-08-14 13:01:45.114 febs [FEBS_Scheduler_QuartzSchedulerThread] INFO  p6spy - 
2019-08-14 13:01:51.397 febs [QuartzScheduler_FEBS_Scheduler-pc-wangpei1565758342058_MisfireHandler] INFO  p6spy - 
2019-08-14 13:01:57.447 febs [QuartzScheduler_FEBS_Scheduler-pc-wangpei1565758342058_ClusterManager] INFO  p6spy - 
2019-08-14 13:01:57.448 febs [QuartzScheduler_FEBS_Scheduler-pc-wangpei1565758342058_ClusterManager] INFO  p6spy - 
2019-08-14 13:02:03.398 febs [QuartzScheduler_FEBS_Scheduler-pc-wangpei1565758342058_MisfireHandler] INFO  p6spy - 
2019-08-14 13:02:12.452 febs [QuartzScheduler_FEBS_Scheduler-pc-wangpei1565758342058_ClusterManager] INFO  p6spy - 
2019-08-14 13:02:12.453 febs [QuartzScheduler_FEBS_Scheduler-pc-wangpei1565758342058_ClusterManager] INFO  p6spy - 
2019-08-14 13:02:15.105 febs [FEBS_Scheduler_QuartzSchedulerThread] INFO  p6spy - 
2019-08-14 13:02:15.401 febs [QuartzScheduler_FEBS_Scheduler-pc-wangpei1565758342058_MisfireHandler] INFO  p6spy - 
2019-08-14 13:02:27.400 febs [QuartzScheduler_FEBS_Scheduler-pc-wangpei1565758342058_MisfireHandler] INFO  p6spy - 
2019-08-14 13:02:27.459 febs [QuartzScheduler_FEBS_Scheduler-pc-wangpei1565758342058_ClusterManager] INFO  p6spy - 
2019-08-14 13:02:27.460 febs [QuartzScheduler_FEBS_Scheduler-pc-wangpei1565758342058_ClusterManager] INFO  p6spy - 
2019-08-14 13:02:39.402 febs [QuartzScheduler_FEBS_Scheduler-pc-wangpei1565758342058_MisfireHandler] INFO  p6spy - 
2019-08-14 13:02:42.463 febs [QuartzScheduler_FEBS_Scheduler-pc-wangpei1565758342058_ClusterManager] INFO  p6spy - 
2019-08-14 13:02:42.464 febs [QuartzScheduler_FEBS_Scheduler-pc-wangpei1565758342058_ClusterManager] INFO  p6spy - 
2019-08-14 13:02:44.576 febs [FEBS_Scheduler_QuartzSchedulerThread] INFO  p6spy - 
2019-08-14 13:02:51.402 febs [QuartzScheduler_FEBS_Scheduler-pc-wangpei1565758342058_MisfireHandler] INFO  p6spy - 
2019-08-14 13:02:57.464 febs [QuartzScheduler_FEBS_Scheduler-pc-wangpei1565758342058_ClusterManager] INFO  p6spy - 
2019-08-14 13:02:57.465 febs [QuartzScheduler_FEBS_Scheduler-pc-wangpei1565758342058_ClusterManager] INFO  p6spy - 
2019-08-14 13:03:03.402 febs [QuartzScheduler_FEBS_Scheduler-pc-wangpei1565758342058_MisfireHandler] INFO  p6spy - 
2019-08-14 13:03:10.616 febs [FEBS_Scheduler_QuartzSchedulerThread] INFO  p6spy - 
2019-08-14 13:03:12.470 febs [QuartzScheduler_FEBS_Scheduler-pc-wangpei1565758342058_ClusterManager] INFO  p6spy - 
2019-08-14 13:03:12.471 febs [QuartzScheduler_FEBS_Scheduler-pc-wangpei1565758342058_ClusterManager] INFO  p6spy - 
2019-08-14 13:03:15.403 febs [QuartzScheduler_FEBS_Scheduler-pc-wangpei1565758342058_MisfireHandler] INFO  p6spy - 
2019-08-14 13:03:27.411 febs [QuartzScheduler_FEBS_Scheduler-pc-wangpei1565758342058_MisfireHandler] INFO  p6spy - 
2019-08-14 13:03:27.472 febs [QuartzScheduler_FEBS_Scheduler-pc-wangpei1565758342058_ClusterManager] INFO  p6spy - 
2019-08-14 13:03:27.473 febs [QuartzScheduler_FEBS_Scheduler-pc-wangpei1565758342058_ClusterManager] INFO  p6spy - 
2019-08-14 13:03:35.309 febs [FEBS_Scheduler_QuartzSchedulerThread] INFO  p6spy - 
2019-08-14 13:03:39.404 febs [QuartzScheduler_FEBS_Scheduler-pc-wangpei1565758342058_MisfireHandler] INFO  p6spy - 
2019-08-14 13:03:42.476 febs [QuartzScheduler_FEBS_Scheduler-pc-wangpei1565758342058_ClusterManager] INFO  p6spy - 
2019-08-14 13:03:42.477 febs [QuartzScheduler_FEBS_Scheduler-pc-wangpei1565758342058_ClusterManager] INFO  p6spy - 
2019-08-14 13:03:51.403 febs [QuartzScheduler_FEBS_Scheduler-pc-wangpei1565758342058_MisfireHandler] INFO  p6spy - 
2019-08-14 13:03:57.478 febs [QuartzScheduler_FEBS_Scheduler-pc-wangpei1565758342058_ClusterManager] INFO  p6spy - 
2019-08-14 13:03:57.479 febs [QuartzScheduler_FEBS_Scheduler-pc-wangpei1565758342058_ClusterManager] INFO  p6spy - 
2019-08-14 13:04:03.406 febs [QuartzScheduler_FEBS_Scheduler-pc-wangpei1565758342058_MisfireHandler] INFO  p6spy - 
2019-08-14 13:04:05.008 febs [FEBS_Scheduler_QuartzSchedulerThread] INFO  p6spy - 
2019-08-14 13:04:12.482 febs [QuartzScheduler_FEBS_Scheduler-pc-wangpei1565758342058_ClusterManager] INFO  p6spy - 
2019-08-14 13:04:12.483 febs [QuartzScheduler_FEBS_Scheduler-pc-wangpei1565758342058_ClusterManager] INFO  p6spy - 
2019-08-14 13:04:15.407 febs [QuartzScheduler_FEBS_Scheduler-pc-wangpei1565758342058_MisfireHandler] INFO  p6spy - 
2019-08-14 13:04:27.408 febs [QuartzScheduler_FEBS_Scheduler-pc-wangpei1565758342058_MisfireHandler] INFO  p6spy - 
2019-08-14 13:04:27.485 febs [QuartzScheduler_FEBS_Scheduler-pc-wangpei1565758342058_ClusterManager] INFO  p6spy - 
2019-08-14 13:04:27.486 febs [QuartzScheduler_FEBS_Scheduler-pc-wangpei1565758342058_ClusterManager] INFO  p6spy - 
2019-08-14 13:04:31.286 febs [FEBS_Scheduler_QuartzSchedulerThread] INFO  p6spy - 
2019-08-14 13:04:39.406 febs [QuartzScheduler_FEBS_Scheduler-pc-wangpei1565758342058_MisfireHandler] INFO  p6spy - 
2019-08-14 13:04:42.492 febs [QuartzScheduler_FEBS_Scheduler-pc-wangpei1565758342058_ClusterManager] INFO  p6spy - 
2019-08-14 13:04:42.493 febs [QuartzScheduler_FEBS_Scheduler-pc-wangpei1565758342058_ClusterManager] INFO  p6spy - 
2019-08-14 13:04:51.408 febs [QuartzScheduler_FEBS_Scheduler-pc-wangpei1565758342058_MisfireHandler] INFO  p6spy - 
2019-08-14 13:04:57.494 febs [QuartzScheduler_FEBS_Scheduler-pc-wangpei1565758342058_ClusterManager] INFO  p6spy - 
2019-08-14 13:04:57.494 febs [QuartzScheduler_FEBS_Scheduler-pc-wangpei1565758342058_ClusterManager] INFO  p6spy - 
2019-08-14 13:05:01.230 febs [FEBS_Scheduler_QuartzSchedulerThread] INFO  p6spy - 
2019-08-14 13:05:03.419 febs [QuartzScheduler_FEBS_Scheduler-pc-wangpei1565758342058_MisfireHandler] INFO  p6spy - 
2019-08-14 13:05:12.496 febs [QuartzScheduler_FEBS_Scheduler-pc-wangpei1565758342058_ClusterManager] INFO  p6spy - 
2019-08-14 13:05:12.496 febs [QuartzScheduler_FEBS_Scheduler-pc-wangpei1565758342058_ClusterManager] INFO  p6spy - 
2019-08-14 13:05:15.411 febs [QuartzScheduler_FEBS_Scheduler-pc-wangpei1565758342058_MisfireHandler] INFO  p6spy - 
2019-08-14 13:05:27.412 febs [QuartzScheduler_FEBS_Scheduler-pc-wangpei1565758342058_MisfireHandler] INFO  p6spy - 
2019-08-14 13:05:27.501 febs [QuartzScheduler_FEBS_Scheduler-pc-wangpei1565758342058_ClusterManager] INFO  p6spy - 
2019-08-14 13:05:27.501 febs [QuartzScheduler_FEBS_Scheduler-pc-wangpei1565758342058_ClusterManager] INFO  p6spy - 
2019-08-14 13:05:30.787 febs [FEBS_Scheduler_QuartzSchedulerThread] INFO  p6spy - 
2019-08-14 13:05:39.412 febs [QuartzScheduler_FEBS_Scheduler-pc-wangpei1565758342058_MisfireHandler] INFO  p6spy - 
2019-08-14 13:05:42.503 febs [QuartzScheduler_FEBS_Scheduler-pc-wangpei1565758342058_ClusterManager] INFO  p6spy - 
2019-08-14 13:05:42.504 febs [QuartzScheduler_FEBS_Scheduler-pc-wangpei1565758342058_ClusterManager] INFO  p6spy - 
2019-08-14 13:05:51.413 febs [QuartzScheduler_FEBS_Scheduler-pc-wangpei1565758342058_MisfireHandler] INFO  p6spy - 
2019-08-14 13:05:54.621 febs [FEBS_Scheduler_QuartzSchedulerThread] INFO  p6spy - 
2019-08-14 13:05:57.507 febs [QuartzScheduler_FEBS_Scheduler-pc-wangpei1565758342058_ClusterManager] INFO  p6spy - 
2019-08-14 13:05:57.508 febs [QuartzScheduler_FEBS_Scheduler-pc-wangpei1565758342058_ClusterManager] INFO  p6spy - 
2019-08-14 13:06:03.414 febs [QuartzScheduler_FEBS_Scheduler-pc-wangpei1565758342058_MisfireHandler] INFO  p6spy - 
2019-08-14 13:06:12.510 febs [QuartzScheduler_FEBS_Scheduler-pc-wangpei1565758342058_ClusterManager] INFO  p6spy - 
2019-08-14 13:06:12.511 febs [QuartzScheduler_FEBS_Scheduler-pc-wangpei1565758342058_ClusterManager] INFO  p6spy - 
2019-08-14 13:06:15.414 febs [QuartzScheduler_FEBS_Scheduler-pc-wangpei1565758342058_MisfireHandler] INFO  p6spy - 
2019-08-14 13:06:19.591 febs [FEBS_Scheduler_QuartzSchedulerThread] INFO  p6spy - 
2019-08-14 13:06:27.415 febs [QuartzScheduler_FEBS_Scheduler-pc-wangpei1565758342058_MisfireHandler] INFO  p6spy - 
2019-08-14 13:06:27.513 febs [QuartzScheduler_FEBS_Scheduler-pc-wangpei1565758342058_ClusterManager] INFO  p6spy - 
2019-08-14 13:06:27.513 febs [QuartzScheduler_FEBS_Scheduler-pc-wangpei1565758342058_ClusterManager] INFO  p6spy - 
2019-08-14 13:06:39.416 febs [QuartzScheduler_FEBS_Scheduler-pc-wangpei1565758342058_MisfireHandler] INFO  p6spy - 
2019-08-14 13:06:42.515 febs [QuartzScheduler_FEBS_Scheduler-pc-wangpei1565758342058_ClusterManager] INFO  p6spy - 
2019-08-14 13:06:42.516 febs [QuartzScheduler_FEBS_Scheduler-pc-wangpei1565758342058_ClusterManager] INFO  p6spy - 
2019-08-14 13:06:48.228 febs [FEBS_Scheduler_QuartzSchedulerThread] INFO  p6spy - 
2019-08-14 13:06:51.416 febs [QuartzScheduler_FEBS_Scheduler-pc-wangpei1565758342058_MisfireHandler] INFO  p6spy - 
2019-08-14 13:06:57.517 febs [QuartzScheduler_FEBS_Scheduler-pc-wangpei1565758342058_ClusterManager] INFO  p6spy - 
2019-08-14 13:06:57.518 febs [QuartzScheduler_FEBS_Scheduler-pc-wangpei1565758342058_ClusterManager] INFO  p6spy - 
2019-08-14 13:07:03.417 febs [QuartzScheduler_FEBS_Scheduler-pc-wangpei1565758342058_MisfireHandler] INFO  p6spy - 
2019-08-14 13:07:12.519 febs [QuartzScheduler_FEBS_Scheduler-pc-wangpei1565758342058_ClusterManager] INFO  p6spy - 
2019-08-14 13:07:12.520 febs [QuartzScheduler_FEBS_Scheduler-pc-wangpei1565758342058_ClusterManager] INFO  p6spy - 
2019-08-14 13:07:13.031 febs [FEBS_Scheduler_QuartzSchedulerThread] INFO  p6spy - 
2019-08-14 13:07:15.418 febs [QuartzScheduler_FEBS_Scheduler-pc-wangpei1565758342058_MisfireHandler] INFO  p6spy - 
2019-08-14 13:07:27.420 febs [QuartzScheduler_FEBS_Scheduler-pc-wangpei1565758342058_MisfireHandler] INFO  p6spy - 
2019-08-14 13:07:27.520 febs [QuartzScheduler_FEBS_Scheduler-pc-wangpei1565758342058_ClusterManager] INFO  p6spy - 
2019-08-14 13:07:27.520 febs [QuartzScheduler_FEBS_Scheduler-pc-wangpei1565758342058_ClusterManager] INFO  p6spy - 
2019-08-14 13:07:39.421 febs [QuartzScheduler_FEBS_Scheduler-pc-wangpei1565758342058_MisfireHandler] INFO  p6spy - 
2019-08-14 13:07:42.524 febs [QuartzScheduler_FEBS_Scheduler-pc-wangpei1565758342058_ClusterManager] INFO  p6spy - 
2019-08-14 13:07:42.524 febs [QuartzScheduler_FEBS_Scheduler-pc-wangpei1565758342058_ClusterManager] INFO  p6spy - 
2019-08-14 13:07:42.780 febs [FEBS_Scheduler_QuartzSchedulerThread] INFO  p6spy - 
2019-08-14 13:07:51.421 febs [QuartzScheduler_FEBS_Scheduler-pc-wangpei1565758342058_MisfireHandler] INFO  p6spy - 
2019-08-14 13:07:57.526 febs [QuartzScheduler_FEBS_Scheduler-pc-wangpei1565758342058_ClusterManager] INFO  p6spy - 
2019-08-14 13:07:57.526 febs [QuartzScheduler_FEBS_Scheduler-pc-wangpei1565758342058_ClusterManager] INFO  p6spy - 
2019-08-14 13:08:03.421 febs [QuartzScheduler_FEBS_Scheduler-pc-wangpei1565758342058_MisfireHandler] INFO  p6spy - 
2019-08-14 13:08:08.954 febs [FEBS_Scheduler_QuartzSchedulerThread] INFO  p6spy - 
2019-08-14 13:08:12.527 febs [QuartzScheduler_FEBS_Scheduler-pc-wangpei1565758342058_ClusterManager] INFO  p6spy - 
2019-08-14 13:08:12.527 febs [QuartzScheduler_FEBS_Scheduler-pc-wangpei1565758342058_ClusterManager] INFO  p6spy - 
2019-08-14 13:08:15.424 febs [QuartzScheduler_FEBS_Scheduler-pc-wangpei1565758342058_MisfireHandler] INFO  p6spy - 
2019-08-14 13:08:27.424 febs [QuartzScheduler_FEBS_Scheduler-pc-wangpei1565758342058_MisfireHandler] INFO  p6spy - 
2019-08-14 13:08:27.529 febs [QuartzScheduler_FEBS_Scheduler-pc-wangpei1565758342058_ClusterManager] INFO  p6spy - 
2019-08-14 13:08:27.529 febs [QuartzScheduler_FEBS_Scheduler-pc-wangpei1565758342058_ClusterManager] INFO  p6spy - 
2019-08-14 13:08:32.800 febs [FEBS_Scheduler_QuartzSchedulerThread] INFO  p6spy - 
2019-08-14 13:08:39.426 febs [QuartzScheduler_FEBS_Scheduler-pc-wangpei1565758342058_MisfireHandler] INFO  p6spy - 
2019-08-14 13:08:42.533 febs [QuartzScheduler_FEBS_Scheduler-pc-wangpei1565758342058_ClusterManager] INFO  p6spy - 
2019-08-14 13:08:42.533 febs [QuartzScheduler_FEBS_Scheduler-pc-wangpei1565758342058_ClusterManager] INFO  p6spy - 
2019-08-14 13:08:51.426 febs [QuartzScheduler_FEBS_Scheduler-pc-wangpei1565758342058_MisfireHandler] INFO  p6spy - 
2019-08-14 13:08:57.535 febs [QuartzScheduler_FEBS_Scheduler-pc-wangpei1565758342058_ClusterManager] INFO  p6spy - 
2019-08-14 13:08:57.536 febs [QuartzScheduler_FEBS_Scheduler-pc-wangpei1565758342058_ClusterManager] INFO  p6spy - 
2019-08-14 13:09:01.144 febs [FEBS_Scheduler_QuartzSchedulerThread] INFO  p6spy - 
2019-08-14 13:09:03.428 febs [QuartzScheduler_FEBS_Scheduler-pc-wangpei1565758342058_MisfireHandler] INFO  p6spy - 
2019-08-14 13:09:12.538 febs [QuartzScheduler_FEBS_Scheduler-pc-wangpei1565758342058_ClusterManager] INFO  p6spy - 
2019-08-14 13:09:12.538 febs [QuartzScheduler_FEBS_Scheduler-pc-wangpei1565758342058_ClusterManager] INFO  p6spy - 
2019-08-14 13:09:15.428 febs [QuartzScheduler_FEBS_Scheduler-pc-wangpei1565758342058_MisfireHandler] INFO  p6spy - 
2019-08-14 13:09:27.432 febs [QuartzScheduler_FEBS_Scheduler-pc-wangpei1565758342058_MisfireHandler] INFO  p6spy - 
2019-08-14 13:09:27.538 febs [QuartzScheduler_FEBS_Scheduler-pc-wangpei1565758342058_ClusterManager] INFO  p6spy - 
2019-08-14 13:09:27.538 febs [QuartzScheduler_FEBS_Scheduler-pc-wangpei1565758342058_ClusterManager] INFO  p6spy - 
2019-08-14 13:09:28.510 febs [FEBS_Scheduler_QuartzSchedulerThread] INFO  p6spy - 
2019-08-14 13:09:39.433 febs [QuartzScheduler_FEBS_Scheduler-pc-wangpei1565758342058_MisfireHandler] INFO  p6spy - 
2019-08-14 13:09:42.540 febs [QuartzScheduler_FEBS_Scheduler-pc-wangpei1565758342058_ClusterManager] INFO  p6spy - 
2019-08-14 13:09:42.540 febs [QuartzScheduler_FEBS_Scheduler-pc-wangpei1565758342058_ClusterManager] INFO  p6spy - 
2019-08-14 13:09:51.434 febs [QuartzScheduler_FEBS_Scheduler-pc-wangpei1565758342058_MisfireHandler] INFO  p6spy - 
2019-08-14 13:09:56.353 febs [FEBS_Scheduler_QuartzSchedulerThread] INFO  p6spy - 
2019-08-14 13:09:57.543 febs [QuartzScheduler_FEBS_Scheduler-pc-wangpei1565758342058_ClusterManager] INFO  p6spy - 
2019-08-14 13:09:57.543 febs [QuartzScheduler_FEBS_Scheduler-pc-wangpei1565758342058_ClusterManager] INFO  p6spy - 
2019-08-14 13:10:03.434 febs [QuartzScheduler_FEBS_Scheduler-pc-wangpei1565758342058_MisfireHandler] INFO  p6spy - 
2019-08-14 13:10:12.545 febs [QuartzScheduler_FEBS_Scheduler-pc-wangpei1565758342058_ClusterManager] INFO  p6spy - 
2019-08-14 13:10:12.545 febs [QuartzScheduler_FEBS_Scheduler-pc-wangpei1565758342058_ClusterManager] INFO  p6spy - 
2019-08-14 13:10:15.436 febs [QuartzScheduler_FEBS_Scheduler-pc-wangpei1565758342058_MisfireHandler] INFO  p6spy - 
2019-08-14 13:10:25.045 febs [FEBS_Scheduler_QuartzSchedulerThread] INFO  p6spy - 
2019-08-14 13:10:27.436 febs [QuartzScheduler_FEBS_Scheduler-pc-wangpei1565758342058_MisfireHandler] INFO  p6spy - 
2019-08-14 13:10:27.550 febs [QuartzScheduler_FEBS_Scheduler-pc-wangpei1565758342058_ClusterManager] INFO  p6spy - 
2019-08-14 13:10:27.551 febs [QuartzScheduler_FEBS_Scheduler-pc-wangpei1565758342058_ClusterManager] INFO  p6spy - 
2019-08-14 13:10:39.438 febs [QuartzScheduler_FEBS_Scheduler-pc-wangpei1565758342058_MisfireHandler] INFO  p6spy - 
2019-08-14 13:10:42.551 febs [QuartzScheduler_FEBS_Scheduler-pc-wangpei1565758342058_ClusterManager] INFO  p6spy - 
2019-08-14 13:10:42.551 febs [QuartzScheduler_FEBS_Scheduler-pc-wangpei1565758342058_ClusterManager] INFO  p6spy - 
2019-08-14 13:10:51.438 febs [QuartzScheduler_FEBS_Scheduler-pc-wangpei1565758342058_MisfireHandler] INFO  p6spy - 
2019-08-14 13:10:51.733 febs [FEBS_Scheduler_QuartzSchedulerThread] INFO  p6spy - 
2019-08-14 13:10:57.550 febs [QuartzScheduler_FEBS_Scheduler-pc-wangpei1565758342058_ClusterManager] INFO  p6spy - 
2019-08-14 13:10:57.551 febs [QuartzScheduler_FEBS_Scheduler-pc-wangpei1565758342058_ClusterManager] INFO  p6spy - 
2019-08-14 13:11:03.438 febs [QuartzScheduler_FEBS_Scheduler-pc-wangpei1565758342058_MisfireHandler] INFO  p6spy - 
2019-08-14 13:11:12.555 febs [QuartzScheduler_FEBS_Scheduler-pc-wangpei1565758342058_ClusterManager] INFO  p6spy - 
2019-08-14 13:11:12.555 febs [QuartzScheduler_FEBS_Scheduler-pc-wangpei1565758342058_ClusterManager] INFO  p6spy - 
2019-08-14 13:11:15.440 febs [QuartzScheduler_FEBS_Scheduler-pc-wangpei1565758342058_MisfireHandler] INFO  p6spy - 
2019-08-14 13:11:17.859 febs [FEBS_Scheduler_QuartzSchedulerThread] INFO  p6spy - 
2019-08-14 13:11:27.440 febs [QuartzScheduler_FEBS_Scheduler-pc-wangpei1565758342058_MisfireHandler] INFO  p6spy - 
2019-08-14 13:11:27.554 febs [QuartzScheduler_FEBS_Scheduler-pc-wangpei1565758342058_ClusterManager] INFO  p6spy - 
2019-08-14 13:11:27.554 febs [QuartzScheduler_FEBS_Scheduler-pc-wangpei1565758342058_ClusterManager] INFO  p6spy - 
2019-08-14 13:11:39.444 febs [QuartzScheduler_FEBS_Scheduler-pc-wangpei1565758342058_MisfireHandler] INFO  p6spy - 
2019-08-14 13:11:42.557 febs [QuartzScheduler_FEBS_Scheduler-pc-wangpei1565758342058_ClusterManager] INFO  p6spy - 
2019-08-14 13:11:42.557 febs [QuartzScheduler_FEBS_Scheduler-pc-wangpei1565758342058_ClusterManager] INFO  p6spy - 
2019-08-14 13:11:43.813 febs [FEBS_Scheduler_QuartzSchedulerThread] INFO  p6spy - 
2019-08-14 13:11:51.444 febs [QuartzScheduler_FEBS_Scheduler-pc-wangpei1565758342058_MisfireHandler] INFO  p6spy - 
2019-08-14 13:11:57.560 febs [QuartzScheduler_FEBS_Scheduler-pc-wangpei1565758342058_ClusterManager] INFO  p6spy - 
2019-08-14 13:11:57.560 febs [QuartzScheduler_FEBS_Scheduler-pc-wangpei1565758342058_ClusterManager] INFO  p6spy - 
2019-08-14 13:12:03.444 febs [QuartzScheduler_FEBS_Scheduler-pc-wangpei1565758342058_MisfireHandler] INFO  p6spy - 
2019-08-14 13:12:11.233 febs [FEBS_Scheduler_QuartzSchedulerThread] INFO  p6spy - 
2019-08-14 13:12:12.607 febs [QuartzScheduler_FEBS_Scheduler-pc-wangpei1565758342058_ClusterManager] INFO  p6spy - 
2019-08-14 13:12:12.607 febs [QuartzScheduler_FEBS_Scheduler-pc-wangpei1565758342058_ClusterManager] INFO  p6spy - 
2019-08-14 13:12:15.440 febs [QuartzScheduler_FEBS_Scheduler-pc-wangpei1565758342058_MisfireHandler] INFO  p6spy - 
2019-08-14 13:12:27.443 febs [QuartzScheduler_FEBS_Scheduler-pc-wangpei1565758342058_MisfireHandler] INFO  p6spy - 
2019-08-14 13:12:27.561 febs [QuartzScheduler_FEBS_Scheduler-pc-wangpei1565758342058_ClusterManager] INFO  p6spy - 
2019-08-14 13:12:27.561 febs [QuartzScheduler_FEBS_Scheduler-pc-wangpei1565758342058_ClusterManager] INFO  p6spy - 
2019-08-14 13:12:37.626 febs [FEBS_Scheduler_QuartzSchedulerThread] INFO  p6spy - 
2019-08-14 13:12:39.444 febs [QuartzScheduler_FEBS_Scheduler-pc-wangpei1565758342058_MisfireHandler] INFO  p6spy - 
2019-08-14 13:12:42.563 febs [QuartzScheduler_FEBS_Scheduler-pc-wangpei1565758342058_ClusterManager] INFO  p6spy - 
2019-08-14 13:12:42.563 febs [QuartzScheduler_FEBS_Scheduler-pc-wangpei1565758342058_ClusterManager] INFO  p6spy - 
2019-08-14 13:12:51.444 febs [QuartzScheduler_FEBS_Scheduler-pc-wangpei1565758342058_MisfireHandler] INFO  p6spy - 
2019-08-14 13:12:57.564 febs [QuartzScheduler_FEBS_Scheduler-pc-wangpei1565758342058_ClusterManager] INFO  p6spy - 
2019-08-14 13:12:57.564 febs [QuartzScheduler_FEBS_Scheduler-pc-wangpei1565758342058_ClusterManager] INFO  p6spy - 
2019-08-14 13:13:03.445 febs [QuartzScheduler_FEBS_Scheduler-pc-wangpei1565758342058_MisfireHandler] INFO  p6spy - 
2019-08-14 13:13:05.598 febs [FEBS_Scheduler_QuartzSchedulerThread] INFO  p6spy - 
2019-08-14 13:13:12.567 febs [QuartzScheduler_FEBS_Scheduler-pc-wangpei1565758342058_ClusterManager] INFO  p6spy - 
2019-08-14 13:13:12.567 febs [QuartzScheduler_FEBS_Scheduler-pc-wangpei1565758342058_ClusterManager] INFO  p6spy - 
2019-08-14 13:13:15.448 febs [QuartzScheduler_FEBS_Scheduler-pc-wangpei1565758342058_MisfireHandler] INFO  p6spy - 
2019-08-14 13:13:27.448 febs [QuartzScheduler_FEBS_Scheduler-pc-wangpei1565758342058_MisfireHandler] INFO  p6spy - 
2019-08-14 13:13:27.569 febs [QuartzScheduler_FEBS_Scheduler-pc-wangpei1565758342058_ClusterManager] INFO  p6spy - 
2019-08-14 13:13:27.569 febs [QuartzScheduler_FEBS_Scheduler-pc-wangpei1565758342058_ClusterManager] INFO  p6spy - 
2019-08-14 13:13:31.204 febs [FEBS_Scheduler_QuartzSchedulerThread] INFO  p6spy - 
2019-08-14 13:13:39.448 febs [QuartzScheduler_FEBS_Scheduler-pc-wangpei1565758342058_MisfireHandler] INFO  p6spy - 
2019-08-14 13:13:42.570 febs [QuartzScheduler_FEBS_Scheduler-pc-wangpei1565758342058_ClusterManager] INFO  p6spy - 
2019-08-14 13:13:42.570 febs [QuartzScheduler_FEBS_Scheduler-pc-wangpei1565758342058_ClusterManager] INFO  p6spy - 
2019-08-14 13:13:51.449 febs [QuartzScheduler_FEBS_Scheduler-pc-wangpei1565758342058_MisfireHandler] INFO  p6spy - 
2019-08-14 13:13:55.590 febs [FEBS_Scheduler_QuartzSchedulerThread] INFO  p6spy - 
2019-08-14 13:13:57.572 febs [QuartzScheduler_FEBS_Scheduler-pc-wangpei1565758342058_ClusterManager] INFO  p6spy - 
2019-08-14 13:13:57.572 febs [QuartzScheduler_FEBS_Scheduler-pc-wangpei1565758342058_ClusterManager] INFO  p6spy - 
2019-08-14 13:14:03.450 febs [QuartzScheduler_FEBS_Scheduler-pc-wangpei1565758342058_MisfireHandler] INFO  p6spy - 
2019-08-14 13:14:12.573 febs [QuartzScheduler_FEBS_Scheduler-pc-wangpei1565758342058_ClusterManager] INFO  p6spy - 
2019-08-14 13:14:12.574 febs [QuartzScheduler_FEBS_Scheduler-pc-wangpei1565758342058_ClusterManager] INFO  p6spy - 
2019-08-14 13:14:15.451 febs [QuartzScheduler_FEBS_Scheduler-pc-wangpei1565758342058_MisfireHandler] INFO  p6spy - 
2019-08-14 13:14:24.423 febs [FEBS_Scheduler_QuartzSchedulerThread] INFO  p6spy - 
2019-08-14 13:14:27.452 febs [QuartzScheduler_FEBS_Scheduler-pc-wangpei1565758342058_MisfireHandler] INFO  p6spy - 
2019-08-14 13:14:27.576 febs [QuartzScheduler_FEBS_Scheduler-pc-wangpei1565758342058_ClusterManager] INFO  p6spy - 
2019-08-14 13:14:27.576 febs [QuartzScheduler_FEBS_Scheduler-pc-wangpei1565758342058_ClusterManager] INFO  p6spy - 
2019-08-14 13:14:39.453 febs [QuartzScheduler_FEBS_Scheduler-pc-wangpei1565758342058_MisfireHandler] INFO  p6spy - 
2019-08-14 13:14:42.576 febs [QuartzScheduler_FEBS_Scheduler-pc-wangpei1565758342058_ClusterManager] INFO  p6spy - 
2019-08-14 13:14:42.576 febs [QuartzScheduler_FEBS_Scheduler-pc-wangpei1565758342058_ClusterManager] INFO  p6spy - 
2019-08-14 13:14:50.083 febs [FEBS_Scheduler_QuartzSchedulerThread] INFO  p6spy - 
2019-08-14 13:14:51.454 febs [QuartzScheduler_FEBS_Scheduler-pc-wangpei1565758342058_MisfireHandler] INFO  p6spy - 
2019-08-14 13:14:57.579 febs [QuartzScheduler_FEBS_Scheduler-pc-wangpei1565758342058_ClusterManager] INFO  p6spy - 
2019-08-14 13:14:57.579 febs [QuartzScheduler_FEBS_Scheduler-pc-wangpei1565758342058_ClusterManager] INFO  p6spy - 
2019-08-14 13:15:03.455 febs [QuartzScheduler_FEBS_Scheduler-pc-wangpei1565758342058_MisfireHandler] INFO  p6spy - 
2019-08-14 13:15:12.581 febs [QuartzScheduler_FEBS_Scheduler-pc-wangpei1565758342058_ClusterManager] INFO  p6spy - 
2019-08-14 13:15:12.581 febs [QuartzScheduler_FEBS_Scheduler-pc-wangpei1565758342058_ClusterManager] INFO  p6spy - 
2019-08-14 13:15:15.456 febs [QuartzScheduler_FEBS_Scheduler-pc-wangpei1565758342058_MisfireHandler] INFO  p6spy - 
2019-08-14 13:15:19.652 febs [FEBS_Scheduler_QuartzSchedulerThread] INFO  p6spy - 
2019-08-14 13:15:27.457 febs [QuartzScheduler_FEBS_Scheduler-pc-wangpei1565758342058_MisfireHandler] INFO  p6spy - 
2019-08-14 13:15:27.581 febs [QuartzScheduler_FEBS_Scheduler-pc-wangpei1565758342058_ClusterManager] INFO  p6spy - 
2019-08-14 13:15:27.581 febs [QuartzScheduler_FEBS_Scheduler-pc-wangpei1565758342058_ClusterManager] INFO  p6spy - 
2019-08-14 13:15:39.458 febs [QuartzScheduler_FEBS_Scheduler-pc-wangpei1565758342058_MisfireHandler] INFO  p6spy - 
2019-08-14 13:15:42.583 febs [QuartzScheduler_FEBS_Scheduler-pc-wangpei1565758342058_ClusterManager] INFO  p6spy - 
2019-08-14 13:15:42.583 febs [QuartzScheduler_FEBS_Scheduler-pc-wangpei1565758342058_ClusterManager] INFO  p6spy - 
2019-08-14 13:15:47.587 febs [FEBS_Scheduler_QuartzSchedulerThread] INFO  p6spy - 
2019-08-14 13:15:51.458 febs [QuartzScheduler_FEBS_Scheduler-pc-wangpei1565758342058_MisfireHandler] INFO  p6spy - 
2019-08-14 13:15:57.586 febs [QuartzScheduler_FEBS_Scheduler-pc-wangpei1565758342058_ClusterManager] INFO  p6spy - 
2019-08-14 13:15:57.586 febs [QuartzScheduler_FEBS_Scheduler-pc-wangpei1565758342058_ClusterManager] INFO  p6spy - 
2019-08-14 13:16:03.457 febs [QuartzScheduler_FEBS_Scheduler-pc-wangpei1565758342058_MisfireHandler] INFO  p6spy - 
2019-08-14 13:16:12.588 febs [QuartzScheduler_FEBS_Scheduler-pc-wangpei1565758342058_ClusterManager] INFO  p6spy - 
2019-08-14 13:16:12.588 febs [QuartzScheduler_FEBS_Scheduler-pc-wangpei1565758342058_ClusterManager] INFO  p6spy - 
2019-08-14 13:16:15.458 febs [QuartzScheduler_FEBS_Scheduler-pc-wangpei1565758342058_MisfireHandler] INFO  p6spy - 
2019-08-14 13:16:15.833 febs [FEBS_Scheduler_QuartzSchedulerThread] INFO  p6spy - 
2019-08-14 13:16:27.459 febs [QuartzScheduler_FEBS_Scheduler-pc-wangpei1565758342058_MisfireHandler] INFO  p6spy - 
2019-08-14 13:16:27.590 febs [QuartzScheduler_FEBS_Scheduler-pc-wangpei1565758342058_ClusterManager] INFO  p6spy - 
2019-08-14 13:16:27.590 febs [QuartzScheduler_FEBS_Scheduler-pc-wangpei1565758342058_ClusterManager] INFO  p6spy - 
2019-08-14 13:16:39.460 febs [QuartzScheduler_FEBS_Scheduler-pc-wangpei1565758342058_MisfireHandler] INFO  p6spy - 
2019-08-14 13:16:42.593 febs [QuartzScheduler_FEBS_Scheduler-pc-wangpei1565758342058_ClusterManager] INFO  p6spy - 
2019-08-14 13:16:42.593 febs [QuartzScheduler_FEBS_Scheduler-pc-wangpei1565758342058_ClusterManager] INFO  p6spy - 
2019-08-14 13:16:44.161 febs [FEBS_Scheduler_QuartzSchedulerThread] INFO  p6spy - 
2019-08-14 13:16:51.461 febs [QuartzScheduler_FEBS_Scheduler-pc-wangpei1565758342058_MisfireHandler] INFO  p6spy - 
2019-08-14 13:16:57.595 febs [QuartzScheduler_FEBS_Scheduler-pc-wangpei1565758342058_ClusterManager] INFO  p6spy - 
2019-08-14 13:16:57.595 febs [QuartzScheduler_FEBS_Scheduler-pc-wangpei1565758342058_ClusterManager] INFO  p6spy - 
2019-08-14 13:17:03.461 febs [QuartzScheduler_FEBS_Scheduler-pc-wangpei1565758342058_MisfireHandler] INFO  p6spy - 
2019-08-14 13:17:12.597 febs [QuartzScheduler_FEBS_Scheduler-pc-wangpei1565758342058_ClusterManager] INFO  p6spy - 
2019-08-14 13:17:12.597 febs [QuartzScheduler_FEBS_Scheduler-pc-wangpei1565758342058_ClusterManager] INFO  p6spy - 
2019-08-14 13:17:13.177 febs [FEBS_Scheduler_QuartzSchedulerThread] INFO  p6spy - 
2019-08-14 13:17:15.461 febs [QuartzScheduler_FEBS_Scheduler-pc-wangpei1565758342058_MisfireHandler] INFO  p6spy - 
2019-08-14 13:17:27.464 febs [QuartzScheduler_FEBS_Scheduler-pc-wangpei1565758342058_MisfireHandler] INFO  p6spy - 
2019-08-14 13:17:27.598 febs [QuartzScheduler_FEBS_Scheduler-pc-wangpei1565758342058_ClusterManager] INFO  p6spy - 
2019-08-14 13:17:27.598 febs [QuartzScheduler_FEBS_Scheduler-pc-wangpei1565758342058_ClusterManager] INFO  p6spy - 
2019-08-14 13:17:39.462 febs [QuartzScheduler_FEBS_Scheduler-pc-wangpei1565758342058_MisfireHandler] INFO  p6spy - 
2019-08-14 13:17:42.489 febs [FEBS_Scheduler_QuartzSchedulerThread] INFO  p6spy - 
2019-08-14 13:17:42.598 febs [QuartzScheduler_FEBS_Scheduler-pc-wangpei1565758342058_ClusterManager] INFO  p6spy - 
2019-08-14 13:17:42.599 febs [QuartzScheduler_FEBS_Scheduler-pc-wangpei1565758342058_ClusterManager] INFO  p6spy - 
2019-08-14 13:17:51.463 febs [QuartzScheduler_FEBS_Scheduler-pc-wangpei1565758342058_MisfireHandler] INFO  p6spy - 
2019-08-14 13:17:57.606 febs [QuartzScheduler_FEBS_Scheduler-pc-wangpei1565758342058_ClusterManager] INFO  p6spy - 
2019-08-14 13:17:57.607 febs [QuartzScheduler_FEBS_Scheduler-pc-wangpei1565758342058_ClusterManager] INFO  p6spy - 
2019-08-14 13:18:03.464 febs [QuartzScheduler_FEBS_Scheduler-pc-wangpei1565758342058_MisfireHandler] INFO  p6spy - 
2019-08-14 13:18:10.211 febs [FEBS_Scheduler_QuartzSchedulerThread] INFO  p6spy - 
2019-08-14 13:18:12.605 febs [QuartzScheduler_FEBS_Scheduler-pc-wangpei1565758342058_ClusterManager] INFO  p6spy - 
2019-08-14 13:18:12.605 febs [QuartzScheduler_FEBS_Scheduler-pc-wangpei1565758342058_ClusterManager] INFO  p6spy - 
2019-08-14 13:18:15.466 febs [QuartzScheduler_FEBS_Scheduler-pc-wangpei1565758342058_MisfireHandler] INFO  p6spy - 
2019-08-14 13:18:27.467 febs [QuartzScheduler_FEBS_Scheduler-pc-wangpei1565758342058_MisfireHandler] INFO  p6spy - 
2019-08-14 13:18:27.607 febs [QuartzScheduler_FEBS_Scheduler-pc-wangpei1565758342058_ClusterManager] INFO  p6spy - 
2019-08-14 13:18:27.607 febs [QuartzScheduler_FEBS_Scheduler-pc-wangpei1565758342058_ClusterManager] INFO  p6spy - 
2019-08-14 13:18:36.169 febs [FEBS_Scheduler_QuartzSchedulerThread] INFO  p6spy - 
2019-08-14 13:18:39.468 febs [QuartzScheduler_FEBS_Scheduler-pc-wangpei1565758342058_MisfireHandler] INFO  p6spy - 
2019-08-14 13:18:42.610 febs [QuartzScheduler_FEBS_Scheduler-pc-wangpei1565758342058_ClusterManager] INFO  p6spy - 
2019-08-14 13:18:42.610 febs [QuartzScheduler_FEBS_Scheduler-pc-wangpei1565758342058_ClusterManager] INFO  p6spy - 
2019-08-14 13:18:51.468 febs [QuartzScheduler_FEBS_Scheduler-pc-wangpei1565758342058_MisfireHandler] INFO  p6spy - 
2019-08-14 13:18:57.612 febs [QuartzScheduler_FEBS_Scheduler-pc-wangpei1565758342058_ClusterManager] INFO  p6spy - 
2019-08-14 13:18:57.612 febs [QuartzScheduler_FEBS_Scheduler-pc-wangpei1565758342058_ClusterManager] INFO  p6spy - 
2019-08-14 13:18:59.897 febs [FEBS_Scheduler_QuartzSchedulerThread] INFO  p6spy - 
2019-08-14 13:19:03.472 febs [QuartzScheduler_FEBS_Scheduler-pc-wangpei1565758342058_MisfireHandler] INFO  p6spy - 
2019-08-14 13:19:12.610 febs [QuartzScheduler_FEBS_Scheduler-pc-wangpei1565758342058_ClusterManager] INFO  p6spy - 
2019-08-14 13:19:12.610 febs [QuartzScheduler_FEBS_Scheduler-pc-wangpei1565758342058_ClusterManager] INFO  p6spy - 
2019-08-14 13:19:15.472 febs [QuartzScheduler_FEBS_Scheduler-pc-wangpei1565758342058_MisfireHandler] INFO  p6spy - 
2019-08-14 13:19:26.341 febs [FEBS_Scheduler_QuartzSchedulerThread] INFO  p6spy - 
2019-08-14 13:19:27.473 febs [QuartzScheduler_FEBS_Scheduler-pc-wangpei1565758342058_MisfireHandler] INFO  p6spy - 
2019-08-14 13:19:27.611 febs [QuartzScheduler_FEBS_Scheduler-pc-wangpei1565758342058_ClusterManager] INFO  p6spy - 
2019-08-14 13:19:27.611 febs [QuartzScheduler_FEBS_Scheduler-pc-wangpei1565758342058_ClusterManager] INFO  p6spy - 
2019-08-14 13:19:39.471 febs [QuartzScheduler_FEBS_Scheduler-pc-wangpei1565758342058_MisfireHandler] INFO  p6spy - 
2019-08-14 13:19:42.614 febs [QuartzScheduler_FEBS_Scheduler-pc-wangpei1565758342058_ClusterManager] INFO  p6spy - 
2019-08-14 13:19:42.614 febs [QuartzScheduler_FEBS_Scheduler-pc-wangpei1565758342058_ClusterManager] INFO  p6spy - 
2019-08-14 13:19:51.471 febs [QuartzScheduler_FEBS_Scheduler-pc-wangpei1565758342058_MisfireHandler] INFO  p6spy - 
2019-08-14 13:19:51.635 febs [FEBS_Scheduler_QuartzSchedulerThread] INFO  p6spy - 
2019-08-14 13:19:57.617 febs [QuartzScheduler_FEBS_Scheduler-pc-wangpei1565758342058_ClusterManager] INFO  p6spy - 
2019-08-14 13:19:57.617 febs [QuartzScheduler_FEBS_Scheduler-pc-wangpei1565758342058_ClusterManager] INFO  p6spy - 
2019-08-14 13:20:03.472 febs [QuartzScheduler_FEBS_Scheduler-pc-wangpei1565758342058_MisfireHandler] INFO  p6spy - 
2019-08-14 13:20:12.617 febs [QuartzScheduler_FEBS_Scheduler-pc-wangpei1565758342058_ClusterManager] INFO  p6spy - 
2019-08-14 13:20:12.618 febs [QuartzScheduler_FEBS_Scheduler-pc-wangpei1565758342058_ClusterManager] INFO  p6spy - 
2019-08-14 13:20:15.473 febs [QuartzScheduler_FEBS_Scheduler-pc-wangpei1565758342058_MisfireHandler] INFO  p6spy - 
2019-08-14 13:20:16.205 febs [FEBS_Scheduler_QuartzSchedulerThread] INFO  p6spy - 
2019-08-14 13:20:27.473 febs [QuartzScheduler_FEBS_Scheduler-pc-wangpei1565758342058_MisfireHandler] INFO  p6spy - 
2019-08-14 13:20:27.619 febs [QuartzScheduler_FEBS_Scheduler-pc-wangpei1565758342058_ClusterManager] INFO  p6spy - 
2019-08-14 13:20:27.620 febs [QuartzScheduler_FEBS_Scheduler-pc-wangpei1565758342058_ClusterManager] INFO  p6spy - 
2019-08-14 13:20:39.474 febs [QuartzScheduler_FEBS_Scheduler-pc-wangpei1565758342058_MisfireHandler] INFO  p6spy - 
2019-08-14 13:20:42.503 febs [FEBS_Scheduler_QuartzSchedulerThread] INFO  p6spy - 
2019-08-14 13:20:42.621 febs [QuartzScheduler_FEBS_Scheduler-pc-wangpei1565758342058_ClusterManager] INFO  p6spy - 
2019-08-14 13:20:42.621 febs [QuartzScheduler_FEBS_Scheduler-pc-wangpei1565758342058_ClusterManager] INFO  p6spy - 
2019-08-14 13:20:51.475 febs [QuartzScheduler_FEBS_Scheduler-pc-wangpei1565758342058_MisfireHandler] INFO  p6spy - 
2019-08-14 13:20:57.627 febs [QuartzScheduler_FEBS_Scheduler-pc-wangpei1565758342058_ClusterManager] INFO  p6spy - 
2019-08-14 13:20:57.628 febs [QuartzScheduler_FEBS_Scheduler-pc-wangpei1565758342058_ClusterManager] INFO  p6spy - 
2019-08-14 13:21:03.475 febs [QuartzScheduler_FEBS_Scheduler-pc-wangpei1565758342058_MisfireHandler] INFO  p6spy - 
2019-08-14 13:21:09.518 febs [FEBS_Scheduler_QuartzSchedulerThread] INFO  p6spy - 
2019-08-14 13:21:12.627 febs [QuartzScheduler_FEBS_Scheduler-pc-wangpei1565758342058_ClusterManager] INFO  p6spy - 
2019-08-14 13:21:12.627 febs [QuartzScheduler_FEBS_Scheduler-pc-wangpei1565758342058_ClusterManager] INFO  p6spy - 
2019-08-14 13:21:15.480 febs [QuartzScheduler_FEBS_Scheduler-pc-wangpei1565758342058_MisfireHandler] INFO  p6spy - 
2019-08-14 13:21:27.477 febs [QuartzScheduler_FEBS_Scheduler-pc-wangpei1565758342058_MisfireHandler] INFO  p6spy - 
2019-08-14 13:21:27.627 febs [QuartzScheduler_FEBS_Scheduler-pc-wangpei1565758342058_ClusterManager] INFO  p6spy - 
2019-08-14 13:21:27.627 febs [QuartzScheduler_FEBS_Scheduler-pc-wangpei1565758342058_ClusterManager] INFO  p6spy - 
2019-08-14 13:21:36.913 febs [FEBS_Scheduler_QuartzSchedulerThread] INFO  p6spy - 
2019-08-14 13:21:39.481 febs [QuartzScheduler_FEBS_Scheduler-pc-wangpei1565758342058_MisfireHandler] INFO  p6spy - 
2019-08-14 13:21:42.628 febs [QuartzScheduler_FEBS_Scheduler-pc-wangpei1565758342058_ClusterManager] INFO  p6spy - 
2019-08-14 13:21:42.629 febs [QuartzScheduler_FEBS_Scheduler-pc-wangpei1565758342058_ClusterManager] INFO  p6spy - 
2019-08-14 13:21:51.479 febs [QuartzScheduler_FEBS_Scheduler-pc-wangpei1565758342058_MisfireHandler] INFO  p6spy - 
2019-08-14 13:21:57.629 febs [QuartzScheduler_FEBS_Scheduler-pc-wangpei1565758342058_ClusterManager] INFO  p6spy - 
2019-08-14 13:21:57.629 febs [QuartzScheduler_FEBS_Scheduler-pc-wangpei1565758342058_ClusterManager] INFO  p6spy - 
2019-08-14 13:22:03.483 febs [QuartzScheduler_FEBS_Scheduler-pc-wangpei1565758342058_MisfireHandler] INFO  p6spy - 
2019-08-14 13:22:04.578 febs [FEBS_Scheduler_QuartzSchedulerThread] INFO  p6spy - 
2019-08-14 13:22:12.635 febs [QuartzScheduler_FEBS_Scheduler-pc-wangpei1565758342058_ClusterManager] INFO  p6spy - 
2019-08-14 13:22:12.635 febs [QuartzScheduler_FEBS_Scheduler-pc-wangpei1565758342058_ClusterManager] INFO  p6spy - 
2019-08-14 13:22:15.481 febs [QuartzScheduler_FEBS_Scheduler-pc-wangpei1565758342058_MisfireHandler] INFO  p6spy - 
2019-08-14 13:22:27.481 febs [QuartzScheduler_FEBS_Scheduler-pc-wangpei1565758342058_MisfireHandler] INFO  p6spy - 
2019-08-14 13:22:27.640 febs [QuartzScheduler_FEBS_Scheduler-pc-wangpei1565758342058_ClusterManager] INFO  p6spy - 
2019-08-14 13:22:27.641 febs [QuartzScheduler_FEBS_Scheduler-pc-wangpei1565758342058_ClusterManager] INFO  p6spy - 
2019-08-14 13:22:29.986 febs [FEBS_Scheduler_QuartzSchedulerThread] INFO  p6spy - 
2019-08-14 13:22:39.482 febs [QuartzScheduler_FEBS_Scheduler-pc-wangpei1565758342058_MisfireHandler] INFO  p6spy - 
2019-08-14 13:22:42.641 febs [QuartzScheduler_FEBS_Scheduler-pc-wangpei1565758342058_ClusterManager] INFO  p6spy - 
2019-08-14 13:22:42.641 febs [QuartzScheduler_FEBS_Scheduler-pc-wangpei1565758342058_ClusterManager] INFO  p6spy - 
2019-08-14 13:22:51.483 febs [QuartzScheduler_FEBS_Scheduler-pc-wangpei1565758342058_MisfireHandler] INFO  p6spy - 
2019-08-14 13:22:57.641 febs [QuartzScheduler_FEBS_Scheduler-pc-wangpei1565758342058_ClusterManager] INFO  p6spy - 
2019-08-14 13:22:57.642 febs [QuartzScheduler_FEBS_Scheduler-pc-wangpei1565758342058_ClusterManager] INFO  p6spy - 
2019-08-14 13:22:57.693 febs [FEBS_Scheduler_QuartzSchedulerThread] INFO  p6spy - 
2019-08-14 13:23:03.485 febs [QuartzScheduler_FEBS_Scheduler-pc-wangpei1565758342058_MisfireHandler] INFO  p6spy - 
2019-08-14 13:23:12.649 febs [QuartzScheduler_FEBS_Scheduler-pc-wangpei1565758342058_ClusterManager] INFO  p6spy - 
2019-08-14 13:23:12.650 febs [QuartzScheduler_FEBS_Scheduler-pc-wangpei1565758342058_ClusterManager] INFO  p6spy - 
2019-08-14 13:23:15.484 febs [QuartzScheduler_FEBS_Scheduler-pc-wangpei1565758342058_MisfireHandler] INFO  p6spy - 
2019-08-14 13:23:27.412 febs [FEBS_Scheduler_QuartzSchedulerThread] INFO  p6spy - 
2019-08-14 13:23:27.487 febs [QuartzScheduler_FEBS_Scheduler-pc-wangpei1565758342058_MisfireHandler] INFO  p6spy - 
2019-08-14 13:23:27.646 febs [QuartzScheduler_FEBS_Scheduler-pc-wangpei1565758342058_ClusterManager] INFO  p6spy - 
2019-08-14 13:23:27.646 febs [QuartzScheduler_FEBS_Scheduler-pc-wangpei1565758342058_ClusterManager] INFO  p6spy - 
2019-08-14 13:23:39.484 febs [QuartzScheduler_FEBS_Scheduler-pc-wangpei1565758342058_MisfireHandler] INFO  p6spy - 
2019-08-14 13:23:42.647 febs [QuartzScheduler_FEBS_Scheduler-pc-wangpei1565758342058_ClusterManager] INFO  p6spy - 
2019-08-14 13:23:42.648 febs [QuartzScheduler_FEBS_Scheduler-pc-wangpei1565758342058_ClusterManager] INFO  p6spy - 
2019-08-14 13:23:51.485 febs [QuartzScheduler_FEBS_Scheduler-pc-wangpei1565758342058_MisfireHandler] INFO  p6spy - 
2019-08-14 13:23:52.647 febs [FEBS_Scheduler_QuartzSchedulerThread] INFO  p6spy - 
2019-08-14 13:23:57.647 febs [QuartzScheduler_FEBS_Scheduler-pc-wangpei1565758342058_ClusterManager] INFO  p6spy - 
2019-08-14 13:23:57.647 febs [QuartzScheduler_FEBS_Scheduler-pc-wangpei1565758342058_ClusterManager] INFO  p6spy - 
2019-08-14 13:24:03.486 febs [QuartzScheduler_FEBS_Scheduler-pc-wangpei1565758342058_MisfireHandler] INFO  p6spy - 
2019-08-14 13:24:12.648 febs [QuartzScheduler_FEBS_Scheduler-pc-wangpei1565758342058_ClusterManager] INFO  p6spy - 
2019-08-14 13:24:12.649 febs [QuartzScheduler_FEBS_Scheduler-pc-wangpei1565758342058_ClusterManager] INFO  p6spy - 
2019-08-14 13:24:15.489 febs [QuartzScheduler_FEBS_Scheduler-pc-wangpei1565758342058_MisfireHandler] INFO  p6spy - 
2019-08-14 13:24:21.166 febs [FEBS_Scheduler_QuartzSchedulerThread] INFO  p6spy - 
2019-08-14 13:24:27.487 febs [QuartzScheduler_FEBS_Scheduler-pc-wangpei1565758342058_MisfireHandler] INFO  p6spy - 
2019-08-14 13:24:27.650 febs [QuartzScheduler_FEBS_Scheduler-pc-wangpei1565758342058_ClusterManager] INFO  p6spy - 
2019-08-14 13:24:27.650 febs [QuartzScheduler_FEBS_Scheduler-pc-wangpei1565758342058_ClusterManager] INFO  p6spy - 
2019-08-14 13:24:39.488 febs [QuartzScheduler_FEBS_Scheduler-pc-wangpei1565758342058_MisfireHandler] INFO  p6spy - 
2019-08-14 13:24:42.654 febs [QuartzScheduler_FEBS_Scheduler-pc-wangpei1565758342058_ClusterManager] INFO  p6spy - 
2019-08-14 13:24:42.654 febs [QuartzScheduler_FEBS_Scheduler-pc-wangpei1565758342058_ClusterManager] INFO  p6spy - 
2019-08-14 13:24:46.023 febs [FEBS_Scheduler_QuartzSchedulerThread] INFO  p6spy - 
2019-08-14 13:24:51.487 febs [QuartzScheduler_FEBS_Scheduler-pc-wangpei1565758342058_MisfireHandler] INFO  p6spy - 
2019-08-14 13:24:57.655 febs [QuartzScheduler_FEBS_Scheduler-pc-wangpei1565758342058_ClusterManager] INFO  p6spy - 
2019-08-14 13:24:57.656 febs [QuartzScheduler_FEBS_Scheduler-pc-wangpei1565758342058_ClusterManager] INFO  p6spy - 
2019-08-14 13:25:03.488 febs [QuartzScheduler_FEBS_Scheduler-pc-wangpei1565758342058_MisfireHandler] INFO  p6spy - 
2019-08-14 13:25:12.657 febs [QuartzScheduler_FEBS_Scheduler-pc-wangpei1565758342058_ClusterManager] INFO  p6spy - 
2019-08-14 13:25:12.657 febs [QuartzScheduler_FEBS_Scheduler-pc-wangpei1565758342058_ClusterManager] INFO  p6spy - 
2019-08-14 13:25:14.959 febs [FEBS_Scheduler_QuartzSchedulerThread] INFO  p6spy - 
2019-08-14 13:25:15.489 febs [QuartzScheduler_FEBS_Scheduler-pc-wangpei1565758342058_MisfireHandler] INFO  p6spy - 
2019-08-14 13:25:27.490 febs [QuartzScheduler_FEBS_Scheduler-pc-wangpei1565758342058_MisfireHandler] INFO  p6spy - 
2019-08-14 13:25:27.656 febs [QuartzScheduler_FEBS_Scheduler-pc-wangpei1565758342058_ClusterManager] INFO  p6spy - 
2019-08-14 13:25:27.656 febs [QuartzScheduler_FEBS_Scheduler-pc-wangpei1565758342058_ClusterManager] INFO  p6spy - 
2019-08-14 13:25:39.491 febs [QuartzScheduler_FEBS_Scheduler-pc-wangpei1565758342058_MisfireHandler] INFO  p6spy - 
2019-08-14 13:25:42.658 febs [QuartzScheduler_FEBS_Scheduler-pc-wangpei1565758342058_ClusterManager] INFO  p6spy - 
2019-08-14 13:25:42.658 febs [QuartzScheduler_FEBS_Scheduler-pc-wangpei1565758342058_ClusterManager] INFO  p6spy - 
2019-08-14 13:25:43.095 febs [FEBS_Scheduler_QuartzSchedulerThread] INFO  p6spy - 
2019-08-14 13:25:51.492 febs [QuartzScheduler_FEBS_Scheduler-pc-wangpei1565758342058_MisfireHandler] INFO  p6spy - 
2019-08-14 13:25:57.660 febs [QuartzScheduler_FEBS_Scheduler-pc-wangpei1565758342058_ClusterManager] INFO  p6spy - 
2019-08-14 13:25:57.660 febs [QuartzScheduler_FEBS_Scheduler-pc-wangpei1565758342058_ClusterManager] INFO  p6spy - 
2019-08-14 13:26:03.492 febs [QuartzScheduler_FEBS_Scheduler-pc-wangpei1565758342058_MisfireHandler] INFO  p6spy - 
2019-08-14 13:26:12.662 febs [QuartzScheduler_FEBS_Scheduler-pc-wangpei1565758342058_ClusterManager] INFO  p6spy - 
2019-08-14 13:26:12.663 febs [QuartzScheduler_FEBS_Scheduler-pc-wangpei1565758342058_ClusterManager] INFO  p6spy - 
2019-08-14 13:26:12.826 febs [FEBS_Scheduler_QuartzSchedulerThread] INFO  p6spy - 
2019-08-14 13:26:15.493 febs [QuartzScheduler_FEBS_Scheduler-pc-wangpei1565758342058_MisfireHandler] INFO  p6spy - 
2019-08-14 13:26:27.492 febs [QuartzScheduler_FEBS_Scheduler-pc-wangpei1565758342058_MisfireHandler] INFO  p6spy - 
2019-08-14 13:26:27.665 febs [QuartzScheduler_FEBS_Scheduler-pc-wangpei1565758342058_ClusterManager] INFO  p6spy - 
2019-08-14 13:26:27.666 febs [QuartzScheduler_FEBS_Scheduler-pc-wangpei1565758342058_ClusterManager] INFO  p6spy - 
2019-08-14 13:26:39.493 febs [QuartzScheduler_FEBS_Scheduler-pc-wangpei1565758342058_MisfireHandler] INFO  p6spy - 
2019-08-14 13:26:40.298 febs [FEBS_Scheduler_QuartzSchedulerThread] INFO  p6spy - 
2019-08-14 13:26:42.670 febs [QuartzScheduler_FEBS_Scheduler-pc-wangpei1565758342058_ClusterManager] INFO  p6spy - 
2019-08-14 13:26:42.670 febs [QuartzScheduler_FEBS_Scheduler-pc-wangpei1565758342058_ClusterManager] INFO  p6spy - 
2019-08-14 13:26:51.494 febs [QuartzScheduler_FEBS_Scheduler-pc-wangpei1565758342058_MisfireHandler] INFO  p6spy - 
2019-08-14 13:26:57.668 febs [QuartzScheduler_FEBS_Scheduler-pc-wangpei1565758342058_ClusterManager] INFO  p6spy - 
2019-08-14 13:26:57.668 febs [QuartzScheduler_FEBS_Scheduler-pc-wangpei1565758342058_ClusterManager] INFO  p6spy - 
2019-08-14 13:27:03.493 febs [QuartzScheduler_FEBS_Scheduler-pc-wangpei1565758342058_MisfireHandler] INFO  p6spy - 
2019-08-14 13:27:08.642 febs [FEBS_Scheduler_QuartzSchedulerThread] INFO  p6spy - 
2019-08-14 13:27:12.670 febs [QuartzScheduler_FEBS_Scheduler-pc-wangpei1565758342058_ClusterManager] INFO  p6spy - 
2019-08-14 13:27:12.671 febs [QuartzScheduler_FEBS_Scheduler-pc-wangpei1565758342058_ClusterManager] INFO  p6spy - 
2019-08-14 13:27:15.495 febs [QuartzScheduler_FEBS_Scheduler-pc-wangpei1565758342058_MisfireHandler] INFO  p6spy - 
2019-08-14 13:27:27.496 febs [QuartzScheduler_FEBS_Scheduler-pc-wangpei1565758342058_MisfireHandler] INFO  p6spy - 
2019-08-14 13:27:27.672 febs [QuartzScheduler_FEBS_Scheduler-pc-wangpei1565758342058_ClusterManager] INFO  p6spy - 
2019-08-14 13:27:27.672 febs [QuartzScheduler_FEBS_Scheduler-pc-wangpei1565758342058_ClusterManager] INFO  p6spy - 
2019-08-14 13:27:33.206 febs [FEBS_Scheduler_QuartzSchedulerThread] INFO  p6spy - 
2019-08-14 13:27:39.497 febs [QuartzScheduler_FEBS_Scheduler-pc-wangpei1565758342058_MisfireHandler] INFO  p6spy - 
2019-08-14 13:27:42.674 febs [QuartzScheduler_FEBS_Scheduler-pc-wangpei1565758342058_ClusterManager] INFO  p6spy - 
2019-08-14 13:27:42.674 febs [QuartzScheduler_FEBS_Scheduler-pc-wangpei1565758342058_ClusterManager] INFO  p6spy - 
2019-08-14 13:27:51.498 febs [QuartzScheduler_FEBS_Scheduler-pc-wangpei1565758342058_MisfireHandler] INFO  p6spy - 
2019-08-14 13:27:57.675 febs [QuartzScheduler_FEBS_Scheduler-pc-wangpei1565758342058_ClusterManager] INFO  p6spy - 
2019-08-14 13:27:57.675 febs [QuartzScheduler_FEBS_Scheduler-pc-wangpei1565758342058_ClusterManager] INFO  p6spy - 
2019-08-14 13:28:00.777 febs [FEBS_Scheduler_QuartzSchedulerThread] INFO  p6spy - 
2019-08-14 13:28:03.498 febs [QuartzScheduler_FEBS_Scheduler-pc-wangpei1565758342058_MisfireHandler] INFO  p6spy - 
2019-08-14 13:28:12.734 febs [QuartzScheduler_FEBS_Scheduler-pc-wangpei1565758342058_ClusterManager] INFO  p6spy - 
2019-08-14 13:28:12.734 febs [QuartzScheduler_FEBS_Scheduler-pc-wangpei1565758342058_ClusterManager] INFO  p6spy - 
2019-08-14 13:28:15.502 febs [QuartzScheduler_FEBS_Scheduler-pc-wangpei1565758342058_MisfireHandler] INFO  p6spy - 
2019-08-14 13:28:26.671 febs [FEBS_Scheduler_QuartzSchedulerThread] INFO  p6spy - 
2019-08-14 13:28:27.498 febs [QuartzScheduler_FEBS_Scheduler-pc-wangpei1565758342058_MisfireHandler] INFO  p6spy - 
2019-08-14 13:28:27.677 febs [QuartzScheduler_FEBS_Scheduler-pc-wangpei1565758342058_ClusterManager] INFO  p6spy - 
2019-08-14 13:28:27.677 febs [QuartzScheduler_FEBS_Scheduler-pc-wangpei1565758342058_ClusterManager] INFO  p6spy - 
2019-08-14 13:28:39.500 febs [QuartzScheduler_FEBS_Scheduler-pc-wangpei1565758342058_MisfireHandler] INFO  p6spy - 
2019-08-14 13:28:42.677 febs [QuartzScheduler_FEBS_Scheduler-pc-wangpei1565758342058_ClusterManager] INFO  p6spy - 
2019-08-14 13:28:42.678 febs [QuartzScheduler_FEBS_Scheduler-pc-wangpei1565758342058_ClusterManager] INFO  p6spy - 
2019-08-14 13:28:51.499 febs [QuartzScheduler_FEBS_Scheduler-pc-wangpei1565758342058_MisfireHandler] INFO  p6spy - 
2019-08-14 13:28:55.278 febs [FEBS_Scheduler_QuartzSchedulerThread] INFO  p6spy - 
2019-08-14 13:28:57.684 febs [QuartzScheduler_FEBS_Scheduler-pc-wangpei1565758342058_ClusterManager] INFO  p6spy - 
2019-08-14 13:28:57.685 febs [QuartzScheduler_FEBS_Scheduler-pc-wangpei1565758342058_ClusterManager] INFO  p6spy - 
2019-08-14 13:29:03.498 febs [QuartzScheduler_FEBS_Scheduler-pc-wangpei1565758342058_MisfireHandler] INFO  p6spy - 
2019-08-14 13:29:12.684 febs [QuartzScheduler_FEBS_Scheduler-pc-wangpei1565758342058_ClusterManager] INFO  p6spy - 
2019-08-14 13:29:12.684 febs [QuartzScheduler_FEBS_Scheduler-pc-wangpei1565758342058_ClusterManager] INFO  p6spy - 
2019-08-14 13:29:15.500 febs [QuartzScheduler_FEBS_Scheduler-pc-wangpei1565758342058_MisfireHandler] INFO  p6spy - 
2019-08-14 13:29:24.637 febs [FEBS_Scheduler_QuartzSchedulerThread] INFO  p6spy - 
2019-08-14 13:29:27.501 febs [QuartzScheduler_FEBS_Scheduler-pc-wangpei1565758342058_MisfireHandler] INFO  p6spy - 
2019-08-14 13:29:27.685 febs [QuartzScheduler_FEBS_Scheduler-pc-wangpei1565758342058_ClusterManager] INFO  p6spy - 
2019-08-14 13:29:27.686 febs [QuartzScheduler_FEBS_Scheduler-pc-wangpei1565758342058_ClusterManager] INFO  p6spy - 
2019-08-14 13:29:39.502 febs [QuartzScheduler_FEBS_Scheduler-pc-wangpei1565758342058_MisfireHandler] INFO  p6spy - 
2019-08-14 13:29:42.685 febs [QuartzScheduler_FEBS_Scheduler-pc-wangpei1565758342058_ClusterManager] INFO  p6spy - 
2019-08-14 13:29:42.686 febs [QuartzScheduler_FEBS_Scheduler-pc-wangpei1565758342058_ClusterManager] INFO  p6spy - 
2019-08-14 13:29:51.504 febs [QuartzScheduler_FEBS_Scheduler-pc-wangpei1565758342058_MisfireHandler] INFO  p6spy - 
2019-08-14 13:29:53.248 febs [FEBS_Scheduler_QuartzSchedulerThread] INFO  p6spy - 
2019-08-14 13:29:57.689 febs [QuartzScheduler_FEBS_Scheduler-pc-wangpei1565758342058_ClusterManager] INFO  p6spy - 
2019-08-14 13:29:57.689 febs [QuartzScheduler_FEBS_Scheduler-pc-wangpei1565758342058_ClusterManager] INFO  p6spy - 
2019-08-14 13:30:01.018 febs [http-nio-8080-exec-1] INFO  o.a.s.s.m.AbstractValidatingSessionManager - Enabling session validation scheduler...
2019-08-14 13:30:03.504 febs [QuartzScheduler_FEBS_Scheduler-pc-wangpei1565758342058_MisfireHandler] INFO  p6spy - 
2019-08-14 13:30:12.692 febs [QuartzScheduler_FEBS_Scheduler-pc-wangpei1565758342058_ClusterManager] INFO  p6spy - 
2019-08-14 13:30:12.692 febs [QuartzScheduler_FEBS_Scheduler-pc-wangpei1565758342058_ClusterManager] INFO  p6spy - 
2019-08-14 13:30:15.504 febs [QuartzScheduler_FEBS_Scheduler-pc-wangpei1565758342058_MisfireHandler] INFO  p6spy - 
2019-08-14 13:30:20.605 febs [FEBS_Scheduler_QuartzSchedulerThread] INFO  p6spy - 
2019-08-14 13:30:27.505 febs [QuartzScheduler_FEBS_Scheduler-pc-wangpei1565758342058_MisfireHandler] INFO  p6spy - 
2019-08-14 13:30:27.693 febs [QuartzScheduler_FEBS_Scheduler-pc-wangpei1565758342058_ClusterManager] INFO  p6spy - 
2019-08-14 13:30:27.693 febs [QuartzScheduler_FEBS_Scheduler-pc-wangpei1565758342058_ClusterManager] INFO  p6spy - 
2019-08-14 13:30:39.508 febs [QuartzScheduler_FEBS_Scheduler-pc-wangpei1565758342058_MisfireHandler] INFO  p6spy - 
2019-08-14 13:30:42.695 febs [QuartzScheduler_FEBS_Scheduler-pc-wangpei1565758342058_ClusterManager] INFO  p6spy - 
2019-08-14 13:30:42.696 febs [QuartzScheduler_FEBS_Scheduler-pc-wangpei1565758342058_ClusterManager] INFO  p6spy - 
2019-08-14 13:30:47.778 febs [FEBS_Scheduler_QuartzSchedulerThread] INFO  p6spy - 
2019-08-14 13:30:51.506 febs [QuartzScheduler_FEBS_Scheduler-pc-wangpei1565758342058_MisfireHandler] INFO  p6spy - 
2019-08-14 13:30:57.696 febs [QuartzScheduler_FEBS_Scheduler-pc-wangpei1565758342058_ClusterManager] INFO  p6spy - 
2019-08-14 13:30:57.696 febs [QuartzScheduler_FEBS_Scheduler-pc-wangpei1565758342058_ClusterManager] INFO  p6spy - 
2019-08-14 13:31:03.507 febs [QuartzScheduler_FEBS_Scheduler-pc-wangpei1565758342058_MisfireHandler] INFO  p6spy - 
2019-08-14 13:31:12.698 febs [QuartzScheduler_FEBS_Scheduler-pc-wangpei1565758342058_ClusterManager] INFO  p6spy - 
2019-08-14 13:31:12.699 febs [QuartzScheduler_FEBS_Scheduler-pc-wangpei1565758342058_ClusterManager] INFO  p6spy - 
2019-08-14 13:31:15.509 febs [QuartzScheduler_FEBS_Scheduler-pc-wangpei1565758342058_MisfireHandler] INFO  p6spy - 
2019-08-14 13:31:16.963 febs [FEBS_Scheduler_QuartzSchedulerThread] INFO  p6spy - 
2019-08-14 13:31:27.510 febs [QuartzScheduler_FEBS_Scheduler-pc-wangpei1565758342058_MisfireHandler] INFO  p6spy - 
2019-08-14 13:31:27.701 febs [QuartzScheduler_FEBS_Scheduler-pc-wangpei1565758342058_ClusterManager] INFO  p6spy - 
2019-08-14 13:31:27.702 febs [QuartzScheduler_FEBS_Scheduler-pc-wangpei1565758342058_ClusterManager] INFO  p6spy - 
2019-08-14 13:31:39.509 febs [QuartzScheduler_FEBS_Scheduler-pc-wangpei1565758342058_MisfireHandler] INFO  p6spy - 
2019-08-14 13:31:42.211 febs [FEBS_Scheduler_QuartzSchedulerThread] INFO  p6spy - 
2019-08-14 13:31:42.703 febs [QuartzScheduler_FEBS_Scheduler-pc-wangpei1565758342058_ClusterManager] INFO  p6spy - 
2019-08-14 13:31:42.703 febs [QuartzScheduler_FEBS_Scheduler-pc-wangpei1565758342058_ClusterManager] INFO  p6spy - 
2019-08-14 13:31:51.510 febs [QuartzScheduler_FEBS_Scheduler-pc-wangpei1565758342058_MisfireHandler] INFO  p6spy - 
2019-08-14 13:31:57.706 febs [QuartzScheduler_FEBS_Scheduler-pc-wangpei1565758342058_ClusterManager] INFO  p6spy - 
2019-08-14 13:31:57.707 febs [QuartzScheduler_FEBS_Scheduler-pc-wangpei1565758342058_ClusterManager] INFO  p6spy - 
2019-08-14 13:32:03.512 febs [QuartzScheduler_FEBS_Scheduler-pc-wangpei1565758342058_MisfireHandler] INFO  p6spy - 
2019-08-14 13:32:09.266 febs [FEBS_Scheduler_QuartzSchedulerThread] INFO  p6spy - 
2019-08-14 13:32:12.708 febs [QuartzScheduler_FEBS_Scheduler-pc-wangpei1565758342058_ClusterManager] INFO  p6spy - 
2019-08-14 13:32:12.708 febs [QuartzScheduler_FEBS_Scheduler-pc-wangpei1565758342058_ClusterManager] INFO  p6spy - 
2019-08-14 13:32:15.513 febs [QuartzScheduler_FEBS_Scheduler-pc-wangpei1565758342058_MisfireHandler] INFO  p6spy - 
2019-08-14 13:32:27.513 febs [QuartzScheduler_FEBS_Scheduler-pc-wangpei1565758342058_MisfireHandler] INFO  p6spy - 
2019-08-14 13:32:27.710 febs [QuartzScheduler_FEBS_Scheduler-pc-wangpei1565758342058_ClusterManager] INFO  p6spy - 
2019-08-14 13:32:27.710 febs [QuartzScheduler_FEBS_Scheduler-pc-wangpei1565758342058_ClusterManager] INFO  p6spy - 
2019-08-14 13:32:33.419 febs [FEBS_Scheduler_QuartzSchedulerThread] INFO  p6spy - 
2019-08-14 13:32:39.514 febs [QuartzScheduler_FEBS_Scheduler-pc-wangpei1565758342058_MisfireHandler] INFO  p6spy - 
2019-08-14 13:32:42.710 febs [QuartzScheduler_FEBS_Scheduler-pc-wangpei1565758342058_ClusterManager] INFO  p6spy - 
2019-08-14 13:32:42.710 febs [QuartzScheduler_FEBS_Scheduler-pc-wangpei1565758342058_ClusterManager] INFO  p6spy - 
2019-08-14 13:32:51.514 febs [QuartzScheduler_FEBS_Scheduler-pc-wangpei1565758342058_MisfireHandler] INFO  p6spy - 
2019-08-14 13:32:57.711 febs [QuartzScheduler_FEBS_Scheduler-pc-wangpei1565758342058_ClusterManager] INFO  p6spy - 
2019-08-14 13:32:57.711 febs [QuartzScheduler_FEBS_Scheduler-pc-wangpei1565758342058_ClusterManager] INFO  p6spy - 
2019-08-14 13:33:00.479 febs [FEBS_Scheduler_QuartzSchedulerThread] INFO  p6spy - 
2019-08-14 13:33:03.516 febs [QuartzScheduler_FEBS_Scheduler-pc-wangpei1565758342058_MisfireHandler] INFO  p6spy - 
2019-08-14 13:33:12.712 febs [QuartzScheduler_FEBS_Scheduler-pc-wangpei1565758342058_ClusterManager] INFO  p6spy - 
2019-08-14 13:33:12.712 febs [QuartzScheduler_FEBS_Scheduler-pc-wangpei1565758342058_ClusterManager] INFO  p6spy - 
2019-08-14 13:33:15.517 febs [QuartzScheduler_FEBS_Scheduler-pc-wangpei1565758342058_MisfireHandler] INFO  p6spy - 
2019-08-14 13:33:27.520 febs [QuartzScheduler_FEBS_Scheduler-pc-wangpei1565758342058_MisfireHandler] INFO  p6spy - 
2019-08-14 13:33:27.659 febs [FEBS_Scheduler_QuartzSchedulerThread] INFO  p6spy - 
2019-08-14 13:33:27.714 febs [QuartzScheduler_FEBS_Scheduler-pc-wangpei1565758342058_ClusterManager] INFO  p6spy - 
2019-08-14 13:33:27.714 febs [QuartzScheduler_FEBS_Scheduler-pc-wangpei1565758342058_ClusterManager] INFO  p6spy - 
2019-08-14 13:33:39.520 febs [QuartzScheduler_FEBS_Scheduler-pc-wangpei1565758342058_MisfireHandler] INFO  p6spy - 
2019-08-14 13:33:42.716 febs [QuartzScheduler_FEBS_Scheduler-pc-wangpei1565758342058_ClusterManager] INFO  p6spy - 
2019-08-14 13:33:42.716 febs [QuartzScheduler_FEBS_Scheduler-pc-wangpei1565758342058_ClusterManager] INFO  p6spy - 
2019-08-14 13:33:50.705 febs [FEBS_Scheduler_QuartzSchedulerThread] INFO  p6spy - 
2019-08-14 13:33:51.519 febs [QuartzScheduler_FEBS_Scheduler-pc-wangpei1565758342058_MisfireHandler] INFO  p6spy - 
2019-08-14 13:33:57.718 febs [QuartzScheduler_FEBS_Scheduler-pc-wangpei1565758342058_ClusterManager] INFO  p6spy - 
2019-08-14 13:33:57.718 febs [QuartzScheduler_FEBS_Scheduler-pc-wangpei1565758342058_ClusterManager] INFO  p6spy - 
2019-08-14 13:34:03.520 febs [QuartzScheduler_FEBS_Scheduler-pc-wangpei1565758342058_MisfireHandler] INFO  p6spy - 
2019-08-14 13:34:12.720 febs [QuartzScheduler_FEBS_Scheduler-pc-wangpei1565758342058_ClusterManager] INFO  p6spy - 
2019-08-14 13:34:12.721 febs [QuartzScheduler_FEBS_Scheduler-pc-wangpei1565758342058_ClusterManager] INFO  p6spy - 
2019-08-14 13:34:15.521 febs [QuartzScheduler_FEBS_Scheduler-pc-wangpei1565758342058_MisfireHandler] INFO  p6spy - 
2019-08-14 13:34:15.832 febs [FEBS_Scheduler_QuartzSchedulerThread] INFO  p6spy - 
2019-08-14 13:34:27.522 febs [QuartzScheduler_FEBS_Scheduler-pc-wangpei1565758342058_MisfireHandler] INFO  p6spy - 
2019-08-14 13:34:27.721 febs [QuartzScheduler_FEBS_Scheduler-pc-wangpei1565758342058_ClusterManager] INFO  p6spy - 
2019-08-14 13:34:27.721 febs [QuartzScheduler_FEBS_Scheduler-pc-wangpei1565758342058_ClusterManager] INFO  p6spy - 
2019-08-14 13:34:39.523 febs [QuartzScheduler_FEBS_Scheduler-pc-wangpei1565758342058_MisfireHandler] INFO  p6spy - 
2019-08-14 13:34:40.177 febs [FEBS_Scheduler_QuartzSchedulerThread] INFO  p6spy - 
2019-08-14 13:34:42.725 febs [QuartzScheduler_FEBS_Scheduler-pc-wangpei1565758342058_ClusterManager] INFO  p6spy - 
2019-08-14 13:34:42.725 febs [QuartzScheduler_FEBS_Scheduler-pc-wangpei1565758342058_ClusterManager] INFO  p6spy - 
2019-08-14 13:34:51.523 febs [QuartzScheduler_FEBS_Scheduler-pc-wangpei1565758342058_MisfireHandler] INFO  p6spy - 
2019-08-14 13:34:57.725 febs [QuartzScheduler_FEBS_Scheduler-pc-wangpei1565758342058_ClusterManager] INFO  p6spy - 
2019-08-14 13:34:57.726 febs [QuartzScheduler_FEBS_Scheduler-pc-wangpei1565758342058_ClusterManager] INFO  p6spy - 
2019-08-14 13:35:02.861 febs [Thread-31] INFO  org.quartz.core.QuartzScheduler - Scheduler FEBS_Scheduler_$_pc-wangpei1565758342058 paused.
2019-08-14 13:35:02.913 febs [Thread-31] INFO  o.s.s.c.ThreadPoolTaskExecutor - Shutting down ExecutorService 'febsAsyncThreadPool'
2019-08-14 13:35:02.915 febs [Thread-31] INFO  o.s.s.quartz.SchedulerFactoryBean - Shutting down Quartz Scheduler
2019-08-14 13:35:02.915 febs [Thread-31] INFO  org.quartz.core.QuartzScheduler - Scheduler FEBS_Scheduler_$_pc-wangpei1565758342058 shutting down.
2019-08-14 13:35:02.915 febs [Thread-31] INFO  org.quartz.core.QuartzScheduler - Scheduler FEBS_Scheduler_$_pc-wangpei1565758342058 paused.
2019-08-14 13:35:02.918 febs [Thread-31] INFO  org.quartz.core.QuartzScheduler - Scheduler FEBS_Scheduler_$_pc-wangpei1565758342058 shutdown complete.
2019-08-14 13:35:02.950 febs [Thread-31] INFO  c.b.d.d.DynamicRoutingDataSource - closing dynamicDatasource  ing....
2019-08-14 13:35:02.951 febs [Thread-31] INFO  com.zaxxer.hikari.HikariDataSource - quartz - Shutdown initiated...
2019-08-14 13:35:02.961 febs [Thread-31] INFO  com.zaxxer.hikari.HikariDataSource - quartz - Shutdown completed.
2019-08-14 13:35:02.962 febs [Thread-31] INFO  com.zaxxer.hikari.HikariDataSource - base - Shutdown initiated...
2019-08-14 13:35:02.971 febs [Thread-31] INFO  com.zaxxer.hikari.HikariDataSource - base - Shutdown completed.
