2020-02-03 10:17:45.250 febs [main] INFO  com.neefull.fsp.web.AdminApplication - Starting AdminApplication on DESKTOP-BSUER0M with PID 8372 (D:\ideawork\fps\qff\admin-web\target\classes started by ccc in D:\ideawork\fps\qff)
2020-02-03 10:17:45.250 febs [main] INFO  com.neefull.fsp.web.AdminApplication - The following profiles are active: dev
2020-02-03 10:17:50.188 febs [main] INFO  o.s.d.r.c.RepositoryConfigurationDelegate - Multiple Spring Data modules found, entering strict repository configuration mode!
2020-02-03 10:17:50.188 febs [main] INFO  o.s.d.r.c.RepositoryConfigurationDelegate - Bootstrapping Spring Data repositories in DEFAULT mode.
2020-02-03 10:17:50.391 febs [main] INFO  o.s.d.r.c.RepositoryConfigurationDelegate - Finished Spring Data repository scanning in 187ms. Found 0 repository interfaces.
2020-02-03 10:17:50.407 febs [main] INFO  o.s.d.r.c.RepositoryConfigurationDelegate - Multiple Spring Data modules found, entering strict repository configuration mode!
2020-02-03 10:17:50.407 febs [main] INFO  o.s.d.r.c.RepositoryConfigurationDelegate - Bootstrapping Spring Data repositories in DEFAULT mode.
2020-02-03 10:17:50.549 febs [main] INFO  o.s.d.r.c.RepositoryConfigurationDelegate - Finished Spring Data repository scanning in 111ms. Found 0 repository interfaces.
2020-02-03 10:17:51.864 febs [main] INFO  o.s.c.s.PostProcessorRegistrationDelegate$BeanPostProcessorChecker - Bean 'spring.datasource.dynamic-com.baomidou.dynamic.datasource.spring.boot.autoconfigure.DynamicDataSourceProperties' of type [com.baomidou.dynamic.datasource.spring.boot.autoconfigure.DynamicDataSourceProperties] is not eligible for getting processed by all BeanPostProcessors (for example: not eligible for auto-proxying)
2020-02-03 10:17:52.098 febs [main] INFO  o.s.c.s.PostProcessorRegistrationDelegate$BeanPostProcessorChecker - Bean 'com.baomidou.dynamic.datasource.spring.boot.autoconfigure.DynamicDataSourceAutoConfiguration' of type [com.baomidou.dynamic.datasource.spring.boot.autoconfigure.DynamicDataSourceAutoConfiguration$$EnhancerBySpringCGLIB$$a3a91f9e] is not eligible for getting processed by all BeanPostProcessors (for example: not eligible for auto-proxying)
2020-02-03 10:17:52.130 febs [main] INFO  o.s.c.s.PostProcessorRegistrationDelegate$BeanPostProcessorChecker - Bean 'dsProcessor' of type [com.baomidou.dynamic.datasource.processor.DsHeaderProcessor] is not eligible for getting processed by all BeanPostProcessors (for example: not eligible for auto-proxying)
2020-02-03 10:17:52.145 febs [main] INFO  o.s.c.s.PostProcessorRegistrationDelegate$BeanPostProcessorChecker - Bean 'dynamicDatasourceAnnotationAdvisor' of type [com.baomidou.dynamic.datasource.aop.DynamicDataSourceAnnotationAdvisor] is not eligible for getting processed by all BeanPostProcessors (for example: not eligible for auto-proxying)
2020-02-03 10:17:52.161 febs [main] INFO  o.s.c.s.PostProcessorRegistrationDelegate$BeanPostProcessorChecker - Bean 'org.springframework.transaction.annotation.ProxyTransactionManagementConfiguration' of type [org.springframework.transaction.annotation.ProxyTransactionManagementConfiguration$$EnhancerBySpringCGLIB$$3a1aaecd] is not eligible for getting processed by all BeanPostProcessors (for example: not eligible for auto-proxying)
2020-02-03 10:17:52.223 febs [main] INFO  o.s.c.s.PostProcessorRegistrationDelegate$BeanPostProcessorChecker - Bean 'febsProperties' of type [com.neefull.fsp.web.common.properties.FebsProperties$$EnhancerBySpringCGLIB$$23b6e230] is not eligible for getting processed by all BeanPostProcessors (for example: not eligible for auto-proxying)
2020-02-03 10:17:52.238 febs [main] INFO  o.s.c.s.PostProcessorRegistrationDelegate$BeanPostProcessorChecker - Bean 'shiroConfig' of type [com.neefull.fsp.web.common.authentication.ShiroConfig$$EnhancerBySpringCGLIB$$168196f] is not eligible for getting processed by all BeanPostProcessors (for example: not eligible for auto-proxying)
2020-02-03 10:17:52.473 febs [main] INFO  o.s.c.s.PostProcessorRegistrationDelegate$BeanPostProcessorChecker - Bean 'mybatis-plus-com.baomidou.mybatisplus.autoconfigure.MybatisPlusProperties' of type [com.baomidou.mybatisplus.autoconfigure.MybatisPlusProperties] is not eligible for getting processed by all BeanPostProcessors (for example: not eligible for auto-proxying)
2020-02-03 10:17:52.504 febs [main] INFO  o.s.c.s.PostProcessorRegistrationDelegate$BeanPostProcessorChecker - Bean 'mybatisPlusConfigure' of type [com.neefull.fsp.web.common.configure.MybatisPlusConfigure$$EnhancerBySpringCGLIB$$16069973] is not eligible for getting processed by all BeanPostProcessors (for example: not eligible for auto-proxying)
2020-02-03 10:17:52.504 febs [main] INFO  o.s.c.s.PostProcessorRegistrationDelegate$BeanPostProcessorChecker - Bean 'paginationInterceptor' of type [com.baomidou.mybatisplus.extension.plugins.PaginationInterceptor] is not eligible for getting processed by all BeanPostProcessors (for example: not eligible for auto-proxying)
2020-02-03 10:17:52.535 febs [main] INFO  o.s.c.s.PostProcessorRegistrationDelegate$BeanPostProcessorChecker - Bean 'com.baomidou.mybatisplus.autoconfigure.MybatisPlusAutoConfiguration' of type [com.baomidou.mybatisplus.autoconfigure.MybatisPlusAutoConfiguration$$EnhancerBySpringCGLIB$$77e31b67] is not eligible for getting processed by all BeanPostProcessors (for example: not eligible for auto-proxying)
2020-02-03 10:17:52.551 febs [main] INFO  o.s.c.s.PostProcessorRegistrationDelegate$BeanPostProcessorChecker - Bean 'dynamicDataSourceCreator' of type [com.baomidou.dynamic.datasource.DynamicDataSourceCreator] is not eligible for getting processed by all BeanPostProcessors (for example: not eligible for auto-proxying)
2020-02-03 10:17:52.566 febs [main] INFO  o.s.c.s.PostProcessorRegistrationDelegate$BeanPostProcessorChecker - Bean 'dynamicDataSourceProvider' of type [com.baomidou.dynamic.datasource.provider.YmlDynamicDataSourceProvider] is not eligible for getting processed by all BeanPostProcessors (for example: not eligible for auto-proxying)
2020-02-03 10:17:52.582 febs [main] INFO  com.zaxxer.hikari.HikariDataSource - base - Starting...
2020-02-03 10:17:52.928 febs [main] INFO  com.zaxxer.hikari.HikariDataSource - base - Start completed.
2020-02-03 10:17:52.928 febs [main] INFO  com.zaxxer.hikari.HikariDataSource - quartz - Starting...
2020-02-03 10:17:52.928 febs [main] INFO  com.zaxxer.hikari.HikariDataSource - quartz - Start completed.
2020-02-03 10:17:52.928 febs [main] INFO  c.b.d.d.DynamicRoutingDataSource - 初始共加载 2 个数据源
2020-02-03 10:17:52.928 febs [main] INFO  c.b.d.d.DynamicRoutingDataSource - 动态数据源-加载 quartz 成功
2020-02-03 10:17:52.928 febs [main] INFO  c.b.d.d.DynamicRoutingDataSource - 动态数据源-加载 base 成功
2020-02-03 10:17:52.928 febs [main] INFO  c.b.d.d.DynamicRoutingDataSource - 当前的默认数据源是单数据源，数据源名为 base
2020-02-03 10:17:52.928 febs [main] INFO  o.s.c.s.PostProcessorRegistrationDelegate$BeanPostProcessorChecker - Bean 'dataSource' of type [com.baomidou.dynamic.datasource.DynamicRoutingDataSource] is not eligible for getting processed by all BeanPostProcessors (for example: not eligible for auto-proxying)
2020-02-03 10:17:52.959 febs [main] INFO  o.s.c.s.PostProcessorRegistrationDelegate$BeanPostProcessorChecker - Bean 'spring.datasource-org.springframework.boot.autoconfigure.jdbc.DataSourceProperties' of type [org.springframework.boot.autoconfigure.jdbc.DataSourceProperties] is not eligible for getting processed by all BeanPostProcessors (for example: not eligible for auto-proxying)
2020-02-03 10:17:52.991 febs [main] INFO  o.s.c.s.PostProcessorRegistrationDelegate$BeanPostProcessorChecker - Bean 'org.springframework.boot.autoconfigure.jdbc.DataSourceInitializerInvoker' of type [org.springframework.boot.autoconfigure.jdbc.DataSourceInitializerInvoker] is not eligible for getting processed by all BeanPostProcessors (for example: not eligible for auto-proxying)
2020-02-03 10:17:55.506 febs [main] INFO  o.s.c.s.PostProcessorRegistrationDelegate$BeanPostProcessorChecker - Bean 'sqlSessionFactory' of type [org.apache.ibatis.session.defaults.DefaultSqlSessionFactory] is not eligible for getting processed by all BeanPostProcessors (for example: not eligible for auto-proxying)
2020-02-03 10:17:55.521 febs [main] INFO  o.s.c.s.PostProcessorRegistrationDelegate$BeanPostProcessorChecker - Bean 'sqlSessionTemplate' of type [org.mybatis.spring.SqlSessionTemplate] is not eligible for getting processed by all BeanPostProcessors (for example: not eligible for auto-proxying)
2020-02-03 10:17:55.531 febs [main] INFO  o.s.c.s.PostProcessorRegistrationDelegate$BeanPostProcessorChecker - Bean 'userMapper' of type [org.mybatis.spring.mapper.MapperFactoryBean] is not eligible for getting processed by all BeanPostProcessors (for example: not eligible for auto-proxying)
2020-02-03 10:17:55.536 febs [main] INFO  o.s.c.s.PostProcessorRegistrationDelegate$BeanPostProcessorChecker - Bean 'userMapper' of type [com.sun.proxy.$Proxy113] is not eligible for getting processed by all BeanPostProcessors (for example: not eligible for auto-proxying)
2020-02-03 10:17:55.610 febs [main] INFO  o.s.c.s.PostProcessorRegistrationDelegate$BeanPostProcessorChecker - Bean 'userRoleMapper' of type [org.mybatis.spring.mapper.MapperFactoryBean] is not eligible for getting processed by all BeanPostProcessors (for example: not eligible for auto-proxying)
2020-02-03 10:17:55.613 febs [main] INFO  o.s.c.s.PostProcessorRegistrationDelegate$BeanPostProcessorChecker - Bean 'userRoleMapper' of type [com.sun.proxy.$Proxy115] is not eligible for getting processed by all BeanPostProcessors (for example: not eligible for auto-proxying)
2020-02-03 10:17:55.616 febs [main] INFO  o.s.c.s.PostProcessorRegistrationDelegate$BeanPostProcessorChecker - Bean 'userRoleServiceImpl' of type [com.neefull.fsp.web.system.service.impl.UserRoleServiceImpl] is not eligible for getting processed by all BeanPostProcessors (for example: not eligible for auto-proxying)
2020-02-03 10:17:55.745 febs [main] INFO  o.s.c.s.PostProcessorRegistrationDelegate$BeanPostProcessorChecker - Bean 'authFreelancerMapper' of type [org.mybatis.spring.mapper.MapperFactoryBean] is not eligible for getting processed by all BeanPostProcessors (for example: not eligible for auto-proxying)
2020-02-03 10:17:55.748 febs [main] INFO  o.s.c.s.PostProcessorRegistrationDelegate$BeanPostProcessorChecker - Bean 'authFreelancerMapper' of type [com.sun.proxy.$Proxy117] is not eligible for getting processed by all BeanPostProcessors (for example: not eligible for auto-proxying)
2020-02-03 10:17:55.759 febs [main] INFO  o.s.c.s.PostProcessorRegistrationDelegate$BeanPostProcessorChecker - Bean 'qiniuConfig' of type [com.neefull.fsp.common.config.QiniuConfig$$EnhancerBySpringCGLIB$$bbf400c4] is not eligible for getting processed by all BeanPostProcessors (for example: not eligible for auto-proxying)
2020-02-03 10:17:55.763 febs [main] INFO  o.s.c.s.PostProcessorRegistrationDelegate$BeanPostProcessorChecker - Bean 'authFreelancerServiceImpl' of type [com.neefull.fsp.web.system.service.impl.AuthFreelancerServiceImpl] is not eligible for getting processed by all BeanPostProcessors (for example: not eligible for auto-proxying)
2020-02-03 10:17:55.812 febs [main] INFO  o.s.c.s.PostProcessorRegistrationDelegate$BeanPostProcessorChecker - Bean 'authCorpMapper' of type [org.mybatis.spring.mapper.MapperFactoryBean] is not eligible for getting processed by all BeanPostProcessors (for example: not eligible for auto-proxying)
2020-02-03 10:17:55.815 febs [main] INFO  o.s.c.s.PostProcessorRegistrationDelegate$BeanPostProcessorChecker - Bean 'authCorpMapper' of type [com.sun.proxy.$Proxy119] is not eligible for getting processed by all BeanPostProcessors (for example: not eligible for auto-proxying)
2020-02-03 10:17:55.821 febs [main] INFO  o.s.c.s.PostProcessorRegistrationDelegate$BeanPostProcessorChecker - Bean 'authCorpServiceImpl' of type [com.neefull.fsp.web.system.service.impl.AuthCorpServiceImpl] is not eligible for getting processed by all BeanPostProcessors (for example: not eligible for auto-proxying)
2020-02-03 10:17:55.872 febs [main] INFO  o.s.c.s.PostProcessorRegistrationDelegate$BeanPostProcessorChecker - Bean 'msgInfoMapper' of type [org.mybatis.spring.mapper.MapperFactoryBean] is not eligible for getting processed by all BeanPostProcessors (for example: not eligible for auto-proxying)
2020-02-03 10:17:55.875 febs [main] INFO  o.s.c.s.PostProcessorRegistrationDelegate$BeanPostProcessorChecker - Bean 'msgInfoMapper' of type [com.sun.proxy.$Proxy121] is not eligible for getting processed by all BeanPostProcessors (for example: not eligible for auto-proxying)
2020-02-03 10:17:55.892 febs [main] INFO  o.s.c.s.PostProcessorRegistrationDelegate$BeanPostProcessorChecker - Bean 'msgUserMapper' of type [org.mybatis.spring.mapper.MapperFactoryBean] is not eligible for getting processed by all BeanPostProcessors (for example: not eligible for auto-proxying)
2020-02-03 10:17:55.895 febs [main] INFO  o.s.c.s.PostProcessorRegistrationDelegate$BeanPostProcessorChecker - Bean 'msgUserMapper' of type [com.sun.proxy.$Proxy122] is not eligible for getting processed by all BeanPostProcessors (for example: not eligible for auto-proxying)
2020-02-03 10:17:55.898 febs [main] INFO  o.s.c.s.PostProcessorRegistrationDelegate$BeanPostProcessorChecker - Bean 'msgUserServiceImpl' of type [com.neefull.fsp.web.system.service.impl.MsgUserServiceImpl] is not eligible for getting processed by all BeanPostProcessors (for example: not eligible for auto-proxying)
2020-02-03 10:17:55.964 febs [main] INFO  o.s.c.s.PostProcessorRegistrationDelegate$BeanPostProcessorChecker - Bean 'msgInfoServiceImpl' of type [com.neefull.fsp.web.system.service.impl.MsgInfoServiceImpl] is not eligible for getting processed by all BeanPostProcessors (for example: not eligible for auto-proxying)
2020-02-03 10:17:55.998 febs [main] INFO  o.s.c.s.PostProcessorRegistrationDelegate$BeanPostProcessorChecker - Bean 'userServiceImpl' of type [com.neefull.fsp.web.system.service.impl.UserServiceImpl] is not eligible for getting processed by all BeanPostProcessors (for example: not eligible for auto-proxying)
2020-02-03 10:17:56.018 febs [main] INFO  o.s.c.s.PostProcessorRegistrationDelegate$BeanPostProcessorChecker - Bean 'roleMapper' of type [org.mybatis.spring.mapper.MapperFactoryBean] is not eligible for getting processed by all BeanPostProcessors (for example: not eligible for auto-proxying)
2020-02-03 10:17:56.020 febs [main] INFO  o.s.c.s.PostProcessorRegistrationDelegate$BeanPostProcessorChecker - Bean 'roleMapper' of type [com.sun.proxy.$Proxy126] is not eligible for getting processed by all BeanPostProcessors (for example: not eligible for auto-proxying)
2020-02-03 10:17:56.038 febs [main] INFO  o.s.c.s.PostProcessorRegistrationDelegate$BeanPostProcessorChecker - Bean 'roleMenuMapper' of type [org.mybatis.spring.mapper.MapperFactoryBean] is not eligible for getting processed by all BeanPostProcessors (for example: not eligible for auto-proxying)
2020-02-03 10:17:56.041 febs [main] INFO  o.s.c.s.PostProcessorRegistrationDelegate$BeanPostProcessorChecker - Bean 'roleMenuMapper' of type [com.sun.proxy.$Proxy127] is not eligible for getting processed by all BeanPostProcessors (for example: not eligible for auto-proxying)
2020-02-03 10:17:56.043 febs [main] INFO  o.s.c.s.PostProcessorRegistrationDelegate$BeanPostProcessorChecker - Bean 'roleMenuServiceImpl' of type [com.neefull.fsp.web.system.service.impl.RoleMenuServiceImpl] is not eligible for getting processed by all BeanPostProcessors (for example: not eligible for auto-proxying)
2020-02-03 10:17:56.087 febs [main] INFO  o.s.c.s.PostProcessorRegistrationDelegate$BeanPostProcessorChecker - Bean 'roleServiceImpl' of type [com.neefull.fsp.web.system.service.impl.RoleServiceImpl] is not eligible for getting processed by all BeanPostProcessors (for example: not eligible for auto-proxying)
2020-02-03 10:17:56.164 febs [main] INFO  o.s.c.s.PostProcessorRegistrationDelegate$BeanPostProcessorChecker - Bean 'menuMapper' of type [org.mybatis.spring.mapper.MapperFactoryBean] is not eligible for getting processed by all BeanPostProcessors (for example: not eligible for auto-proxying)
2020-02-03 10:17:56.166 febs [main] INFO  o.s.c.s.PostProcessorRegistrationDelegate$BeanPostProcessorChecker - Bean 'menuMapper' of type [com.sun.proxy.$Proxy130] is not eligible for getting processed by all BeanPostProcessors (for example: not eligible for auto-proxying)
2020-02-03 10:17:56.176 febs [main] INFO  o.s.c.s.PostProcessorRegistrationDelegate$BeanPostProcessorChecker - Bean 'menuServiceImpl' of type [com.neefull.fsp.web.system.service.impl.MenuServiceImpl] is not eligible for getting processed by all BeanPostProcessors (for example: not eligible for auto-proxying)
2020-02-03 10:17:56.214 febs [main] INFO  o.s.c.s.PostProcessorRegistrationDelegate$BeanPostProcessorChecker - Bean 'shiroRealm' of type [com.neefull.fsp.web.common.authentication.ShiroRealm] is not eligible for getting processed by all BeanPostProcessors (for example: not eligible for auto-proxying)
2020-02-03 10:17:57.634 febs [main] INFO  o.s.c.s.PostProcessorRegistrationDelegate$BeanPostProcessorChecker - Bean 'redisSessionDAO' of type [org.crazycake.shiro.RedisSessionDAO] is not eligible for getting processed by all BeanPostProcessors (for example: not eligible for auto-proxying)
2020-02-03 10:17:57.652 febs [main] INFO  o.s.c.s.PostProcessorRegistrationDelegate$BeanPostProcessorChecker - Bean 'sessionManager' of type [org.apache.shiro.web.session.mgt.DefaultWebSessionManager] is not eligible for getting processed by all BeanPostProcessors (for example: not eligible for auto-proxying)
2020-02-03 10:17:57.673 febs [main] INFO  o.s.c.s.PostProcessorRegistrationDelegate$BeanPostProcessorChecker - Bean 'securityManager' of type [org.apache.shiro.web.mgt.DefaultWebSecurityManager] is not eligible for getting processed by all BeanPostProcessors (for example: not eligible for auto-proxying)
2020-02-03 10:17:57.711 febs [main] INFO  o.s.c.s.PostProcessorRegistrationDelegate$BeanPostProcessorChecker - Bean 'authorizationAttributeSourceAdvisor' of type [org.apache.shiro.spring.security.interceptor.AuthorizationAttributeSourceAdvisor] is not eligible for getting processed by all BeanPostProcessors (for example: not eligible for auto-proxying)
2020-02-03 10:17:58.415 febs [main] INFO  o.s.b.w.e.tomcat.TomcatWebServer - Tomcat initialized with port(s): 8083 (http)
2020-02-03 10:17:58.447 febs [main] INFO  o.a.coyote.http11.Http11NioProtocol - Initializing ProtocolHandler ["http-nio-8083"]
2020-02-03 10:17:58.465 febs [main] INFO  o.a.catalina.core.StandardService - Starting service [Tomcat]
2020-02-03 10:17:58.466 febs [main] INFO  o.a.catalina.core.StandardEngine - Starting Servlet engine: [Apache Tomcat/9.0.19]
2020-02-03 10:17:58.970 febs [main] INFO  o.a.c.c.C.[Tomcat].[localhost].[/] - Initializing Spring embedded WebApplicationContext
2020-02-03 10:17:58.971 febs [main] INFO  o.s.web.context.ContextLoader - Root WebApplicationContext: initialization completed in 13565 ms
2020-02-03 10:18:00.266 febs [main] INFO  c.n.fsp.web.common.xss.XssFilter - ------------ xss filter init ------------
2020-02-03 10:18:00.690 febs [main] INFO  o.h.jpa.internal.util.LogHelper - HHH000204: Processing PersistenceUnitInfo [
	name: default
	...]
2020-02-03 10:18:00.897 febs [main] INFO  org.hibernate.Version - HHH000412: Hibernate Core {5.3.10.Final}
2020-02-03 10:18:00.902 febs [main] INFO  org.hibernate.cfg.Environment - HHH000206: hibernate.properties not found
2020-02-03 10:18:01.336 febs [main] INFO  o.h.annotations.common.Version - HCANN000001: Hibernate Commons Annotations {5.0.4.Final}
2020-02-03 10:18:02.652 febs [main] INFO  org.hibernate.dialect.Dialect - HHH000400: Using dialect: org.hibernate.dialect.MySQL5Dialect
2020-02-03 10:18:03.477 febs [main] INFO  o.s.o.j.LocalContainerEntityManagerFactoryBean - Initialized JPA EntityManagerFactory for persistence unit 'default'
2020-02-03 10:18:04.256 febs [main] INFO  org.quartz.impl.StdSchedulerFactory - Using default implementation for ThreadExecutor
2020-02-03 10:18:04.287 febs [main] INFO  o.quartz.core.SchedulerSignalerImpl - Initialized Scheduler Signaller of type: class org.quartz.core.SchedulerSignalerImpl
2020-02-03 10:18:04.287 febs [main] INFO  org.quartz.core.QuartzScheduler - Quartz Scheduler v.2.3.1 created.
2020-02-03 10:18:04.294 febs [main] INFO  o.s.s.quartz.LocalDataSourceJobStore - Using db table-based data access locking (synchronization).
2020-02-03 10:18:04.298 febs [main] INFO  o.s.s.quartz.LocalDataSourceJobStore - JobStoreCMT initialized.
2020-02-03 10:18:04.301 febs [main] INFO  org.quartz.core.QuartzScheduler - Scheduler meta-data: Quartz Scheduler (v2.3.1) 'FEBS_Scheduler' with instanceId 'DESKTOP-BSUER0M1580696284259'
  Scheduler class: 'org.quartz.core.QuartzScheduler' - running locally.
  NOT STARTED.
  Currently in standby mode.
  Number of jobs executed: 0
  Using thread pool 'org.quartz.simpl.SimpleThreadPool' - with 20 threads.
  Using job-store 'org.springframework.scheduling.quartz.LocalDataSourceJobStore' - which supports persistence. and is clustered.

2020-02-03 10:18:04.301 febs [main] INFO  org.quartz.impl.StdSchedulerFactory - Quartz scheduler 'FEBS_Scheduler' initialized from an externally provided properties instance.
2020-02-03 10:18:04.301 febs [main] INFO  org.quartz.impl.StdSchedulerFactory - Quartz scheduler version: 2.3.1
2020-02-03 10:18:04.305 febs [main] INFO  org.quartz.core.QuartzScheduler - JobFactory set to: org.springframework.scheduling.quartz.AdaptableJobFactory@4fea23d6
2020-02-03 10:18:05.561 febs [main] INFO  o.s.s.c.ThreadPoolTaskExecutor - Initializing ExecutorService
2020-02-03 10:18:05.565 febs [main] INFO  o.s.s.c.ThreadPoolTaskExecutor - Initializing ExecutorService 'febsAsyncThreadPool'
2020-02-03 10:18:06.810 febs [main] INFO  o.a.engine.impl.ProcessEngineImpl - ProcessEngine default created
2020-02-03 10:18:06.812 febs [main] INFO  o.a.e.i.a.AbstractAsyncJobExecutor - Starting up the default async job executor [org.activiti.spring.SpringAsyncExecutor].
2020-02-03 10:18:06.815 febs [Thread-48] INFO  o.a.e.i.a.AcquireTimerJobsRunnable - starting to acquire async jobs due
2020-02-03 10:18:06.815 febs [Thread-49] INFO  o.a.e.i.a.AcquireAsyncJobsDueRunnable - starting to acquire async jobs due
2020-02-03 10:18:08.670 febs [main] INFO  o.s.b.a.w.s.WelcomePageHandlerMapping - Adding welcome page template: index
2020-02-03 10:18:10.373 febs [main] INFO  o.s.b.a.e.web.EndpointLinksResolver - Exposing 2 endpoint(s) beneath base path '/actuator'
2020-02-03 10:18:10.577 febs [main] INFO  o.s.s.quartz.SchedulerFactoryBean - Will start Quartz Scheduler [FEBS_Scheduler] in 1 seconds
2020-02-03 10:18:10.610 febs [main] INFO  o.a.coyote.http11.Http11NioProtocol - Starting ProtocolHandler ["http-nio-8083"]
2020-02-03 10:18:10.676 febs [main] INFO  o.s.b.w.e.tomcat.TomcatWebServer - Tomcat started on port(s): 8083 (http) with context path ''
2020-02-03 10:18:10.682 febs [main] INFO  com.neefull.fsp.web.AdminApplication - Started AdminApplication in 27.211 seconds (JVM running for 31.732)
2020-02-03 10:18:10.734 febs [main] INFO  c.n.f.w.c.runner.FebsStartedUpRunner -  __    ___   _      ___   _     ____ _____  ____ 
2020-02-03 10:18:10.735 febs [main] INFO  c.n.f.w.c.runner.FebsStartedUpRunner - / /`  / / \ | |\/| | |_) | |   | |_   | |  | |_  
2020-02-03 10:18:10.735 febs [main] INFO  c.n.f.w.c.runner.FebsStartedUpRunner - \_\_, \_\_/ |_|  | |_|   |_|__ |_|__  |_|  |_|__ 
2020-02-03 10:18:10.735 febs [main] INFO  c.n.f.w.c.runner.FebsStartedUpRunner -                                                       
2020-02-03 10:18:10.735 febs [main] INFO  c.n.f.w.c.runner.FebsStartedUpRunner - FLP系统启动完毕，地址：http://192.168.0.100:8083/login
2020-02-03 10:18:11.291 febs [RMI TCP Connection(4)-127.0.0.1] INFO  o.a.c.c.C.[Tomcat].[localhost].[/] - Initializing Spring DispatcherServlet 'dispatcherServlet'
2020-02-03 10:18:11.291 febs [RMI TCP Connection(4)-127.0.0.1] INFO  o.s.web.servlet.DispatcherServlet - Initializing Servlet 'dispatcherServlet'
2020-02-03 10:18:11.326 febs [RMI TCP Connection(4)-127.0.0.1] INFO  o.s.web.servlet.DispatcherServlet - Completed initialization in 35 ms
2020-02-03 10:18:11.588 febs [Quartz Scheduler [FEBS_Scheduler]] INFO  o.s.s.quartz.SchedulerFactoryBean - Starting Quartz Scheduler now, after delay of 1 seconds
2020-02-03 10:18:11.703 febs [Quartz Scheduler [FEBS_Scheduler]] INFO  org.quartz.core.QuartzScheduler - Scheduler FEBS_Scheduler_$_DESKTOP-BSUER0M1580696284259 started.
2020-02-03 10:19:17.995 febs [http-nio-8083-exec-1] INFO  o.a.s.s.m.AbstractValidatingSessionManager - Enabling session validation scheduler...
2020-02-03 10:31:26.929 febs [QuartzScheduler_FEBS_Scheduler-DESKTOP-BSUER0M1580696284259_ClusterManager] INFO  o.s.s.quartz.LocalDataSourceJobStore - ClusterManager: detected 1 failed or restarted instances.
2020-02-03 10:31:26.929 febs [QuartzScheduler_FEBS_Scheduler-DESKTOP-BSUER0M1580696284259_ClusterManager] INFO  o.s.s.quartz.LocalDataSourceJobStore - ClusterManager: Scanning for instance "DESKTOP-BSUER0M1580695787770"'s failed in-progress jobs.
2020-02-03 10:33:56.953 febs [QuartzScheduler_FEBS_Scheduler-DESKTOP-BSUER0M1580696284259_ClusterManager] INFO  o.s.s.quartz.LocalDataSourceJobStore - ClusterManager: detected 1 failed or restarted instances.
2020-02-03 10:33:56.953 febs [QuartzScheduler_FEBS_Scheduler-DESKTOP-BSUER0M1580696284259_ClusterManager] INFO  o.s.s.quartz.LocalDataSourceJobStore - ClusterManager: Scanning for instance "DESKTOP-BSUER0M1580697072059"'s failed in-progress jobs.
2020-02-03 11:01:27.294 febs [QuartzScheduler_FEBS_Scheduler-DESKTOP-BSUER0M1580696284259_ClusterManager] INFO  o.s.s.quartz.LocalDataSourceJobStore - ClusterManager: detected 1 failed or restarted instances.
2020-02-03 11:01:27.295 febs [QuartzScheduler_FEBS_Scheduler-DESKTOP-BSUER0M1580696284259_ClusterManager] INFO  o.s.s.quartz.LocalDataSourceJobStore - ClusterManager: Scanning for instance "DESKTOP-BSUER0M1580697222929"'s failed in-progress jobs.
2020-02-03 11:04:57.328 febs [QuartzScheduler_FEBS_Scheduler-DESKTOP-BSUER0M1580696284259_ClusterManager] INFO  o.s.s.quartz.LocalDataSourceJobStore - ClusterManager: detected 1 failed or restarted instances.
2020-02-03 11:04:57.329 febs [QuartzScheduler_FEBS_Scheduler-DESKTOP-BSUER0M1580696284259_ClusterManager] INFO  o.s.s.quartz.LocalDataSourceJobStore - ClusterManager: Scanning for instance "DESKTOP-BSUER0M1580698921211"'s failed in-progress jobs.
2020-02-03 11:19:17.999 febs [SessionValidationThread-1] INFO  o.a.s.s.m.AbstractValidatingSessionManager - Validating all active sessions...
2020-02-03 11:19:18.019 febs [SessionValidationThread-1] INFO  o.a.s.s.m.AbstractValidatingSessionManager - Finished session validation.  No sessions were stopped.
2020-02-03 12:19:18.000 febs [SessionValidationThread-1] INFO  o.a.s.s.m.AbstractValidatingSessionManager - Validating all active sessions...
2020-02-03 12:19:18.001 febs [SessionValidationThread-1] INFO  o.a.s.s.m.AbstractValidatingSessionManager - Finished session validation.  No sessions were stopped.
2020-02-03 13:19:17.999 febs [SessionValidationThread-1] INFO  o.a.s.s.m.AbstractValidatingSessionManager - Validating all active sessions...
2020-02-03 13:19:18.001 febs [SessionValidationThread-1] INFO  o.a.s.s.m.AbstractValidatingSessionManager - Finished session validation.  No sessions were stopped.
2020-02-03 14:19:17.999 febs [SessionValidationThread-1] INFO  o.a.s.s.m.AbstractValidatingSessionManager - Validating all active sessions...
2020-02-03 14:19:18.002 febs [SessionValidationThread-1] INFO  o.a.s.s.m.AbstractValidatingSessionManager - Finished session validation.  No sessions were stopped.
2020-02-03 15:19:17.999 febs [SessionValidationThread-1] INFO  o.a.s.s.m.AbstractValidatingSessionManager - Validating all active sessions...
2020-02-03 15:19:18.003 febs [SessionValidationThread-1] INFO  o.a.s.s.m.AbstractValidatingSessionManager - Finished session validation.  No sessions were stopped.
2020-02-03 16:19:18.000 febs [SessionValidationThread-1] INFO  o.a.s.s.m.AbstractValidatingSessionManager - Validating all active sessions...
2020-02-03 16:19:18.026 febs [SessionValidationThread-1] INFO  o.a.s.s.m.AbstractValidatingSessionManager - Finished session validation.  No sessions were stopped.
2020-02-03 17:19:17.999 febs [SessionValidationThread-1] INFO  o.a.s.s.m.AbstractValidatingSessionManager - Validating all active sessions...
2020-02-03 17:19:18.002 febs [SessionValidationThread-1] INFO  o.a.s.s.m.AbstractValidatingSessionManager - Finished session validation.  No sessions were stopped.
